#
# There is insufficient memory for the Java Runtime Environment to continue.
# Native memory allocation (malloc) failed to allocate 473216 bytes for Chunk::new
# Possible reasons:
#   The system is out of physical RAM or swap space
#   In 32 bit mode, the process size limit was hit
# Possible solutions:
#   Reduce memory load on the system
#   Increase physical memory or swap space
#   Check if swap backing store is full
#   Use 64 bit Java on a 64 bit OS
#   Decrease Java heap size (-Xmx/-Xms)
#   Decrease number of Java threads
#   Decrease Java thread stack sizes (-Xss)
#   Set larger code cache with -XX:ReservedCodeCacheSize=
# This output file may be truncated or incomplete.
#
#  Out of Memory Error (allocation.cpp:390), pid=22564, tid=0x0000000000004d24
#
# JRE version: OpenJDK Runtime Environment (8.0_152-b01) (build 1.8.0_152-release-915-b01)
# Java VM: OpenJDK 64-Bit Server VM (25.152-b01 mixed mode windows-amd64 compressed oops)
# Failed to write core dump. Minidumps are not enabled by default on client versions of Windows
#

---------------  T H R E A D  ---------------

Current thread (0x0000000018e76000):  JavaThread "C2 CompilerThread2" daemon [_thread_in_native, id=19748, stack(0x0000000019830000,0x0000000019930000)]

Stack: [0x0000000019830000,0x0000000019930000]
[error occurred during error reporting (printing stack bounds), id 0xc0000005]

Native frames: (J=compiled Java code, j=interpreted, Vv=VM code, C=native code)


Current CompileTask:
C2:  36085 7248   !   4       com.sun.org.apache.xerces.internal.parsers.XML11Configuration::setProperty (172 bytes)


---------------  P R O C E S S  ---------------

Java Threads: ( => current thread )
  0x000000001a4ac800 JavaThread "Stdin handler" [_thread_blocked, id=22036, stack(0x0000000024560000,0x0000000024660000)]
  0x000000001a4aa000 JavaThread "Asynchronous log dispatcher for DefaultDaemonConnection: socket connection from /127.0.0.1:63571 to /127.0.0.1:63578" [_thread_blocked, id=720, stack(0x0000000024460000,0x0000000024560000)]
  0x000000001a4aa800 JavaThread "Cancel handler" [_thread_blocked, id=25264, stack(0x0000000024360000,0x0000000024460000)]
  0x000000001a4b1000 JavaThread "Handler for socket connection from /127.0.0.1:63571 to /127.0.0.1:63578" [_thread_in_native, id=23124, stack(0x0000000024260000,0x0000000024360000)]
  0x000000001b8d8800 JavaThread "File lock request listener" [_thread_in_native, id=27804, stack(0x000000001d9f0000,0x000000001daf0000)]
  0x000000001ad0f000 JavaThread "Daemon worker" [_thread_in_native, id=32688, stack(0x000000001d3f0000,0x000000001d4f0000)]
  0x000000001b1b5800 JavaThread "pool-1-thread-1" [_thread_blocked, id=23716, stack(0x000000001d1f0000,0x000000001d2f0000)]
  0x000000001acb4800 JavaThread "Daemon" [_thread_blocked, id=18404, stack(0x000000001cff0000,0x000000001d0f0000)]
  0x000000001b1d3000 JavaThread "Incoming local TCP Connector on port 63571" [_thread_in_native, id=8588, stack(0x000000001c910000,0x000000001ca10000)]
  0x0000000018f09800 JavaThread "Service Thread" daemon [_thread_blocked, id=22068, stack(0x0000000019a30000,0x0000000019b30000)]
  0x0000000018e7d000 JavaThread "C1 CompilerThread3" daemon [_thread_blocked, id=27268, stack(0x0000000019930000,0x0000000019a30000)]
=>0x0000000018e76000 JavaThread "C2 CompilerThread2" daemon [_thread_in_native, id=19748, stack(0x0000000019830000,0x0000000019930000)]
  0x0000000018e74000 JavaThread "C2 CompilerThread1" daemon [_thread_in_native, id=10928, stack(0x0000000019730000,0x0000000019830000)]
  0x0000000018e6d000 JavaThread "C2 CompilerThread0" daemon [_thread_blocked, id=16360, stack(0x0000000019630000,0x0000000019730000)]
  0x0000000018e69800 JavaThread "Attach Listener" daemon [_thread_blocked, id=8100, stack(0x0000000019530000,0x0000000019630000)]
  0x0000000018e68800 JavaThread "Signal Dispatcher" daemon [_thread_blocked, id=21980, stack(0x0000000019430000,0x0000000019530000)]
  0x0000000018e60800 JavaThread "Finalizer" daemon [_thread_blocked, id=27764, stack(0x0000000019240000,0x0000000019340000)]
  0x0000000016f6b800 JavaThread "Reference Handler" daemon [_thread_blocked, id=21536, stack(0x0000000018d40000,0x0000000018e40000)]
  0x0000000004352800 JavaThread "main" [_thread_blocked, id=12316, stack(0x00000000041e0000,0x00000000042e0000)]

Other Threads:
  0x0000000016f65000 VMThread [stack: 0x0000000018c40000,0x0000000018d40000] [id=5448]
  0x0000000018f0a800 WatcherThread [stack: 0x0000000019b30000,0x0000000019c30000] [id=26792]

VM state:not at safepoint (normal execution)

VM Mutex/Monitor currently owned by a thread: None

Heap:
 PSYoungGen      total 154624K, used 40224K [0x00000000eab00000, 0x00000000f6000000, 0x0000000100000000)
  eden space 135680K, 15% used [0x00000000eab00000,0x00000000ebfcef50,0x00000000f2f80000)
  from space 18944K, 99% used [0x00000000f4700000,0x00000000f5979360,0x00000000f5980000)
  to   space 24064K, 0% used [0x00000000f2f80000,0x00000000f2f80000,0x00000000f4700000)
 ParOldGen       total 103424K, used 31767K [0x00000000c0000000, 0x00000000c6500000, 0x00000000eab00000)
  object space 103424K, 30% used [0x00000000c0000000,0x00000000c1f05cb0,0x00000000c6500000)
 Metaspace       used 54900K, capacity 57334K, committed 57472K, reserved 1099776K
  class space    used 7375K, capacity 7958K, committed 8064K, reserved 1048576K

Card table byte_map: [0x0000000013810000,0x0000000013a20000] byte_map_base: 0x0000000013210000

Marking Bits: (ParMarkBitMap*) 0x000000005a0d3950
 Begin Bits: [0x0000000014380000, 0x0000000015380000)
 End Bits:   [0x0000000015380000, 0x0000000016380000)

Polling page: 0x0000000002430000

CodeCache: size=245760Kb used=23061Kb max_used=23061Kb free=222698Kb
 bounds [0x0000000004450000, 0x0000000005b00000, 0x0000000013450000]
 total_blobs=7205 nmethods=6448 adapters=669
 compilation: enabled

Compilation events (10 events):
Event: 35.992 Thread 0x0000000018e6d000 7247       4       java.util.LinkedHashMap::<init> (10 bytes)
Event: 35.993 Thread 0x0000000018e6d000 nmethod 7247 0x00000000056258d0 code [0x0000000005625a00, 0x0000000005625a78]
Event: 35.994 Thread 0x0000000018e76000 7248   !   4       com.sun.org.apache.xerces.internal.parsers.XML11Configuration::setProperty (172 bytes)
Event: 35.996 Thread 0x0000000018e7d000 nmethod 7245 0x0000000005ae2350 code [0x0000000005ae2b40, 0x0000000005ae87b8]
Event: 35.996 Thread 0x0000000018e7d000 7246       3       com.sun.org.apache.xerces.internal.impl.XMLScanner::versionSupported (24 bytes)
Event: 35.996 Thread 0x0000000018e7d000 nmethod 7246 0x0000000005ae1d90 code [0x0000000005ae1f00, 0x0000000005ae2278]
Event: 36.003 Thread 0x0000000018e7d000 7249       3       com.sun.org.apache.xerces.internal.util.XMLChar::isName (23 bytes)
Event: 36.003 Thread 0x0000000018e7d000 nmethod 7249 0x0000000005ae1950 code [0x0000000005ae1ac0, 0x0000000005ae1cb0]
Event: 36.003 Thread 0x0000000018e7d000 7250       3       com.sun.org.apache.xerces.internal.impl.XMLDocumentFragmentScannerImpl::scanXMLDeclOrTextDecl (183 bytes)
Event: 36.004 Thread 0x0000000018e7d000 nmethod 7250 0x0000000005ae0910 code [0x0000000005ae0b00, 0x0000000005ae1528]

GC Heap History (10 events):
Event: 17.261 GC heap before
{Heap before GC invocations=12 (full 2):
 PSYoungGen      total 72192K, used 60928K [0x00000000eab00000, 0x00000000f1180000, 0x0000000100000000)
  eden space 60928K, 100% used [0x00000000eab00000,0x00000000ee680000,0x00000000ee680000)
  from space 11264K, 0% used [0x00000000ee680000,0x00000000ee680000,0x00000000ef180000)
  to   space 11776K, 0% used [0x00000000f0600000,0x00000000f0600000,0x00000000f1180000)
 ParOldGen       total 103424K, used 15159K [0x00000000c0000000, 0x00000000c6500000, 0x00000000eab00000)
  object space 103424K, 14% used [0x00000000c0000000,0x00000000c0ecde50,0x00000000c6500000)
 Metaspace       used 38449K, capacity 39250K, committed 39424K, reserved 1083392K
  class space    used 5075K, capacity 5327K, committed 5376K, reserved 1048576K
Event: 17.265 GC heap after
Heap after GC invocations=12 (full 2):
 PSYoungGen      total 93184K, used 5550K [0x00000000eab00000, 0x00000000f1100000, 0x0000000100000000)
  eden space 81920K, 0% used [0x00000000eab00000,0x00000000eab00000,0x00000000efb00000)
  from space 11264K, 49% used [0x00000000f0600000,0x00000000f0b6b940,0x00000000f1100000)
  to   space 11264K, 0% used [0x00000000efb00000,0x00000000efb00000,0x00000000f0600000)
 ParOldGen       total 103424K, used 15167K [0x00000000c0000000, 0x00000000c6500000, 0x00000000eab00000)
  object space 103424K, 14% used [0x00000000c0000000,0x00000000c0ecfe50,0x00000000c6500000)
 Metaspace       used 38449K, capacity 39250K, committed 39424K, reserved 1083392K
  class space    used 5075K, capacity 5327K, committed 5376K, reserved 1048576K
}
Event: 19.962 GC heap before
{Heap before GC invocations=13 (full 2):
 PSYoungGen      total 93184K, used 87470K [0x00000000eab00000, 0x00000000f1100000, 0x0000000100000000)
  eden space 81920K, 100% used [0x00000000eab00000,0x00000000efb00000,0x00000000efb00000)
  from space 11264K, 49% used [0x00000000f0600000,0x00000000f0b6b940,0x00000000f1100000)
  to   space 11264K, 0% used [0x00000000efb00000,0x00000000efb00000,0x00000000f0600000)
 ParOldGen       total 103424K, used 15167K [0x00000000c0000000, 0x00000000c6500000, 0x00000000eab00000)
  object space 103424K, 14% used [0x00000000c0000000,0x00000000c0ecfe50,0x00000000c6500000)
 Metaspace       used 43925K, capacity 44912K, committed 45184K, reserved 1087488K
  class space    used 5840K, capacity 6155K, committed 6272K, reserved 1048576K
Event: 19.970 GC heap after
Heap after GC invocations=13 (full 2):
 PSYoungGen      total 93184K, used 10725K [0x00000000eab00000, 0x00000000f2c00000, 0x0000000100000000)
  eden space 81920K, 0% used [0x00000000eab00000,0x00000000eab00000,0x00000000efb00000)
  from space 11264K, 95% used [0x00000000efb00000,0x00000000f05796b8,0x00000000f0600000)
  to   space 12288K, 0% used [0x00000000f2000000,0x00000000f2000000,0x00000000f2c00000)
 ParOldGen       total 103424K, used 15175K [0x00000000c0000000, 0x00000000c6500000, 0x00000000eab00000)
  object space 103424K, 14% used [0x00000000c0000000,0x00000000c0ed1e50,0x00000000c6500000)
 Metaspace       used 43925K, capacity 44912K, committed 45184K, reserved 1087488K
  class space    used 5840K, capacity 6155K, committed 6272K, reserved 1048576K
}
Event: 22.789 GC heap before
{Heap before GC invocations=14 (full 2):
 PSYoungGen      total 93184K, used 92645K [0x00000000eab00000, 0x00000000f2c00000, 0x0000000100000000)
  eden space 81920K, 100% used [0x00000000eab00000,0x00000000efb00000,0x00000000efb00000)
  from space 11264K, 95% used [0x00000000efb00000,0x00000000f05796b8,0x00000000f0600000)
  to   space 12288K, 0% used [0x00000000f2000000,0x00000000f2000000,0x00000000f2c00000)
 ParOldGen       total 103424K, used 15175K [0x00000000c0000000, 0x00000000c6500000, 0x00000000eab00000)
  object space 103424K, 14% used [0x00000000c0000000,0x00000000c0ed1e50,0x00000000c6500000)
 Metaspace       used 46163K, capacity 47282K, committed 47488K, reserved 1089536K
  class space    used 6104K, capacity 6462K, committed 6528K, reserved 1048576K
Event: 22.797 GC heap after
Heap after GC invocations=14 (full 2):
 PSYoungGen      total 117760K, used 12287K [0x00000000eab00000, 0x00000000f2d00000, 0x0000000100000000)
  eden space 105472K, 0% used [0x00000000eab00000,0x00000000eab00000,0x00000000f1200000)
  from space 12288K, 99% used [0x00000000f2000000,0x00000000f2bffed8,0x00000000f2c00000)
  to   space 13824K, 0% used [0x00000000f1200000,0x00000000f1200000,0x00000000f1f80000)
 ParOldGen       total 103424K, used 15774K [0x00000000c0000000, 0x00000000c6500000, 0x00000000eab00000)
  object space 103424K, 15% used [0x00000000c0000000,0x00000000c0f67a00,0x00000000c6500000)
 Metaspace       used 46163K, capacity 47282K, committed 47488K, reserved 1089536K
  class space    used 6104K, capacity 6462K, committed 6528K, reserved 1048576K
}
Event: 23.765 GC heap before
{Heap before GC invocations=15 (full 2):
 PSYoungGen      total 117760K, used 117759K [0x00000000eab00000, 0x00000000f2d00000, 0x0000000100000000)
  eden space 105472K, 100% used [0x00000000eab00000,0x00000000f1200000,0x00000000f1200000)
  from space 12288K, 99% used [0x00000000f2000000,0x00000000f2bffed8,0x00000000f2c00000)
  to   space 13824K, 0% used [0x00000000f1200000,0x00000000f1200000,0x00000000f1f80000)
 ParOldGen       total 103424K, used 15774K [0x00000000c0000000, 0x00000000c6500000, 0x00000000eab00000)
  object space 103424K, 15% used [0x00000000c0000000,0x00000000c0f67a00,0x00000000c6500000)
 Metaspace       used 50914K, capacity 52520K, committed 52608K, reserved 1095680K
  class space    used 6864K, capacity 7270K, committed 7296K, reserved 1048576K
Event: 23.783 GC heap after
Heap after GC invocations=15 (full 2):
 PSYoungGen      total 119296K, used 13796K [0x00000000eab00000, 0x00000000f5980000, 0x0000000100000000)
  eden space 105472K, 0% used [0x00000000eab00000,0x00000000eab00000,0x00000000f1200000)
  from space 13824K, 99% used [0x00000000f1200000,0x00000000f1f79360,0x00000000f1f80000)
  to   space 18944K, 0% used [0x00000000f4700000,0x00000000f4700000,0x00000000f5980000)
 ParOldGen       total 103424K, used 25000K [0x00000000c0000000, 0x00000000c6500000, 0x00000000eab00000)
  object space 103424K, 24% used [0x00000000c0000000,0x00000000c186a268,0x00000000c6500000)
 Metaspace       used 50914K, capacity 52520K, committed 52608K, reserved 1095680K
  class space    used 6864K, capacity 7270K, committed 7296K, reserved 1048576K
}
Event: 35.441 GC heap before
{Heap before GC invocations=16 (full 2):
 PSYoungGen      total 119296K, used 119268K [0x00000000eab00000, 0x00000000f5980000, 0x0000000100000000)
  eden space 105472K, 100% used [0x00000000eab00000,0x00000000f1200000,0x00000000f1200000)
  from space 13824K, 99% used [0x00000000f1200000,0x00000000f1f79360,0x00000000f1f80000)
  to   space 18944K, 0% used [0x00000000f4700000,0x00000000f4700000,0x00000000f5980000)
 ParOldGen       total 103424K, used 25000K [0x00000000c0000000, 0x00000000c6500000, 0x00000000eab00000)
  object space 103424K, 24% used [0x00000000c0000000,0x00000000c186a268,0x00000000c6500000)
 Metaspace       used 54834K, capacity 57334K, committed 57472K, reserved 1099776K
  class space    used 7374K, capacity 7958K, committed 8064K, reserved 1048576K
Event: 35.460 GC heap after
Heap after GC invocations=16 (full 2):
 PSYoungGen      total 154624K, used 18916K [0x00000000eab00000, 0x00000000f6000000, 0x0000000100000000)
  eden space 135680K, 0% used [0x00000000eab00000,0x00000000eab00000,0x00000000f2f80000)
  from space 18944K, 99% used [0x00000000f4700000,0x00000000f5979360,0x00000000f5980000)
  to   space 24064K, 0% used [0x00000000f2f80000,0x00000000f2f80000,0x00000000f4700000)
 ParOldGen       total 103424K, used 31767K [0x00000000c0000000, 0x00000000c6500000, 0x00000000eab00000)
  object space 103424K, 30% used [0x00000000c0000000,0x00000000c1f05cb0,0x00000000c6500000)
 Metaspace       used 54834K, capacity 57334K, committed 57472K, reserved 1099776K
  class space    used 7374K, capacity 7958K, committed 8064K, reserved 1048576K
}

Deoptimization events (10 events):
Event: 23.737 Thread 0x000000001ad0f000 Uncommon trap: reason=bimorphic action=maybe_recompile pc=0x0000000004bf6878 method=java.util.Arrays.binarySearch0([Ljava/lang/Object;IILjava/lang/Object;Ljava/util/Comparator;)I @ 48
Event: 23.737 Thread 0x000000001ad0f000 Uncommon trap: reason=bimorphic action=maybe_recompile pc=0x0000000004bf6878 method=java.util.Arrays.binarySearch0([Ljava/lang/Object;IILjava/lang/Object;Ljava/util/Comparator;)I @ 48
Event: 23.737 Thread 0x000000001ad0f000 Uncommon trap: reason=bimorphic action=maybe_recompile pc=0x0000000004bf6878 method=java.util.Arrays.binarySearch0([Ljava/lang/Object;IILjava/lang/Object;Ljava/util/Comparator;)I @ 48
Event: 23.759 Thread 0x000000001ad0f000 Uncommon trap: reason=unloaded action=reinterpret pc=0x0000000004d83124 method=sun.reflect.generics.parser.SignatureParser.parseBaseType()Lsun/reflect/generics/tree/BaseType; @ 132
Event: 23.952 Thread 0x000000001ad0f000 Uncommon trap: reason=class_check action=maybe_recompile pc=0x00000000050c9600 method=java.lang.Throwable.<init>(Ljava/lang/String;Ljava/lang/Throwable;)V @ 24
Event: 24.268 Thread 0x000000001ad0f000 Uncommon trap: reason=unstable_if action=reinterpret pc=0x00000000052db760 method=java.lang.reflect.Proxy.isProxyClass(Ljava/lang/Class;)Z @ 6
Event: 24.534 Thread 0x000000001acb5800 Uncommon trap: reason=unstable_if action=reinterpret pc=0x00000000056c7c74 method=com.esotericsoftware.kryo.io.Input.require(I)I @ 117
Event: 24.535 Thread 0x000000001acb4800 Uncommon trap: reason=unstable_if action=reinterpret pc=0x000000000476ba48 method=java.util.HashMap$HashIterator.<init>(Ljava/util/HashMap;)V @ 45
Event: 35.156 Thread 0x0000000004352800 Uncommon trap: reason=unstable_if action=reinterpret pc=0x0000000005633488 method=java.util.concurrent.locks.ReentrantLock$Sync.nonfairTryAcquire(I)Z @ 34
Event: 35.157 Thread 0x000000001ad0f000 Uncommon trap: reason=unstable_if action=reinterpret pc=0x0000000005a12aa0 method=java.io.ObjectOutputStream.writeObject0(Ljava/lang/Object;Z)V @ 235

Classes redefined (0 events):
No events

Internal exceptions (10 events):
Event: 24.503 Thread 0x000000001acb4800 Exception <a 'java/lang/NoSuchMethodError': <clinit>> (0x00000000f093b608) thrown at [D:\src\AOSP-openjdk-cygwin\jdk8u\hotspot\src\share\vm\prims\jni.cpp, line 1613]
Event: 24.506 Thread 0x000000001acb4800 Exception <a 'java/lang/NoSuchMethodError': <clinit>> (0x00000000f094fa68) thrown at [D:\src\AOSP-openjdk-cygwin\jdk8u\hotspot\src\share\vm\prims\jni.cpp, line 1613]
Event: 24.507 Thread 0x000000001acb4800 Exception <a 'java/lang/NoSuchMethodError': <clinit>> (0x00000000f0964b80) thrown at [D:\src\AOSP-openjdk-cygwin\jdk8u\hotspot\src\share\vm\prims\jni.cpp, line 1613]
Event: 24.508 Thread 0x000000001acb4800 Exception <a 'java/lang/NoSuchMethodError': <clinit>> (0x00000000f0977a30) thrown at [D:\src\AOSP-openjdk-cygwin\jdk8u\hotspot\src\share\vm\prims\jni.cpp, line 1613]
Event: 24.509 Thread 0x000000001acb4800 Exception <a 'java/lang/NoSuchMethodError': <clinit>> (0x00000000f097c4e0) thrown at [D:\src\AOSP-openjdk-cygwin\jdk8u\hotspot\src\share\vm\prims\jni.cpp, line 1613]
Event: 24.534 Thread 0x000000001acb5800 Exception <a 'java/lang/NoSuchMethodError': <clinit>> (0x00000000f0a8b380) thrown at [D:\src\AOSP-openjdk-cygwin\jdk8u\hotspot\src\share\vm\prims\jni.cpp, line 1613]
Event: 35.129 Thread 0x000000001a4b1000 Exception <a 'java/lang/NoSuchMethodError': <clinit>> (0x00000000f0c353c0) thrown at [D:\src\AOSP-openjdk-cygwin\jdk8u\hotspot\src\share\vm\prims\jni.cpp, line 1613]
Event: 35.135 Thread 0x000000001a4b1000 Exception <a 'java/lang/NoSuchMethodError': <clinit>> (0x00000000f0c4e650) thrown at [D:\src\AOSP-openjdk-cygwin\jdk8u\hotspot\src\share\vm\prims\jni.cpp, line 1613]
Event: 35.196 Thread 0x000000001ad0f000 Exception <a 'java/lang/ClassNotFoundException': sync_local_repo1_ese5nptlh2k980u48p84zipstBeanInfo> (0x00000000f0687020) thrown at [D:\src\AOSP-openjdk-cygwin\jdk8u\hotspot\src\share\vm\classfile\systemDictionary.cpp, line 210]
Event: 35.196 Thread 0x000000001ad0f000 Exception <a 'java/lang/ClassNotFoundException': sync_local_repo1_ese5nptlh2k980u48p84zipstCustomizer> (0x00000000f0692720) thrown at [D:\src\AOSP-openjdk-cygwin\jdk8u\hotspot\src\share\vm\classfile\systemDictionary.cpp, line 210]

Events (10 events):
Event: 35.441 Executing VM operation: ParallelGCFailedAllocation
Event: 35.460 Executing VM operation: ParallelGCFailedAllocation done
Event: 35.484 Executing VM operation: RevokeBias
Event: 35.484 Executing VM operation: RevokeBias done
Event: 35.609 Thread 0x000000001ad0f000 DEOPT PACKING pc=0x0000000004f7e59d sp=0x000000001d4eb180
Event: 35.609 Thread 0x000000001ad0f000 DEOPT UNPACKING pc=0x00000000044975bf sp=0x000000001d4eaeb8 mode 0
Event: 35.835 Thread 0x000000001ad0f000 DEOPT PACKING pc=0x0000000004fa5e43 sp=0x000000001d4ea210
Event: 35.835 Thread 0x000000001ad0f000 DEOPT UNPACKING pc=0x00000000044975bf sp=0x000000001d4e9f90 mode 0
Event: 35.894 Thread 0x000000001ad0f000 DEOPT PACKING pc=0x0000000004fa5e43 sp=0x000000001d4ea210
Event: 35.894 Thread 0x000000001ad0f000 DEOPT UNPACKING pc=0x00000000044975bf sp=0x000000001d4e9f90 mode 0


Dynamic libraries:
0x00007ff63f820000 - 0x00007ff63f851000 	F:\Program Files (x86)\Android\Android Studio\jre\bin\java.exe
0x00007ffda4740000 - 0x00007ffda4920000 	C:\WINDOWS\SYSTEM32\ntdll.dll
0x00007ffda40a0000 - 0x00007ffda414e000 	C:\WINDOWS\System32\KERNEL32.DLL
0x00007ffda1870000 - 0x00007ffda1ad6000 	C:\WINDOWS\System32\KERNELBASE.dll
0x00007ffda4500000 - 0x00007ffda45a1000 	C:\WINDOWS\System32\ADVAPI32.dll
0x00007ffda4150000 - 0x00007ffda41ed000 	C:\WINDOWS\System32\msvcrt.dll
0x00007ffda1e30000 - 0x00007ffda1e8b000 	C:\WINDOWS\System32\sechost.dll
0x00007ffda45b0000 - 0x00007ffda46cf000 	C:\WINDOWS\System32\RPCRT4.dll
0x00007ffda3590000 - 0x00007ffda371e000 	C:\WINDOWS\System32\USER32.dll
0x00007ffda17b0000 - 0x00007ffda17d0000 	C:\WINDOWS\System32\win32u.dll
0x00007ffda3b10000 - 0x00007ffda3b38000 	C:\WINDOWS\System32\GDI32.dll
0x00007ffda0bf0000 - 0x00007ffda0d84000 	C:\WINDOWS\System32\gdi32full.dll
0x00007ffda17d0000 - 0x00007ffda186b000 	C:\WINDOWS\System32\msvcp_win.dll
0x00007ffda1ae0000 - 0x00007ffda1bd6000 	C:\WINDOWS\System32\ucrtbase.dll
0x00007ffd924d0000 - 0x00007ffd92739000 	C:\WINDOWS\WinSxS\amd64_microsoft.windows.common-controls_6595b64144ccf1df_6.0.16299.19_none_cc92fab02215da61\COMCTL32.dll
0x00007ffda41f0000 - 0x00007ffda44f8000 	C:\WINDOWS\System32\combase.dll
0x00007ffda0b10000 - 0x00007ffda0b82000 	C:\WINDOWS\System32\bcryptPrimitives.dll
0x00007ffda1e90000 - 0x00007ffda1ebd000 	C:\WINDOWS\System32\IMM32.DLL
0x0000000059750000 - 0x0000000059822000 	F:\Program Files (x86)\Android\Android Studio\jre\jre\bin\msvcr100.dll
0x0000000059910000 - 0x000000005a14e000 	F:\Program Files (x86)\Android\Android Studio\jre\jre\bin\server\jvm.dll
0x00007ffda3480000 - 0x00007ffda3488000 	C:\WINDOWS\System32\PSAPI.DLL
0x00007ffd91180000 - 0x00007ffd911a3000 	C:\WINDOWS\SYSTEM32\WINMM.dll
0x00007ffd9b6e0000 - 0x00007ffd9b6ea000 	C:\WINDOWS\SYSTEM32\VERSION.dll
0x00007ffd9c850000 - 0x00007ffd9c859000 	C:\WINDOWS\SYSTEM32\WSOCK32.dll
0x00007ffda3300000 - 0x00007ffda336c000 	C:\WINDOWS\System32\WS2_32.dll
0x00007ffd91370000 - 0x00007ffd9139a000 	C:\WINDOWS\SYSTEM32\WINMMBASE.dll
0x00007ffda0d90000 - 0x00007ffda0dda000 	C:\WINDOWS\System32\cfgmgr32.dll
0x00007ffd9c840000 - 0x00007ffd9c84f000 	F:\Program Files (x86)\Android\Android Studio\jre\jre\bin\verify.dll
0x00007ffd8d860000 - 0x00007ffd8d889000 	F:\Program Files (x86)\Android\Android Studio\jre\jre\bin\java.dll
0x00007ffd9c240000 - 0x00007ffd9c256000 	F:\Program Files (x86)\Android\Android Studio\jre\jre\bin\zip.dll
0x00007ffda1ec0000 - 0x00007ffda32f7000 	C:\WINDOWS\System32\SHELL32.dll
0x00007ffda3ff0000 - 0x00007ffda4096000 	C:\WINDOWS\System32\shcore.dll
0x00007ffda0e90000 - 0x00007ffda15d7000 	C:\WINDOWS\System32\windows.storage.dll
0x00007ffda3b40000 - 0x00007ffda3b91000 	C:\WINDOWS\System32\shlwapi.dll
0x00007ffda0a80000 - 0x00007ffda0a91000 	C:\WINDOWS\System32\kernel.appcore.dll
0x00007ffda0ac0000 - 0x00007ffda0b0c000 	C:\WINDOWS\System32\powrprof.dll
0x00007ffda0a60000 - 0x00007ffda0a7b000 	C:\WINDOWS\System32\profapi.dll
0x00007ffd90470000 - 0x00007ffd9048a000 	F:\Program Files (x86)\Android\Android Studio\jre\jre\bin\net.dll
0x00007ffda02f0000 - 0x00007ffda0356000 	C:\WINDOWS\system32\mswsock.dll
0x00007ffd8bc40000 - 0x00007ffd8bc51000 	F:\Program Files (x86)\Android\Android Studio\jre\jre\bin\nio.dll
0x00007ffd7e840000 - 0x00007ffd7e85e000 	C:\Users\legion Y520\.gradle\native\23\windows-amd64\native-platform.dll
0x00007ffda04b0000 - 0x00007ffda04c7000 	C:\WINDOWS\SYSTEM32\CRYPTSP.dll
0x00007ffd9ff00000 - 0x00007ffd9ff33000 	C:\WINDOWS\system32\rsaenh.dll
0x00007ffda05c0000 - 0x00007ffda05e5000 	C:\WINDOWS\SYSTEM32\bcrypt.dll
0x00007ffda0990000 - 0x00007ffda09b9000 	C:\WINDOWS\SYSTEM32\USERENV.dll
0x00007ffda04d0000 - 0x00007ffda04db000 	C:\WINDOWS\SYSTEM32\CRYPTBASE.dll
0x00007ffda0080000 - 0x00007ffda00b9000 	C:\WINDOWS\SYSTEM32\IPHLPAPI.DLL
0x00007ffda34b0000 - 0x00007ffda34b8000 	C:\WINDOWS\System32\NSI.dll
0x00007ffd9ba20000 - 0x00007ffd9ba36000 	C:\WINDOWS\SYSTEM32\dhcpcsvc6.DLL
0x00007ffd9b9e0000 - 0x00007ffd9b9fa000 	C:\WINDOWS\SYSTEM32\dhcpcsvc.DLL
0x00007ffd8d780000 - 0x00007ffd8d78d000 	F:\Program Files (x86)\Android\Android Studio\jre\jre\bin\management.dll

VM Arguments:
jvm_args: -XX:MaxPermSize=256m -XX:+HeapDumpOnOutOfMemoryError -Xmx1024m -Dfile.encoding=windows-1252 -Duser.country=US -Duser.language=en -Duser.variant 
java_command: org.gradle.launcher.daemon.bootstrap.GradleDaemon 3.3
java_class_path (initial): C:\Users\legion Y520\.gradle\wrapper\dists\gradle-3.3-all\55gk2rcmfc6p2dg9u9ohc3hw9\gradle-3.3\lib\gradle-launcher-3.3.jar
Launcher Type: SUN_STANDARD

Environment Variables:
PATH=C:\ProgramData\Oracle\Java\javapath;C:\Program Files (x86)\Intel\iCLS Client\;C:\Program Files\Intel\iCLS Client\;C:\Windows\system32;C:\Windows;C:\Windows\System32\Wbem;C:\Windows\System32\WindowsPowerShell\v1.0\;C:\Program Files (x86)\Intel\Intel(R) Management Engine Components\DAL;C:\Program Files\Intel\Intel(R) Management Engine Components\DAL;C:\Program Files (x86)\Intel\Intel(R) Management Engine Components\IPT;C:\Program Files\Intel\Intel(R) Management Engine Components\IPT;C:\Program Files (x86)\NVIDIA Corporation\PhysX\Common;C:\Program Files\Java\jdk1.8.0_144\bin;C:\Program Files\Java\jdk1.8.0_144\lib;C:\TDM-GCC-64\bin;C:\Program Files (x86)\CodeBlocks\MinGW\bin;C:\WINDOWS\system32;C:\WINDOWS;C:\WINDOWS\System32\Wbem;C:\WINDOWS\System32\WindowsPowerShell\v1.0\;C:\HashiCorp\Vagrant\bin;C:\Program Files\Git\cmd;C:\Program Files\PuTTY\;C:\Program Files\IBM\Bluemix\bin;C:\Program Files\Cloud Foundry;C:\Users\legion Y520\AppData\Local\Programs\Python\Python35\Scripts\;C:\Users\legion Y520\AppData\Local\Programs\Python\Python35\;C:\Users\legion Y520\AppData\Local\Microsoft\WindowsApps;C:\TDM-GCC-64\bin;C:\Program Files (x86)\CodeBlocks\MinGW\bin;C:\Users\legion Y520\AppData\Local\GitHubDesktop\bin;C:\Users\legion Y520\AppData\Local\Microsoft\WindowsApps;C:\Program Files\aircrack-ng-1.2-rc4-win\bin\64bit;
USERNAME=Joseph
OS=Windows_NT
PROCESSOR_IDENTIFIER=Intel64 Family 6 Model 158 Stepping 9, GenuineIntel



---------------  S Y S T E M  ---------------

OS: Windows 10.0 , 64 bit Build 16299 (10.0.16299.15)

CPU:total 8 (initial active 8) (4 cores per cpu, 2 threads per core) family 6 model 158 stepping 9, cmov, cx8, fxsr, mmx, sse, sse2, sse3, ssse3, sse4.1, sse4.2, popcnt, avx, avx2, aes, clmul, erms, 3dnowpref, lzcnt, ht, tsc, tscinvbit, bmi1, bmi2, adx

Memory: 4k page, physical 8260772k(354808k free), swap 12356772k(2856k free)

vm_info: OpenJDK 64-Bit Server VM (25.152-b01) for windows-amd64 JRE (1.8.0_152-release-915-b01), built by "builder" with MS VC++ 10.0 (VS2010)

time: Thu Nov 09 11:13:48 2017
elapsed time: 36 seconds (0d 0h 0m 36s)

