#
# There is insufficient memory for the Java Runtime Environment to continue.
# Native memory allocation (malloc) failed to allocate 1118784 bytes for Chunk::new
# Possible reasons:
#   The system is out of physical RAM or swap space
#   In 32 bit mode, the process size limit was hit
# Possible solutions:
#   Reduce memory load on the system
#   Increase physical memory or swap space
#   Check if swap backing store is full
#   Use 64 bit Java on a 64 bit OS
#   Decrease Java heap size (-Xmx/-Xms)
#   Decrease number of Java threads
#   Decrease Java thread stack sizes (-Xss)
#   Set larger code cache with -XX:ReservedCodeCacheSize=
# This output file may be truncated or incomplete.
#
#  Out of Memory Error (allocation.cpp:390), pid=25996, tid=0x0000000000003104
#
# JRE version: OpenJDK Runtime Environment (8.0_152-b01) (build 1.8.0_152-release-915-b01)
# Java VM: OpenJDK 64-Bit Server VM (25.152-b01 mixed mode windows-amd64 compressed oops)
# Failed to write core dump. Minidumps are not enabled by default on client versions of Windows
#

---------------  T H R E A D  ---------------

Current thread (0x0000000019caa800):  JavaThread "C2 CompilerThread0" daemon [_thread_in_native, id=12548, stack(0x000000001a470000,0x000000001a570000)]

Stack: [0x000000001a470000,0x000000001a570000]
[error occurred during error reporting (printing stack bounds), id 0xc0000005]

Native frames: (J=compiled Java code, j=interpreted, Vv=VM code, C=native code)


Current CompileTask:
C2: 388907 11635 %     4       javax.management.ObjectName::construct @ 86 (1228 bytes)


---------------  P R O C E S S  ---------------

Java Threads: ( => current thread )
  0x000000001f810800 JavaThread "Run command 'F:\Program Files (x86)\Android\Android Studio\jre\bin\java.exe'" [_thread_in_native, id=30624, stack(0x0000000038900000,0x0000000038a00000)]
  0x000000001f813800 JavaThread "Forward streams with process: command 'F:\Program Files (x86)\Android\Android Studio\jre\bin\java.exe' Thread 3" [_thread_in_native, id=15620, stack(0x0000000038800000,0x0000000038900000)]
  0x000000001f80c000 JavaThread "Forward streams with process: command 'F:\Program Files (x86)\Android\Android Studio\jre\bin\java.exe' Thread 2" [_thread_in_native, id=1380, stack(0x0000000038700000,0x0000000038800000)]
  0x000000001f813000 JavaThread "Forward streams with process: command 'F:\Program Files (x86)\Android\Android Studio\jre\bin\java.exe'" [_thread_blocked, id=15720, stack(0x0000000038600000,0x0000000038700000)]
  0x000000001f80a800 JavaThread "Forward streams with process: command 'F:\Program Files (x86)\Android\Android Studio\jre\bin\java.exe' Thread 3" [_thread_in_native, id=22436, stack(0x0000000038000000,0x0000000038100000)]
  0x000000001f811800 JavaThread "Forward streams with process: command 'F:\Program Files (x86)\Android\Android Studio\jre\bin\java.exe' Thread 2" [_thread_in_native, id=12236, stack(0x0000000037f00000,0x0000000038000000)]
  0x000000001f80e800 JavaThread "Forward streams with process: command 'F:\Program Files (x86)\Android\Android Studio\jre\bin\java.exe'" [_thread_blocked, id=19896, stack(0x0000000037e00000,0x0000000037f00000)]
  0x000000001f80f000 JavaThread "Forward streams with process: command 'F:\Program Files (x86)\Android\Android Studio\jre\bin\java.exe' Thread 3" [_thread_in_native, id=31924, stack(0x0000000037c00000,0x0000000037d00000)]
  0x000000001f810000 JavaThread "Forward streams with process: command 'F:\Program Files (x86)\Android\Android Studio\jre\bin\java.exe' Thread 2" [_thread_in_native, id=18452, stack(0x0000000037b00000,0x0000000037c00000)]
  0x000000001f80a000 JavaThread "Forward streams with process: command 'F:\Program Files (x86)\Android\Android Studio\jre\bin\java.exe'" [_thread_blocked, id=21936, stack(0x0000000037a00000,0x0000000037b00000)]
  0x000000002240a000 JavaThread "Run command 'F:\Program Files (x86)\Android\Android Studio\jre\bin\java.exe'" [_thread_in_native, id=33416, stack(0x0000000037700000,0x0000000037800000)]
  0x000000002240b800 JavaThread "Run command 'F:\Program Files (x86)\Android\Android Studio\jre\bin\java.exe'" [_thread_in_native, id=12880, stack(0x0000000037600000,0x0000000037700000)]
  0x0000000022408800 JavaThread "Run command 'F:\Program Files (x86)\Android\Android Studio\jre\bin\java.exe'" [_thread_in_native, id=4212, stack(0x0000000037500000,0x0000000037600000)]
  0x0000000022407800 JavaThread "pool-8-thread-8" [_thread_blocked, id=14648, stack(0x0000000037400000,0x0000000037500000)]
  0x0000000022409000 JavaThread "pool-8-thread-7" [_thread_blocked, id=7440, stack(0x0000000037300000,0x0000000037400000)]
  0x0000000022407000 JavaThread "pool-8-thread-6" [_thread_blocked, id=27320, stack(0x0000000037200000,0x0000000037300000)]
  0x0000000022405800 JavaThread "pool-8-thread-5" [_thread_blocked, id=23948, stack(0x0000000037100000,0x0000000037200000)]
  0x0000000022406000 JavaThread "pool-8-thread-4" [_thread_blocked, id=29164, stack(0x0000000037000000,0x0000000037100000)]
  0x000000002240c000 JavaThread "pool-8-thread-3" [_thread_in_Java, id=30988, stack(0x0000000036f00000,0x0000000037000000)]
  0x00000000223fe000 JavaThread "pool-8-thread-2" [_thread_blocked, id=12700, stack(0x0000000036e00000,0x0000000036f00000)]
  0x00000000223ff800 JavaThread "pool-8-thread-1" [_thread_blocked, id=31480, stack(0x0000000036d00000,0x0000000036e00000)]
  0x0000000022400000 JavaThread "Stdin handler" [_thread_blocked, id=19592, stack(0x0000000036500000,0x0000000036600000)]
  0x0000000022404000 JavaThread "Asynchronous log dispatcher for DefaultDaemonConnection: socket connection from /127.0.0.1:64815 to /127.0.0.1:65272" [_thread_blocked, id=25476, stack(0x0000000036400000,0x0000000036500000)]
  0x0000000022401800 JavaThread "Daemon worker Thread 3" [_thread_in_native, id=19900, stack(0x0000000036300000,0x0000000036400000)]
  0x0000000022402800 JavaThread "Cancel handler" [_thread_blocked, id=2536, stack(0x0000000036200000,0x0000000036300000)]
  0x0000000022403000 JavaThread "Handler for socket connection from /127.0.0.1:64815 to /127.0.0.1:65272" [_thread_in_native, id=27968, stack(0x0000000036100000,0x0000000036200000)]
  0x00000000223fd000 JavaThread "Daemon Thread 3" [_thread_blocked, id=30968, stack(0x0000000036000000,0x0000000036100000)]
  0x000000001f807000 JavaThread "pool-4-thread-4" [_thread_blocked, id=14220, stack(0x0000000025900000,0x0000000025a00000)]
  0x000000001f809000 JavaThread "pool-4-thread-3" [_thread_blocked, id=2604, stack(0x0000000025800000,0x0000000025900000)]
  0x000000001f808800 JavaThread "pool-4-thread-2" [_thread_blocked, id=26092, stack(0x0000000025700000,0x0000000025800000)]
  0x000000001f807800 JavaThread "pool-4-thread-1" [_thread_blocked, id=2696, stack(0x0000000025600000,0x0000000025700000)]
  0x000000001c6c0000 JavaThread "File lock request listener" [_thread_in_native, id=19836, stack(0x0000000021040000,0x0000000021140000)]
  0x000000001bf9c800 JavaThread "pool-1-thread-1" [_thread_blocked, id=13208, stack(0x000000001e460000,0x000000001e560000)]
  0x000000001bb4d000 JavaThread "Incoming local TCP Connector on port 64815" [_thread_in_native, id=2580, stack(0x000000001d210000,0x000000001d310000)]
  0x0000000019d51000 JavaThread "Service Thread" daemon [_thread_blocked, id=22236, stack(0x000000001a870000,0x000000001a970000)]
  0x0000000019cc3000 JavaThread "C1 CompilerThread3" daemon [_thread_in_vm, id=22872, stack(0x000000001a770000,0x000000001a870000)]
  0x0000000019cb6800 JavaThread "C2 CompilerThread2" daemon [_thread_in_vm, id=32696, stack(0x000000001a670000,0x000000001a770000)]
  0x0000000019cae800 JavaThread "C2 CompilerThread1" daemon [_thread_in_native, id=33020, stack(0x000000001a570000,0x000000001a670000)]
=>0x0000000019caa800 JavaThread "C2 CompilerThread0" daemon [_thread_in_native, id=12548, stack(0x000000001a470000,0x000000001a570000)]
  0x0000000019ca9000 JavaThread "Attach Listener" daemon [_thread_blocked, id=14460, stack(0x000000001a370000,0x000000001a470000)]
  0x0000000019ca8800 JavaThread "Signal Dispatcher" daemon [_thread_blocked, id=33200, stack(0x000000001a270000,0x000000001a370000)]
  0x000000000527a000 JavaThread "Finalizer" daemon [_thread_blocked, id=18564, stack(0x000000001a080000,0x000000001a180000)]
  0x0000000017d9b800 JavaThread "Reference Handler" daemon [_thread_blocked, id=32496, stack(0x0000000019b80000,0x0000000019c80000)]
  0x0000000005182800 JavaThread "main" [_thread_blocked, id=22076, stack(0x0000000005050000,0x0000000005150000)]

Other Threads:
  0x0000000017d94800 VMThread [stack: 0x0000000019a80000,0x0000000019b80000] [id=14788]
  0x0000000019d52000 WatcherThread [stack: 0x000000001a970000,0x000000001aa70000] [id=20596]

VM state:not at safepoint (normal execution)

VM Mutex/Monitor currently owned by a thread: None

Heap:
 PSYoungGen      total 313856K, used 153669K [0x00000000eab00000, 0x00000000ffc80000, 0x0000000100000000)
  eden space 286208K, 50% used [0x00000000eab00000,0x00000000f3821130,0x00000000fc280000)
  from space 27648K, 33% used [0x00000000fe180000,0x00000000fea70678,0x00000000ffc80000)
  to   space 29696K, 0% used [0x00000000fc280000,0x00000000fc280000,0x00000000fdf80000)
 ParOldGen       total 141312K, used 42058K [0x00000000c0000000, 0x00000000c8a00000, 0x00000000eab00000)
  object space 141312K, 29% used [0x00000000c0000000,0x00000000c2912838,0x00000000c8a00000)
 Metaspace       used 58396K, capacity 60656K, committed 60800K, reserved 1101824K
  class space    used 7546K, capacity 7999K, committed 8064K, reserved 1048576K

Card table byte_map: [0x0000000014640000,0x0000000014850000] byte_map_base: 0x0000000014040000

Marking Bits: (ParMarkBitMap*) 0x000000005a0d3950
 Begin Bits: [0x00000000151b0000, 0x00000000161b0000)
 End Bits:   [0x00000000161b0000, 0x00000000171b0000)

Polling page: 0x0000000003910000

CodeCache: size=245760Kb used=33989Kb max_used=33996Kb free=211770Kb
 bounds [0x0000000005280000, 0x00000000073f0000, 0x0000000014280000]
 total_blobs=10411 nmethods=9649 adapters=673
 compilation: enabled

Compilation events (10 events):
Event: 388.875 Thread 0x0000000019cc3000 11663       3       java.util.concurrent.ConcurrentLinkedQueue$Itr::advance (123 bytes)
Event: 388.875 Thread 0x0000000019cc3000 nmethod 11663 0x0000000006095e10 code [0x0000000006095fc0, 0x00000000060966e8]
Event: 388.875 Thread 0x0000000019cc3000 11664       3       java.util.concurrent.ConcurrentLinkedQueue$Itr::hasNext (13 bytes)
Event: 388.875 Thread 0x0000000019cc3000 nmethod 11664 0x0000000006118fd0 code [0x0000000006119120, 0x00000000061192d0]
Event: 388.877 Thread 0x0000000019cc3000 11665       3       com.google.wireless.android.sdk.stats.GradleTaskExecution::getSerializedSize (140 bytes)
Event: 388.878 Thread 0x0000000019cae800 11671       4       com.google.protobuf.CodedOutputStream::writeInt64 (7 bytes)
Event: 388.878 Thread 0x0000000019cc3000 nmethod 11665 0x000000000684b290 code [0x000000000684b500, 0x000000000684c248]
Event: 388.878 Thread 0x0000000019cc3000 11668       3       com.google.wireless.android.sdk.stats.JavaProcessStats::writeTo (126 bytes)
Event: 388.878 Thread 0x0000000019cc3000 nmethod 11668 0x00000000054bd090 code [0x00000000054bd2a0, 0x00000000054bded8]
Event: 388.879 Thread 0x0000000019cc3000 11666       3       com.google.protobuf.CodedOutputStream$OutputStreamEncoder::writeString (12 bytes)

GC Heap History (10 events):
Event: 177.725 GC heap before
{Heap before GC invocations=23 (full 2):
 PSYoungGen      total 219648K, used 197347K [0x00000000eab00000, 0x00000000fa080000, 0x0000000100000000)
  eden space 188928K, 100% used [0x00000000eab00000,0x00000000f6380000,0x00000000f6380000)
  from space 30720K, 27% used [0x00000000f8280000,0x00000000f8ab8f70,0x00000000fa080000)
  to   space 31232K, 0% used [0x00000000f6380000,0x00000000f6380000,0x00000000f8200000)
 ParOldGen       total 105984K, used 40309K [0x00000000c0000000, 0x00000000c6780000, 0x00000000eab00000)
  object space 105984K, 38% used [0x00000000c0000000,0x00000000c275d698,0x00000000c6780000)
 Metaspace       used 55454K, capacity 57560K, committed 57728K, reserved 1099776K
  class space    used 7306K, capacity 7749K, committed 7808K, reserved 1048576K
Event: 177.730 GC heap after
Heap after GC invocations=23 (full 2):
 PSYoungGen      total 220160K, used 864K [0x00000000eab00000, 0x00000000fe800000, 0x0000000100000000)
  eden space 188928K, 0% used [0x00000000eab00000,0x00000000eab00000,0x00000000f6380000)
  from space 31232K, 2% used [0x00000000f6380000,0x00000000f6458000,0x00000000f8200000)
  to   space 32256K, 0% used [0x00000000fc880000,0x00000000fc880000,0x00000000fe800000)
 ParOldGen       total 105984K, used 46429K [0x00000000c0000000, 0x00000000c6780000, 0x00000000eab00000)
  object space 105984K, 43% used [0x00000000c0000000,0x00000000c2d57730,0x00000000c6780000)
 Metaspace       used 55454K, capacity 57560K, committed 57728K, reserved 1099776K
  class space    used 7306K, capacity 7749K, committed 7808K, reserved 1048576K
}
Event: 184.892 GC heap before
{Heap before GC invocations=24 (full 2):
 PSYoungGen      total 220160K, used 138677K [0x00000000eab00000, 0x00000000fe800000, 0x0000000100000000)
  eden space 188928K, 72% used [0x00000000eab00000,0x00000000f3195758,0x00000000f6380000)
  from space 31232K, 2% used [0x00000000f6380000,0x00000000f6458000,0x00000000f8200000)
  to   space 32256K, 0% used [0x00000000fc880000,0x00000000fc880000,0x00000000fe800000)
 ParOldGen       total 105984K, used 46429K [0x00000000c0000000, 0x00000000c6780000, 0x00000000eab00000)
  object space 105984K, 43% used [0x00000000c0000000,0x00000000c2d57730,0x00000000c6780000)
 Metaspace       used 56904K, capacity 59048K, committed 59136K, reserved 1099776K
  class space    used 7413K, capacity 7871K, committed 7936K, reserved 1048576K
Event: 184.897 GC heap after
Heap after GC invocations=24 (full 2):
 PSYoungGen      total 288256K, used 4696K [0x00000000eab00000, 0x00000000fe580000, 0x0000000100000000)
  eden space 258560K, 0% used [0x00000000eab00000,0x00000000eab00000,0x00000000fa780000)
  from space 29696K, 15% used [0x00000000fc880000,0x00000000fcd160b8,0x00000000fe580000)
  to   space 31744K, 0% used [0x00000000fa780000,0x00000000fa780000,0x00000000fc680000)
 ParOldGen       total 105984K, used 46485K [0x00000000c0000000, 0x00000000c6780000, 0x00000000eab00000)
  object space 105984K, 43% used [0x00000000c0000000,0x00000000c2d65730,0x00000000c6780000)
 Metaspace       used 56904K, capacity 59048K, committed 59136K, reserved 1099776K
  class space    used 7413K, capacity 7871K, committed 7936K, reserved 1048576K
}
Event: 184.897 GC heap before
{Heap before GC invocations=25 (full 3):
 PSYoungGen      total 288256K, used 4696K [0x00000000eab00000, 0x00000000fe580000, 0x0000000100000000)
  eden space 258560K, 0% used [0x00000000eab00000,0x00000000eab00000,0x00000000fa780000)
  from space 29696K, 15% used [0x00000000fc880000,0x00000000fcd160b8,0x00000000fe580000)
  to   space 31744K, 0% used [0x00000000fa780000,0x00000000fa780000,0x00000000fc680000)
 ParOldGen       total 105984K, used 46485K [0x00000000c0000000, 0x00000000c6780000, 0x00000000eab00000)
  object space 105984K, 43% used [0x00000000c0000000,0x00000000c2d65730,0x00000000c6780000)
 Metaspace       used 56904K, capacity 59048K, committed 59136K, reserved 1099776K
  class space    used 7413K, capacity 7871K, committed 7936K, reserved 1048576K
Event: 185.087 GC heap after
Heap after GC invocations=25 (full 3):
 PSYoungGen      total 288256K, used 0K [0x00000000eab00000, 0x00000000fe580000, 0x0000000100000000)
  eden space 258560K, 0% used [0x00000000eab00000,0x00000000eab00000,0x00000000fa780000)
  from space 29696K, 0% used [0x00000000fc880000,0x00000000fc880000,0x00000000fe580000)
  to   space 31744K, 0% used [0x00000000fa780000,0x00000000fa780000,0x00000000fc680000)
 ParOldGen       total 141312K, used 42042K [0x00000000c0000000, 0x00000000c8a00000, 0x00000000eab00000)
  object space 141312K, 29% used [0x00000000c0000000,0x00000000c290e838,0x00000000c8a00000)
 Metaspace       used 56881K, capacity 58982K, committed 59136K, reserved 1099776K
  class space    used 7406K, capacity 7858K, committed 7936K, reserved 1048576K
}
Event: 195.433 GC heap before
{Heap before GC invocations=26 (full 3):
 PSYoungGen      total 288256K, used 258560K [0x00000000eab00000, 0x00000000fe580000, 0x0000000100000000)
  eden space 258560K, 100% used [0x00000000eab00000,0x00000000fa780000,0x00000000fa780000)
  from space 29696K, 0% used [0x00000000fc880000,0x00000000fc880000,0x00000000fe580000)
  to   space 31744K, 0% used [0x00000000fa780000,0x00000000fa780000,0x00000000fc680000)
 ParOldGen       total 141312K, used 42042K [0x00000000c0000000, 0x00000000c8a00000, 0x00000000eab00000)
  object space 141312K, 29% used [0x00000000c0000000,0x00000000c290e838,0x00000000c8a00000)
 Metaspace       used 57438K, capacity 59586K, committed 59648K, reserved 1101824K
  class space    used 7466K, capacity 7900K, committed 7936K, reserved 1048576K
Event: 195.444 GC heap after
Heap after GC invocations=26 (full 3):
 PSYoungGen      total 290304K, used 4563K [0x00000000eab00000, 0x0000000100000000, 0x0000000100000000)
  eden space 258560K, 0% used [0x00000000eab00000,0x00000000eab00000,0x00000000fa780000)
  from space 31744K, 14% used [0x00000000fa780000,0x00000000fabf4e68,0x00000000fc680000)
  to   space 31232K, 0% used [0x00000000fe180000,0x00000000fe180000,0x0000000100000000)
 ParOldGen       total 141312K, used 42050K [0x00000000c0000000, 0x00000000c8a00000, 0x00000000eab00000)
  object space 141312K, 29% used [0x00000000c0000000,0x00000000c2910838,0x00000000c8a00000)
 Metaspace       used 57438K, capacity 59586K, committed 59648K, reserved 1101824K
  class space    used 7466K, capacity 7900K, committed 7936K, reserved 1048576K
}
Event: 387.166 GC heap before
{Heap before GC invocations=27 (full 3):
 PSYoungGen      total 290304K, used 263123K [0x00000000eab00000, 0x0000000100000000, 0x0000000100000000)
  eden space 258560K, 100% used [0x00000000eab00000,0x00000000fa780000,0x00000000fa780000)
  from space 31744K, 14% used [0x00000000fa780000,0x00000000fabf4e68,0x00000000fc680000)
  to   space 31232K, 0% used [0x00000000fe180000,0x00000000fe180000,0x0000000100000000)
 ParOldGen       total 141312K, used 42050K [0x00000000c0000000, 0x00000000c8a00000, 0x00000000eab00000)
  object space 141312K, 29% used [0x00000000c0000000,0x00000000c2910838,0x00000000c8a00000)
 Metaspace       used 57991K, capacity 60234K, committed 60544K, reserved 1101824K
  class space    used 7494K, capacity 7966K, committed 8064K, reserved 1048576K
Event: 387.174 GC heap after
Heap after GC invocations=27 (full 3):
 PSYoungGen      total 313856K, used 9153K [0x00000000eab00000, 0x00000000ffc80000, 0x0000000100000000)
  eden space 286208K, 0% used [0x00000000eab00000,0x00000000eab00000,0x00000000fc280000)
  from space 27648K, 33% used [0x00000000fe180000,0x00000000fea70678,0x00000000ffc80000)
  to   space 29696K, 0% used [0x00000000fc280000,0x00000000fc280000,0x00000000fdf80000)
 ParOldGen       total 141312K, used 42058K [0x00000000c0000000, 0x00000000c8a00000, 0x00000000eab00000)
  object space 141312K, 29% used [0x00000000c0000000,0x00000000c2912838,0x00000000c8a00000)
 Metaspace       used 57991K, capacity 60234K, committed 60544K, reserved 1101824K
  class space    used 7494K, capacity 7966K, committed 8064K, reserved 1048576K
}

Deoptimization events (10 events):
Event: 385.340 Thread 0x0000000022401800 Uncommon trap: reason=array_check action=maybe_recompile pc=0x0000000006ed9af0 method=java.util.ComparableTimSort.binarySort([Ljava/lang/Object;III)V @ 183
Event: 385.560 Thread 0x0000000022401800 Uncommon trap: reason=array_check action=maybe_recompile pc=0x0000000006ed9a28 method=java.util.ComparableTimSort.binarySort([Ljava/lang/Object;III)V @ 193
Event: 385.560 Thread 0x0000000022401800 Uncommon trap: reason=array_check action=maybe_recompile pc=0x0000000006ed9a28 method=java.util.ComparableTimSort.binarySort([Ljava/lang/Object;III)V @ 193
Event: 386.573 Thread 0x0000000022401800 Uncommon trap: reason=bimorphic action=maybe_recompile pc=0x000000000731f86c method=com.google.common.collect.RegularImmutableMap.checkNoConflictInBucket(Ljava/lang/Object;Lcom/google/common/collect/ImmutableMapEntry;Lcom/google/common/collect/ImmutableMa
Event: 386.575 Thread 0x0000000022401800 Uncommon trap: reason=bimorphic action=maybe_recompile pc=0x000000000731f86c method=com.google.common.collect.RegularImmutableMap.checkNoConflictInBucket(Ljava/lang/Object;Lcom/google/common/collect/ImmutableMapEntry;Lcom/google/common/collect/ImmutableMa
Event: 386.582 Thread 0x0000000022401800 Uncommon trap: reason=bimorphic action=maybe_recompile pc=0x000000000731f86c method=com.google.common.collect.RegularImmutableMap.checkNoConflictInBucket(Ljava/lang/Object;Lcom/google/common/collect/ImmutableMapEntry;Lcom/google/common/collect/ImmutableMa
Event: 386.593 Thread 0x0000000022401800 Uncommon trap: reason=bimorphic action=maybe_recompile pc=0x000000000731f86c method=com.google.common.collect.RegularImmutableMap.checkNoConflictInBucket(Ljava/lang/Object;Lcom/google/common/collect/ImmutableMapEntry;Lcom/google/common/collect/ImmutableMa
Event: 387.565 Thread 0x0000000022401800 Uncommon trap: reason=class_check action=maybe_recompile pc=0x00000000066f4648 method=java.net.URLClassLoader.defineClass(Ljava/lang/String;Lsun/misc/Resource;)Ljava/lang/Class; @ 34
Event: 387.611 Thread 0x0000000022401800 Uncommon trap: reason=class_check action=maybe_recompile pc=0x00000000066f4648 method=java.net.URLClassLoader.defineClass(Ljava/lang/String;Lsun/misc/Resource;)Ljava/lang/Class; @ 34
Event: 388.866 Thread 0x0000000022404800 Uncommon trap: reason=class_check action=maybe_recompile pc=0x000000000669217c method=java.util.concurrent.locks.ReentrantLock.lock()V @ 4

Classes redefined (0 events):
No events

Internal exceptions (10 events):
Event: 388.729 Thread 0x0000000022406000 Exception <a 'sun/nio/fs/WindowsException'> (0x00000000f2c7de40) thrown at [D:\src\AOSP-openjdk-cygwin\jdk8u\hotspot\src\share\vm\prims\jni.cpp, line 709]
Event: 388.732 Thread 0x0000000022406000 Exception <a 'sun/nio/fs/WindowsException'> (0x00000000f2c7e688) thrown at [D:\src\AOSP-openjdk-cygwin\jdk8u\hotspot\src\share\vm\prims\jni.cpp, line 709]
Event: 388.742 Thread 0x0000000022406000 Exception <a 'sun/nio/fs/WindowsException'> (0x00000000f2c9c038) thrown at [D:\src\AOSP-openjdk-cygwin\jdk8u\hotspot\src\share\vm\prims\jni.cpp, line 709]
Event: 388.744 Thread 0x0000000022406000 Exception <a 'sun/nio/fs/WindowsException'> (0x00000000f2c9c8b0) thrown at [D:\src\AOSP-openjdk-cygwin\jdk8u\hotspot\src\share\vm\prims\jni.cpp, line 709]
Event: 388.752 Thread 0x0000000022406000 Exception <a 'sun/nio/fs/WindowsException'> (0x00000000f2cba010) thrown at [D:\src\AOSP-openjdk-cygwin\jdk8u\hotspot\src\share\vm\prims\jni.cpp, line 709]
Event: 388.754 Thread 0x0000000022406000 Exception <a 'sun/nio/fs/WindowsException'> (0x00000000f2cba858) thrown at [D:\src\AOSP-openjdk-cygwin\jdk8u\hotspot\src\share\vm\prims\jni.cpp, line 709]
Event: 388.846 Thread 0x0000000022401800 Exception <a 'java/lang/reflect/InvocationTargetException'> (0x00000000f24e11c8) thrown at [D:\src\AOSP-openjdk-cygwin\jdk8u\hotspot\src\share\vm\runtime\reflection.cpp, line 1092]
Event: 388.865 Thread 0x000000002240c000 Exception <a 'sun/nio/fs/WindowsException'> (0x00000000f27637d0) thrown at [D:\src\AOSP-openjdk-cygwin\jdk8u\hotspot\src\share\vm\prims\jni.cpp, line 709]
Event: 388.869 Thread 0x000000002240c000 Exception <a 'sun/nio/fs/WindowsException'> (0x00000000f2764078) thrown at [D:\src\AOSP-openjdk-cygwin\jdk8u\hotspot\src\share\vm\prims\jni.cpp, line 709]
Event: 388.876 Thread 0x0000000022401800 Exception <a 'sun/nio/fs/WindowsException'> (0x00000000f3678fe0) thrown at [D:\src\AOSP-openjdk-cygwin\jdk8u\hotspot\src\share\vm\prims\jni.cpp, line 709]

Events (10 events):
Event: 388.849 Executing VM operation: RevokeBias done
Event: 388.849 Executing VM operation: RevokeBias
Event: 388.849 Executing VM operation: RevokeBias done
Event: 388.849 Executing VM operation: RevokeBias
Event: 388.849 Executing VM operation: RevokeBias done
Event: 388.849 Thread 0x0000000019cc3000 flushing nmethod 0x00000000070ef750
Event: 388.866 Thread 0x0000000022404800 Uncommon trap: trap_request=0xffffffde fr.pc=0x000000000669217c
Event: 388.866 Thread 0x0000000022404800 DEOPT PACKING pc=0x000000000669217c sp=0x00000000366feb70
Event: 388.866 Thread 0x0000000022404800 DEOPT UNPACKING pc=0x00000000052c556a sp=0x00000000366feb08 mode 2
Event: 388.866 Thread 0x0000000022404800 Thread exited: 0x0000000022404800


Dynamic libraries:
0x00007ff7d8c00000 - 0x00007ff7d8c31000 	F:\Program Files (x86)\Android\Android Studio\jre\bin\java.exe
0x00007ffda4740000 - 0x00007ffda4920000 	C:\WINDOWS\SYSTEM32\ntdll.dll
0x00007ffda40a0000 - 0x00007ffda414e000 	C:\WINDOWS\System32\KERNEL32.DLL
0x00007ffda1870000 - 0x00007ffda1ad6000 	C:\WINDOWS\System32\KERNELBASE.dll
0x00007ffda4500000 - 0x00007ffda45a1000 	C:\WINDOWS\System32\ADVAPI32.dll
0x00007ffda4150000 - 0x00007ffda41ed000 	C:\WINDOWS\System32\msvcrt.dll
0x00007ffda1e30000 - 0x00007ffda1e8b000 	C:\WINDOWS\System32\sechost.dll
0x00007ffda45b0000 - 0x00007ffda46cf000 	C:\WINDOWS\System32\RPCRT4.dll
0x00007ffda3590000 - 0x00007ffda371e000 	C:\WINDOWS\System32\USER32.dll
0x00007ffda17b0000 - 0x00007ffda17d0000 	C:\WINDOWS\System32\win32u.dll
0x00007ffda3b10000 - 0x00007ffda3b38000 	C:\WINDOWS\System32\GDI32.dll
0x00007ffda0bf0000 - 0x00007ffda0d84000 	C:\WINDOWS\System32\gdi32full.dll
0x00007ffda17d0000 - 0x00007ffda186b000 	C:\WINDOWS\System32\msvcp_win.dll
0x00007ffda1ae0000 - 0x00007ffda1bd6000 	C:\WINDOWS\System32\ucrtbase.dll
0x00007ffd924d0000 - 0x00007ffd92739000 	C:\WINDOWS\WinSxS\amd64_microsoft.windows.common-controls_6595b64144ccf1df_6.0.16299.19_none_cc92fab02215da61\COMCTL32.dll
0x00007ffda41f0000 - 0x00007ffda44f8000 	C:\WINDOWS\System32\combase.dll
0x00007ffda0b10000 - 0x00007ffda0b82000 	C:\WINDOWS\System32\bcryptPrimitives.dll
0x00007ffda1e90000 - 0x00007ffda1ebd000 	C:\WINDOWS\System32\IMM32.DLL
0x000000005a920000 - 0x000000005a9f2000 	F:\Program Files (x86)\Android\Android Studio\jre\jre\bin\msvcr100.dll
0x0000000059910000 - 0x000000005a14e000 	F:\Program Files (x86)\Android\Android Studio\jre\jre\bin\server\jvm.dll
0x00007ffda3480000 - 0x00007ffda3488000 	C:\WINDOWS\System32\PSAPI.DLL
0x00007ffd9c850000 - 0x00007ffd9c859000 	C:\WINDOWS\SYSTEM32\WSOCK32.dll
0x00007ffd91180000 - 0x00007ffd911a3000 	C:\WINDOWS\SYSTEM32\WINMM.dll
0x00007ffd9b6e0000 - 0x00007ffd9b6ea000 	C:\WINDOWS\SYSTEM32\VERSION.dll
0x00007ffda3300000 - 0x00007ffda336c000 	C:\WINDOWS\System32\WS2_32.dll
0x00007ffd91370000 - 0x00007ffd9139a000 	C:\WINDOWS\SYSTEM32\WINMMBASE.dll
0x00007ffda0d90000 - 0x00007ffda0dda000 	C:\WINDOWS\System32\cfgmgr32.dll
0x00007ffd9c840000 - 0x00007ffd9c84f000 	F:\Program Files (x86)\Android\Android Studio\jre\jre\bin\verify.dll
0x00007ffd8af10000 - 0x00007ffd8af39000 	F:\Program Files (x86)\Android\Android Studio\jre\jre\bin\java.dll
0x00007ffd9c240000 - 0x00007ffd9c256000 	F:\Program Files (x86)\Android\Android Studio\jre\jre\bin\zip.dll
0x00007ffda1ec0000 - 0x00007ffda32f7000 	C:\WINDOWS\System32\SHELL32.dll
0x00007ffda3ff0000 - 0x00007ffda4096000 	C:\WINDOWS\System32\shcore.dll
0x00007ffda0e90000 - 0x00007ffda15d7000 	C:\WINDOWS\System32\windows.storage.dll
0x00007ffda3b40000 - 0x00007ffda3b91000 	C:\WINDOWS\System32\shlwapi.dll
0x00007ffda0a80000 - 0x00007ffda0a91000 	C:\WINDOWS\System32\kernel.appcore.dll
0x00007ffda0ac0000 - 0x00007ffda0b0c000 	C:\WINDOWS\System32\powrprof.dll
0x00007ffda0a60000 - 0x00007ffda0a7b000 	C:\WINDOWS\System32\profapi.dll
0x00007ffd90470000 - 0x00007ffd9048a000 	F:\Program Files (x86)\Android\Android Studio\jre\jre\bin\net.dll
0x00007ffda02f0000 - 0x00007ffda0356000 	C:\WINDOWS\system32\mswsock.dll
0x00007ffd8bcc0000 - 0x00007ffd8bcd1000 	F:\Program Files (x86)\Android\Android Studio\jre\jre\bin\nio.dll
0x00007ffd9c3f0000 - 0x00007ffd9c40e000 	C:\Users\legion Y520\.gradle\native\23\windows-amd64\native-platform.dll
0x00007ffda04b0000 - 0x00007ffda04c7000 	C:\WINDOWS\SYSTEM32\CRYPTSP.dll
0x00007ffd9ff00000 - 0x00007ffd9ff33000 	C:\WINDOWS\system32\rsaenh.dll
0x00007ffda05c0000 - 0x00007ffda05e5000 	C:\WINDOWS\SYSTEM32\bcrypt.dll
0x00007ffda0990000 - 0x00007ffda09b9000 	C:\WINDOWS\SYSTEM32\USERENV.dll
0x00007ffda04d0000 - 0x00007ffda04db000 	C:\WINDOWS\SYSTEM32\CRYPTBASE.dll
0x00007ffda0080000 - 0x00007ffda00b9000 	C:\WINDOWS\SYSTEM32\IPHLPAPI.DLL
0x00007ffda34b0000 - 0x00007ffda34b8000 	C:\WINDOWS\System32\NSI.dll
0x00007ffd9ba20000 - 0x00007ffd9ba36000 	C:\WINDOWS\SYSTEM32\dhcpcsvc6.DLL
0x00007ffd9b9e0000 - 0x00007ffd9b9fa000 	C:\WINDOWS\SYSTEM32\dhcpcsvc.DLL
0x00007ffd98020000 - 0x00007ffd9802d000 	F:\Program Files (x86)\Android\Android Studio\jre\jre\bin\management.dll
0x00007ffd9fba0000 - 0x00007ffd9fbd1000 	C:\WINDOWS\SYSTEM32\ntmarta.dll

VM Arguments:
jvm_args: -XX:MaxPermSize=256m -XX:+HeapDumpOnOutOfMemoryError -Xmx1024m -Dfile.encoding=windows-1252 -Duser.country=US -Duser.language=en -Duser.variant 
java_command: org.gradle.launcher.daemon.bootstrap.GradleDaemon 3.3
java_class_path (initial): C:\Users\legion Y520\.gradle\wrapper\dists\gradle-3.3-all\55gk2rcmfc6p2dg9u9ohc3hw9\gradle-3.3\lib\gradle-launcher-3.3.jar
Launcher Type: SUN_STANDARD

Environment Variables:
PATH=C:\ProgramData\Oracle\Java\javapath;C:\Program Files (x86)\Intel\iCLS Client\;C:\Program Files\Intel\iCLS Client\;C:\Windows\system32;C:\Windows;C:\Windows\System32\Wbem;C:\Windows\System32\WindowsPowerShell\v1.0\;C:\Program Files (x86)\Intel\Intel(R) Management Engine Components\DAL;C:\Program Files\Intel\Intel(R) Management Engine Components\DAL;C:\Program Files (x86)\Intel\Intel(R) Management Engine Components\IPT;C:\Program Files\Intel\Intel(R) Management Engine Components\IPT;C:\Program Files (x86)\NVIDIA Corporation\PhysX\Common;C:\Program Files\Java\jdk1.8.0_144\bin;C:\Program Files\Java\jdk1.8.0_144\lib;C:\TDM-GCC-64\bin;C:\Program Files (x86)\CodeBlocks\MinGW\bin;C:\WINDOWS\system32;C:\WINDOWS;C:\WINDOWS\System32\Wbem;C:\WINDOWS\System32\WindowsPowerShell\v1.0\;C:\HashiCorp\Vagrant\bin;C:\Program Files\Git\cmd;C:\Program Files\PuTTY\;C:\Program Files\IBM\Bluemix\bin;C:\Program Files\Cloud Foundry;C:\Users\legion Y520\AppData\Local\Programs\Python\Python35\Scripts\;C:\Users\legion Y520\AppData\Local\Programs\Python\Python35\;C:\Users\legion Y520\AppData\Local\Microsoft\WindowsApps;C:\TDM-GCC-64\bin;C:\Program Files (x86)\CodeBlocks\MinGW\bin;C:\Users\legion Y520\AppData\Local\GitHubDesktop\bin;C:\Users\legion Y520\AppData\Local\Microsoft\WindowsApps;C:\Program Files\aircrack-ng-1.2-rc4-win\bin\64bit;
USERNAME=Joseph
OS=Windows_NT
PROCESSOR_IDENTIFIER=Intel64 Family 6 Model 158 Stepping 9, GenuineIntel



---------------  S Y S T E M  ---------------

OS: Windows 10.0 , 64 bit Build 16299 (10.0.16299.15)

CPU:total 8 (initial active 8) (4 cores per cpu, 2 threads per core) family 6 model 158 stepping 9, cmov, cx8, fxsr, mmx, sse, sse2, sse3, ssse3, sse4.1, sse4.2, popcnt, avx, avx2, aes, clmul, erms, 3dnowpref, lzcnt, ht, tsc, tscinvbit, bmi1, bmi2, adx

Memory: 4k page, physical 8260772k(1350544k free), swap 12356772k(6152k free)

vm_info: OpenJDK 64-Bit Server VM (25.152-b01) for windows-amd64 JRE (1.8.0_152-release-915-b01), built by "builder" with MS VC++ 10.0 (VS2010)

time: Thu Nov 09 12:01:43 2017
elapsed time: 388 seconds (0d 0h 6m 28s)

