#
# There is insufficient memory for the Java Runtime Environment to continue.
# Native memory allocation (malloc) failed to allocate 504976 bytes for Chunk::new
# Possible reasons:
#   The system is out of physical RAM or swap space
#   In 32 bit mode, the process size limit was hit
# Possible solutions:
#   Reduce memory load on the system
#   Increase physical memory or swap space
#   Check if swap backing store is full
#   Use 64 bit Java on a 64 bit OS
#   Decrease Java heap size (-Xmx/-Xms)
#   Decrease number of Java threads
#   Decrease Java thread stack sizes (-Xss)
#   Set larger code cache with -XX:ReservedCodeCacheSize=
# This output file may be truncated or incomplete.
#
#  Out of Memory Error (allocation.cpp:390), pid=10788, tid=0x0000000000002a0c
#
# JRE version: OpenJDK Runtime Environment (8.0_112-b06) (build 1.8.0_112-release-b06)
# Java VM: OpenJDK 64-Bit Server VM (25.112-b06 mixed mode windows-amd64 compressed oops)
# Failed to write core dump. Minidumps are not enabled by default on client versions of Windows
#

---------------  T H R E A D  ---------------

Current thread (0x000000001e6a7000):  JavaThread "C2 CompilerThread0" daemon [_thread_in_native, id=10764, stack(0x000000001ee70000,0x000000001ef70000)]

Stack: [0x000000001ee70000,0x000000001ef70000]
[error occurred during error reporting (printing stack bounds), id 0xc0000005]

Native frames: (J=compiled Java code, j=interpreted, Vv=VM code, C=native code)


Current CompileTask:
C2:   3370 1374   !   4       com.android.dx.cf.code.Ropper::processBlock (1101 bytes)


---------------  P R O C E S S  ---------------

Java Threads: ( => current thread )
  0x000000001e9c6800 JavaThread "pool-2-thread-4" [_thread_blocked, id=4916, stack(0x000000001f870000,0x000000001f970000)]
  0x000000001e932000 JavaThread "pool-2-thread-3" [_thread_blocked, id=10580, stack(0x000000001f770000,0x000000001f870000)]
  0x000000001e85a800 JavaThread "pool-2-thread-2" [_thread_blocked, id=3340, stack(0x000000001f670000,0x000000001f770000)]
  0x000000001e857000 JavaThread "pool-3-thread-1" [_thread_blocked, id=8212, stack(0x000000001f570000,0x000000001f670000)]
  0x000000001e851000 JavaThread "pool-2-thread-1" [_thread_blocked, id=20048, stack(0x000000001f470000,0x000000001f570000)]
  0x000000001e6f9000 JavaThread "Service Thread" daemon [_thread_blocked, id=19728, stack(0x000000001f270000,0x000000001f370000)]
  0x000000001e6b8000 JavaThread "C1 CompilerThread3" daemon [_thread_blocked, id=20172, stack(0x000000001f170000,0x000000001f270000)]
  0x000000001e6ae800 JavaThread "C2 CompilerThread2" daemon [_thread_in_native, id=1128, stack(0x000000001f070000,0x000000001f170000)]
  0x000000001e6aa800 JavaThread "C2 CompilerThread1" daemon [_thread_in_native, id=12296, stack(0x000000001ef70000,0x000000001f070000)]
=>0x000000001e6a7000 JavaThread "C2 CompilerThread0" daemon [_thread_in_native, id=10764, stack(0x000000001ee70000,0x000000001ef70000)]
  0x000000001e6a5000 JavaThread "Attach Listener" daemon [_thread_blocked, id=18788, stack(0x000000001ed70000,0x000000001ee70000)]
  0x000000001e6a4000 JavaThread "Signal Dispatcher" daemon [_thread_blocked, id=18856, stack(0x000000001ec70000,0x000000001ed70000)]
  0x0000000002c7e000 JavaThread "Finalizer" daemon [_thread_blocked, id=10424, stack(0x000000001ea80000,0x000000001eb80000)]
  0x000000001c79b800 JavaThread "Reference Handler" daemon [_thread_blocked, id=12348, stack(0x000000001e580000,0x000000001e680000)]
  0x00000000009fd800 JavaThread "main" [_thread_in_native, id=16956, stack(0x0000000002a80000,0x0000000002b80000)]

Other Threads:
  0x000000001c795000 VMThread [stack: 0x000000001e480000,0x000000001e580000] [id=9900]
  0x000000001e6fa000 WatcherThread [stack: 0x000000001f370000,0x000000001f470000] [id=1976]

VM state:not at safepoint (normal execution)

VM Mutex/Monitor currently owned by a thread: None

Heap:
 PSYoungGen      total 38400K, used 16444K [0x000000076ab00000, 0x000000076f600000, 0x00000007c0000000)
  eden space 33280K, 34% used [0x000000076ab00000,0x000000076b6161e0,0x000000076cb80000)
  from space 5120K, 99% used [0x000000076cb80000,0x000000076d078f28,0x000000076d080000)
  to   space 5120K, 0% used [0x000000076f100000,0x000000076f100000,0x000000076f600000)
 ParOldGen       total 87552K, used 1957K [0x00000006c0000000, 0x00000006c5580000, 0x000000076ab00000)
  object space 87552K, 2% used [0x00000006c0000000,0x00000006c01e9668,0x00000006c5580000)
 Metaspace       used 5732K, capacity 6896K, committed 7040K, reserved 1056768K
  class space    used 550K, capacity 616K, committed 640K, reserved 1048576K

Card table byte_map: [0x0000000012040000,0x0000000012850000] byte_map_base: 0x000000000ea40000

Marking Bits: (ParMarkBitMap*) 0x000000006f7818f0
 Begin Bits: [0x00000000135b0000, 0x00000000175b0000)
 End Bits:   [0x00000000175b0000, 0x000000001b5b0000)

Polling page: 0x00000000029c0000

CodeCache: size=245760Kb used=5750Kb max_used=5750Kb free=240009Kb
 bounds [0x0000000002c80000, 0x0000000003230000, 0x0000000011c80000]
 total_blobs=1637 nmethods=1377 adapters=174
 compilation: enabled

Compilation events (10 events):
Event: 3.312 Thread 0x000000001e6b8000 1381       3       com.android.dx.rop.code.Insn::equalsHandleNulls (23 bytes)
Event: 3.312 Thread 0x000000001e6b8000 nmethod 1381 0x0000000003221990 code [0x0000000003221b00, 0x0000000003221dc8]
Event: 3.312 Thread 0x000000001e6b8000 1382       3       com.android.dx.rop.code.SourcePosition::equals (46 bytes)
Event: 3.312 Thread 0x000000001e6b8000 nmethod 1382 0x0000000003221e90 code [0x0000000003222020, 0x0000000003222528]
Event: 3.312 Thread 0x000000001e6b8000 1368       3       com.android.dx.rop.code.RegisterSpec$ForComparison::toRegisterSpec (21 bytes)
Event: 3.313 Thread 0x000000001e6b8000 nmethod 1368 0x0000000003222610 code [0x0000000003222780, 0x00000000032229e8]
Event: 3.313 Thread 0x000000001e6b8000 1369       3       com.android.dx.rop.code.RegisterSpec::hashCode (16 bytes)
Event: 3.313 Thread 0x000000001e6b8000 nmethod 1369 0x0000000003222ad0 code [0x0000000003222c60, 0x0000000003222f98]
Event: 3.313 Thread 0x000000001e6b8000 1379       3       com.android.dx.ssa.BasicRegisterMapper::oldToNew (22 bytes)
Event: 3.313 Thread 0x000000001e6b8000 nmethod 1379 0x0000000003223110 code [0x0000000003223280, 0x0000000003223568]

GC Heap History (2 events):
Event: 2.204 GC heap before
{Heap before GC invocations=1 (full 0):
 PSYoungGen      total 38400K, used 33280K [0x000000076ab00000, 0x000000076d580000, 0x00000007c0000000)
  eden space 33280K, 100% used [0x000000076ab00000,0x000000076cb80000,0x000000076cb80000)
  from space 5120K, 0% used [0x000000076d080000,0x000000076d080000,0x000000076d580000)
  to   space 5120K, 0% used [0x000000076cb80000,0x000000076cb80000,0x000000076d080000)
 ParOldGen       total 87552K, used 0K [0x00000006c0000000, 0x00000006c5580000, 0x000000076ab00000)
  object space 87552K, 0% used [0x00000006c0000000,0x00000006c0000000,0x00000006c5580000)
 Metaspace       used 5652K, capacity 6832K, committed 7040K, reserved 1056768K
  class space    used 550K, capacity 616K, committed 640K, reserved 1048576K
Event: 2.639 GC heap after
Heap after GC invocations=1 (full 0):
 PSYoungGen      total 38400K, used 5091K [0x000000076ab00000, 0x000000076f600000, 0x00000007c0000000)
  eden space 33280K, 0% used [0x000000076ab00000,0x000000076ab00000,0x000000076cb80000)
  from space 5120K, 99% used [0x000000076cb80000,0x000000076d078f28,0x000000076d080000)
  to   space 5120K, 0% used [0x000000076f100000,0x000000076f100000,0x000000076f600000)
 ParOldGen       total 87552K, used 1957K [0x00000006c0000000, 0x00000006c5580000, 0x000000076ab00000)
  object space 87552K, 2% used [0x00000006c0000000,0x00000006c01e9668,0x00000006c5580000)
 Metaspace       used 5652K, capacity 6832K, committed 7040K, reserved 1056768K
  class space    used 550K, capacity 616K, committed 640K, reserved 1048576K
}

Deoptimization events (10 events):
Event: 3.282 Thread 0x000000001e932000 Uncommon trap: reason=unstable_if action=reinterpret pc=0x00000000031cbe50 method=com.android.dx.cf.code.RopperMachine.jopToRopOpcode(ILcom/android/dx/rop/cst/Constant;)I @ 943
Event: 3.282 Thread 0x000000001e932000 Uncommon trap: reason=unstable_if action=reinterpret pc=0x00000000031bd17c method=com.android.dx.ssa.SsaConverter.needsNewSuccessor(Lcom/android/dx/ssa/SsaBasicBlock;Lcom/android/dx/ssa/SsaBasicBlock;)Z @ 44
Event: 3.282 Thread 0x000000001e932000 Uncommon trap: reason=unstable_if action=reinterpret pc=0x000000000300fbdc method=com.android.dx.ssa.SCCP.simulateStmt(Lcom/android/dx/ssa/SsaInsn;)V @ 469
Event: 3.283 Thread 0x000000001e932000 Uncommon trap: reason=uninitialized action=reinterpret pc=0x00000000030a027c method=com.android.dx.cf.code.BytecodeArray.parseInstruction(ILcom/android/dx/cf/code/BytecodeArray$Visitor;)I @ 1047
Event: 3.284 Thread 0x000000001e932000 Uncommon trap: reason=unstable_if action=reinterpret pc=0x0000000002f5d41c method=com.android.dx.rop.code.RegisterSpec.equals(ILcom/android/dx/rop/type/TypeBearer;Lcom/android/dx/rop/code/LocalItem;)Z @ 24
Event: 3.291 Thread 0x000000001e932000 Uncommon trap: reason=speculate_class_check action=maybe_recompile pc=0x000000000317f3d8 method=com.android.dx.rop.cst.CstLiteral32.equals(Ljava/lang/Object;)Z @ 20
Event: 3.292 Thread 0x000000001e932000 Uncommon trap: reason=speculate_class_check action=maybe_recompile pc=0x000000000317f3d8 method=com.android.dx.rop.cst.CstLiteral32.equals(Ljava/lang/Object;)Z @ 20
Event: 3.293 Thread 0x000000001e932000 Uncommon trap: reason=unstable_if action=reinterpret pc=0x0000000003123300 method=com.android.dx.ssa.LiteralOpUpgrader$1.visitNonMoveInsn(Lcom/android/dx/ssa/NormalSsaInsn;)V @ 151
Event: 3.294 Thread 0x000000001e932000 Uncommon trap: reason=speculate_class_check action=maybe_recompile pc=0x000000000317f3d8 method=com.android.dx.rop.cst.CstLiteral32.equals(Ljava/lang/Object;)Z @ 20
Event: 3.294 Thread 0x000000001e932000 Uncommon trap: reason=speculate_class_check action=maybe_recompile pc=0x000000000317f3d8 method=com.android.dx.rop.cst.CstLiteral32.equals(Ljava/lang/Object;)Z @ 20

Internal exceptions (2 events):
Event: 0.027 Thread 0x00000000009fd800 Exception <a 'java/lang/NoSuchMethodError': Method sun.misc.Unsafe.defineClass(Ljava/lang/String;[BII)Ljava/lang/Class; name or signature does not match> (0x000000076ab07c78) thrown at [C:\src\android\AOSP-openjdk\external\jetbrains\jdk\hotspot\src\share\væˆàIö›?
Event: 0.027 Thread 0x00000000009fd800 Exception <a 'java/lang/NoSuchMethodError': Method sun.misc.Unsafe.prefetchRead(Ljava/lang/Object;J)V name or signature does not match> (0x000000076ab07f60) thrown at [C:\src\android\AOSP-openjdk\external\jetbrains\jdk\hotspot\src\share\vm\prims\jni.cpp, l

Events (10 events):
Event: 3.292 Thread 0x000000001e932000 DEOPT UNPACKING pc=0x0000000002cc556a sp=0x000000001f86ea20 mode 2
Event: 3.293 Thread 0x000000001e932000 Uncommon trap: trap_request=0xffffff65 fr.pc=0x0000000003123300
Event: 3.293 Thread 0x000000001e932000 DEOPT PACKING pc=0x0000000003123300 sp=0x000000001f86edf0
Event: 3.293 Thread 0x000000001e932000 DEOPT UNPACKING pc=0x0000000002cc556a sp=0x000000001f86edc0 mode 2
Event: 3.294 Thread 0x000000001e932000 Uncommon trap: trap_request=0xffffff76 fr.pc=0x000000000317f3d8
Event: 3.294 Thread 0x000000001e932000 DEOPT PACKING pc=0x000000000317f3d8 sp=0x000000001f86ed20
Event: 3.294 Thread 0x000000001e932000 DEOPT UNPACKING pc=0x0000000002cc556a sp=0x000000001f86ecc0 mode 2
Event: 3.294 Thread 0x000000001e932000 Uncommon trap: trap_request=0xffffff76 fr.pc=0x000000000317f3d8
Event: 3.294 Thread 0x000000001e932000 DEOPT PACKING pc=0x000000000317f3d8 sp=0x000000001f86ec70
Event: 3.294 Thread 0x000000001e932000 DEOPT UNPACKING pc=0x0000000002cc556a sp=0x000000001f86ec10 mode 2


Dynamic libraries:
0x00007ff6fa0b0000 - 0x00007ff6fa0e1000 	F:\Program Files (x86)\Android\Android Studio\jre\bin\java.exe
0x00007ffd1ba50000 - 0x00007ffd1bc2b000 	C:\Windows\SYSTEM32\ntdll.dll
0x00007ffd1b970000 - 0x00007ffd1ba1e000 	C:\Windows\System32\KERNEL32.DLL
0x00007ffd18630000 - 0x00007ffd18879000 	C:\Windows\System32\KERNELBASE.dll
0x00007ffd1af30000 - 0x00007ffd1afd1000 	C:\Windows\System32\ADVAPI32.dll
0x00007ffd1ac80000 - 0x00007ffd1ad1d000 	C:\Windows\System32\msvcrt.dll
0x00007ffd1b520000 - 0x00007ffd1b579000 	C:\Windows\System32\sechost.dll
0x00007ffd1ab50000 - 0x00007ffd1ac75000 	C:\Windows\System32\RPCRT4.dll
0x00007ffd18f80000 - 0x00007ffd190ca000 	C:\Windows\System32\USER32.dll
0x00007ffd185c0000 - 0x00007ffd185de000 	C:\Windows\System32\win32u.dll
0x00007ffd190d0000 - 0x00007ffd190f7000 	C:\Windows\System32\GDI32.dll
0x00007ffd18050000 - 0x00007ffd181d7000 	C:\Windows\System32\gdi32full.dll
0x00007ffd17f40000 - 0x00007ffd17fda000 	C:\Windows\System32\msvcp_win.dll
0x00007ffd184c0000 - 0x00007ffd185b6000 	C:\Windows\System32\ucrtbase.dll
0x00007ffd094a0000 - 0x00007ffd09707000 	C:\Windows\WinSxS\amd64_microsoft.windows.common-controls_6595b64144ccf1df_6.0.15063.483_none_26002d27e7c744a2\COMCTL32.dll
0x00007ffd1b0e0000 - 0x00007ffd1b3d9000 	C:\Windows\System32\combase.dll
0x00007ffd17fe0000 - 0x00007ffd1804a000 	C:\Windows\System32\bcryptPrimitives.dll
0x00007ffd196e0000 - 0x00007ffd1970d000 	C:\Windows\System32\IMM32.DLL
0x000000006e970000 - 0x000000006ea42000 	F:\Program Files (x86)\Android\Android Studio\jre\jre\bin\msvcr100.dll
0x000000006efc0000 - 0x000000006f7fc000 	F:\Program Files (x86)\Android\Android Studio\jre\jre\bin\server\jvm.dll
0x00007ffd19100000 - 0x00007ffd19108000 	C:\Windows\System32\PSAPI.DLL
0x00007ffd13110000 - 0x00007ffd1311a000 	C:\Windows\SYSTEM32\VERSION.dll
0x00007ffd103a0000 - 0x00007ffd103c3000 	C:\Windows\SYSTEM32\WINMM.dll
0x00007ffd123b0000 - 0x00007ffd123b9000 	C:\Windows\SYSTEM32\WSOCK32.dll
0x00007ffd1b580000 - 0x00007ffd1b5ec000 	C:\Windows\System32\WS2_32.dll
0x00007ffd10370000 - 0x00007ffd1039b000 	C:\Windows\SYSTEM32\WINMMBASE.dll
0x00007ffd185e0000 - 0x00007ffd18629000 	C:\Windows\System32\cfgmgr32.dll
0x00007ffd10fe0000 - 0x00007ffd10fef000 	F:\Program Files (x86)\Android\Android Studio\jre\jre\bin\verify.dll
0x00007ffd10fb0000 - 0x00007ffd10fd9000 	F:\Program Files (x86)\Android\Android Studio\jre\jre\bin\java.dll
0x00007ffd0be00000 - 0x00007ffd0be16000 	F:\Program Files (x86)\Android\Android Studio\jre\jre\bin\zip.dll
0x00007ffd19710000 - 0x00007ffd1ab46000 	C:\Windows\System32\SHELL32.dll
0x00007ffd1b3f0000 - 0x00007ffd1b49a000 	C:\Windows\System32\shcore.dll
0x00007ffd18880000 - 0x00007ffd18f71000 	C:\Windows\System32\windows.storage.dll
0x00007ffd19110000 - 0x00007ffd19161000 	C:\Windows\System32\shlwapi.dll
0x00007ffd17eb0000 - 0x00007ffd17ec1000 	C:\Windows\System32\kernel.appcore.dll
0x00007ffd17ed0000 - 0x00007ffd17f1c000 	C:\Windows\System32\powrprof.dll
0x00007ffd17f20000 - 0x00007ffd17f35000 	C:\Windows\System32\profapi.dll

VM Arguments:
jvm_args: -Djava.awt.headless=true -Xmx4g -Dfile.encoding=windows-1252 -Duser.country=US -Duser.language=en -Duser.variant 
java_command: com.android.dx.command.Main --dex --force-jumbo --num-threads=4 --multi-dex --output F:\TIF\Semester 7\Mobile Programming\Lab\Event Finder v1.0\EventFinder\app\build\intermediates\transforms\dex\debug\folders\1000\5\slice_0 F:\TIF\Semester 7\Mobile Programming\Lab\Event Finder v1.0\EventFinder\app\build\intermediates\transforms\instantRunSlicer\debug\folders\1\5\slice_0
java_class_path (initial): F:\Android\sdk\build-tools\25.0.0\lib\dx.jar
Launcher Type: SUN_STANDARD

Environment Variables:
PATH=C:\ProgramData\Oracle\Java\javapath;C:\Program Files (x86)\Intel\iCLS Client\;C:\Program Files\Intel\iCLS Client\;C:\Windows\system32;C:\Windows;C:\Windows\System32\Wbem;C:\Windows\System32\WindowsPowerShell\v1.0\;C:\Program Files (x86)\Intel\Intel(R) Management Engine Components\DAL;C:\Program Files\Intel\Intel(R) Management Engine Components\DAL;C:\Program Files (x86)\Intel\Intel(R) Management Engine Components\IPT;C:\Program Files\Intel\Intel(R) Management Engine Components\IPT;C:\Program Files (x86)\NVIDIA Corporation\PhysX\Common;C:\Program Files\Java\jdk1.8.0_144\bin;C:\Program Files\Java\jdk1.8.0_144\lib;C:\TDM-GCC-64\bin;C:\Program Files (x86)\CodeBlocks\MinGW\bin;C:\Windows\system32;C:\Windows;C:\Windows\System32\Wbem;C:\Windows\System32\WindowsPowerShell\v1.0\;C:\HashiCorp\Vagrant\bin;C:\Program Files\Git\cmd;C:\Program Files\PuTTY\;C:\Users\legion Y520\AppData\Local\Programs\Python\Python35\Scripts\;C:\Users\legion Y520\AppData\Local\Programs\Python\Python35\;C:\Users\legion Y520\AppData\Local\Microsoft\WindowsApps;C:\TDM-GCC-64\bin;C:\Program Files (x86)\CodeBlocks\MinGW\bin;C:\Users\legion Y520\AppData\Local\GitHubDesktop\bin;C:\Users\legion Y520\AppData\Local\Microsoft\WindowsApps;C:\Program Files\aircrack-ng-1.2-rc4-win\bin\64bit;
USERNAME=Joseph
OS=Windows_NT
PROCESSOR_IDENTIFIER=Intel64 Family 6 Model 158 Stepping 9, GenuineIntel



---------------  S Y S T E M  ---------------

OS: Windows 10.0 , 64 bit Build 15063 (10.0.15063.296)

CPU:total 8 (4 cores per cpu, 2 threads per core) family 6 model 158 stepping 9, cmov, cx8, fxsr, mmx, sse, sse2, sse3, ssse3, sse4.1, sse4.2, popcnt, avx, avx2, aes, clmul, erms, 3dnowpref, lzcnt, ht, tsc, tscinvbit, bmi1, bmi2, adx

Memory: 4k page, physical 8260772k(1328408k free), swap 12356772k(3880k free)

vm_info: OpenJDK 64-Bit Server VM (25.112-b06) for windows-amd64 JRE (1.8.0_112-release-b06), built on Dec  8 2016 00:54:26 by "builder" with MS VC++ 10.0 (VS2010)

time: Fri Oct 27 23:19:34 2017
elapsed time: 3 seconds (0d 0h 0m 3s)

