#
# There is insufficient memory for the Java Runtime Environment to continue.
# Native memory allocation (malloc) failed to allocate 595856 bytes for Chunk::new
# Possible reasons:
#   The system is out of physical RAM or swap space
#   In 32 bit mode, the process size limit was hit
# Possible solutions:
#   Reduce memory load on the system
#   Increase physical memory or swap space
#   Check if swap backing store is full
#   Use 64 bit Java on a 64 bit OS
#   Decrease Java heap size (-Xmx/-Xms)
#   Decrease number of Java threads
#   Decrease Java thread stack sizes (-Xss)
#   Set larger code cache with -XX:ReservedCodeCacheSize=
# This output file may be truncated or incomplete.
#
#  Out of Memory Error (allocation.cpp:390), pid=12340, tid=0x00000000000034d0
#
# JRE version: OpenJDK Runtime Environment (8.0_152-b01) (build 1.8.0_152-release-915-b01)
# Java VM: OpenJDK 64-Bit Server VM (25.152-b01 mixed mode windows-amd64 compressed oops)
# Failed to write core dump. Minidumps are not enabled by default on client versions of Windows
#

---------------  T H R E A D  ---------------

Current thread (0x000000001ff02800):  JavaThread "C2 CompilerThread1" daemon [_thread_in_native, id=13520, stack(0x0000000020770000,0x0000000020870000)]

Stack: [0x0000000020770000,0x0000000020870000]
[error occurred during error reporting (printing stack bounds), id 0xc0000005]

Native frames: (J=compiled Java code, j=interpreted, Vv=VM code, C=native code)


Current CompileTask:
C2:   2945 1555       4       com.android.dx.ssa.back.FirstFitLocalCombiningAllocator::tryMapRegs (110 bytes)


---------------  P R O C E S S  ---------------

Java Threads: ( => current thread )
  0x0000000020073000 JavaThread "pool-1-thread-1" [_thread_new, id=26036, stack(0x0000000000000000,0x0000000000000000)]
  0x000000001ff12800 JavaThread "Service Thread" daemon [_thread_blocked, id=1444, stack(0x0000000020a70000,0x0000000020b70000)]
  0x000000001ff0c000 JavaThread "C1 CompilerThread3" daemon [_thread_blocked, id=27952, stack(0x0000000020970000,0x0000000020a70000)]
  0x000000001ff07800 JavaThread "C2 CompilerThread2" daemon [_thread_in_native, id=13680, stack(0x0000000020870000,0x0000000020970000)]
=>0x000000001ff02800 JavaThread "C2 CompilerThread1" daemon [_thread_in_native, id=13520, stack(0x0000000020770000,0x0000000020870000)]
  0x000000001fea9800 JavaThread "C2 CompilerThread0" daemon [_thread_in_native, id=6936, stack(0x0000000020670000,0x0000000020770000)]
  0x000000001fea8000 JavaThread "Attach Listener" daemon [_thread_blocked, id=31952, stack(0x0000000020570000,0x0000000020670000)]
  0x000000001fea7000 JavaThread "Signal Dispatcher" daemon [_thread_blocked, id=33256, stack(0x0000000020470000,0x0000000020570000)]
  0x0000000004449000 JavaThread "Finalizer" daemon [_thread_blocked, id=33460, stack(0x0000000020280000,0x0000000020380000)]
  0x000000001dfbb800 JavaThread "Reference Handler" daemon [_thread_blocked, id=31208, stack(0x000000001fd80000,0x000000001fe80000)]
  0x00000000001fe000 JavaThread "main" [_thread_blocked, id=32868, stack(0x0000000004250000,0x0000000004350000)]

Other Threads:
  0x000000001dfb5000 VMThread [stack: 0x000000001fc80000,0x000000001fd80000] [id=14140]
  0x000000001ff13800 WatcherThread [stack: 0x0000000020b70000,0x0000000020c70000] [id=1340]

VM state:not at safepoint (normal execution)

VM Mutex/Monitor currently owned by a thread: None

Heap:
 PSYoungGen      total 71680K, used 23903K [0x000000076ab00000, 0x0000000773700000, 0x00000007c0000000)
  eden space 66560K, 28% used [0x000000076ab00000,0x000000076bd5fc50,0x000000076ec00000)
  from space 5120K, 99% used [0x000000076ec00000,0x000000076f0f8200,0x000000076f100000)
  to   space 5120K, 0% used [0x0000000773200000,0x0000000773200000,0x0000000773700000)
 ParOldGen       total 87552K, used 41158K [0x00000006c0000000, 0x00000006c5580000, 0x000000076ab00000)
  object space 87552K, 47% used [0x00000006c0000000,0x00000006c2831ad0,0x00000006c5580000)
 Metaspace       used 5945K, capacity 7024K, committed 7296K, reserved 1056768K
  class space    used 575K, capacity 616K, committed 640K, reserved 1048576K

Card table byte_map: [0x0000000013810000,0x0000000014020000] byte_map_base: 0x0000000010210000

Marking Bits: (ParMarkBitMap*) 0x000000005a403950
 Begin Bits: [0x0000000014d80000, 0x0000000018d80000)
 End Bits:   [0x0000000018d80000, 0x000000001cd80000)

Polling page: 0x00000000028a0000

CodeCache: size=245760Kb used=6736Kb max_used=6749Kb free=239023Kb
 bounds [0x0000000004450000, 0x0000000004b00000, 0x0000000013450000]
 total_blobs=1754 nmethods=1493 adapters=175
 compilation: enabled

Compilation events (10 events):
Event: 2.913 Thread 0x000000001ff07800 nmethod 1569 0x0000000004acb190 code [0x0000000004acb300, 0x0000000004acb778]
Event: 2.913 Thread 0x000000001ff07800 1566       4       com.android.dx.ssa.SsaBasicBlock::getRopLabelSuccessorList (57 bytes)
Event: 2.914 Thread 0x000000001ff0c000 1583       2       java.util.concurrent.locks.AbstractQueuedSynchronizer::setState (6 bytes)
Event: 2.914 Thread 0x000000001ff0c000 nmethod 1583 0x0000000004ab8a50 code [0x0000000004ab8ba0, 0x0000000004ab8cf0]
Event: 2.914 Thread 0x000000001ff0c000 1584       2       java.util.concurrent.locks.AbstractQueuedSynchronizer::compareAndSetState (13 bytes)
Event: 2.914 Thread 0x000000001ff0c000 nmethod 1584 0x0000000004ab86d0 code [0x0000000004ab8820, 0x0000000004ab8990]
Event: 2.915 Thread 0x000000001ff0c000 1585       2       java.util.concurrent.locks.AbstractQueuedSynchronizer::release (33 bytes)
Event: 2.915 Thread 0x000000001ff0c000 nmethod 1585 0x0000000004ada690 code [0x0000000004ada800, 0x0000000004ada9d8]
Event: 2.922 Thread 0x000000001ff07800 nmethod 1566 0x0000000004aba1d0 code [0x0000000004aba360, 0x0000000004abaab8]
Event: 2.922 Thread 0x000000001ff07800 1572 %     4       com.android.dx.ssa.back.IdenticalBlockCombiner::process @ 25 (323 bytes)

GC Heap History (6 events):
Event: 1.483 GC heap before
{Heap before GC invocations=1 (full 0):
 PSYoungGen      total 38400K, used 33280K [0x000000076ab00000, 0x000000076d580000, 0x00000007c0000000)
  eden space 33280K, 100% used [0x000000076ab00000,0x000000076cb80000,0x000000076cb80000)
  from space 5120K, 0% used [0x000000076d080000,0x000000076d080000,0x000000076d580000)
  to   space 5120K, 0% used [0x000000076cb80000,0x000000076cb80000,0x000000076d080000)
 ParOldGen       total 87552K, used 0K [0x00000006c0000000, 0x00000006c5580000, 0x000000076ab00000)
  object space 87552K, 0% used [0x00000006c0000000,0x00000006c0000000,0x00000006c5580000)
 Metaspace       used 5759K, capacity 6832K, committed 7040K, reserved 1056768K
  class space    used 568K, capacity 616K, committed 640K, reserved 1048576K
Event: 1.520 GC heap after
Heap after GC invocations=1 (full 0):
 PSYoungGen      total 38400K, used 5104K [0x000000076ab00000, 0x000000076f600000, 0x00000007c0000000)
  eden space 33280K, 0% used [0x000000076ab00000,0x000000076ab00000,0x000000076cb80000)
  from space 5120K, 99% used [0x000000076cb80000,0x000000076d07c298,0x000000076d080000)
  to   space 5120K, 0% used [0x000000076f100000,0x000000076f100000,0x000000076f600000)
 ParOldGen       total 87552K, used 2838K [0x00000006c0000000, 0x00000006c5580000, 0x000000076ab00000)
  object space 87552K, 3% used [0x00000006c0000000,0x00000006c02c59d0,0x00000006c5580000)
 Metaspace       used 5759K, capacity 6832K, committed 7040K, reserved 1056768K
  class space    used 568K, capacity 616K, committed 640K, reserved 1048576K
}
Event: 1.903 GC heap before
{Heap before GC invocations=2 (full 0):
 PSYoungGen      total 38400K, used 38384K [0x000000076ab00000, 0x000000076f600000, 0x00000007c0000000)
  eden space 33280K, 100% used [0x000000076ab00000,0x000000076cb80000,0x000000076cb80000)
  from space 5120K, 99% used [0x000000076cb80000,0x000000076d07c298,0x000000076d080000)
  to   space 5120K, 0% used [0x000000076f100000,0x000000076f100000,0x000000076f600000)
 ParOldGen       total 87552K, used 2838K [0x00000006c0000000, 0x00000006c5580000, 0x000000076ab00000)
  object space 87552K, 3% used [0x00000006c0000000,0x00000006c02c59d0,0x00000006c5580000)
 Metaspace       used 5867K, capacity 6960K, committed 7040K, reserved 1056768K
  class space    used 570K, capacity 616K, committed 640K, reserved 1048576K
Event: 1.928 GC heap after
Heap after GC invocations=2 (full 0):
 PSYoungGen      total 71680K, used 5106K [0x000000076ab00000, 0x000000076f600000, 0x00000007c0000000)
  eden space 66560K, 0% used [0x000000076ab00000,0x000000076ab00000,0x000000076ec00000)
  from space 5120K, 99% used [0x000000076f100000,0x000000076f5fc890,0x000000076f600000)
  to   space 5120K, 0% used [0x000000076ec00000,0x000000076ec00000,0x000000076f100000)
 ParOldGen       total 87552K, used 20514K [0x00000006c0000000, 0x00000006c5580000, 0x000000076ab00000)
  object space 87552K, 23% used [0x00000006c0000000,0x00000006c1408bd0,0x00000006c5580000)
 Metaspace       used 5867K, capacity 6960K, committed 7040K, reserved 1056768K
  class space    used 570K, capacity 616K, committed 640K, reserved 1048576K
}
Event: 2.612 GC heap before
{Heap before GC invocations=3 (full 0):
 PSYoungGen      total 71680K, used 71666K [0x000000076ab00000, 0x000000076f600000, 0x00000007c0000000)
  eden space 66560K, 100% used [0x000000076ab00000,0x000000076ec00000,0x000000076ec00000)
  from space 5120K, 99% used [0x000000076f100000,0x000000076f5fc890,0x000000076f600000)
  to   space 5120K, 0% used [0x000000076ec00000,0x000000076ec00000,0x000000076f100000)
 ParOldGen       total 87552K, used 20514K [0x00000006c0000000, 0x00000006c5580000, 0x000000076ab00000)
  object space 87552K, 23% used [0x00000006c0000000,0x00000006c1408bd0,0x00000006c5580000)
 Metaspace       used 5927K, capacity 7024K, committed 7296K, reserved 1056768K
  class space    used 573K, capacity 616K, committed 640K, reserved 1048576K
Event: 2.657 GC heap after
Heap after GC invocations=3 (full 0):
 PSYoungGen      total 71680K, used 5088K [0x000000076ab00000, 0x0000000773700000, 0x00000007c0000000)
  eden space 66560K, 0% used [0x000000076ab00000,0x000000076ab00000,0x000000076ec00000)
  from space 5120K, 99% used [0x000000076ec00000,0x000000076f0f8200,0x000000076f100000)
  to   space 5120K, 0% used [0x0000000773200000,0x0000000773200000,0x0000000773700000)
 ParOldGen       total 87552K, used 41158K [0x00000006c0000000, 0x00000006c5580000, 0x000000076ab00000)
  object space 87552K, 47% used [0x00000006c0000000,0x00000006c2831ad0,0x00000006c5580000)
 Metaspace       used 5927K, capacity 7024K, committed 7296K, reserved 1056768K
  class space    used 573K, capacity 616K, committed 640K, reserved 1048576K
}

Deoptimization events (10 events):
Event: 1.752 Thread 0x00000000201a3000 Uncommon trap: reason=unstable_if action=reinterpret pc=0x00000000049076a8 method=com.android.dx.cf.code.Merger.isPossiblyAssignableFrom(Lcom/android/dx/rop/type/TypeBearer;Lcom/android/dx/rop/type/TypeBearer;)Z @ 131
Event: 1.754 Thread 0x00000000201a3000 Uncommon trap: reason=null_check action=make_not_entrant pc=0x00000000048261f0 method=com.android.dx.rop.type.Type.equals(Ljava/lang/Object;)Z @ 8
Event: 1.835 Thread 0x00000000001fe000 Uncommon trap: reason=unstable_if action=reinterpret pc=0x00000000047f587c method=java.lang.String.<init>([CII)V @ 18
Event: 2.171 Thread 0x0000000020073000 Uncommon trap: reason=bimorphic action=maybe_recompile pc=0x00000000049b50e4 method=com.android.dx.rop.code.Rops.opMoveResultPseudo(Lcom/android/dx/rop/type/TypeBearer;)Lcom/android/dx/rop/code/Rop; @ 7
Event: 2.180 Thread 0x0000000020073000 Uncommon trap: reason=unstable_if action=reinterpret pc=0x00000000049e8080 method=com.android.dx.cf.code.Ropper.processBlock(Lcom/android/dx/cf/code/ByteBlock;Lcom/android/dx/cf/code/Frame;[I)V @ 940
Event: 2.387 Thread 0x0000000020045800 Uncommon trap: reason=class_check action=maybe_recompile pc=0x00000000048b3c68 method=com.android.dx.ssa.NormalSsaInsn.accept(Lcom/android/dx/ssa/SsaInsn$Visitor;)V @ 9
Event: 2.390 Thread 0x0000000020045800 Uncommon trap: reason=class_check action=maybe_recompile pc=0x00000000048b3c68 method=com.android.dx.ssa.NormalSsaInsn.accept(Lcom/android/dx/ssa/SsaInsn$Visitor;)V @ 9
Event: 2.390 Thread 0x0000000020045800 Uncommon trap: reason=class_check action=maybe_recompile pc=0x00000000048b3c68 method=com.android.dx.ssa.NormalSsaInsn.accept(Lcom/android/dx/ssa/SsaInsn$Visitor;)V @ 9
Event: 2.391 Thread 0x0000000020045800 Uncommon trap: reason=class_check action=maybe_recompile pc=0x00000000048b3c68 method=com.android.dx.ssa.NormalSsaInsn.accept(Lcom/android/dx/ssa/SsaInsn$Visitor;)V @ 9
Event: 2.393 Thread 0x0000000020045800 Uncommon trap: reason=class_check action=maybe_recompile pc=0x00000000048a0d94 method=com.android.dx.ssa.NormalSsaInsn.accept(Lcom/android/dx/ssa/SsaInsn$Visitor;)V @ 9

Classes redefined (0 events):
No events

Internal exceptions (3 events):
Event: 0.471 Thread 0x00000000001fe000 Exception <a 'java/lang/NoSuchMethodError': Method sun.misc.Unsafe.defineClass(Ljava/lang/String;[BII)Ljava/lang/Class; name or signature does not match> (0x000000076ab07ca8) thrown at [D:\src\AOSP-openjdk-cygwin\jdk8u\hotspot\src\share\vm\prims\jni.cpp, 
Event: 0.471 Thread 0x00000000001fe000 Exception <a 'java/lang/NoSuchMethodError': Method sun.misc.Unsafe.prefetchRead(Ljava/lang/Object;J)V name or signature does not match> (0x000000076ab07f90) thrown at [D:\src\AOSP-openjdk-cygwin\jdk8u\hotspot\src\share\vm\prims\jni.cpp, line 4011]
Event: 1.754 Thread 0x00000000201a3000 Implicit null exception at 0x00000000048260e2 to 0x00000000048261e2

Events (10 events):
Event: 2.824 Thread 0x0000000020073000 DEOPT UNPACKING pc=0x00000000044975bf sp=0x0000000020f6e6a8 mode 0
Event: 2.824 Thread 0x0000000020073000 DEOPT PACKING pc=0x00000000047bfcf8 sp=0x0000000020f6e980
Event: 2.824 Thread 0x0000000020073000 DEOPT UNPACKING pc=0x00000000044975bf sp=0x0000000020f6e6a8 mode 0
Event: 2.891 Thread 0x0000000020073000 DEOPT PACKING pc=0x0000000004957c12 sp=0x0000000020f6ec80
Event: 2.891 Thread 0x0000000020073000 DEOPT UNPACKING pc=0x00000000044975bf sp=0x0000000020f6e9e8 mode 0
Event: 2.914 Thread 0x0000000020073000 Thread exited: 0x0000000020073000
Event: 2.914 Thread 0x000000002006f800 Thread exited: 0x000000002006f800
Event: 2.914 loading class com/android/dx/command/dexer/Main$DexWriter
Event: 2.914 loading class com/android/dx/command/dexer/Main$DexWriter done
Event: 2.915 Thread 0x0000000020073000 Thread added: 0x0000000020073000


Dynamic libraries:
0x00007ff62e9d0000 - 0x00007ff62ea01000 	F:\Program Files (x86)\Android\Android Studio\jre\bin\java.exe
0x00007ffda4740000 - 0x00007ffda4920000 	C:\WINDOWS\SYSTEM32\ntdll.dll
0x00007ffda40a0000 - 0x00007ffda414e000 	C:\WINDOWS\System32\KERNEL32.DLL
0x00007ffda1870000 - 0x00007ffda1ad6000 	C:\WINDOWS\System32\KERNELBASE.dll
0x00007ffda4500000 - 0x00007ffda45a1000 	C:\WINDOWS\System32\ADVAPI32.dll
0x00007ffda4150000 - 0x00007ffda41ed000 	C:\WINDOWS\System32\msvcrt.dll
0x00007ffda1e30000 - 0x00007ffda1e8b000 	C:\WINDOWS\System32\sechost.dll
0x00007ffda45b0000 - 0x00007ffda46cf000 	C:\WINDOWS\System32\RPCRT4.dll
0x00007ffda3590000 - 0x00007ffda371e000 	C:\WINDOWS\System32\USER32.dll
0x00007ffda17b0000 - 0x00007ffda17d0000 	C:\WINDOWS\System32\win32u.dll
0x00007ffda3b10000 - 0x00007ffda3b38000 	C:\WINDOWS\System32\GDI32.dll
0x00007ffda0bf0000 - 0x00007ffda0d84000 	C:\WINDOWS\System32\gdi32full.dll
0x00007ffda17d0000 - 0x00007ffda186b000 	C:\WINDOWS\System32\msvcp_win.dll
0x00007ffda1ae0000 - 0x00007ffda1bd6000 	C:\WINDOWS\System32\ucrtbase.dll
0x00007ffd924d0000 - 0x00007ffd92739000 	C:\WINDOWS\WinSxS\amd64_microsoft.windows.common-controls_6595b64144ccf1df_6.0.16299.19_none_cc92fab02215da61\COMCTL32.dll
0x00007ffda41f0000 - 0x00007ffda44f8000 	C:\WINDOWS\System32\combase.dll
0x00007ffda0b10000 - 0x00007ffda0b82000 	C:\WINDOWS\System32\bcryptPrimitives.dll
0x00007ffda1e90000 - 0x00007ffda1ebd000 	C:\WINDOWS\System32\IMM32.DLL
0x000000005a840000 - 0x000000005a912000 	F:\Program Files (x86)\Android\Android Studio\jre\jre\bin\msvcr100.dll
0x0000000059c40000 - 0x000000005a47e000 	F:\Program Files (x86)\Android\Android Studio\jre\jre\bin\server\jvm.dll
0x00007ffda3480000 - 0x00007ffda3488000 	C:\WINDOWS\System32\PSAPI.DLL
0x00007ffd9e6e0000 - 0x00007ffd9e6e9000 	C:\WINDOWS\SYSTEM32\WSOCK32.dll
0x00007ffda3300000 - 0x00007ffda336c000 	C:\WINDOWS\System32\WS2_32.dll
0x00007ffd91180000 - 0x00007ffd911a3000 	C:\WINDOWS\SYSTEM32\WINMM.dll
0x00007ffd9b6e0000 - 0x00007ffd9b6ea000 	C:\WINDOWS\SYSTEM32\VERSION.dll
0x00007ffd91370000 - 0x00007ffd9139a000 	C:\WINDOWS\SYSTEM32\WINMMBASE.dll
0x00007ffda0d90000 - 0x00007ffda0dda000 	C:\WINDOWS\System32\cfgmgr32.dll
0x00007ffd9c840000 - 0x00007ffd9c84f000 	F:\Program Files (x86)\Android\Android Studio\jre\jre\bin\verify.dll
0x00007ffd9c450000 - 0x00007ffd9c479000 	F:\Program Files (x86)\Android\Android Studio\jre\jre\bin\java.dll
0x00007ffd904b0000 - 0x00007ffd904c6000 	F:\Program Files (x86)\Android\Android Studio\jre\jre\bin\zip.dll
0x00007ffda1ec0000 - 0x00007ffda32f7000 	C:\WINDOWS\System32\SHELL32.dll
0x00007ffda3ff0000 - 0x00007ffda4096000 	C:\WINDOWS\System32\shcore.dll
0x00007ffda0e90000 - 0x00007ffda15d7000 	C:\WINDOWS\System32\windows.storage.dll
0x00007ffda3b40000 - 0x00007ffda3b91000 	C:\WINDOWS\System32\shlwapi.dll
0x00007ffda0a80000 - 0x00007ffda0a91000 	C:\WINDOWS\System32\kernel.appcore.dll
0x00007ffda0ac0000 - 0x00007ffda0b0c000 	C:\WINDOWS\System32\powrprof.dll
0x00007ffda0a60000 - 0x00007ffda0a7b000 	C:\WINDOWS\System32\profapi.dll

VM Arguments:
jvm_args: -Djava.awt.headless=true -Xmx4g -Dfile.encoding=windows-1252 -Duser.country=US -Duser.language=en -Duser.variant 
java_command: com.android.dx.command.Main --dex --force-jumbo --num-threads=4 --multi-dex --output F:\TIF\Semester 7\Mobile Programming\Lab\WhatsCamp\WhatsCamp\app\build\intermediates\transforms\dex\debug\folders\1000\5\slice_8 F:\TIF\Semester 7\Mobile Programming\Lab\WhatsCamp\WhatsCamp\app\build\intermediates\transforms\instantRunSlicer\debug\folders\1\5\slice_8
java_class_path (initial): F:\Android\sdk\build-tools\25.0.0\lib\dx.jar
Launcher Type: SUN_STANDARD

Environment Variables:
PATH=C:\ProgramData\Oracle\Java\javapath;C:\Program Files (x86)\Intel\iCLS Client\;C:\Program Files\Intel\iCLS Client\;C:\Windows\system32;C:\Windows;C:\Windows\System32\Wbem;C:\Windows\System32\WindowsPowerShell\v1.0\;C:\Program Files (x86)\Intel\Intel(R) Management Engine Components\DAL;C:\Program Files\Intel\Intel(R) Management Engine Components\DAL;C:\Program Files (x86)\Intel\Intel(R) Management Engine Components\IPT;C:\Program Files\Intel\Intel(R) Management Engine Components\IPT;C:\Program Files (x86)\NVIDIA Corporation\PhysX\Common;C:\Program Files\Java\jdk1.8.0_144\bin;C:\Program Files\Java\jdk1.8.0_144\lib;C:\TDM-GCC-64\bin;C:\Program Files (x86)\CodeBlocks\MinGW\bin;C:\WINDOWS\system32;C:\WINDOWS;C:\WINDOWS\System32\Wbem;C:\WINDOWS\System32\WindowsPowerShell\v1.0\;C:\HashiCorp\Vagrant\bin;C:\Program Files\Git\cmd;C:\Program Files\PuTTY\;C:\Program Files\IBM\Bluemix\bin;C:\Program Files\Cloud Foundry;C:\Users\legion Y520\AppData\Local\Programs\Python\Python35\Scripts\;C:\Users\legion Y520\AppData\Local\Programs\Python\Python35\;C:\Users\legion Y520\AppData\Local\Microsoft\WindowsApps;C:\TDM-GCC-64\bin;C:\Program Files (x86)\CodeBlocks\MinGW\bin;C:\Users\legion Y520\AppData\Local\GitHubDesktop\bin;C:\Users\legion Y520\AppData\Local\Microsoft\WindowsApps;C:\Program Files\aircrack-ng-1.2-rc4-win\bin\64bit;
USERNAME=Joseph
OS=Windows_NT
PROCESSOR_IDENTIFIER=Intel64 Family 6 Model 158 Stepping 9, GenuineIntel



---------------  S Y S T E M  ---------------

OS: Windows 10.0 , 64 bit Build 16299 (10.0.16299.15)

CPU:total 8 (initial active 8) (4 cores per cpu, 2 threads per core) family 6 model 158 stepping 9, cmov, cx8, fxsr, mmx, sse, sse2, sse3, ssse3, sse4.1, sse4.2, popcnt, avx, avx2, aes, clmul, erms, 3dnowpref, lzcnt, ht, tsc, tscinvbit, bmi1, bmi2, adx

Memory: 4k page, physical 8260772k(777180k free), swap 12356772k(1924k free)

vm_info: OpenJDK 64-Bit Server VM (25.152-b01) for windows-amd64 JRE (1.8.0_152-release-915-b01), built by "builder" with MS VC++ 10.0 (VS2010)

time: Thu Nov 09 08:18:46 2017
elapsed time: 2 seconds (0d 0h 0m 2s)

