#
# There is insufficient memory for the Java Runtime Environment to continue.
# Native memory allocation (malloc) failed to allocate 821136 bytes for Chunk::new
# Possible reasons:
#   The system is out of physical RAM or swap space
#   In 32 bit mode, the process size limit was hit
# Possible solutions:
#   Reduce memory load on the system
#   Increase physical memory or swap space
#   Check if swap backing store is full
#   Use 64 bit Java on a 64 bit OS
#   Decrease Java heap size (-Xmx/-Xms)
#   Decrease number of Java threads
#   Decrease Java thread stack sizes (-Xss)
#   Set larger code cache with -XX:ReservedCodeCacheSize=
# This output file may be truncated or incomplete.
#
#  Out of Memory Error (allocation.cpp:390), pid=10308, tid=0x00000000000047d8
#
# JRE version: OpenJDK Runtime Environment (8.0_152-b01) (build 1.8.0_152-release-915-b01)
# Java VM: OpenJDK 64-Bit Server VM (25.152-b01 mixed mode windows-amd64 compressed oops)
# Failed to write core dump. Minidumps are not enabled by default on client versions of Windows
#

---------------  T H R E A D  ---------------

Current thread (0x0000000020237800):  JavaThread "C2 CompilerThread0" daemon [_thread_in_native, id=18392, stack(0x0000000020a00000,0x0000000020b00000)]

Stack: [0x0000000020a00000,0x0000000020b00000]
[error occurred during error reporting (printing stack bounds), id 0xc0000005]

Native frames: (J=compiled Java code, j=interpreted, Vv=VM code, C=native code)


Current CompileTask:
C2:   4650 1629       4       com.android.dx.ssa.SCCP::simulatePhiBlock (50 bytes)


---------------  P R O C E S S  ---------------

Java Threads: ( => current thread )
  0x0000000020429000 JavaThread "pool-2-thread-4" [_thread_blocked, id=25088, stack(0x0000000021400000,0x0000000021500000)]
  0x00000000204ac000 JavaThread "pool-2-thread-3" [_thread_blocked, id=16920, stack(0x0000000021300000,0x0000000021400000)]
  0x0000000020426800 JavaThread "pool-2-thread-2" [_thread_blocked, id=21056, stack(0x0000000021200000,0x0000000021300000)]
  0x0000000020423000 JavaThread "pool-3-thread-1" [_thread_blocked, id=16688, stack(0x0000000021100000,0x0000000021200000)]
  0x0000000020422000 JavaThread "pool-2-thread-1" [_thread_blocked, id=15832, stack(0x0000000021000000,0x0000000021100000)]
  0x00000000202a3800 JavaThread "Service Thread" daemon [_thread_blocked, id=9320, stack(0x0000000020e00000,0x0000000020f00000)]
  0x0000000020241800 JavaThread "C1 CompilerThread3" daemon [_thread_blocked, id=21896, stack(0x0000000020d00000,0x0000000020e00000)]
  0x000000002023d000 JavaThread "C2 CompilerThread2" daemon [_thread_in_native, id=7808, stack(0x0000000020c00000,0x0000000020d00000)]
  0x000000002023b000 JavaThread "C2 CompilerThread1" daemon [_thread_in_native, id=19540, stack(0x0000000020b00000,0x0000000020c00000)]
=>0x0000000020237800 JavaThread "C2 CompilerThread0" daemon [_thread_in_native, id=18392, stack(0x0000000020a00000,0x0000000020b00000)]
  0x0000000020236800 JavaThread "Attach Listener" daemon [_thread_blocked, id=19480, stack(0x0000000020900000,0x0000000020a00000)]
  0x0000000020246000 JavaThread "Signal Dispatcher" daemon [_thread_blocked, id=8716, stack(0x0000000020800000,0x0000000020900000)]
  0x000000001e31b000 JavaThread "Finalizer" daemon [_thread_blocked, id=13712, stack(0x0000000020610000,0x0000000020710000)]
  0x00000000047f7000 JavaThread "Reference Handler" daemon [_thread_blocked, id=19940, stack(0x0000000020110000,0x0000000020210000)]
  0x00000000045fe000 JavaThread "main" [_thread_in_native, id=708, stack(0x0000000004600000,0x0000000004700000)]

Other Threads:
  0x000000001e316000 VMThread [stack: 0x0000000020010000,0x0000000020110000] [id=3388]
  0x00000000202a4800 WatcherThread [stack: 0x0000000020f00000,0x0000000021000000] [id=13400]

VM state:not at safepoint (normal execution)

VM Mutex/Monitor currently owned by a thread: None

Heap:
 PSYoungGen      total 156160K, used 97621K [0x000000076ab00000, 0x000000077b480000, 0x00000007c0000000)
  eden space 122880K, 52% used [0x000000076ab00000,0x000000076e9d9f90,0x0000000772300000)
  from space 33280K, 99% used [0x0000000772300000,0x000000077437b4f0,0x0000000774380000)
  to   space 40448K, 0% used [0x0000000778d00000,0x0000000778d00000,0x000000077b480000)
 ParOldGen       total 102912K, used 35178K [0x00000006c0000000, 0x00000006c6480000, 0x000000076ab00000)
  object space 102912K, 34% used [0x00000006c0000000,0x00000006c225a9c8,0x00000006c6480000)
 Metaspace       used 6102K, capacity 7088K, committed 7296K, reserved 1056768K
  class space    used 574K, capacity 616K, committed 640K, reserved 1048576K

Card table byte_map: [0x0000000013bc0000,0x00000000143d0000] byte_map_base: 0x00000000105c0000

Marking Bits: (ParMarkBitMap*) 0x00000000732d3950
 Begin Bits: [0x0000000015130000, 0x0000000019130000)
 End Bits:   [0x0000000019130000, 0x000000001d130000)

Polling page: 0x00000000044a0000

CodeCache: size=245760Kb used=7903Kb max_used=7914Kb free=237856Kb
 bounds [0x0000000004800000, 0x0000000004fd0000, 0x0000000013800000]
 total_blobs=2004 nmethods=1743 adapters=175
 compilation: enabled

Compilation events (10 events):
Event: 4.013 Thread 0x000000002023d000 nmethod 1394 0x0000000004f9ad50 code [0x0000000004f9aea0, 0x0000000004f9afb8]
Event: 4.013 Thread 0x000000002023d000 1255       4       com.android.dx.ssa.SsaInsn::<init> (29 bytes)
Event: 4.014 Thread 0x000000002023d000 nmethod 1255 0x0000000004e296d0 code [0x0000000004e29800, 0x0000000004e29898]
Event: 4.014 Thread 0x000000002023d000 1722       4       java.util.ArrayList$SubList::removeRange (47 bytes)
Event: 4.017 Thread 0x000000002023d000 nmethod 1722 0x0000000004f9c290 code [0x0000000004f9c3e0, 0x0000000004f9c658]
Event: 4.017 Thread 0x000000002023d000 1724       4       com.android.dx.ssa.SsaBasicBlock::scheduleMovesFromPhis (108 bytes)
Event: 4.017 Thread 0x000000002023d000 nmethod 1724 0x0000000004f9ea50 code [0x0000000004f9eb80, 0x0000000004f9ec38]
Event: 4.017 Thread 0x000000002023d000 1634       4       com.android.dx.ssa.SsaBasicBlock::exitBlockFixup (58 bytes)
Event: 4.030 Thread 0x000000002023d000 nmethod 1634 0x0000000004f97990 code [0x0000000004f97b00, 0x0000000004f98518]
Event: 4.030 Thread 0x000000002023d000 1581       4       java.lang.StringBuilder::append (8 bytes)

GC Heap History (10 events):
Event: 1.839 GC heap before
{Heap before GC invocations=4 (full 0):
 PSYoungGen      total 38400K, used 38382K [0x000000076ab00000, 0x000000076f600000, 0x00000007c0000000)
  eden space 33280K, 100% used [0x000000076ab00000,0x000000076cb80000,0x000000076cb80000)
  from space 5120K, 99% used [0x000000076cb80000,0x000000076d07b800,0x000000076d080000)
  to   space 5120K, 0% used [0x000000076f100000,0x000000076f100000,0x000000076f600000)
 ParOldGen       total 87552K, used 27107K [0x00000006c0000000, 0x00000006c5580000, 0x000000076ab00000)
  object space 87552K, 30% used [0x00000006c0000000,0x00000006c1a78de8,0x00000006c5580000)
 Metaspace       used 5946K, capacity 7024K, committed 7296K, reserved 1056768K
  class space    used 574K, capacity 616K, committed 640K, reserved 1048576K
Event: 1.854 GC heap after
Heap after GC invocations=4 (full 0):
 PSYoungGen      total 71680K, used 5095K [0x000000076ab00000, 0x000000076f600000, 0x00000007c0000000)
  eden space 66560K, 0% used [0x000000076ab00000,0x000000076ab00000,0x000000076ec00000)
  from space 5120K, 99% used [0x000000076f100000,0x000000076f5f9d48,0x000000076f600000)
  to   space 5120K, 0% used [0x000000076ec00000,0x000000076ec00000,0x000000076f100000)
 ParOldGen       total 87552K, used 40520K [0x00000006c0000000, 0x00000006c5580000, 0x000000076ab00000)
  object space 87552K, 46% used [0x00000006c0000000,0x00000006c2792210,0x00000006c5580000)
 Metaspace       used 5946K, capacity 7024K, committed 7296K, reserved 1056768K
  class space    used 574K, capacity 616K, committed 640K, reserved 1048576K
}
Event: 2.068 GC heap before
{Heap before GC invocations=5 (full 0):
 PSYoungGen      total 71680K, used 71655K [0x000000076ab00000, 0x000000076f600000, 0x00000007c0000000)
  eden space 66560K, 100% used [0x000000076ab00000,0x000000076ec00000,0x000000076ec00000)
  from space 5120K, 99% used [0x000000076f100000,0x000000076f5f9d48,0x000000076f600000)
  to   space 5120K, 0% used [0x000000076ec00000,0x000000076ec00000,0x000000076f100000)
 ParOldGen       total 87552K, used 40520K [0x00000006c0000000, 0x00000006c5580000, 0x000000076ab00000)
  object space 87552K, 46% used [0x00000006c0000000,0x00000006c2792210,0x00000006c5580000)
 Metaspace       used 6016K, capacity 7024K, committed 7296K, reserved 1056768K
  class space    used 574K, capacity 616K, committed 640K, reserved 1048576K
Event: 2.092 GC heap after
Heap after GC invocations=5 (full 0):
 PSYoungGen      total 71680K, used 5118K [0x000000076ab00000, 0x0000000776c00000, 0x00000007c0000000)
  eden space 66560K, 0% used [0x000000076ab00000,0x000000076ab00000,0x000000076ec00000)
  from space 5120K, 99% used [0x000000076ec00000,0x000000076f0ffa08,0x000000076f100000)
  to   space 32256K, 0% used [0x0000000774c80000,0x0000000774c80000,0x0000000776c00000)
 ParOldGen       total 87552K, used 61888K [0x00000006c0000000, 0x00000006c5580000, 0x000000076ab00000)
  object space 87552K, 70% used [0x00000006c0000000,0x00000006c3c70180,0x00000006c5580000)
 Metaspace       used 6016K, capacity 7024K, committed 7296K, reserved 1056768K
  class space    used 574K, capacity 616K, committed 640K, reserved 1048576K
}
Event: 2.092 GC heap before
{Heap before GC invocations=6 (full 1):
 PSYoungGen      total 71680K, used 5118K [0x000000076ab00000, 0x0000000776c00000, 0x00000007c0000000)
  eden space 66560K, 0% used [0x000000076ab00000,0x000000076ab00000,0x000000076ec00000)
  from space 5120K, 99% used [0x000000076ec00000,0x000000076f0ffa08,0x000000076f100000)
  to   space 32256K, 0% used [0x0000000774c80000,0x0000000774c80000,0x0000000776c00000)
 ParOldGen       total 87552K, used 61888K [0x00000006c0000000, 0x00000006c5580000, 0x000000076ab00000)
  object space 87552K, 70% used [0x00000006c0000000,0x00000006c3c70180,0x00000006c5580000)
 Metaspace       used 6016K, capacity 7024K, committed 7296K, reserved 1056768K
  class space    used 574K, capacity 616K, committed 640K, reserved 1048576K
Event: 2.218 GC heap after
Heap after GC invocations=6 (full 1):
 PSYoungGen      total 71680K, used 0K [0x000000076ab00000, 0x0000000776c00000, 0x00000007c0000000)
  eden space 66560K, 0% used [0x000000076ab00000,0x000000076ab00000,0x000000076ec00000)
  from space 5120K, 0% used [0x000000076ec00000,0x000000076ec00000,0x000000076f100000)
  to   space 32256K, 0% used [0x0000000774c80000,0x0000000774c80000,0x0000000776c00000)
 ParOldGen       total 102912K, used 31214K [0x00000006c0000000, 0x00000006c6480000, 0x000000076ab00000)
  object space 102912K, 30% used [0x00000006c0000000,0x00000006c1e7bb70,0x00000006c6480000)
 Metaspace       used 6016K, capacity 7024K, committed 7296K, reserved 1056768K
  class space    used 574K, capacity 616K, committed 640K, reserved 1048576K
}
Event: 2.458 GC heap before
{Heap before GC invocations=7 (full 1):
 PSYoungGen      total 71680K, used 66560K [0x000000076ab00000, 0x0000000776c00000, 0x00000007c0000000)
  eden space 66560K, 100% used [0x000000076ab00000,0x000000076ec00000,0x000000076ec00000)
  from space 5120K, 0% used [0x000000076ec00000,0x000000076ec00000,0x000000076f100000)
  to   space 32256K, 0% used [0x0000000774c80000,0x0000000774c80000,0x0000000776c00000)
 ParOldGen       total 102912K, used 31214K [0x00000006c0000000, 0x00000006c6480000, 0x000000076ab00000)
  object space 102912K, 30% used [0x00000006c0000000,0x00000006c1e7bb70,0x00000006c6480000)
 Metaspace       used 6028K, capacity 7088K, committed 7296K, reserved 1056768K
  class space    used 574K, capacity 616K, committed 640K, reserved 1048576K
Event: 2.505 GC heap after
Heap after GC invocations=7 (full 1):
 PSYoungGen      total 135168K, used 23638K [0x000000076ab00000, 0x0000000776400000, 0x00000007c0000000)
  eden space 111104K, 0% used [0x000000076ab00000,0x000000076ab00000,0x0000000771780000)
  from space 24064K, 98% used [0x0000000774c80000,0x00000007763959f8,0x0000000776400000)
  to   space 33280K, 0% used [0x0000000772300000,0x0000000772300000,0x0000000774380000)
 ParOldGen       total 102912K, used 31222K [0x00000006c0000000, 0x00000006c6480000, 0x000000076ab00000)
  object space 102912K, 30% used [0x00000006c0000000,0x00000006c1e7db70,0x00000006c6480000)
 Metaspace       used 6028K, capacity 7088K, committed 7296K, reserved 1056768K
  class space    used 574K, capacity 616K, committed 640K, reserved 1048576K
}
Event: 3.219 GC heap before
{Heap before GC invocations=8 (full 1):
 PSYoungGen      total 135168K, used 134742K [0x000000076ab00000, 0x0000000776400000, 0x00000007c0000000)
  eden space 111104K, 100% used [0x000000076ab00000,0x0000000771780000,0x0000000771780000)
  from space 24064K, 98% used [0x0000000774c80000,0x00000007763959f8,0x0000000776400000)
  to   space 33280K, 0% used [0x0000000772300000,0x0000000772300000,0x0000000774380000)
 ParOldGen       total 102912K, used 31222K [0x00000006c0000000, 0x00000006c6480000, 0x000000076ab00000)
  object space 102912K, 30% used [0x00000006c0000000,0x00000006c1e7db70,0x00000006c6480000)
 Metaspace       used 6073K, capacity 7088K, committed 7296K, reserved 1056768K
  class space    used 574K, capacity 616K, committed 640K, reserved 1048576K
Event: 3.443 GC heap after
Heap after GC invocations=8 (full 1):
 PSYoungGen      total 156160K, used 33261K [0x000000076ab00000, 0x000000077b480000, 0x00000007c0000000)
  eden space 122880K, 0% used [0x000000076ab00000,0x000000076ab00000,0x0000000772300000)
  from space 33280K, 99% used [0x0000000772300000,0x000000077437b4f0,0x0000000774380000)
  to   space 40448K, 0% used [0x0000000778d00000,0x0000000778d00000,0x000000077b480000)
 ParOldGen       total 102912K, used 35178K [0x00000006c0000000, 0x00000006c6480000, 0x000000076ab00000)
  object space 102912K, 34% used [0x00000006c0000000,0x00000006c225a9c8,0x00000006c6480000)
 Metaspace       used 6073K, capacity 7088K, committed 7296K, reserved 1056768K
  class space    used 574K, capacity 616K, committed 640K, reserved 1048576K
}

Deoptimization events (10 events):
Event: 2.352 Thread 0x00000000204ac000 Uncommon trap: reason=null_check action=make_not_entrant pc=0x0000000004bee680 method=com.android.dx.ssa.SsaRenamer.getLocalForNewReg(I)Lcom/android/dx/rop/code/LocalItem; @ 19
Event: 2.791 Thread 0x0000000020429000 Uncommon trap: reason=unstable_if action=reinterpret pc=0x0000000004b87b1c method=com.android.dx.ssa.SsaMethod.updateOneDefinition(Lcom/android/dx/ssa/SsaInsn;Lcom/android/dx/rop/code/RegisterSpec;)V @ 4
Event: 2.791 Thread 0x0000000020429000 Uncommon trap: reason=bimorphic action=maybe_recompile pc=0x0000000004a1fb00 method=java.util.HashMap.getNode(ILjava/lang/Object;)Ljava/util/HashMap$Node; @ 126
Event: 2.791 Thread 0x0000000020429000 Uncommon trap: reason=bimorphic action=maybe_recompile pc=0x0000000004a1fb00 method=java.util.HashMap.getNode(ILjava/lang/Object;)Ljava/util/HashMap$Node; @ 126
Event: 2.791 Thread 0x0000000020429000 Uncommon trap: reason=bimorphic action=maybe_recompile pc=0x0000000004a1fb00 method=java.util.HashMap.getNode(ILjava/lang/Object;)Ljava/util/HashMap$Node; @ 126
Event: 2.796 Thread 0x0000000020429000 Uncommon trap: reason=uninitialized action=reinterpret pc=0x0000000004e092cc method=com.android.dx.cf.code.BytecodeArray.parseInstruction(ILcom/android/dx/cf/code/BytecodeArray$Visitor;)I @ 1079
Event: 2.913 Thread 0x00000000045fe000 Uncommon trap: reason=class_check action=maybe_recompile pc=0x0000000004ed5dc0 method=com.android.dx.cf.code.RopperMachine.run(Lcom/android/dx/cf/code/Frame;II)V @ 988
Event: 2.914 Thread 0x00000000045fe000 Uncommon trap: reason=bimorphic action=maybe_recompile pc=0x0000000004a1fb00 method=java.util.HashMap.getNode(ILjava/lang/Object;)Ljava/util/HashMap$Node; @ 126
Event: 2.914 Thread 0x00000000045fe000 Uncommon trap: reason=bimorphic action=maybe_recompile pc=0x0000000004a69df4 method=java.util.HashMap.getNode(ILjava/lang/Object;)Ljava/util/HashMap$Node; @ 126
Event: 2.916 Thread 0x00000000045fe000 Uncommon trap: reason=null_check action=make_not_entrant pc=0x0000000004ef1dfc method=com.android.dx.cf.code.Ropper$CatchInfo.getSetup(Lcom/android/dx/rop/type/Type;)Lcom/android/dx/cf/code/Ropper$ExceptionHandlerSetup; @ 10

Classes redefined (0 events):
No events

Internal exceptions (6 events):
Event: 0.506 Thread 0x00000000045fe000 Exception <a 'java/lang/NoSuchMethodError': Method sun.misc.Unsafe.defineClass(Ljava/lang/String;[BII)Ljava/lang/Class; name or signature does not match> (0x000000076ab07ca8) thrown at [D:\src\AOSP-openjdk-cygwin\jdk8u\hotspot\src\share\vm\prims\jni.cpp, 
Event: 0.506 Thread 0x00000000045fe000 Exception <a 'java/lang/NoSuchMethodError': Method sun.misc.Unsafe.prefetchRead(Ljava/lang/Object;J)V name or signature does not match> (0x000000076ab07f90) thrown at [D:\src\AOSP-openjdk-cygwin\jdk8u\hotspot\src\share\vm\prims\jni.cpp, line 4011]
Event: 1.538 Thread 0x0000000020429000 Implicit null exception at 0x0000000004c63162 to 0x0000000004c63262
Event: 2.318 Thread 0x00000000204ac000 Implicit null exception at 0x0000000004c2b4bb to 0x0000000004c2cdfd
Event: 2.352 Thread 0x00000000204ac000 Implicit null exception at 0x0000000004bed007 to 0x0000000004bee64d
Event: 2.916 Thread 0x00000000045fe000 Implicit null exception at 0x0000000004eede58 to 0x0000000004ef1dc9

Events (10 events):
Event: 3.780 Thread 0x00000000045fe000 DEOPT PACKING pc=0x0000000004b87e78 sp=0x00000000046fde60
Event: 3.780 Thread 0x00000000045fe000 DEOPT UNPACKING pc=0x00000000048475bf sp=0x00000000046fdb88 mode 0
Event: 3.781 Thread 0x00000000045fe000 DEOPT PACKING pc=0x0000000004b87e78 sp=0x00000000046fdda0
Event: 3.781 Thread 0x00000000045fe000 DEOPT UNPACKING pc=0x00000000048475bf sp=0x00000000046fdac8 mode 0
Event: 3.783 Thread 0x00000000045fe000 DEOPT PACKING pc=0x0000000004b87e78 sp=0x00000000046fdd60
Event: 3.783 Thread 0x00000000045fe000 DEOPT UNPACKING pc=0x00000000048475bf sp=0x00000000046fda88 mode 0
Event: 3.785 Thread 0x00000000045fe000 DEOPT PACKING pc=0x0000000004b87e78 sp=0x00000000046fdfa0
Event: 3.785 Thread 0x00000000045fe000 DEOPT UNPACKING pc=0x00000000048475bf sp=0x00000000046fdcc8 mode 0
Event: 3.785 Thread 0x00000000045fe000 DEOPT PACKING pc=0x0000000004b87e78 sp=0x00000000046fdfa0
Event: 3.785 Thread 0x00000000045fe000 DEOPT UNPACKING pc=0x00000000048475bf sp=0x00000000046fdcc8 mode 0


Dynamic libraries:
0x00007ff732ce0000 - 0x00007ff732d11000 	F:\Program Files (x86)\Android\Android Studio\jre\bin\java.exe
0x00007ff8ab5d0000 - 0x00007ff8ab7b0000 	C:\WINDOWS\SYSTEM32\ntdll.dll
0x00007ff8aa7d0000 - 0x00007ff8aa87e000 	C:\WINDOWS\System32\KERNEL32.DLL
0x00007ff8a7b10000 - 0x00007ff8a7d76000 	C:\WINDOWS\System32\KERNELBASE.dll
0x00007ff8aa420000 - 0x00007ff8aa4c1000 	C:\WINDOWS\System32\ADVAPI32.dll
0x00007ff8aa6a0000 - 0x00007ff8aa73d000 	C:\WINDOWS\System32\msvcrt.dll
0x00007ff8ab0f0000 - 0x00007ff8ab14b000 	C:\WINDOWS\System32\sechost.dll
0x00007ff8aae30000 - 0x00007ff8aaf4f000 	C:\WINDOWS\System32\RPCRT4.dll
0x00007ff8ab150000 - 0x00007ff8ab2df000 	C:\WINDOWS\System32\USER32.dll
0x00007ff8a8800000 - 0x00007ff8a8820000 	C:\WINDOWS\System32\win32u.dll
0x00007ff8aa9b0000 - 0x00007ff8aa9d8000 	C:\WINDOWS\System32\GDI32.dll
0x00007ff8a88d0000 - 0x00007ff8a8a64000 	C:\WINDOWS\System32\gdi32full.dll
0x00007ff8a79a0000 - 0x00007ff8a7a3b000 	C:\WINDOWS\System32\msvcp_win.dll
0x00007ff8a7f50000 - 0x00007ff8a8046000 	C:\WINDOWS\System32\ucrtbase.dll
0x00007ff89cca0000 - 0x00007ff89cf09000 	C:\WINDOWS\WinSxS\amd64_microsoft.windows.common-controls_6595b64144ccf1df_6.0.16299.64_none_cc9304e22215ca8f\COMCTL32.dll
0x00007ff8aa070000 - 0x00007ff8aa378000 	C:\WINDOWS\System32\combase.dll
0x00007ff8a7a40000 - 0x00007ff8a7ab2000 	C:\WINDOWS\System32\bcryptPrimitives.dll
0x00007ff8aafb0000 - 0x00007ff8aafdd000 	C:\WINDOWS\System32\IMM32.DLL
0x0000000072950000 - 0x0000000072a22000 	F:\Program Files (x86)\Android\Android Studio\jre\jre\bin\msvcr100.dll
0x0000000072b10000 - 0x000000007334e000 	F:\Program Files (x86)\Android\Android Studio\jre\jre\bin\server\jvm.dll
0x00007ff8ab560000 - 0x00007ff8ab568000 	C:\WINDOWS\System32\PSAPI.DLL
0x00007ff8a5c50000 - 0x00007ff8a5c59000 	C:\WINDOWS\SYSTEM32\WSOCK32.dll
0x00007ff8aa760000 - 0x00007ff8aa7cc000 	C:\WINDOWS\System32\WS2_32.dll
0x00007ff8a3260000 - 0x00007ff8a3283000 	C:\WINDOWS\SYSTEM32\WINMM.dll
0x00007ff8a23d0000 - 0x00007ff8a23da000 	C:\WINDOWS\SYSTEM32\VERSION.dll
0x00007ff8a3230000 - 0x00007ff8a325a000 	C:\WINDOWS\SYSTEM32\WINMMBASE.dll
0x00007ff8a7ac0000 - 0x00007ff8a7b0a000 	C:\WINDOWS\System32\cfgmgr32.dll
0x00007ff8a5560000 - 0x00007ff8a556f000 	F:\Program Files (x86)\Android\Android Studio\jre\jre\bin\verify.dll
0x00007ff8a13c0000 - 0x00007ff8a13e9000 	F:\Program Files (x86)\Android\Android Studio\jre\jre\bin\java.dll
0x00007ff8a2a00000 - 0x00007ff8a2a16000 	F:\Program Files (x86)\Android\Android Studio\jre\jre\bin\zip.dll
0x00007ff8a8a80000 - 0x00007ff8a9eb7000 	C:\WINDOWS\System32\SHELL32.dll
0x00007ff8ab360000 - 0x00007ff8ab406000 	C:\WINDOWS\System32\shcore.dll
0x00007ff8a8050000 - 0x00007ff8a8797000 	C:\WINDOWS\System32\windows.storage.dll
0x00007ff8aa880000 - 0x00007ff8aa8d1000 	C:\WINDOWS\System32\shlwapi.dll
0x00007ff8a7960000 - 0x00007ff8a7971000 	C:\WINDOWS\System32\kernel.appcore.dll
0x00007ff8a78f0000 - 0x00007ff8a793c000 	C:\WINDOWS\System32\powrprof.dll
0x00007ff8a7980000 - 0x00007ff8a799b000 	C:\WINDOWS\System32\profapi.dll

VM Arguments:
jvm_args: -Djava.awt.headless=true -Xmx4g -Dfile.encoding=windows-1252 -Duser.country=US -Duser.language=en -Duser.variant 
java_command: com.android.dx.command.Main --dex --force-jumbo --num-threads=4 --multi-dex --output F:\TIF\Semester 7\Mobile Programming\Lab\WhatsCamp\WhatsCamp\app\build\intermediates\transforms\dex\debug\folders\1000\5\slice_4 F:\TIF\Semester 7\Mobile Programming\Lab\WhatsCamp\WhatsCamp\app\build\intermediates\transforms\instantRunSlicer\debug\folders\1\5\slice_4
java_class_path (initial): F:\Android\sdk\build-tools\25.0.0\lib\dx.jar
Launcher Type: SUN_STANDARD

Environment Variables:
PATH=C:\ProgramData\Oracle\Java\javapath;C:\Program Files (x86)\Intel\iCLS Client\;C:\Program Files\Intel\iCLS Client\;C:\Windows\system32;C:\Windows;C:\Windows\System32\Wbem;C:\Windows\System32\WindowsPowerShell\v1.0\;C:\Program Files (x86)\Intel\Intel(R) Management Engine Components\DAL;C:\Program Files\Intel\Intel(R) Management Engine Components\DAL;C:\Program Files (x86)\Intel\Intel(R) Management Engine Components\IPT;C:\Program Files\Intel\Intel(R) Management Engine Components\IPT;C:\Program Files (x86)\NVIDIA Corporation\PhysX\Common;C:\Program Files\Java\jdk1.8.0_144\bin;C:\Program Files\Java\jdk1.8.0_144\lib;C:\TDM-GCC-64\bin;C:\Program Files (x86)\CodeBlocks\MinGW\bin;C:\WINDOWS\system32;C:\WINDOWS;C:\WINDOWS\System32\Wbem;C:\WINDOWS\System32\WindowsPowerShell\v1.0\;C:\HashiCorp\Vagrant\bin;C:\Program Files\Git\cmd;C:\Program Files\PuTTY\;C:\Program Files\IBM\Bluemix\bin;C:\Program Files\Cloud Foundry;C:\Program Files (x86)\QuickTime\QTSystem\;C:\Users\legion Y520\AppData\Local\Programs\Python\Python35\Scripts\;C:\Users\legion Y520\AppData\Local\Programs\Python\Python35\;C:\Users\legion Y520\AppData\Local\Microsoft\WindowsApps;C:\TDM-GCC-64\bin;C:\Program Files (x86)\CodeBlocks\MinGW\bin;C:\Users\legion Y520\AppData\Local\GitHubDesktop\bin;C:\Users\legion Y520\AppData\Local\Microsoft\WindowsApps;C:\Program Files\aircrack-ng-1.2-rc4-win\bin\64bit;
USERNAME=Joseph
OS=Windows_NT
PROCESSOR_IDENTIFIER=Intel64 Family 6 Model 158 Stepping 9, GenuineIntel



---------------  S Y S T E M  ---------------

OS: Windows 10.0 , 64 bit Build 16299 (10.0.16299.15)

CPU:total 8 (initial active 8) (4 cores per cpu, 2 threads per core) family 6 model 158 stepping 9, cmov, cx8, fxsr, mmx, sse, sse2, sse3, ssse3, sse4.1, sse4.2, popcnt, avx, avx2, aes, clmul, erms, 3dnowpref, lzcnt, ht, tsc, tscinvbit, bmi1, bmi2, adx

Memory: 4k page, physical 8260772k(355848k free), swap 12356772k(78956k free)

vm_info: OpenJDK 64-Bit Server VM (25.152-b01) for windows-amd64 JRE (1.8.0_152-release-915-b01), built by "builder" with MS VC++ 10.0 (VS2010)

time: Sat Nov 25 12:01:46 2017
elapsed time: 4 seconds (0d 0h 0m 4s)

