#
# There is insufficient memory for the Java Runtime Environment to continue.
# Native memory allocation (malloc) failed to allocate 356736 bytes for Chunk::new
# Possible reasons:
#   The system is out of physical RAM or swap space
#   In 32 bit mode, the process size limit was hit
# Possible solutions:
#   Reduce memory load on the system
#   Increase physical memory or swap space
#   Check if swap backing store is full
#   Use 64 bit Java on a 64 bit OS
#   Decrease Java heap size (-Xmx/-Xms)
#   Decrease number of Java threads
#   Decrease Java thread stack sizes (-Xss)
#   Set larger code cache with -XX:ReservedCodeCacheSize=
# This output file may be truncated or incomplete.
#
#  Out of Memory Error (allocation.cpp:390), pid=10252, tid=0x0000000000002fc0
#
# JRE version: OpenJDK Runtime Environment (8.0_152-b01) (build 1.8.0_152-release-915-b01)
# Java VM: OpenJDK 64-Bit Server VM (25.152-b01 mixed mode windows-amd64 compressed oops)
# Failed to write core dump. Minidumps are not enabled by default on client versions of Windows
#

---------------  T H R E A D  ---------------

Current thread (0x0000000020cf1000):  JavaThread "C2 CompilerThread1" daemon [_thread_in_native, id=12224, stack(0x00000000215b0000,0x00000000216b0000)]

Stack: [0x00000000215b0000,0x00000000216b0000]
[error occurred during error reporting (printing stack bounds), id 0xc0000005]

Native frames: (J=compiled Java code, j=interpreted, Vv=VM code, C=native code)


Current CompileTask:
C2:   3788 1739 %     4       com.android.dx.ssa.back.IdenticalBlockCombiner::process @ 79 (323 bytes)


---------------  P R O C E S S  ---------------

Java Threads: ( => current thread )
  0x0000000020ec1000 JavaThread "pool-2-thread-4" [_thread_in_Java, id=20972, stack(0x0000000021eb0000,0x0000000021fb0000)]
  0x0000000020ed1000 JavaThread "pool-2-thread-3" [_thread_in_Java, id=17352, stack(0x0000000021db0000,0x0000000021eb0000)]
  0x0000000020ecc800 JavaThread "pool-2-thread-2" [_thread_in_Java, id=24344, stack(0x0000000021cb0000,0x0000000021db0000)]
  0x0000000020ea4000 JavaThread "pool-3-thread-1" [_thread_blocked, id=23712, stack(0x0000000021bb0000,0x0000000021cb0000)]
  0x0000000020ea7800 JavaThread "pool-2-thread-1" [_thread_blocked, id=15260, stack(0x0000000021ab0000,0x0000000021bb0000)]
  0x0000000020d5e800 JavaThread "Service Thread" daemon [_thread_blocked, id=9204, stack(0x00000000218b0000,0x00000000219b0000)]
  0x000000001edee000 JavaThread "C1 CompilerThread3" daemon [_thread_blocked, id=16324, stack(0x00000000217b0000,0x00000000218b0000)]
  0x0000000020cf3800 JavaThread "C2 CompilerThread2" daemon [_thread_in_native, id=18372, stack(0x00000000216b0000,0x00000000217b0000)]
=>0x0000000020cf1000 JavaThread "C2 CompilerThread1" daemon [_thread_in_native, id=12224, stack(0x00000000215b0000,0x00000000216b0000)]
  0x0000000020ced800 JavaThread "C2 CompilerThread0" daemon [_thread_in_native, id=20708, stack(0x00000000214b0000,0x00000000215b0000)]
  0x0000000020cec000 JavaThread "Attach Listener" daemon [_thread_blocked, id=16760, stack(0x00000000213b0000,0x00000000214b0000)]
  0x0000000020ceb000 JavaThread "Signal Dispatcher" daemon [_thread_blocked, id=16408, stack(0x00000000212b0000,0x00000000213b0000)]
  0x00000000052b9000 JavaThread "Finalizer" daemon [_thread_blocked, id=25060, stack(0x00000000210c0000,0x00000000211c0000)]
  0x000000001eddb800 JavaThread "Reference Handler" daemon [_thread_blocked, id=7160, stack(0x0000000020bc0000,0x0000000020cc0000)]
  0x000000000382e000 JavaThread "main" [_thread_in_Java, id=20160, stack(0x00000000050c0000,0x00000000051c0000)]

Other Threads:
  0x000000001edd5000 VMThread [stack: 0x0000000020ac0000,0x0000000020bc0000] [id=12440]
  0x0000000020d6b000 WatcherThread [stack: 0x00000000219b0000,0x0000000021ab0000] [id=19664]

VM state:not at safepoint (normal execution)

VM Mutex/Monitor currently owned by a thread: None

Heap:
 PSYoungGen      total 71680K, used 37282K [0x000000076ab00000, 0x0000000775c80000, 0x00000007c0000000)
  eden space 66560K, 48% used [0x000000076ab00000,0x000000076ca6c680,0x000000076ec00000)
  from space 5120K, 99% used [0x000000076ec00000,0x000000076f0fc2f8,0x000000076f100000)
  to   space 36864K, 0% used [0x0000000773880000,0x0000000773880000,0x0000000775c80000)
 ParOldGen       total 119808K, used 60418K [0x00000006c0000000, 0x00000006c7500000, 0x000000076ab00000)
  object space 119808K, 50% used [0x00000006c0000000,0x00000006c3b009b8,0x00000006c7500000)
 Metaspace       used 5990K, capacity 7024K, committed 7296K, reserved 1056768K
  class space    used 575K, capacity 616K, committed 640K, reserved 1048576K

Card table byte_map: [0x0000000014680000,0x0000000014e90000] byte_map_base: 0x0000000011080000

Marking Bits: (ParMarkBitMap*) 0x0000000065943950
 Begin Bits: [0x0000000015bf0000, 0x0000000019bf0000)
 End Bits:   [0x0000000019bf0000, 0x000000001dbf0000)

Polling page: 0x00000000037b0000

CodeCache: size=245760Kb used=7576Kb max_used=7593Kb free=238184Kb
 bounds [0x00000000052c0000, 0x0000000005a40000, 0x00000000142c0000]
 total_blobs=1901 nmethods=1640 adapters=175
 compilation: enabled

Compilation events (10 events):
Event: 3.701 Thread 0x0000000020cf3800 nmethod 1643 0x0000000005a141d0 code [0x0000000005a14340, 0x0000000005a14698]
Event: 3.701 Thread 0x0000000020cf3800 1485       4       com.android.dx.ssa.ConstCollector$2::map (28 bytes)
Event: 3.705 Thread 0x0000000020cf3800 nmethod 1485 0x0000000005a1bc90 code [0x0000000005a1bde0, 0x0000000005a1c228]
Event: 3.705 Thread 0x0000000020cf3800 1715       4       com.android.dx.cf.code.ByteBlockList::labelToBlock (46 bytes)
Event: 3.707 Thread 0x0000000020cf3800 nmethod 1715 0x0000000005a1b750 code [0x0000000005a1b8a0, 0x0000000005a1ba18]
Event: 3.707 Thread 0x0000000020cf3800 1745       4       com.android.dx.rop.code.Rop::<init> (137 bytes)
Event: 3.708 Thread 0x0000000020cf3800 nmethod 1745 0x0000000005a1b1d0 code [0x0000000005a1b320, 0x0000000005a1b538]
Event: 3.708 Thread 0x0000000020cf3800 1744       4       com.android.dx.rop.code.RegisterSpec::getBasicFrameType (10 bytes)
Event: 3.709 Thread 0x0000000020cf3800 nmethod 1744 0x0000000005a13f50 code [0x0000000005a14080, 0x0000000005a14118]
Event: 3.709 Thread 0x0000000020cf3800 1536       4       com.android.dx.rop.code.Insn::contentEquals (84 bytes)

GC Heap History (10 events):
Event: 2.367 GC heap before
{Heap before GC invocations=2 (full 0):
 PSYoungGen      total 38400K, used 38397K [0x000000076ab00000, 0x000000076f600000, 0x00000007c0000000)
  eden space 33280K, 100% used [0x000000076ab00000,0x000000076cb80000,0x000000076cb80000)
  from space 5120K, 99% used [0x000000076cb80000,0x000000076d07f548,0x000000076d080000)
  to   space 5120K, 0% used [0x000000076f100000,0x000000076f100000,0x000000076f600000)
 ParOldGen       total 87552K, used 1745K [0x00000006c0000000, 0x00000006c5580000, 0x000000076ab00000)
  object space 87552K, 1% used [0x00000006c0000000,0x00000006c01b4480,0x00000006c5580000)
 Metaspace       used 5898K, capacity 6960K, committed 7040K, reserved 1056768K
  class space    used 573K, capacity 616K, committed 640K, reserved 1048576K
Event: 2.393 GC heap after
Heap after GC invocations=2 (full 0):
 PSYoungGen      total 71680K, used 5096K [0x000000076ab00000, 0x000000076f600000, 0x00000007c0000000)
  eden space 66560K, 0% used [0x000000076ab00000,0x000000076ab00000,0x000000076ec00000)
  from space 5120K, 99% used [0x000000076f100000,0x000000076f5fa038,0x000000076f600000)
  to   space 5120K, 0% used [0x000000076ec00000,0x000000076ec00000,0x000000076f100000)
 ParOldGen       total 87552K, used 12610K [0x00000006c0000000, 0x00000006c5580000, 0x000000076ab00000)
  object space 87552K, 14% used [0x00000006c0000000,0x00000006c0c50938,0x00000006c5580000)
 Metaspace       used 5898K, capacity 6960K, committed 7040K, reserved 1056768K
  class space    used 573K, capacity 616K, committed 640K, reserved 1048576K
}
Event: 2.689 GC heap before
{Heap before GC invocations=3 (full 0):
 PSYoungGen      total 71680K, used 71656K [0x000000076ab00000, 0x000000076f600000, 0x00000007c0000000)
  eden space 66560K, 100% used [0x000000076ab00000,0x000000076ec00000,0x000000076ec00000)
  from space 5120K, 99% used [0x000000076f100000,0x000000076f5fa038,0x000000076f600000)
  to   space 5120K, 0% used [0x000000076ec00000,0x000000076ec00000,0x000000076f100000)
 ParOldGen       total 87552K, used 12610K [0x00000006c0000000, 0x00000006c5580000, 0x000000076ab00000)
  object space 87552K, 14% used [0x00000006c0000000,0x00000006c0c50938,0x00000006c5580000)
 Metaspace       used 5933K, capacity 7024K, committed 7296K, reserved 1056768K
  class space    used 574K, capacity 616K, committed 640K, reserved 1048576K
Event: 2.758 GC heap after
Heap after GC invocations=3 (full 0):
 PSYoungGen      total 71680K, used 5104K [0x000000076ab00000, 0x000000076f600000, 0x00000007c0000000)
  eden space 66560K, 0% used [0x000000076ab00000,0x000000076ab00000,0x000000076ec00000)
  from space 5120K, 99% used [0x000000076ec00000,0x000000076f0fc2a0,0x000000076f100000)
  to   space 5120K, 0% used [0x000000076f100000,0x000000076f100000,0x000000076f600000)
 ParOldGen       total 87552K, used 39097K [0x00000006c0000000, 0x00000006c5580000, 0x000000076ab00000)
  object space 87552K, 44% used [0x00000006c0000000,0x00000006c262e538,0x00000006c5580000)
 Metaspace       used 5933K, capacity 7024K, committed 7296K, reserved 1056768K
  class space    used 574K, capacity 616K, committed 640K, reserved 1048576K
}
Event: 3.240 GC heap before
{Heap before GC invocations=4 (full 0):
 PSYoungGen      total 71680K, used 71664K [0x000000076ab00000, 0x000000076f600000, 0x00000007c0000000)
  eden space 66560K, 100% used [0x000000076ab00000,0x000000076ec00000,0x000000076ec00000)
  from space 5120K, 99% used [0x000000076ec00000,0x000000076f0fc2a0,0x000000076f100000)
  to   space 5120K, 0% used [0x000000076f100000,0x000000076f100000,0x000000076f600000)
 ParOldGen       total 87552K, used 39097K [0x00000006c0000000, 0x00000006c5580000, 0x000000076ab00000)
  object space 87552K, 44% used [0x00000006c0000000,0x00000006c262e538,0x00000006c5580000)
 Metaspace       used 5953K, capacity 7024K, committed 7296K, reserved 1056768K
  class space    used 574K, capacity 616K, committed 640K, reserved 1048576K
Event: 3.266 GC heap after
Heap after GC invocations=4 (full 0):
 PSYoungGen      total 71680K, used 5096K [0x000000076ab00000, 0x0000000773700000, 0x00000007c0000000)
  eden space 66560K, 0% used [0x000000076ab00000,0x000000076ab00000,0x000000076ec00000)
  from space 5120K, 99% used [0x000000076f100000,0x000000076f5fa038,0x000000076f600000)
  to   space 5120K, 0% used [0x000000076ec00000,0x000000076ec00000,0x000000076f100000)
 ParOldGen       total 87552K, used 59880K [0x00000006c0000000, 0x00000006c5580000, 0x000000076ab00000)
  object space 87552K, 68% used [0x00000006c0000000,0x00000006c3a7a010,0x00000006c5580000)
 Metaspace       used 5953K, capacity 7024K, committed 7296K, reserved 1056768K
  class space    used 574K, capacity 616K, committed 640K, reserved 1048576K
}
Event: 3.266 GC heap before
{Heap before GC invocations=5 (full 1):
 PSYoungGen      total 71680K, used 5096K [0x000000076ab00000, 0x0000000773700000, 0x00000007c0000000)
  eden space 66560K, 0% used [0x000000076ab00000,0x000000076ab00000,0x000000076ec00000)
  from space 5120K, 99% used [0x000000076f100000,0x000000076f5fa038,0x000000076f600000)
  to   space 5120K, 0% used [0x000000076ec00000,0x000000076ec00000,0x000000076f100000)
 ParOldGen       total 87552K, used 59880K [0x00000006c0000000, 0x00000006c5580000, 0x000000076ab00000)
  object space 87552K, 68% used [0x00000006c0000000,0x00000006c3a7a010,0x00000006c5580000)
 Metaspace       used 5953K, capacity 7024K, committed 7296K, reserved 1056768K
  class space    used 574K, capacity 616K, committed 640K, reserved 1048576K
Event: 3.421 GC heap after
Heap after GC invocations=5 (full 1):
 PSYoungGen      total 71680K, used 0K [0x000000076ab00000, 0x0000000773700000, 0x00000007c0000000)
  eden space 66560K, 0% used [0x000000076ab00000,0x000000076ab00000,0x000000076ec00000)
  from space 5120K, 0% used [0x000000076f100000,0x000000076f100000,0x000000076f600000)
  to   space 5120K, 0% used [0x000000076ec00000,0x000000076ec00000,0x000000076f100000)
 ParOldGen       total 119808K, used 41759K [0x00000006c0000000, 0x00000006c7500000, 0x000000076ab00000)
  object space 119808K, 34% used [0x00000006c0000000,0x00000006c28c7cf0,0x00000006c7500000)
 Metaspace       used 5953K, capacity 7024K, committed 7296K, reserved 1056768K
  class space    used 574K, capacity 616K, committed 640K, reserved 1048576K
}
Event: 3.683 GC heap before
{Heap before GC invocations=6 (full 1):
 PSYoungGen      total 71680K, used 66560K [0x000000076ab00000, 0x0000000773700000, 0x00000007c0000000)
  eden space 66560K, 100% used [0x000000076ab00000,0x000000076ec00000,0x000000076ec00000)
  from space 5120K, 0% used [0x000000076f100000,0x000000076f100000,0x000000076f600000)
  to   space 5120K, 0% used [0x000000076ec00000,0x000000076ec00000,0x000000076f100000)
 ParOldGen       total 119808K, used 41759K [0x00000006c0000000, 0x00000006c7500000, 0x000000076ab00000)
  object space 119808K, 34% used [0x00000006c0000000,0x00000006c28c7cf0,0x00000006c7500000)
 Metaspace       used 5990K, capacity 7024K, committed 7296K, reserved 1056768K
  class space    used 575K, capacity 616K, committed 640K, reserved 1048576K
Event: 3.700 GC heap after
Heap after GC invocations=6 (full 1):
 PSYoungGen      total 71680K, used 5104K [0x000000076ab00000, 0x0000000775c80000, 0x00000007c0000000)
  eden space 66560K, 0% used [0x000000076ab00000,0x000000076ab00000,0x000000076ec00000)
  from space 5120K, 99% used [0x000000076ec00000,0x000000076f0fc2f8,0x000000076f100000)
  to   space 36864K, 0% used [0x0000000773880000,0x0000000773880000,0x0000000775c80000)
 ParOldGen       total 119808K, used 60418K [0x00000006c0000000, 0x00000006c7500000, 0x000000076ab00000)
  object space 119808K, 50% used [0x00000006c0000000,0x00000006c3b009b8,0x00000006c7500000)
 Metaspace       used 5990K, capacity 7024K, committed 7296K, reserved 1056768K
  class space    used 575K, capacity 616K, committed 640K, reserved 1048576K
}

Deoptimization events (10 events):
Event: 1.915 Thread 0x0000000020ecc800 Uncommon trap: reason=unstable_if action=reinterpret pc=0x00000000055bd2b4 method=java.util.BitSet.ensureCapacity(I)V @ 6
Event: 2.076 Thread 0x000000000382e000 Uncommon trap: reason=unstable_if action=reinterpret pc=0x000000000542fa48 method=java.lang.String.<init>([CII)V @ 18
Event: 2.127 Thread 0x0000000020ecc800 Uncommon trap: reason=unstable_if action=reinterpret pc=0x00000000057608f4 method=com.android.dx.ssa.SCCP.simulateBranch(Lcom/android/dx/ssa/SsaInsn;)V @ 64
Event: 2.501 Thread 0x0000000020ecc800 Uncommon trap: reason=uninitialized action=reinterpret pc=0x00000000057a29ec method=com.android.dx.cf.code.BytecodeArray.parseInstruction(ILcom/android/dx/cf/code/BytecodeArray$Visitor;)I @ 1079
Event: 2.526 Thread 0x0000000020ecc800 Uncommon trap: reason=bimorphic action=maybe_recompile pc=0x00000000058b7138 method=com.android.dx.rop.code.Rops.opMoveResultPseudo(Lcom/android/dx/rop/type/TypeBearer;)Lcom/android/dx/rop/code/Rop; @ 7
Event: 3.486 Thread 0x0000000020ec1000 Uncommon trap: reason=bimorphic action=maybe_recompile pc=0x00000000058b7138 method=com.android.dx.rop.code.Rops.opMoveResultPseudo(Lcom/android/dx/rop/type/TypeBearer;)Lcom/android/dx/rop/code/Rop; @ 7
Event: 3.495 Thread 0x0000000020ecc800 Uncommon trap: reason=bimorphic action=maybe_recompile pc=0x00000000058b7138 method=com.android.dx.rop.code.Rops.opMoveResultPseudo(Lcom/android/dx/rop/type/TypeBearer;)Lcom/android/dx/rop/code/Rop; @ 7
Event: 3.496 Thread 0x0000000020ec1000 Uncommon trap: reason=unstable_if action=reinterpret pc=0x00000000058b7ad0 method=com.android.dx.cf.code.RopperMachine.run(Lcom/android/dx/cf/code/Frame;II)V @ 1019
Event: 3.634 Thread 0x0000000020ecc800 Uncommon trap: reason=null_check action=make_not_entrant pc=0x00000000056d29c8 method=com.android.dx.ssa.SsaRenamer.getLocalForNewReg(I)Lcom/android/dx/rop/code/LocalItem; @ 19
Event: 3.638 Thread 0x0000000020ecc800 Uncommon trap: reason=null_check action=make_not_entrant pc=0x00000000056c5798 method=com.android.dx.ssa.SsaRenamer.getLocalForNewReg(I)Lcom/android/dx/rop/code/LocalItem; @ 19

Classes redefined (0 events):
No events

Internal exceptions (5 events):
Event: 0.243 Thread 0x000000000382e000 Exception <a 'java/lang/NoSuchMethodError': Method sun.misc.Unsafe.defineClass(Ljava/lang/String;[BII)Ljava/lang/Class; name or signature does not match> (0x000000076ab07ca8) thrown at [D:\src\AOSP-openjdk-cygwin\jdk8u\hotspot\src\share\vm\prims\jni.cpp, 
Event: 0.243 Thread 0x000000000382e000 Exception <a 'java/lang/NoSuchMethodError': Method sun.misc.Unsafe.prefetchRead(Ljava/lang/Object;J)V name or signature does not match> (0x000000076ab07f90) thrown at [D:\src\AOSP-openjdk-cygwin\jdk8u\hotspot\src\share\vm\prims\jni.cpp, line 4011]
Event: 1.915 Thread 0x0000000020ecc800 Implicit null exception at 0x00000000057413a2 to 0x00000000057414a2
Event: 3.634 Thread 0x0000000020ecc800 Implicit null exception at 0x00000000056d02f4 to 0x00000000056d2991
Event: 3.638 Thread 0x0000000020ecc800 Implicit null exception at 0x00000000056c2e18 to 0x00000000056c5779

Events (10 events):
Event: 3.496 Thread 0x0000000020ec1000 DEOPT PACKING pc=0x00000000058b7ad0 sp=0x0000000021fae730
Event: 3.496 Thread 0x0000000020ec1000 DEOPT UNPACKING pc=0x000000000530556a sp=0x0000000021fae6e8 mode 2
Event: 3.634 Thread 0x0000000020ecc800 Uncommon trap: trap_request=0xfffffff4 fr.pc=0x00000000056d29c8
Event: 3.634 Thread 0x0000000020ecc800 DEOPT PACKING pc=0x00000000056d29c8 sp=0x0000000021daec40
Event: 3.634 Thread 0x0000000020ecc800 DEOPT UNPACKING pc=0x000000000530556a sp=0x0000000021daeab8 mode 2
Event: 3.638 Thread 0x0000000020ecc800 Uncommon trap: trap_request=0xfffffff4 fr.pc=0x00000000056c5798
Event: 3.638 Thread 0x0000000020ecc800 DEOPT PACKING pc=0x00000000056c5798 sp=0x0000000021daeb40
Event: 3.638 Thread 0x0000000020ecc800 DEOPT UNPACKING pc=0x000000000530556a sp=0x0000000021daea08 mode 2
Event: 3.682 Executing VM operation: ParallelGCFailedAllocation
Event: 3.700 Executing VM operation: ParallelGCFailedAllocation done


Dynamic libraries:
0x00007ff633ff0000 - 0x00007ff634021000 	F:\Program Files (x86)\Android\Android Studio\jre\bin\java.exe
0x00007fff09960000 - 0x00007fff09b40000 	C:\WINDOWS\SYSTEM32\ntdll.dll
0x00007fff08cb0000 - 0x00007fff08d5e000 	C:\WINDOWS\System32\KERNEL32.DLL
0x00007fff066f0000 - 0x00007fff06956000 	C:\WINDOWS\System32\KERNELBASE.dll
0x00007fff08d60000 - 0x00007fff08e01000 	C:\WINDOWS\System32\ADVAPI32.dll
0x00007fff094a0000 - 0x00007fff0953d000 	C:\WINDOWS\System32\msvcrt.dll
0x00007fff09540000 - 0x00007fff0959b000 	C:\WINDOWS\System32\sechost.dll
0x00007fff084b0000 - 0x00007fff085cf000 	C:\WINDOWS\System32\RPCRT4.dll
0x00007fff06e80000 - 0x00007fff0700e000 	C:\WINDOWS\System32\USER32.dll
0x00007fff069c0000 - 0x00007fff069e0000 	C:\WINDOWS\System32\win32u.dll
0x00007fff09270000 - 0x00007fff09298000 	C:\WINDOWS\System32\GDI32.dll
0x00007fff069e0000 - 0x00007fff06b74000 	C:\WINDOWS\System32\gdi32full.dll
0x00007fff05e00000 - 0x00007fff05e9b000 	C:\WINDOWS\System32\msvcp_win.dll
0x00007fff05ea0000 - 0x00007fff05f96000 	C:\WINDOWS\System32\ucrtbase.dll
0x00007ffef64a0000 - 0x00007ffef6709000 	C:\WINDOWS\WinSxS\amd64_microsoft.windows.common-controls_6595b64144ccf1df_6.0.16299.19_none_cc92fab02215da61\COMCTL32.dll
0x00007fff08e20000 - 0x00007fff09128000 	C:\WINDOWS\System32\combase.dll
0x00007fff05d80000 - 0x00007fff05df2000 	C:\WINDOWS\System32\bcryptPrimitives.dll
0x00007fff091e0000 - 0x00007fff0920d000 	C:\WINDOWS\System32\IMM32.DLL
0x0000000064fc0000 - 0x0000000065092000 	F:\Program Files (x86)\Android\Android Studio\jre\jre\bin\msvcr100.dll
0x0000000065180000 - 0x00000000659be000 	F:\Program Files (x86)\Android\Android Studio\jre\jre\bin\server\jvm.dll
0x00007fff092a0000 - 0x00007fff092a8000 	C:\WINDOWS\System32\PSAPI.DLL
0x00007fff00590000 - 0x00007fff00599000 	C:\WINDOWS\SYSTEM32\WSOCK32.dll
0x00007fff095a0000 - 0x00007fff0960c000 	C:\WINDOWS\System32\WS2_32.dll
0x00007ffefa310000 - 0x00007ffefa333000 	C:\WINDOWS\SYSTEM32\WINMM.dll
0x00007ffeff3d0000 - 0x00007ffeff3da000 	C:\WINDOWS\SYSTEM32\VERSION.dll
0x00007ffef5240000 - 0x00007ffef526a000 	C:\WINDOWS\SYSTEM32\WINMMBASE.dll
0x00007fff05d30000 - 0x00007fff05d7a000 	C:\WINDOWS\System32\cfgmgr32.dll
0x00007ffefe220000 - 0x00007ffefe22f000 	F:\Program Files (x86)\Android\Android Studio\jre\jre\bin\verify.dll
0x00007ffefb1d0000 - 0x00007ffefb1f9000 	F:\Program Files (x86)\Android\Android Studio\jre\jre\bin\java.dll
0x00007ffefe090000 - 0x00007ffefe0a6000 	F:\Program Files (x86)\Android\Android Studio\jre\jre\bin\zip.dll
0x00007fff07070000 - 0x00007fff084a7000 	C:\WINDOWS\System32\SHELL32.dll
0x00007fff09130000 - 0x00007fff091d6000 	C:\WINDOWS\System32\shcore.dll
0x00007fff05fa0000 - 0x00007fff066e7000 	C:\WINDOWS\System32\windows.storage.dll
0x00007fff08ae0000 - 0x00007fff08b31000 	C:\WINDOWS\System32\shlwapi.dll
0x00007fff05cf0000 - 0x00007fff05d01000 	C:\WINDOWS\System32\kernel.appcore.dll
0x00007fff05ca0000 - 0x00007fff05cec000 	C:\WINDOWS\System32\powrprof.dll
0x00007fff05c80000 - 0x00007fff05c9b000 	C:\WINDOWS\System32\profapi.dll

VM Arguments:
jvm_args: -Djava.awt.headless=true -Xmx4g -Dfile.encoding=windows-1252 -Duser.country=US -Duser.language=en -Duser.variant 
java_command: com.android.dx.command.Main --dex --force-jumbo --num-threads=4 --multi-dex --output F:\TIF\Semester 7\Mobile Programming\Lab\WhatsCamp\WhatsCamp\app\build\intermediates\transforms\dex\debug\folders\1000\5\slice_4 F:\TIF\Semester 7\Mobile Programming\Lab\WhatsCamp\WhatsCamp\app\build\intermediates\transforms\instantRunSlicer\debug\folders\1\5\slice_4
java_class_path (initial): F:\Android\sdk\build-tools\25.0.0\lib\dx.jar
Launcher Type: SUN_STANDARD

Environment Variables:
PATH=C:\ProgramData\Oracle\Java\javapath;C:\Program Files (x86)\Intel\iCLS Client\;C:\Program Files\Intel\iCLS Client\;C:\Windows\system32;C:\Windows;C:\Windows\System32\Wbem;C:\Windows\System32\WindowsPowerShell\v1.0\;C:\Program Files (x86)\Intel\Intel(R) Management Engine Components\DAL;C:\Program Files\Intel\Intel(R) Management Engine Components\DAL;C:\Program Files (x86)\Intel\Intel(R) Management Engine Components\IPT;C:\Program Files\Intel\Intel(R) Management Engine Components\IPT;C:\Program Files (x86)\NVIDIA Corporation\PhysX\Common;C:\Program Files\Java\jdk1.8.0_144\bin;C:\Program Files\Java\jdk1.8.0_144\lib;C:\TDM-GCC-64\bin;C:\Program Files (x86)\CodeBlocks\MinGW\bin;C:\WINDOWS\system32;C:\WINDOWS;C:\WINDOWS\System32\Wbem;C:\WINDOWS\System32\WindowsPowerShell\v1.0\;C:\HashiCorp\Vagrant\bin;C:\Program Files\Git\cmd;C:\Program Files\PuTTY\;C:\Program Files\IBM\Bluemix\bin;C:\Program Files\Cloud Foundry;C:\Users\legion Y520\AppData\Local\Programs\Python\Python35\Scripts\;C:\Users\legion Y520\AppData\Local\Programs\Python\Python35\;C:\Users\legion Y520\AppData\Local\Microsoft\WindowsApps;C:\TDM-GCC-64\bin;C:\Program Files (x86)\CodeBlocks\MinGW\bin;C:\Users\legion Y520\AppData\Local\GitHubDesktop\bin;C:\Users\legion Y520\AppData\Local\Microsoft\WindowsApps;C:\Program Files\aircrack-ng-1.2-rc4-win\bin\64bit;
USERNAME=Joseph
OS=Windows_NT
PROCESSOR_IDENTIFIER=Intel64 Family 6 Model 158 Stepping 9, GenuineIntel



---------------  S Y S T E M  ---------------

OS: Windows 10.0 , 64 bit Build 16299 (10.0.16299.15)

CPU:total 8 (initial active 8) (4 cores per cpu, 2 threads per core) family 6 model 158 stepping 9, cmov, cx8, fxsr, mmx, sse, sse2, sse3, ssse3, sse4.1, sse4.2, popcnt, avx, avx2, aes, clmul, erms, 3dnowpref, lzcnt, ht, tsc, tscinvbit, bmi1, bmi2, adx

Memory: 4k page, physical 8260772k(796728k free), swap 12356772k(156k free)

vm_info: OpenJDK 64-Bit Server VM (25.152-b01) for windows-amd64 JRE (1.8.0_152-release-915-b01), built by "builder" with MS VC++ 10.0 (VS2010)

time: Tue Nov 14 18:16:26 2017
elapsed time: 3 seconds (0d 0h 0m 3s)

