#
# There is insufficient memory for the Java Runtime Environment to continue.
# Native memory allocation (malloc) failed to allocate 279456 bytes for Chunk::new
# Possible reasons:
#   The system is out of physical RAM or swap space
#   In 32 bit mode, the process size limit was hit
# Possible solutions:
#   Reduce memory load on the system
#   Increase physical memory or swap space
#   Check if swap backing store is full
#   Use 64 bit Java on a 64 bit OS
#   Decrease Java heap size (-Xmx/-Xms)
#   Decrease number of Java threads
#   Decrease Java thread stack sizes (-Xss)
#   Set larger code cache with -XX:ReservedCodeCacheSize=
# This output file may be truncated or incomplete.
#
#  Out of Memory Error (allocation.cpp:390), pid=3912, tid=0x0000000000004de8
#
# JRE version: OpenJDK Runtime Environment (8.0_112-b06) (build 1.8.0_112-release-b06)
# Java VM: OpenJDK 64-Bit Server VM (25.112-b06 mixed mode windows-amd64 compressed oops)
# Failed to write core dump. Minidumps are not enabled by default on client versions of Windows
#

---------------  T H R E A D  ---------------

Current thread (0x000000001e17b000):  JavaThread "C2 CompilerThread2" daemon [_thread_in_native, id=19944, stack(0x000000001eaf0000,0x000000001ebf0000)]

Stack: [0x000000001eaf0000,0x000000001ebf0000]
[error occurred during error reporting (printing stack bounds), id 0xc0000005]

Native frames: (J=compiled Java code, j=interpreted, Vv=VM code, C=native code)


Current CompileTask:
C2:   2497 1370       4       com.android.dx.ssa.SCCP::simulateBranch (666 bytes)


---------------  P R O C E S S  ---------------

Java Threads: ( => current thread )
  0x000000001e2f4000 JavaThread "pool-2-thread-4" [_thread_blocked, id=9344, stack(0x000000001f2f0000,0x000000001f3f0000)]
  0x000000001e2fd000 JavaThread "pool-2-thread-3" [_thread_blocked, id=8948, stack(0x000000001f1f0000,0x000000001f2f0000)]
  0x000000001e2f8000 JavaThread "pool-2-thread-2" [_thread_in_Java, id=15028, stack(0x000000001f0f0000,0x000000001f1f0000)]
  0x000000001e2e1800 JavaThread "pool-3-thread-1" [_thread_blocked, id=11688, stack(0x000000001eff0000,0x000000001f0f0000)]
  0x000000001e2e1000 JavaThread "pool-2-thread-1" [_thread_blocked, id=2104, stack(0x000000001eef0000,0x000000001eff0000)]
  0x000000001e1b6000 JavaThread "Service Thread" daemon [_thread_blocked, id=16316, stack(0x000000001ecf0000,0x000000001edf0000)]
  0x000000001e17f000 JavaThread "C1 CompilerThread3" daemon [_thread_blocked, id=10540, stack(0x000000001ebf0000,0x000000001ecf0000)]
=>0x000000001e17b000 JavaThread "C2 CompilerThread2" daemon [_thread_in_native, id=19944, stack(0x000000001eaf0000,0x000000001ebf0000)]
  0x000000001e177800 JavaThread "C2 CompilerThread1" daemon [_thread_in_native, id=11104, stack(0x000000001e9f0000,0x000000001eaf0000)]
  0x000000001e126800 JavaThread "C2 CompilerThread0" daemon [_thread_in_native, id=18840, stack(0x000000001e8f0000,0x000000001e9f0000)]
  0x000000001e125000 JavaThread "Attach Listener" daemon [_thread_blocked, id=19528, stack(0x000000001e7f0000,0x000000001e8f0000)]
  0x000000001e124000 JavaThread "Signal Dispatcher" daemon [_thread_blocked, id=13960, stack(0x000000001e6f0000,0x000000001e7f0000)]
  0x00000000026ee000 JavaThread "Finalizer" daemon [_thread_blocked, id=5284, stack(0x000000001e500000,0x000000001e600000)]
  0x000000001c20b800 JavaThread "Reference Handler" daemon [_thread_blocked, id=14760, stack(0x000000001e000000,0x000000001e100000)]
  0x00000000024ed800 JavaThread "main" [_thread_in_native, id=12504, stack(0x00000000024f0000,0x00000000025f0000)]

Other Threads:
  0x000000001c205000 VMThread [stack: 0x000000001df00000,0x000000001e000000] [id=10352]
  0x000000001e1b6800 WatcherThread [stack: 0x000000001edf0000,0x000000001eef0000] [id=12040]

VM state:not at safepoint (normal execution)

VM Mutex/Monitor currently owned by a thread: None

Heap:
 PSYoungGen      total 38400K, used 34241K [0x000000076ab00000, 0x000000076d580000, 0x00000007c0000000)
  eden space 33280K, 87% used [0x000000076ab00000,0x000000076c774b80,0x000000076cb80000)
  from space 5120K, 99% used [0x000000076cb80000,0x000000076d07b9c8,0x000000076d080000)
  to   space 5120K, 0% used [0x000000076d080000,0x000000076d080000,0x000000076d580000)
 ParOldGen       total 87552K, used 1618K [0x00000006c0000000, 0x00000006c5580000, 0x000000076ab00000)
  object space 87552K, 1% used [0x00000006c0000000,0x00000006c01949f0,0x00000006c5580000)
 Metaspace       used 5857K, capacity 7024K, committed 7296K, reserved 1056768K
  class space    used 560K, capacity 616K, committed 640K, reserved 1048576K

Card table byte_map: [0x0000000011ab0000,0x00000000122c0000] byte_map_base: 0x000000000e4b0000

Marking Bits: (ParMarkBitMap*) 0x000000006f7818f0
 Begin Bits: [0x0000000013020000, 0x0000000017020000)
 End Bits:   [0x0000000017020000, 0x000000001b020000)

Polling page: 0x0000000002390000

CodeCache: size=245760Kb used=6226Kb max_used=6226Kb free=239533Kb
 bounds [0x00000000026f0000, 0x0000000002d10000, 0x00000000116f0000]
 total_blobs=1692 nmethods=1431 adapters=175
 compilation: enabled

Compilation events (10 events):
Event: 2.340 Thread 0x000000001e17f000 nmethod 1413 0x0000000002cc3d90 code [0x0000000002cc4000, 0x0000000002cc51e8]
Event: 2.341 Thread 0x000000001e17f000 1414       3       com.android.dx.rop.cst.CstBaseMethodRef::isClassInit (8 bytes)
Event: 2.342 Thread 0x000000001e17f000 nmethod 1414 0x0000000002cc5bd0 code [0x0000000002cc5d40, 0x0000000002cc6188]
Event: 2.400 Thread 0x000000001e17f000 1415       3       com.android.dx.cf.attrib.AttLineNumberTable::byteLength (13 bytes)
Event: 2.400 Thread 0x000000001e17f000 nmethod 1415 0x0000000002ccde10 code [0x0000000002ccdf80, 0x0000000002cce1d0]
Event: 2.404 Thread 0x000000001e17b000 nmethod 1286 0x0000000002cce2d0 code [0x0000000002cce9a0, 0x0000000002cd5610]
Event: 2.405 Thread 0x000000001e17b000 1370       4       com.android.dx.ssa.SCCP::simulateBranch (666 bytes)
Event: 2.427 Thread 0x000000001e17f000 1416       3       com.android.dx.rop.cst.CstMethodRef::<init> (7 bytes)
Event: 2.427 Thread 0x000000001e17f000 nmethod 1416 0x0000000002ccd6d0 code [0x0000000002ccd860, 0x0000000002ccdc98]
Event: 2.427 Thread 0x000000001e17f000 1417       3       com.android.dx.cf.code.LocalVariableList$Item::getLocalItem (12 bytes)

GC Heap History (2 events):
Event: 1.695 GC heap before
{Heap before GC invocations=1 (full 0):
 PSYoungGen      total 38400K, used 33280K [0x000000076ab00000, 0x000000076d580000, 0x00000007c0000000)
  eden space 33280K, 100% used [0x000000076ab00000,0x000000076cb80000,0x000000076cb80000)
  from space 5120K, 0% used [0x000000076d080000,0x000000076d080000,0x000000076d580000)
  to   space 5120K, 0% used [0x000000076cb80000,0x000000076cb80000,0x000000076d080000)
 ParOldGen       total 87552K, used 0K [0x00000006c0000000, 0x00000006c5580000, 0x000000076ab00000)
  object space 87552K, 0% used [0x00000006c0000000,0x00000006c0000000,0x00000006c5580000)
 Metaspace       used 5729K, capacity 6896K, committed 7040K, reserved 1056768K
  class space    used 558K, capacity 616K, committed 640K, reserved 1048576K
Event: 1.777 GC heap after
Heap after GC invocations=1 (full 0):
 PSYoungGen      total 38400K, used 5102K [0x000000076ab00000, 0x000000076d580000, 0x00000007c0000000)
  eden space 33280K, 0% used [0x000000076ab00000,0x000000076ab00000,0x000000076cb80000)
  from space 5120K, 99% used [0x000000076cb80000,0x000000076d07b9c8,0x000000076d080000)
  to   space 5120K, 0% used [0x000000076d080000,0x000000076d080000,0x000000076d580000)
 ParOldGen       total 87552K, used 1618K [0x00000006c0000000, 0x00000006c5580000, 0x000000076ab00000)
  object space 87552K, 1% used [0x00000006c0000000,0x00000006c01949f0,0x00000006c5580000)
 Metaspace       used 5729K, capacity 6896K, committed 7040K, reserved 1056768K
  class space    used 558K, capacity 616K, committed 640K, reserved 1048576K
}

Deoptimization events (10 events):
Event: 2.178 Thread 0x000000001e2e1000 Uncommon trap: reason=unstable_if action=reinterpret pc=0x0000000002c57744 method=com.android.dx.rop.code.DexTranslationAdvice.requiresSourcesInOrder(Lcom/android/dx/rop/code/Rop;Lcom/android/dx/rop/code/RegisterSpecList;)Z @ 21
Event: 2.178 Thread 0x000000001e2e1000 Uncommon trap: reason=class_check action=maybe_recompile pc=0x0000000002ae54ac method=com.android.dx.ssa.NormalSsaInsn.accept(Lcom/android/dx/ssa/SsaInsn$Visitor;)V @ 9
Event: 2.178 Thread 0x000000001e2e1000 Uncommon trap: reason=class_check action=maybe_recompile pc=0x0000000002af6c58 method=com.android.dx.ssa.NormalSsaInsn.accept(Lcom/android/dx/ssa/SsaInsn$Visitor;)V @ 9
Event: 2.178 Thread 0x000000001e2e1000 Uncommon trap: reason=class_check action=maybe_recompile pc=0x0000000002af6c58 method=com.android.dx.ssa.NormalSsaInsn.accept(Lcom/android/dx/ssa/SsaInsn$Visitor;)V @ 9
Event: 2.178 Thread 0x000000001e2e1000 Uncommon trap: reason=class_check action=maybe_recompile pc=0x0000000002ae54ac method=com.android.dx.ssa.NormalSsaInsn.accept(Lcom/android/dx/ssa/SsaInsn$Visitor;)V @ 9
Event: 2.182 Thread 0x000000001e2e1000 Uncommon trap: reason=unstable_if action=reinterpret pc=0x0000000002a9760c method=com.android.dx.util.IntList.binarysearch(I)I @ 105
Event: 2.194 Thread 0x000000001e2e1000 Uncommon trap: reason=unstable_if action=reinterpret pc=0x0000000002bd2b74 method=com.android.dx.ssa.SsaRenamer$BlockRenamer.addMapping(ILcom/android/dx/rop/code/RegisterSpec;)V @ 120
Event: 2.194 Thread 0x000000001e2e1000 Uncommon trap: reason=unstable_if action=reinterpret pc=0x0000000002b7cc34 method=com.android.dx.ssa.SsaRenamer$BlockRenamer.addMapping(ILcom/android/dx/rop/code/RegisterSpec;)V @ 120
Event: 2.209 Thread 0x000000001e2e1000 Uncommon trap: reason=unstable_if action=reinterpret pc=0x0000000002a108e8 method=com.android.dx.ssa.SsaRenamer$BlockRenamer.addMapping(ILcom/android/dx/rop/code/RegisterSpec;)V @ 120
Event: 2.211 Thread 0x000000001e2e1000 Uncommon trap: reason=unstable_if action=reinterpret pc=0x0000000002c004fc method=com.android.dx.util.BitIntSet.has(I)Z @ 8

Internal exceptions (5 events):
Event: 0.049 Thread 0x00000000024ed800 Exception <a 'java/lang/NoSuchMethodError': Method sun.misc.Unsafe.defineClass(Ljava/lang/String;[BII)Ljava/lang/Class; name or signature does not match> (0x000000076ab07c78) thrown at [C:\src\android\AOSP-openjdk\external\jetbrains\jdk\hotspot\src\share\vgƒäù˜L©?
Event: 0.049 Thread 0x00000000024ed800 Exception <a 'java/lang/NoSuchMethodError': Method sun.misc.Unsafe.prefetchRead(Ljava/lang/Object;J)V name or signature does not match> (0x000000076ab07f60) thrown at [C:\src\android\AOSP-openjdk\external\jetbrains\jdk\hotspot\src\share\vm\prims\jni.cpp, l‚V<ƒñ?
Event: 1.037 Thread 0x000000001e2f4000 Implicit null exception at 0x0000000002a30b17 to 0x0000000002a32ae9
Event: 1.037 Thread 0x000000001e2f4000 Implicit null exception at 0x0000000002a23b30 to 0x0000000002a25df5
Event: 1.159 Thread 0x000000001e2fd000 Implicit null exception at 0x0000000002a2b1e2 to 0x0000000002a2b2e2

Events (10 events):
Event: 2.194 Thread 0x000000001e2e1000 DEOPT UNPACKING pc=0x000000000273556a sp=0x000000001efee4c0 mode 2
Event: 2.194 Thread 0x000000001e2e1000 Uncommon trap: trap_request=0xffffff65 fr.pc=0x0000000002b7cc34
Event: 2.194 Thread 0x000000001e2e1000 DEOPT PACKING pc=0x0000000002b7cc34 sp=0x000000001efee580
Event: 2.194 Thread 0x000000001e2e1000 DEOPT UNPACKING pc=0x000000000273556a sp=0x000000001efee4b0 mode 2
Event: 2.209 Thread 0x000000001e2e1000 Uncommon trap: trap_request=0xffffff65 fr.pc=0x0000000002a108e8
Event: 2.209 Thread 0x000000001e2e1000 DEOPT PACKING pc=0x0000000002a108e8 sp=0x000000001efee500
Event: 2.209 Thread 0x000000001e2e1000 DEOPT UNPACKING pc=0x000000000273556a sp=0x000000001efee490 mode 2
Event: 2.211 Thread 0x000000001e2e1000 Uncommon trap: trap_request=0xffffff65 fr.pc=0x0000000002c004fc
Event: 2.211 Thread 0x000000001e2e1000 DEOPT PACKING pc=0x0000000002c004fc sp=0x000000001efee7b0
Event: 2.211 Thread 0x000000001e2e1000 DEOPT UNPACKING pc=0x000000000273556a sp=0x000000001efee618 mode 2


Dynamic libraries:
0x00007ff6fa0b0000 - 0x00007ff6fa0e1000 	F:\Program Files (x86)\Android\Android Studio\jre\bin\java.exe
0x00007ffd1ba50000 - 0x00007ffd1bc2b000 	C:\Windows\SYSTEM32\ntdll.dll
0x00007ffd1b970000 - 0x00007ffd1ba1e000 	C:\Windows\System32\KERNEL32.DLL
0x00007ffd18630000 - 0x00007ffd18879000 	C:\Windows\System32\KERNELBASE.dll
0x00007ffd1af30000 - 0x00007ffd1afd1000 	C:\Windows\System32\ADVAPI32.dll
0x00007ffd1ac80000 - 0x00007ffd1ad1d000 	C:\Windows\System32\msvcrt.dll
0x00007ffd1b520000 - 0x00007ffd1b579000 	C:\Windows\System32\sechost.dll
0x00007ffd1ab50000 - 0x00007ffd1ac75000 	C:\Windows\System32\RPCRT4.dll
0x00007ffd18f80000 - 0x00007ffd190ca000 	C:\Windows\System32\USER32.dll
0x00007ffd185c0000 - 0x00007ffd185de000 	C:\Windows\System32\win32u.dll
0x00007ffd190d0000 - 0x00007ffd190f7000 	C:\Windows\System32\GDI32.dll
0x00007ffd18050000 - 0x00007ffd181d7000 	C:\Windows\System32\gdi32full.dll
0x00007ffd17f40000 - 0x00007ffd17fda000 	C:\Windows\System32\msvcp_win.dll
0x00007ffd184c0000 - 0x00007ffd185b6000 	C:\Windows\System32\ucrtbase.dll
0x00007ffd094a0000 - 0x00007ffd09707000 	C:\Windows\WinSxS\amd64_microsoft.windows.common-controls_6595b64144ccf1df_6.0.15063.483_none_26002d27e7c744a2\COMCTL32.dll
0x00007ffd1b0e0000 - 0x00007ffd1b3d9000 	C:\Windows\System32\combase.dll
0x00007ffd17fe0000 - 0x00007ffd1804a000 	C:\Windows\System32\bcryptPrimitives.dll
0x00007ffd196e0000 - 0x00007ffd1970d000 	C:\Windows\System32\IMM32.DLL
0x000000006e970000 - 0x000000006ea42000 	F:\Program Files (x86)\Android\Android Studio\jre\jre\bin\msvcr100.dll
0x000000006efc0000 - 0x000000006f7fc000 	F:\Program Files (x86)\Android\Android Studio\jre\jre\bin\server\jvm.dll
0x00007ffd19100000 - 0x00007ffd19108000 	C:\Windows\System32\PSAPI.DLL
0x00007ffd123b0000 - 0x00007ffd123b9000 	C:\Windows\SYSTEM32\WSOCK32.dll
0x00007ffd1b580000 - 0x00007ffd1b5ec000 	C:\Windows\System32\WS2_32.dll
0x00007ffd103a0000 - 0x00007ffd103c3000 	C:\Windows\SYSTEM32\WINMM.dll
0x00007ffd13110000 - 0x00007ffd1311a000 	C:\Windows\SYSTEM32\VERSION.dll
0x00007ffd10370000 - 0x00007ffd1039b000 	C:\Windows\SYSTEM32\winmmbase.dll
0x00007ffd185e0000 - 0x00007ffd18629000 	C:\Windows\System32\cfgmgr32.dll
0x00007ffd10fe0000 - 0x00007ffd10fef000 	F:\Program Files (x86)\Android\Android Studio\jre\jre\bin\verify.dll
0x00007ffd10fb0000 - 0x00007ffd10fd9000 	F:\Program Files (x86)\Android\Android Studio\jre\jre\bin\java.dll
0x00007ffd0be00000 - 0x00007ffd0be16000 	F:\Program Files (x86)\Android\Android Studio\jre\jre\bin\zip.dll
0x00007ffd19710000 - 0x00007ffd1ab46000 	C:\Windows\System32\SHELL32.dll
0x00007ffd1b3f0000 - 0x00007ffd1b49a000 	C:\Windows\System32\shcore.dll
0x00007ffd18880000 - 0x00007ffd18f71000 	C:\Windows\System32\windows.storage.dll
0x00007ffd19110000 - 0x00007ffd19161000 	C:\Windows\System32\shlwapi.dll
0x00007ffd17eb0000 - 0x00007ffd17ec1000 	C:\Windows\System32\kernel.appcore.dll
0x00007ffd17ed0000 - 0x00007ffd17f1c000 	C:\Windows\System32\powrprof.dll
0x00007ffd17f20000 - 0x00007ffd17f35000 	C:\Windows\System32\profapi.dll

VM Arguments:
jvm_args: -Djava.awt.headless=true -Xmx4g -Dfile.encoding=windows-1252 -Duser.country=US -Duser.language=en -Duser.variant 
java_command: com.android.dx.command.Main --dex --force-jumbo --num-threads=4 --multi-dex --output F:\TIF\Semester 7\Mobile Programming\Lab\Event Finder v1.0\EventFinder\app\build\intermediates\transforms\dex\debug\folders\1000\5\slice_4 F:\TIF\Semester 7\Mobile Programming\Lab\Event Finder v1.0\EventFinder\app\build\intermediates\transforms\instantRunSlicer\debug\folders\1\5\slice_4
java_class_path (initial): F:\Android\sdk\build-tools\25.0.0\lib\dx.jar
Launcher Type: SUN_STANDARD

Environment Variables:
PATH=C:\ProgramData\Oracle\Java\javapath;C:\Program Files (x86)\Intel\iCLS Client\;C:\Program Files\Intel\iCLS Client\;C:\Windows\system32;C:\Windows;C:\Windows\System32\Wbem;C:\Windows\System32\WindowsPowerShell\v1.0\;C:\Program Files (x86)\Intel\Intel(R) Management Engine Components\DAL;C:\Program Files\Intel\Intel(R) Management Engine Components\DAL;C:\Program Files (x86)\Intel\Intel(R) Management Engine Components\IPT;C:\Program Files\Intel\Intel(R) Management Engine Components\IPT;C:\Program Files (x86)\NVIDIA Corporation\PhysX\Common;C:\Program Files\Java\jdk1.8.0_144\bin;C:\Program Files\Java\jdk1.8.0_144\lib;C:\TDM-GCC-64\bin;C:\Program Files (x86)\CodeBlocks\MinGW\bin;C:\Windows\system32;C:\Windows;C:\Windows\System32\Wbem;C:\Windows\System32\WindowsPowerShell\v1.0\;C:\HashiCorp\Vagrant\bin;C:\Program Files\Git\cmd;C:\Program Files\PuTTY\;C:\Users\legion Y520\AppData\Local\Programs\Python\Python35\Scripts\;C:\Users\legion Y520\AppData\Local\Programs\Python\Python35\;C:\Users\legion Y520\AppData\Local\Microsoft\WindowsApps;C:\TDM-GCC-64\bin;C:\Program Files (x86)\CodeBlocks\MinGW\bin;C:\Users\legion Y520\AppData\Local\GitHubDesktop\bin;C:\Users\legion Y520\AppData\Local\Microsoft\WindowsApps;C:\Program Files\aircrack-ng-1.2-rc4-win\bin\64bit;
USERNAME=Joseph
OS=Windows_NT
PROCESSOR_IDENTIFIER=Intel64 Family 6 Model 158 Stepping 9, GenuineIntel



---------------  S Y S T E M  ---------------

OS: Windows 10.0 , 64 bit Build 15063 (10.0.15063.296)

CPU:total 8 (4 cores per cpu, 2 threads per core) family 6 model 158 stepping 9, cmov, cx8, fxsr, mmx, sse, sse2, sse3, ssse3, sse4.1, sse4.2, popcnt, avx, avx2, aes, clmul, erms, 3dnowpref, lzcnt, ht, tsc, tscinvbit, bmi1, bmi2, adx

Memory: 4k page, physical 8260772k(866120k free), swap 12356772k(9304k free)

vm_info: OpenJDK 64-Bit Server VM (25.112-b06) for windows-amd64 JRE (1.8.0_112-release-b06), built on Dec  8 2016 00:54:26 by "builder" with MS VC++ 10.0 (VS2010)

time: Sat Oct 28 00:57:55 2017
elapsed time: 2 seconds (0d 0h 0m 2s)

