#
# There is insufficient memory for the Java Runtime Environment to continue.
# Native memory allocation (malloc) failed to allocate 131088 bytes for Chunk::new
# Possible reasons:
#   The system is out of physical RAM or swap space
#   In 32 bit mode, the process size limit was hit
# Possible solutions:
#   Reduce memory load on the system
#   Increase physical memory or swap space
#   Check if swap backing store is full
#   Use 64 bit Java on a 64 bit OS
#   Decrease Java heap size (-Xmx/-Xms)
#   Decrease number of Java threads
#   Decrease Java thread stack sizes (-Xss)
#   Set larger code cache with -XX:ReservedCodeCacheSize=
# This output file may be truncated or incomplete.
#
#  Out of Memory Error (allocation.cpp:390), pid=13548, tid=0x0000000000005f2c
#
# JRE version: OpenJDK Runtime Environment (8.0_152-b01) (build 1.8.0_152-release-915-b01)
# Java VM: OpenJDK 64-Bit Server VM (25.152-b01 mixed mode windows-amd64 compressed oops)
# Failed to write core dump. Minidumps are not enabled by default on client versions of Windows
#

---------------  T H R E A D  ---------------

Current thread (0x00000000206d5800):  JavaThread "C2 CompilerThread2" daemon [_thread_in_native, id=24364, stack(0x0000000021090000,0x0000000021190000)]

Stack: [0x0000000021090000,0x0000000021190000]
[error occurred during error reporting (printing stack bounds), id 0xc0000005]

Native frames: (J=compiled Java code, j=interpreted, Vv=VM code, C=native code)


Current CompileTask:
C2:   1690 1359   !   4       com.android.dx.cf.cst.ConstantPoolParser::parse0 (731 bytes)


---------------  P R O C E S S  ---------------

Java Threads: ( => current thread )
  0x0000000020894800 JavaThread "pool-3-thread-1" [_thread_blocked, id=8852, stack(0x0000000021590000,0x0000000021690000)]
  0x0000000020894000 JavaThread "pool-2-thread-1" [_thread_in_Java, id=9280, stack(0x0000000021490000,0x0000000021590000)]
  0x0000000020722000 JavaThread "Service Thread" daemon [_thread_blocked, id=33120, stack(0x0000000021290000,0x0000000021390000)]
  0x00000000206df800 JavaThread "C1 CompilerThread3" daemon [_thread_in_native, id=1312, stack(0x0000000021190000,0x0000000021290000)]
=>0x00000000206d5800 JavaThread "C2 CompilerThread2" daemon [_thread_in_native, id=24364, stack(0x0000000021090000,0x0000000021190000)]
  0x00000000206d3000 JavaThread "C2 CompilerThread1" daemon [_thread_in_native, id=11756, stack(0x0000000020f90000,0x0000000021090000)]
  0x00000000206cd000 JavaThread "C2 CompilerThread0" daemon [_thread_in_native, id=32192, stack(0x0000000020e90000,0x0000000020f90000)]
  0x00000000206cb800 JavaThread "Attach Listener" daemon [_thread_blocked, id=17128, stack(0x0000000020d90000,0x0000000020e90000)]
  0x00000000206ca800 JavaThread "Signal Dispatcher" daemon [_thread_blocked, id=27844, stack(0x0000000020c90000,0x0000000020d90000)]
  0x00000000206c0800 JavaThread "Finalizer" daemon [_thread_blocked, id=33220, stack(0x0000000020aa0000,0x0000000020ba0000)]
  0x000000001e7cb800 JavaThread "Reference Handler" daemon [_thread_blocked, id=7028, stack(0x00000000205a0000,0x00000000206a0000)]
  0x0000000004a4e000 JavaThread "main" [_thread_blocked, id=20140, stack(0x0000000004a50000,0x0000000004b50000)]

Other Threads:
  0x000000001e7c5000 VMThread [stack: 0x00000000204a0000,0x00000000205a0000] [id=32804]
  0x0000000020777800 WatcherThread [stack: 0x0000000021390000,0x0000000021490000] [id=14956]

VM state:not at safepoint (normal execution)

VM Mutex/Monitor currently owned by a thread: None

Heap:
 PSYoungGen      total 38400K, used 21789K [0x000000076ab00000, 0x000000076f600000, 0x00000007c0000000)
  eden space 33280K, 50% used [0x000000076ab00000,0x000000076bb485b0,0x000000076cb80000)
  from space 5120K, 99% used [0x000000076cb80000,0x000000076d07f1d0,0x000000076d080000)
  to   space 5120K, 0% used [0x000000076f100000,0x000000076f100000,0x000000076f600000)
 ParOldGen       total 87552K, used 19971K [0x00000006c0000000, 0x00000006c5580000, 0x000000076ab00000)
  object space 87552K, 22% used [0x00000006c0000000,0x00000006c1380ee0,0x00000006c5580000)
 Metaspace       used 5992K, capacity 7024K, committed 7296K, reserved 1056768K
  class space    used 576K, capacity 616K, committed 640K, reserved 1048576K

Card table byte_map: [0x0000000014020000,0x0000000014830000] byte_map_base: 0x0000000010a20000

Marking Bits: (ParMarkBitMap*) 0x000000005a0d3950
 Begin Bits: [0x0000000015590000, 0x0000000019590000)
 End Bits:   [0x0000000019590000, 0x000000001d590000)

Polling page: 0x00000000049e0000

CodeCache: size=245760Kb used=6671Kb max_used=6679Kb free=239089Kb
 bounds [0x0000000004c60000, 0x00000000052f0000, 0x0000000013c60000]
 total_blobs=1763 nmethods=1502 adapters=175
 compilation: enabled

Compilation events (10 events):
Event: 1.594 Thread 0x00000000206d5800 nmethod 1423 0x00000000052cefd0 code [0x00000000052cf120, 0x00000000052cf1f8]
Event: 1.594 Thread 0x00000000206d5800 1472       4       com.android.dx.rop.code.Insn::contentEquals (84 bytes)
Event: 1.610 Thread 0x00000000206d5800 nmethod 1472 0x00000000052e9310 code [0x00000000052e94e0, 0x00000000052ea488]
Event: 1.610 Thread 0x00000000206d5800 1520       4       java.lang.Integer::bitCount (49 bytes)
Event: 1.611 Thread 0x00000000206d5800 nmethod 1520 0x00000000051bbe10 code [0x00000000051bbf40, 0x00000000051bbfd8]
Event: 1.611 Thread 0x00000000206d5800 1440       4       com.android.dx.rop.code.ThrowingCstInsn::withNewRegisters (25 bytes)
Event: 1.612 Thread 0x00000000206d5800 nmethod 1440 0x00000000052e1510 code [0x00000000052e1660, 0x00000000052e1898]
Event: 1.612 Thread 0x00000000206d5800 1359   !   4       com.android.dx.cf.cst.ConstantPoolParser::parse0 (731 bytes)
Event: 1.685 Thread 0x00000000206df800 1528       3       com.android.dx.ssa.SsaMethod::setBackMode (16 bytes)
Event: 1.685 Thread 0x00000000206df800 nmethod 1528 0x00000000052e1190 code [0x00000000052e12e0, 0x00000000052e1470]

GC Heap History (6 events):
Event: 0.921 GC heap before
{Heap before GC invocations=1 (full 0):
 PSYoungGen      total 38400K, used 33280K [0x000000076ab00000, 0x000000076d580000, 0x00000007c0000000)
  eden space 33280K, 100% used [0x000000076ab00000,0x000000076cb80000,0x000000076cb80000)
  from space 5120K, 0% used [0x000000076d080000,0x000000076d080000,0x000000076d580000)
  to   space 5120K, 0% used [0x000000076cb80000,0x000000076cb80000,0x000000076d080000)
 ParOldGen       total 87552K, used 0K [0x00000006c0000000, 0x00000006c5580000, 0x000000076ab00000)
  object space 87552K, 0% used [0x00000006c0000000,0x00000006c0000000,0x00000006c5580000)
 Metaspace       used 5813K, capacity 6896K, committed 7040K, reserved 1056768K
  class space    used 571K, capacity 616K, committed 640K, reserved 1048576K
Event: 0.926 GC heap after
Heap after GC invocations=1 (full 0):
 PSYoungGen      total 38400K, used 5102K [0x000000076ab00000, 0x000000076d580000, 0x00000007c0000000)
  eden space 33280K, 0% used [0x000000076ab00000,0x000000076ab00000,0x000000076cb80000)
  from space 5120K, 99% used [0x000000076cb80000,0x000000076d07b9f0,0x000000076d080000)
  to   space 5120K, 0% used [0x000000076d080000,0x000000076d080000,0x000000076d580000)
 ParOldGen       total 87552K, used 1228K [0x00000006c0000000, 0x00000006c5580000, 0x000000076ab00000)
  object space 87552K, 1% used [0x00000006c0000000,0x00000006c0133048,0x00000006c5580000)
 Metaspace       used 5813K, capacity 6896K, committed 7040K, reserved 1056768K
  class space    used 571K, capacity 616K, committed 640K, reserved 1048576K
}
Event: 1.234 GC heap before
{Heap before GC invocations=2 (full 0):
 PSYoungGen      total 38400K, used 38382K [0x000000076ab00000, 0x000000076d580000, 0x00000007c0000000)
  eden space 33280K, 100% used [0x000000076ab00000,0x000000076cb80000,0x000000076cb80000)
  from space 5120K, 99% used [0x000000076cb80000,0x000000076d07b9f0,0x000000076d080000)
  to   space 5120K, 0% used [0x000000076d080000,0x000000076d080000,0x000000076d580000)
 ParOldGen       total 87552K, used 1228K [0x00000006c0000000, 0x00000006c5580000, 0x000000076ab00000)
  object space 87552K, 1% used [0x00000006c0000000,0x00000006c0133048,0x00000006c5580000)
 Metaspace       used 5924K, capacity 6960K, committed 7040K, reserved 1056768K
  class space    used 573K, capacity 616K, committed 640K, reserved 1048576K
Event: 1.244 GC heap after
Heap after GC invocations=2 (full 0):
 PSYoungGen      total 38400K, used 5094K [0x000000076ab00000, 0x000000076f600000, 0x00000007c0000000)
  eden space 33280K, 0% used [0x000000076ab00000,0x000000076ab00000,0x000000076cb80000)
  from space 5120K, 99% used [0x000000076d080000,0x000000076d579bd8,0x000000076d580000)
  to   space 5120K, 0% used [0x000000076cb80000,0x000000076cb80000,0x000000076d080000)
 ParOldGen       total 87552K, used 9894K [0x00000006c0000000, 0x00000006c5580000, 0x000000076ab00000)
  object space 87552K, 11% used [0x00000006c0000000,0x00000006c09a9988,0x00000006c5580000)
 Metaspace       used 5924K, capacity 6960K, committed 7040K, reserved 1056768K
  class space    used 573K, capacity 616K, committed 640K, reserved 1048576K
}
Event: 1.429 GC heap before
{Heap before GC invocations=3 (full 0):
 PSYoungGen      total 38400K, used 38374K [0x000000076ab00000, 0x000000076f600000, 0x00000007c0000000)
  eden space 33280K, 100% used [0x000000076ab00000,0x000000076cb80000,0x000000076cb80000)
  from space 5120K, 99% used [0x000000076d080000,0x000000076d579bd8,0x000000076d580000)
  to   space 5120K, 0% used [0x000000076cb80000,0x000000076cb80000,0x000000076d080000)
 ParOldGen       total 87552K, used 9894K [0x00000006c0000000, 0x00000006c5580000, 0x000000076ab00000)
  object space 87552K, 11% used [0x00000006c0000000,0x00000006c09a9988,0x00000006c5580000)
 Metaspace       used 5957K, capacity 7024K, committed 7296K, reserved 1056768K
  class space    used 574K, capacity 616K, committed 640K, reserved 1048576K
Event: 1.449 GC heap after
Heap after GC invocations=3 (full 0):
 PSYoungGen      total 38400K, used 5116K [0x000000076ab00000, 0x000000076f600000, 0x00000007c0000000)
  eden space 33280K, 0% used [0x000000076ab00000,0x000000076ab00000,0x000000076cb80000)
  from space 5120K, 99% used [0x000000076cb80000,0x000000076d07f1d0,0x000000076d080000)
  to   space 5120K, 0% used [0x000000076f100000,0x000000076f100000,0x000000076f600000)
 ParOldGen       total 87552K, used 19971K [0x00000006c0000000, 0x00000006c5580000, 0x000000076ab00000)
  object space 87552K, 22% used [0x00000006c0000000,0x00000006c1380ee0,0x00000006c5580000)
 Metaspace       used 5957K, capacity 7024K, committed 7296K, reserved 1056768K
  class space    used 574K, capacity 616K, committed 640K, reserved 1048576K
}

Deoptimization events (10 events):
Event: 1.173 Thread 0x00000000208c5000 Uncommon trap: reason=unstable_if action=reinterpret pc=0x00000000051c8a38 method=com.android.dx.cf.code.Merger.isPossiblyAssignableFrom(Lcom/android/dx/rop/type/TypeBearer;Lcom/android/dx/rop/type/TypeBearer;)Z @ 131
Event: 1.175 Thread 0x00000000208c5000 Uncommon trap: reason=null_check action=make_not_entrant pc=0x0000000004ee5580 method=com.android.dx.rop.type.Type.equals(Ljava/lang/Object;)Z @ 8
Event: 1.175 Thread 0x00000000208c5000 Uncommon trap: reason=unstable_if action=reinterpret pc=0x0000000005138aa4 method=com.android.dx.ssa.SCCP.simulateBranch(Lcom/android/dx/ssa/SsaInsn;)V @ 53
Event: 1.176 Thread 0x00000000208c5000 Uncommon trap: reason=unstable_if action=reinterpret pc=0x00000000051406e0 method=com.android.dx.ssa.LiteralOpUpgrader$1.visitNonMoveInsn(Lcom/android/dx/ssa/NormalSsaInsn;)V @ 43
Event: 1.178 Thread 0x00000000208c5000 Uncommon trap: reason=class_check action=maybe_recompile pc=0x00000000051d10d0 method=com.android.dx.cf.code.RopperMachine.run(Lcom/android/dx/cf/code/Frame;II)V @ 978
Event: 1.183 Thread 0x00000000208c5000 Uncommon trap: reason=unstable_if action=reinterpret pc=0x0000000005128110 method=com.android.dx.cf.code.ByteCatchList.listFor(I)Lcom/android/dx/cf/code/ByteCatchList; @ 19
Event: 1.184 Thread 0x00000000208c5000 Uncommon trap: reason=unstable_if action=reinterpret pc=0x000000000519950c method=java.util.BitSet.clone()Ljava/lang/Object; @ 4
Event: 1.355 Thread 0x0000000004a4e000 Uncommon trap: reason=unstable_if action=reinterpret pc=0x000000000513323c method=java.lang.String.<init>([CII)V @ 18
Event: 1.370 Thread 0x0000000020894000 Uncommon trap: reason=class_check action=maybe_recompile pc=0x00000000051d10d0 method=com.android.dx.cf.code.RopperMachine.run(Lcom/android/dx/cf/code/Frame;II)V @ 978
Event: 1.372 Thread 0x0000000020894000 Uncommon trap: reason=unstable_if action=reinterpret pc=0x000000000504a8dc method=com.android.dx.ssa.SsaMethod.updateOneDefinition(Lcom/android/dx/ssa/SsaInsn;Lcom/android/dx/rop/code/RegisterSpec;)V @ 4

Classes redefined (0 events):
No events

Internal exceptions (3 events):
Event: 0.024 Thread 0x0000000004a4e000 Exception <a 'java/lang/NoSuchMethodError': Method sun.misc.Unsafe.defineClass(Ljava/lang/String;[BII)Ljava/lang/Class; name or signature does not match> (0x000000076ab07ca8) thrown at [D:\src\AOSP-openjdk-cygwin\jdk8u\hotspot\src\share\vm\prims\jni.cpp, 
Event: 0.024 Thread 0x0000000004a4e000 Exception <a 'java/lang/NoSuchMethodError': Method sun.misc.Unsafe.prefetchRead(Ljava/lang/Object;J)V name or signature does not match> (0x000000076ab07f90) thrown at [D:\src\AOSP-openjdk-cygwin\jdk8u\hotspot\src\share\vm\prims\jni.cpp, line 4011]
Event: 1.175 Thread 0x00000000208c5000 Implicit null exception at 0x0000000004ee5462 to 0x0000000004ee5571

Events (10 events):
Event: 1.450 loading class java/util/HashMap$KeySet done
Event: 1.450 loading class java/util/HashMap$KeyIterator
Event: 1.450 loading class java/util/HashMap$KeyIterator done
Event: 1.452 Thread 0x0000000020894000 DEOPT PACKING pc=0x0000000005142ed5 sp=0x000000002158e900
Event: 1.452 Thread 0x0000000020894000 DEOPT UNPACKING pc=0x0000000004ca75bf sp=0x000000002158e640 mode 0
Event: 1.465 Thread 0x0000000020898800 Thread exited: 0x0000000020898800
Event: 1.467 Thread 0x0000000020894000 DEOPT PACKING pc=0x000000000522ae98 sp=0x000000002158e670
Event: 1.467 Thread 0x0000000020894000 DEOPT UNPACKING pc=0x0000000004ca75bf sp=0x000000002158e370 mode 0
Event: 1.468 Thread 0x0000000020a30000 Thread exited: 0x0000000020a30000
Event: 1.468 Thread 0x00000000208c5000 Thread exited: 0x00000000208c5000


Dynamic libraries:
0x00007ff7d8c00000 - 0x00007ff7d8c31000 	F:\Program Files (x86)\Android\Android Studio\jre\bin\java.exe
0x00007ffda4740000 - 0x00007ffda4920000 	C:\WINDOWS\SYSTEM32\ntdll.dll
0x00007ffda40a0000 - 0x00007ffda414e000 	C:\WINDOWS\System32\KERNEL32.DLL
0x00007ffda1870000 - 0x00007ffda1ad6000 	C:\WINDOWS\System32\KERNELBASE.dll
0x00007ffda4500000 - 0x00007ffda45a1000 	C:\WINDOWS\System32\ADVAPI32.dll
0x00007ffda4150000 - 0x00007ffda41ed000 	C:\WINDOWS\System32\msvcrt.dll
0x00007ffda1e30000 - 0x00007ffda1e8b000 	C:\WINDOWS\System32\sechost.dll
0x00007ffda45b0000 - 0x00007ffda46cf000 	C:\WINDOWS\System32\RPCRT4.dll
0x00007ffda3590000 - 0x00007ffda371e000 	C:\WINDOWS\System32\USER32.dll
0x00007ffda17b0000 - 0x00007ffda17d0000 	C:\WINDOWS\System32\win32u.dll
0x00007ffda3b10000 - 0x00007ffda3b38000 	C:\WINDOWS\System32\GDI32.dll
0x00007ffda0bf0000 - 0x00007ffda0d84000 	C:\WINDOWS\System32\gdi32full.dll
0x00007ffda17d0000 - 0x00007ffda186b000 	C:\WINDOWS\System32\msvcp_win.dll
0x00007ffda1ae0000 - 0x00007ffda1bd6000 	C:\WINDOWS\System32\ucrtbase.dll
0x00007ffd924d0000 - 0x00007ffd92739000 	C:\WINDOWS\WinSxS\amd64_microsoft.windows.common-controls_6595b64144ccf1df_6.0.16299.19_none_cc92fab02215da61\COMCTL32.dll
0x00007ffda41f0000 - 0x00007ffda44f8000 	C:\WINDOWS\System32\combase.dll
0x00007ffda0b10000 - 0x00007ffda0b82000 	C:\WINDOWS\System32\bcryptPrimitives.dll
0x00007ffda1e90000 - 0x00007ffda1ebd000 	C:\WINDOWS\System32\IMM32.DLL
0x000000005a920000 - 0x000000005a9f2000 	F:\Program Files (x86)\Android\Android Studio\jre\jre\bin\msvcr100.dll
0x0000000059910000 - 0x000000005a14e000 	F:\Program Files (x86)\Android\Android Studio\jre\jre\bin\server\jvm.dll
0x00007ffda3480000 - 0x00007ffda3488000 	C:\WINDOWS\System32\PSAPI.DLL
0x00007ffd9c850000 - 0x00007ffd9c859000 	C:\WINDOWS\SYSTEM32\WSOCK32.dll
0x00007ffda3300000 - 0x00007ffda336c000 	C:\WINDOWS\System32\WS2_32.dll
0x00007ffd91180000 - 0x00007ffd911a3000 	C:\WINDOWS\SYSTEM32\WINMM.dll
0x00007ffd9b6e0000 - 0x00007ffd9b6ea000 	C:\WINDOWS\SYSTEM32\VERSION.dll
0x00007ffd91370000 - 0x00007ffd9139a000 	C:\WINDOWS\SYSTEM32\WINMMBASE.dll
0x00007ffda0d90000 - 0x00007ffda0dda000 	C:\WINDOWS\System32\cfgmgr32.dll
0x00007ffd9c840000 - 0x00007ffd9c84f000 	F:\Program Files (x86)\Android\Android Studio\jre\jre\bin\verify.dll
0x00007ffd8af10000 - 0x00007ffd8af39000 	F:\Program Files (x86)\Android\Android Studio\jre\jre\bin\java.dll
0x00007ffd9c240000 - 0x00007ffd9c256000 	F:\Program Files (x86)\Android\Android Studio\jre\jre\bin\zip.dll
0x00007ffda1ec0000 - 0x00007ffda32f7000 	C:\WINDOWS\System32\SHELL32.dll
0x00007ffda3ff0000 - 0x00007ffda4096000 	C:\WINDOWS\System32\shcore.dll
0x00007ffda0e90000 - 0x00007ffda15d7000 	C:\WINDOWS\System32\windows.storage.dll
0x00007ffda3b40000 - 0x00007ffda3b91000 	C:\WINDOWS\System32\shlwapi.dll
0x00007ffda0a80000 - 0x00007ffda0a91000 	C:\WINDOWS\System32\kernel.appcore.dll
0x00007ffda0ac0000 - 0x00007ffda0b0c000 	C:\WINDOWS\System32\powrprof.dll
0x00007ffda0a60000 - 0x00007ffda0a7b000 	C:\WINDOWS\System32\profapi.dll

VM Arguments:
jvm_args: -Djava.awt.headless=true -Xmx4g -Dfile.encoding=windows-1252 -Duser.country=US -Duser.language=en -Duser.variant 
java_command: com.android.dx.command.Main --dex --force-jumbo --num-threads=4 --multi-dex --output F:\TIF\Semester 7\Mobile Programming\Lab\WhatsCamp\WhatsCamp\app\build\intermediates\transforms\dex\debug\folders\1000\5\slice_5 F:\TIF\Semester 7\Mobile Programming\Lab\WhatsCamp\WhatsCamp\app\build\intermediates\transforms\instantRunSlicer\debug\folders\1\5\slice_5
java_class_path (initial): F:\Android\sdk\build-tools\25.0.0\lib\dx.jar
Launcher Type: SUN_STANDARD

Environment Variables:
PATH=C:\ProgramData\Oracle\Java\javapath;C:\Program Files (x86)\Intel\iCLS Client\;C:\Program Files\Intel\iCLS Client\;C:\Windows\system32;C:\Windows;C:\Windows\System32\Wbem;C:\Windows\System32\WindowsPowerShell\v1.0\;C:\Program Files (x86)\Intel\Intel(R) Management Engine Components\DAL;C:\Program Files\Intel\Intel(R) Management Engine Components\DAL;C:\Program Files (x86)\Intel\Intel(R) Management Engine Components\IPT;C:\Program Files\Intel\Intel(R) Management Engine Components\IPT;C:\Program Files (x86)\NVIDIA Corporation\PhysX\Common;C:\Program Files\Java\jdk1.8.0_144\bin;C:\Program Files\Java\jdk1.8.0_144\lib;C:\TDM-GCC-64\bin;C:\Program Files (x86)\CodeBlocks\MinGW\bin;C:\WINDOWS\system32;C:\WINDOWS;C:\WINDOWS\System32\Wbem;C:\WINDOWS\System32\WindowsPowerShell\v1.0\;C:\HashiCorp\Vagrant\bin;C:\Program Files\Git\cmd;C:\Program Files\PuTTY\;C:\Program Files\IBM\Bluemix\bin;C:\Program Files\Cloud Foundry;C:\Users\legion Y520\AppData\Local\Programs\Python\Python35\Scripts\;C:\Users\legion Y520\AppData\Local\Programs\Python\Python35\;C:\Users\legion Y520\AppData\Local\Microsoft\WindowsApps;C:\TDM-GCC-64\bin;C:\Program Files (x86)\CodeBlocks\MinGW\bin;C:\Users\legion Y520\AppData\Local\GitHubDesktop\bin;C:\Users\legion Y520\AppData\Local\Microsoft\WindowsApps;C:\Program Files\aircrack-ng-1.2-rc4-win\bin\64bit;
USERNAME=Joseph
OS=Windows_NT
PROCESSOR_IDENTIFIER=Intel64 Family 6 Model 158 Stepping 9, GenuineIntel



---------------  S Y S T E M  ---------------

OS: Windows 10.0 , 64 bit Build 16299 (10.0.16299.15)

CPU:total 8 (initial active 8) (4 cores per cpu, 2 threads per core) family 6 model 158 stepping 9, cmov, cx8, fxsr, mmx, sse, sse2, sse3, ssse3, sse4.1, sse4.2, popcnt, avx, avx2, aes, clmul, erms, 3dnowpref, lzcnt, ht, tsc, tscinvbit, bmi1, bmi2, adx

Memory: 4k page, physical 8260772k(1255380k free), swap 12356772k(5216k free)

vm_info: OpenJDK 64-Bit Server VM (25.152-b01) for windows-amd64 JRE (1.8.0_152-release-915-b01), built by "builder" with MS VC++ 10.0 (VS2010)

time: Thu Nov 09 11:55:43 2017
elapsed time: 1 seconds (0d 0h 0m 1s)

