#
# There is insufficient memory for the Java Runtime Environment to continue.
# Native memory allocation (malloc) failed to allocate 125120 bytes for Chunk::new
# Possible reasons:
#   The system is out of physical RAM or swap space
#   In 32 bit mode, the process size limit was hit
# Possible solutions:
#   Reduce memory load on the system
#   Increase physical memory or swap space
#   Check if swap backing store is full
#   Use 64 bit Java on a 64 bit OS
#   Decrease Java heap size (-Xmx/-Xms)
#   Decrease number of Java threads
#   Decrease Java thread stack sizes (-Xss)
#   Set larger code cache with -XX:ReservedCodeCacheSize=
# This output file may be truncated or incomplete.
#
#  Out of Memory Error (allocation.cpp:390), pid=17260, tid=0x0000000000005d24
#
# JRE version: OpenJDK Runtime Environment (8.0_152-b01) (build 1.8.0_152-release-915-b01)
# Java VM: OpenJDK 64-Bit Server VM (25.152-b01 mixed mode windows-amd64 compressed oops)
# Failed to write core dump. Minidumps are not enabled by default on client versions of Windows
#

---------------  T H R E A D  ---------------

Current thread (0x000000001ee0e000):  JavaThread "C2 CompilerThread2" daemon [_thread_in_native, id=23844, stack(0x00000000216f0000,0x00000000217f0000)]

Stack: [0x00000000216f0000,0x00000000217f0000]
[error occurred during error reporting (printing stack bounds), id 0xc0000005]

Native frames: (J=compiled Java code, j=interpreted, Vv=VM code, C=native code)


Current CompileTask:
C2:   8306 1447       4       com.android.dx.ssa.DeadCodeRemover::isCircularNoSideEffect (140 bytes)


---------------  P R O C E S S  ---------------

Java Threads: ( => current thread )
  0x0000000020ee7000 JavaThread "pool-2-thread-3" [_thread_in_Java, id=12940, stack(0x0000000021df0000,0x0000000021ef0000)]
  0x0000000020edd000 JavaThread "pool-3-thread-1" [_thread_blocked, id=12072, stack(0x0000000021bf0000,0x0000000021cf0000)]
  0x0000000020dbb000 JavaThread "Service Thread" daemon [_thread_blocked, id=25764, stack(0x00000000218f0000,0x00000000219f0000)]
  0x0000000020d2d000 JavaThread "C1 CompilerThread3" daemon [_thread_blocked, id=19152, stack(0x00000000217f0000,0x00000000218f0000)]
=>0x000000001ee0e000 JavaThread "C2 CompilerThread2" daemon [_thread_in_native, id=23844, stack(0x00000000216f0000,0x00000000217f0000)]
  0x0000000020d21800 JavaThread "C2 CompilerThread1" daemon [_thread_in_native, id=13964, stack(0x00000000215f0000,0x00000000216f0000)]
  0x0000000020d1d800 JavaThread "C2 CompilerThread0" daemon [_thread_in_native, id=23896, stack(0x00000000214f0000,0x00000000215f0000)]
  0x0000000020d1c000 JavaThread "Attach Listener" daemon [_thread_blocked, id=24344, stack(0x00000000213f0000,0x00000000214f0000)]
  0x0000000020d1b000 JavaThread "Signal Dispatcher" daemon [_thread_blocked, id=20216, stack(0x00000000212f0000,0x00000000213f0000)]
  0x00000000052d9000 JavaThread "Finalizer" daemon [_thread_blocked, id=25820, stack(0x00000000210f0000,0x00000000211f0000)]
  0x000000001edfb800 JavaThread "Reference Handler" daemon [_thread_blocked, id=7152, stack(0x0000000020bf0000,0x0000000020cf0000)]
  0x00000000050de000 JavaThread "main" [_thread_blocked, id=23236, stack(0x00000000050e0000,0x00000000051e0000)]

Other Threads:
  0x000000001edf5000 VMThread [stack: 0x0000000020af0000,0x0000000020bf0000] [id=20844]
  0x0000000020d75800 WatcherThread [stack: 0x00000000219f0000,0x0000000021af0000] [id=27580]

VM state:not at safepoint (normal execution)

VM Mutex/Monitor currently owned by a thread: None

Heap:
 PSYoungGen      total 71680K, used 15649K [0x000000076ab00000, 0x000000076f600000, 0x00000007c0000000)
  eden space 66560K, 15% used [0x000000076ab00000,0x000000076b54a6e8,0x000000076ec00000)
  from space 5120K, 99% used [0x000000076f100000,0x000000076f5fdf10,0x000000076f600000)
  to   space 5120K, 0% used [0x000000076ec00000,0x000000076ec00000,0x000000076f100000)
 ParOldGen       total 87552K, used 15834K [0x00000006c0000000, 0x00000006c5580000, 0x000000076ab00000)
  object space 87552K, 18% used [0x00000006c0000000,0x00000006c0f76858,0x00000006c5580000)
 Metaspace       used 5907K, capacity 6960K, committed 7040K, reserved 1056768K
  class space    used 573K, capacity 616K, committed 640K, reserved 1048576K

Card table byte_map: [0x00000000146a0000,0x0000000014eb0000] byte_map_base: 0x00000000110a0000

Marking Bits: (ParMarkBitMap*) 0x000000005a063950
 Begin Bits: [0x0000000015c10000, 0x0000000019c10000)
 End Bits:   [0x0000000019c10000, 0x000000001dc10000)

Polling page: 0x0000000004fc0000

CodeCache: size=245760Kb used=6547Kb max_used=6547Kb free=239212Kb
 bounds [0x00000000052e0000, 0x0000000005960000, 0x00000000142e0000]
 total_blobs=1698 nmethods=1437 adapters=175
 compilation: enabled

Compilation events (10 events):
Event: 8.050 Thread 0x0000000020d21800 1444       4       com.android.dx.ssa.SCCP::simulateBlock (54 bytes)
Event: 8.064 Thread 0x0000000020d21800 nmethod 1444 0x00000000059074d0 code [0x0000000005907640, 0x00000000059078d8]
Event: 8.074 Thread 0x000000001ee0e000 1445       4       com.android.dx.ssa.SCCP::simulatePhiBlock (50 bytes)
Event: 8.087 Thread 0x000000001ee0e000 nmethod 1445 0x0000000005906dd0 code [0x0000000005906f20, 0x0000000005907188]
Event: 8.098 Thread 0x0000000020d21800 1446 %     4       com.android.dx.ssa.SsaMethod::computeReachability @ 8 (131 bytes)
Event: 8.139 Thread 0x000000001ee0e000 1447       4       com.android.dx.ssa.DeadCodeRemover::isCircularNoSideEffect (140 bytes)
Event: 8.241 Thread 0x0000000020d1d800 nmethod 1441 0x0000000005941050 code [0x0000000005941280, 0x0000000005942c68]
Event: 8.254 Thread 0x0000000020d21800 nmethod 1446% 0x0000000005929450 code [0x0000000005929620, 0x000000000592a4b8]
Event: 8.256 Thread 0x0000000020d1d800 1448       4       com.android.dx.ssa.LiteralOpUpgrader::tryReplacingWithConstant (161 bytes)
Event: 8.256 Thread 0x0000000020d21800 1449       4       com.android.dx.ssa.LiteralOpUpgrader$1::visitNonMoveInsn (203 bytes)

GC Heap History (4 events):
Event: 2.753 GC heap before
{Heap before GC invocations=1 (full 0):
 PSYoungGen      total 38400K, used 33280K [0x000000076ab00000, 0x000000076d580000, 0x00000007c0000000)
  eden space 33280K, 100% used [0x000000076ab00000,0x000000076cb80000,0x000000076cb80000)
  from space 5120K, 0% used [0x000000076d080000,0x000000076d080000,0x000000076d580000)
  to   space 5120K, 0% used [0x000000076cb80000,0x000000076cb80000,0x000000076d080000)
 ParOldGen       total 87552K, used 0K [0x00000006c0000000, 0x00000006c5580000, 0x000000076ab00000)
  object space 87552K, 0% used [0x00000006c0000000,0x00000006c0000000,0x00000006c5580000)
 Metaspace       used 5786K, capacity 6896K, committed 7040K, reserved 1056768K
  class space    used 568K, capacity 616K, committed 640K, reserved 1048576K
Event: 3.128 GC heap after
Heap after GC invocations=1 (full 0):
 PSYoungGen      total 38400K, used 5114K [0x000000076ab00000, 0x000000076f600000, 0x00000007c0000000)
  eden space 33280K, 0% used [0x000000076ab00000,0x000000076ab00000,0x000000076cb80000)
  from space 5120K, 99% used [0x000000076cb80000,0x000000076d07ead8,0x000000076d080000)
  to   space 5120K, 0% used [0x000000076f100000,0x000000076f100000,0x000000076f600000)
 ParOldGen       total 87552K, used 1703K [0x00000006c0000000, 0x00000006c5580000, 0x000000076ab00000)
  object space 87552K, 1% used [0x00000006c0000000,0x00000006c01a9f18,0x00000006c5580000)
 Metaspace       used 5786K, capacity 6896K, committed 7040K, reserved 1056768K
  class space    used 568K, capacity 616K, committed 640K, reserved 1048576K
}
Event: 6.727 GC heap before
{Heap before GC invocations=2 (full 0):
 PSYoungGen      total 38400K, used 38394K [0x000000076ab00000, 0x000000076f600000, 0x00000007c0000000)
  eden space 33280K, 100% used [0x000000076ab00000,0x000000076cb80000,0x000000076cb80000)
  from space 5120K, 99% used [0x000000076cb80000,0x000000076d07ead8,0x000000076d080000)
  to   space 5120K, 0% used [0x000000076f100000,0x000000076f100000,0x000000076f600000)
 ParOldGen       total 87552K, used 1703K [0x00000006c0000000, 0x00000006c5580000, 0x000000076ab00000)
  object space 87552K, 1% used [0x00000006c0000000,0x00000006c01a9f18,0x00000006c5580000)
 Metaspace       used 5881K, capacity 6960K, committed 7040K, reserved 1056768K
  class space    used 572K, capacity 616K, committed 640K, reserved 1048576K
Event: 6.978 GC heap after
Heap after GC invocations=2 (full 0):
 PSYoungGen      total 71680K, used 5111K [0x000000076ab00000, 0x000000076f600000, 0x00000007c0000000)
  eden space 66560K, 0% used [0x000000076ab00000,0x000000076ab00000,0x000000076ec00000)
  from space 5120K, 99% used [0x000000076f100000,0x000000076f5fdf10,0x000000076f600000)
  to   space 5120K, 0% used [0x000000076ec00000,0x000000076ec00000,0x000000076f100000)
 ParOldGen       total 87552K, used 15834K [0x00000006c0000000, 0x00000006c5580000, 0x000000076ab00000)
  object space 87552K, 18% used [0x00000006c0000000,0x00000006c0f76858,0x00000006c5580000)
 Metaspace       used 5881K, capacity 6960K, committed 7040K, reserved 1056768K
  class space    used 572K, capacity 616K, committed 640K, reserved 1048576K
}

Deoptimization events (10 events):
Event: 1.877 Thread 0x0000000020ee6000 Uncommon trap: reason=class_check action=maybe_recompile pc=0x00000000055b7970 method=com.android.dx.rop.type.Type.equals(Ljava/lang/Object;)Z @ 8
Event: 1.877 Thread 0x0000000020ee6000 Uncommon trap: reason=unloaded action=reinterpret pc=0x00000000055a42b8 method=com.android.dx.ssa.SsaRenamer$BlockRenamer.visitMoveInsn(Lcom/android/dx/ssa/NormalSsaInsn;)V @ 208
Event: 1.968 Thread 0x00000000050de000 Uncommon trap: reason=unloaded action=reinterpret pc=0x000000000561cb28 method=com.android.dx.cf.cst.ConstantPoolParser.parse0(ILjava/util/BitSet;)Lcom/android/dx/rop/cst/Constant; @ 176
Event: 2.011 Thread 0x0000000020f10000 Uncommon trap: reason=uninitialized action=reinterpret pc=0x00000000056ff3e8 method=com.android.dx.cf.code.BytecodeArray.parseInstruction(ILcom/android/dx/cf/code/BytecodeArray$Visitor;)I @ 1031
Event: 2.013 Thread 0x0000000020f10000 Uncommon trap: reason=class_check action=maybe_recompile pc=0x00000000055b7970 method=com.android.dx.rop.type.Type.equals(Ljava/lang/Object;)Z @ 8
Event: 2.018 Thread 0x0000000020f10000 Uncommon trap: reason=unstable_if action=reinterpret pc=0x000000000571b738 method=com.android.dx.util.LabeledList.set(ILcom/android/dx/util/LabeledItem;)V @ 16
Event: 2.182 Thread 0x0000000020f10000 Uncommon trap: reason=null_check action=make_not_entrant pc=0x000000000576bb30 method=com.android.dx.rop.type.Type.equals(Ljava/lang/Object;)Z @ 8
Event: 2.198 Thread 0x0000000020f10000 Uncommon trap: reason=unstable_if action=reinterpret pc=0x0000000005624dc4 method=com.android.dx.ssa.SsaRenamer$BlockRenamer.addMapping(ILcom/android/dx/rop/code/RegisterSpec;)V @ 120
Event: 2.202 Thread 0x0000000020f10000 Uncommon trap: reason=null_check action=make_not_entrant pc=0x000000000579b430 method=com.android.dx.ssa.SsaRenamer.getLocalForNewReg(I)Lcom/android/dx/rop/code/LocalItem; @ 19
Event: 2.618 Thread 0x0000000020f10000 Uncommon trap: reason=null_check action=make_not_entrant pc=0x00000000057a7008 method=com.android.dx.ssa.SsaRenamer.getLocalForNewReg(I)Lcom/android/dx/rop/code/LocalItem; @ 19

Classes redefined (0 events):
No events

Internal exceptions (5 events):
Event: 0.123 Thread 0x00000000050de000 Exception <a 'java/lang/NoSuchMethodError': Method sun.misc.Unsafe.defineClass(Ljava/lang/String;[BII)Ljava/lang/Class; name or signature does not match> (0x000000076ab07ca8) thrown at [D:\src\AOSP-openjdk-cygwin\jdk8u\hotspot\src\share\vm\prims\jni.cpp, 
Event: 0.123 Thread 0x00000000050de000 Exception <a 'java/lang/NoSuchMethodError': Method sun.misc.Unsafe.prefetchRead(Ljava/lang/Object;J)V name or signature does not match> (0x000000076ab07f90) thrown at [D:\src\AOSP-openjdk-cygwin\jdk8u\hotspot\src\share\vm\prims\jni.cpp, line 4011]
Event: 2.182 Thread 0x0000000020f10000 Implicit null exception at 0x000000000576ba22 to 0x000000000576bb22
Event: 2.202 Thread 0x0000000020f10000 Implicit null exception at 0x0000000005799a7b to 0x000000000579b3e5
Event: 2.618 Thread 0x0000000020f10000 Implicit null exception at 0x00000000057a5987 to 0x00000000057a6fd5

Events (10 events):
Event: 8.018 Thread 0x0000000020ee7000 DEOPT PACKING pc=0x0000000005571266 sp=0x0000000021eeed20
Event: 8.018 Thread 0x0000000020ee7000 DEOPT UNPACKING pc=0x00000000053275bf sp=0x0000000021eeeb10 mode 0
Event: 8.126 Thread 0x0000000020ee7000 DEOPT PACKING pc=0x00000000056f22ad sp=0x0000000021eeebd0
Event: 8.126 Thread 0x0000000020ee7000 DEOPT UNPACKING pc=0x00000000053275bf sp=0x0000000021eee998 mode 0
Event: 8.135 Thread 0x0000000020ee7000 DEOPT PACKING pc=0x0000000005571450 sp=0x0000000021eeeb90
Event: 8.135 Thread 0x0000000020ee7000 DEOPT UNPACKING pc=0x00000000053275bf sp=0x0000000021eee970 mode 0
Event: 8.148 Thread 0x0000000020ee7000 DEOPT PACKING pc=0x0000000005571450 sp=0x0000000021eeecb0
Event: 8.148 Thread 0x0000000020ee7000 DEOPT UNPACKING pc=0x00000000053275bf sp=0x0000000021eeea90 mode 0
Event: 8.273 Thread 0x0000000020ee7000 DEOPT PACKING pc=0x00000000056f22ad sp=0x0000000021eeebd0
Event: 8.273 Thread 0x0000000020ee7000 DEOPT UNPACKING pc=0x00000000053275bf sp=0x0000000021eee998 mode 0


Dynamic libraries:
0x00007ff7d2160000 - 0x00007ff7d2191000 	F:\Program Files (x86)\Android\Android Studio\jre\bin\java.exe
0x00007ffd58cd0000 - 0x00007ffd58eb0000 	C:\WINDOWS\SYSTEM32\ntdll.dll
0x00007ffd58bc0000 - 0x00007ffd58c6e000 	C:\WINDOWS\System32\KERNEL32.DLL
0x00007ffd55f00000 - 0x00007ffd56166000 	C:\WINDOWS\System32\KERNELBASE.dll
0x00007ffd57c60000 - 0x00007ffd57d01000 	C:\WINDOWS\System32\ADVAPI32.dll
0x00007ffd577e0000 - 0x00007ffd5787d000 	C:\WINDOWS\System32\msvcrt.dll
0x00007ffd57880000 - 0x00007ffd578db000 	C:\WINDOWS\System32\sechost.dll
0x00007ffd58420000 - 0x00007ffd5853f000 	C:\WINDOWS\System32\RPCRT4.dll
0x00007ffd57a50000 - 0x00007ffd57bdf000 	C:\WINDOWS\System32\USER32.dll
0x00007ffd55e40000 - 0x00007ffd55e60000 	C:\WINDOWS\System32\win32u.dll
0x00007ffd58020000 - 0x00007ffd58048000 	C:\WINDOWS\System32\GDI32.dll
0x00007ffd55220000 - 0x00007ffd553b4000 	C:\WINDOWS\System32\gdi32full.dll
0x00007ffd55e60000 - 0x00007ffd55efb000 	C:\WINDOWS\System32\msvcp_win.dll
0x00007ffd55ce0000 - 0x00007ffd55dd6000 	C:\WINDOWS\System32\ucrtbase.dll
0x00007ffd44090000 - 0x00007ffd442f9000 	C:\WINDOWS\WinSxS\amd64_microsoft.windows.common-controls_6595b64144ccf1df_6.0.16299.64_none_cc9304e22215ca8f\COMCTL32.dll
0x00007ffd57d10000 - 0x00007ffd58018000 	C:\WINDOWS\System32\combase.dll
0x00007ffd550a0000 - 0x00007ffd55112000 	C:\WINDOWS\System32\bcryptPrimitives.dll
0x00007ffd561f0000 - 0x00007ffd5621d000 	C:\WINDOWS\System32\IMM32.DLL
0x00000000596e0000 - 0x00000000597b2000 	F:\Program Files (x86)\Android\Android Studio\jre\jre\bin\msvcr100.dll
0x00000000598a0000 - 0x000000005a0de000 	F:\Program Files (x86)\Android\Android Studio\jre\jre\bin\server\jvm.dll
0x00007ffd58bb0000 - 0x00007ffd58bb8000 	C:\WINDOWS\System32\PSAPI.DLL
0x00007ffd4ffc0000 - 0x00007ffd4ffc9000 	C:\WINDOWS\SYSTEM32\WSOCK32.dll
0x00007ffd57be0000 - 0x00007ffd57c4c000 	C:\WINDOWS\System32\WS2_32.dll
0x00007ffd44380000 - 0x00007ffd443a3000 	C:\WINDOWS\SYSTEM32\WINMM.dll
0x00007ffd4ec50000 - 0x00007ffd4ec5a000 	C:\WINDOWS\SYSTEM32\VERSION.dll
0x00007ffd44060000 - 0x00007ffd4408a000 	C:\WINDOWS\SYSTEM32\WINMMBASE.dll
0x00007ffd551d0000 - 0x00007ffd5521a000 	C:\WINDOWS\System32\cfgmgr32.dll
0x00007ffd4d970000 - 0x00007ffd4d97f000 	F:\Program Files (x86)\Android\Android Studio\jre\jre\bin\verify.dll
0x00007ffd35080000 - 0x00007ffd350a9000 	F:\Program Files (x86)\Android\Android Studio\jre\jre\bin\java.dll
0x00007ffd4a200000 - 0x00007ffd4a216000 	F:\Program Files (x86)\Android\Android Studio\jre\jre\bin\zip.dll
0x00007ffd56390000 - 0x00007ffd577c7000 	C:\WINDOWS\System32\SHELL32.dll
0x00007ffd58540000 - 0x00007ffd585e6000 	C:\WINDOWS\System32\shcore.dll
0x00007ffd553c0000 - 0x00007ffd55b07000 	C:\WINDOWS\System32\windows.storage.dll
0x00007ffd580b0000 - 0x00007ffd58101000 	C:\WINDOWS\System32\shlwapi.dll
0x00007ffd55010000 - 0x00007ffd55021000 	C:\WINDOWS\System32\kernel.appcore.dll
0x00007ffd55030000 - 0x00007ffd5507c000 	C:\WINDOWS\System32\powrprof.dll
0x00007ffd54ff0000 - 0x00007ffd5500b000 	C:\WINDOWS\System32\profapi.dll

VM Arguments:
jvm_args: -Djava.awt.headless=true -Xmx4g -Dfile.encoding=windows-1252 -Duser.country=US -Duser.language=en -Duser.variant 
java_command: com.android.dx.command.Main --dex --force-jumbo --num-threads=4 --multi-dex --output F:\TIF\Semester 7\Mobile Programming\Lab\WhatsCamp\WhatsCamp\app\build\intermediates\transforms\dex\debug\folders\1000\5\slice_9 F:\TIF\Semester 7\Mobile Programming\Lab\WhatsCamp\WhatsCamp\app\build\intermediates\transforms\instantRunSlicer\debug\folders\1\5\slice_9
java_class_path (initial): F:\Android\sdk\build-tools\25.0.0\lib\dx.jar
Launcher Type: SUN_STANDARD

Environment Variables:
PATH=C:\ProgramData\Oracle\Java\javapath;C:\Program Files (x86)\Intel\iCLS Client\;C:\Program Files\Intel\iCLS Client\;C:\Windows\system32;C:\Windows;C:\Windows\System32\Wbem;C:\Windows\System32\WindowsPowerShell\v1.0\;C:\Program Files (x86)\Intel\Intel(R) Management Engine Components\DAL;C:\Program Files\Intel\Intel(R) Management Engine Components\DAL;C:\Program Files (x86)\Intel\Intel(R) Management Engine Components\IPT;C:\Program Files\Intel\Intel(R) Management Engine Components\IPT;C:\Program Files (x86)\NVIDIA Corporation\PhysX\Common;C:\Program Files\Java\jdk1.8.0_144\bin;C:\Program Files\Java\jdk1.8.0_144\lib;C:\TDM-GCC-64\bin;C:\Program Files (x86)\CodeBlocks\MinGW\bin;C:\WINDOWS\system32;C:\WINDOWS;C:\WINDOWS\System32\Wbem;C:\WINDOWS\System32\WindowsPowerShell\v1.0\;C:\HashiCorp\Vagrant\bin;C:\Program Files\Git\cmd;C:\Program Files\PuTTY\;C:\Program Files\IBM\Bluemix\bin;C:\Program Files\Cloud Foundry;C:\Program Files (x86)\QuickTime\QTSystem\;C:\Users\legion Y520\AppData\Local\Programs\Python\Python35\Scripts\;C:\Users\legion Y520\AppData\Local\Programs\Python\Python35\;C:\Users\legion Y520\AppData\Local\Microsoft\WindowsApps;C:\TDM-GCC-64\bin;C:\Program Files (x86)\CodeBlocks\MinGW\bin;C:\Users\legion Y520\AppData\Local\GitHubDesktop\bin;C:\Users\legion Y520\AppData\Local\Microsoft\WindowsApps;C:\Program Files\aircrack-ng-1.2-rc4-win\bin\64bit;
USERNAME=Joseph
OS=Windows_NT
PROCESSOR_IDENTIFIER=Intel64 Family 6 Model 158 Stepping 9, GenuineIntel



---------------  S Y S T E M  ---------------

OS: Windows 10.0 , 64 bit Build 16299 (10.0.16299.15)

CPU:total 8 (initial active 8) (4 cores per cpu, 2 threads per core) family 6 model 158 stepping 9, cmov, cx8, fxsr, mmx, sse, sse2, sse3, ssse3, sse4.1, sse4.2, popcnt, avx, avx2, aes, clmul, erms, 3dnowpref, lzcnt, ht, tsc, tscinvbit, bmi1, bmi2, adx

Memory: 4k page, physical 8260772k(675408k free), swap 12356772k(197064k free)

vm_info: OpenJDK 64-Bit Server VM (25.152-b01) for windows-amd64 JRE (1.8.0_152-release-915-b01), built by "builder" with MS VC++ 10.0 (VS2010)

time: Tue Nov 28 19:35:19 2017
elapsed time: 8 seconds (0d 0h 0m 8s)

