#
# There is insufficient memory for the Java Runtime Environment to continue.
# Native memory allocation (malloc) failed to allocate 390096 bytes for Chunk::new
# Possible reasons:
#   The system is out of physical RAM or swap space
#   In 32 bit mode, the process size limit was hit
# Possible solutions:
#   Reduce memory load on the system
#   Increase physical memory or swap space
#   Check if swap backing store is full
#   Use 64 bit Java on a 64 bit OS
#   Decrease Java heap size (-Xmx/-Xms)
#   Decrease number of Java threads
#   Decrease Java thread stack sizes (-Xss)
#   Set larger code cache with -XX:ReservedCodeCacheSize=
# This output file may be truncated or incomplete.
#
#  Out of Memory Error (allocation.cpp:390), pid=18736, tid=0x0000000000002a88
#
# JRE version: OpenJDK Runtime Environment (8.0_112-b06) (build 1.8.0_112-release-b06)
# Java VM: OpenJDK 64-Bit Server VM (25.112-b06 mixed mode windows-amd64 compressed oops)
# Failed to write core dump. Minidumps are not enabled by default on client versions of Windows
#

---------------  T H R E A D  ---------------

Current thread (0x000000001e8c3800):  JavaThread "C2 CompilerThread2" daemon [_thread_in_native, id=10888, stack(0x000000001f280000,0x000000001f380000)]

Stack: [0x000000001f280000,0x000000001f380000]
[error occurred during error reporting (printing stack bounds), id 0xc0000005]

Native frames: (J=compiled Java code, j=interpreted, Vv=VM code, C=native code)


Current CompileTask:
C2:   3963 1607       4       com.android.dx.dex.code.OutputFinisher::addConstants (68 bytes)


---------------  P R O C E S S  ---------------

Java Threads: ( => current thread )
  0x000000001ea71800 JavaThread "pool-1-thread-1" [_thread_in_Java, id=9260, stack(0x0000000022320000,0x0000000022420000)]
  0x000000001e945800 JavaThread "Service Thread" daemon [_thread_blocked, id=9708, stack(0x000000001f480000,0x000000001f580000)]
  0x000000001c9ce000 JavaThread "C1 CompilerThread3" daemon [_thread_in_vm, id=16748, stack(0x000000001f380000,0x000000001f480000)]
=>0x000000001e8c3800 JavaThread "C2 CompilerThread2" daemon [_thread_in_native, id=10888, stack(0x000000001f280000,0x000000001f380000)]
  0x000000001e8bf800 JavaThread "C2 CompilerThread1" daemon [_thread_in_native, id=11636, stack(0x000000001f180000,0x000000001f280000)]
  0x000000001e8bb800 JavaThread "C2 CompilerThread0" daemon [_thread_in_native, id=12692, stack(0x000000001f080000,0x000000001f180000)]
  0x000000001e8ba000 JavaThread "Attach Listener" daemon [_thread_blocked, id=2592, stack(0x000000001ef80000,0x000000001f080000)]
  0x000000001e8b9000 JavaThread "Signal Dispatcher" daemon [_thread_blocked, id=12928, stack(0x000000001ee80000,0x000000001ef80000)]
  0x0000000002e98000 JavaThread "Finalizer" daemon [_thread_blocked, id=9720, stack(0x000000001ec90000,0x000000001ed90000)]
  0x000000001c9bb800 JavaThread "Reference Handler" daemon [_thread_blocked, id=15920, stack(0x000000001e790000,0x000000001e890000)]
  0x0000000002d9d800 JavaThread "main" [_thread_blocked, id=9236, stack(0x0000000002bf0000,0x0000000002cf0000)]

Other Threads:
  0x000000001c9b5000 VMThread [stack: 0x000000001e690000,0x000000001e790000] [id=12672]
  0x000000001e956800 WatcherThread [stack: 0x000000001f580000,0x000000001f680000] [id=13108]

VM state:not at safepoint (normal execution)

VM Mutex/Monitor currently owned by a thread: None

Heap:
 PSYoungGen      total 71680K, used 22793K [0x000000076ab00000, 0x000000076f600000, 0x00000007c0000000)
  eden space 66560K, 26% used [0x000000076ab00000,0x000000076bc4a100,0x000000076ec00000)
  from space 5120K, 99% used [0x000000076ec00000,0x000000076f0f8560,0x000000076f100000)
  to   space 5120K, 0% used [0x000000076f100000,0x000000076f100000,0x000000076f600000)
 ParOldGen       total 87552K, used 34408K [0x00000006c0000000, 0x00000006c5580000, 0x000000076ab00000)
  object space 87552K, 39% used [0x00000006c0000000,0x00000006c219a0f0,0x00000006c5580000)
 Metaspace       used 5919K, capacity 7024K, committed 7296K, reserved 1056768K
  class space    used 568K, capacity 616K, committed 640K, reserved 1048576K

Card table byte_map: [0x0000000012260000,0x0000000012a70000] byte_map_base: 0x000000000ec60000

Marking Bits: (ParMarkBitMap*) 0x000000006f7818f0
 Begin Bits: [0x00000000137d0000, 0x00000000177d0000)
 End Bits:   [0x00000000177d0000, 0x000000001b7d0000)

Polling page: 0x0000000002b60000

CodeCache: size=245760Kb used=7620Kb max_used=7620Kb free=238139Kb
 bounds [0x0000000002ea0000, 0x0000000003620000, 0x0000000011ea0000]
 total_blobs=1873 nmethods=1612 adapters=175
 compilation: enabled

Compilation events (10 events):
Event: 3.952 Thread 0x000000001c9ce000 nmethod 1646 0x0000000003612950 code [0x0000000003612ac0, 0x0000000003612c48]
Event: 3.952 Thread 0x000000001c9ce000 1649       3       com.android.dx.dex.file.ProtoIdItem::addContents (61 bytes)
Event: 3.953 Thread 0x000000001c9ce000 nmethod 1649 0x0000000003612cd0 code [0x0000000003612ec0, 0x0000000003613a18]
Event: 3.954 Thread 0x000000001c9ce000 1652       3       com.android.dx.dex.file.TypeListItem::addContents (47 bytes)
Event: 3.955 Thread 0x000000001c9ce000 nmethod 1652 0x0000000003613ed0 code [0x0000000003614060, 0x0000000003614568]
Event: 3.955 Thread 0x000000001c9ce000 1653       1       com.android.dx.dex.file.IdItem::getDefiningClass (5 bytes)
Event: 3.956 Thread 0x000000001c9ce000 nmethod 1653 0x0000000003614750 code [0x00000000036148a0, 0x00000000036149b0]
Event: 3.957 Thread 0x000000001c9ce000 1654       3       com.android.dx.dex.file.TypeIdItem::addContents (16 bytes)
Event: 3.957 Thread 0x000000001c9ce000 nmethod 1654 0x0000000003614a10 code [0x0000000003614be0, 0x00000000036155a8]
Event: 3.961 Thread 0x000000001c9ce000 1657       1       com.android.dx.dex.file.DexFile::getStringData (5 bytes)

GC Heap History (6 events):
Event: 0.771 GC heap before
{Heap before GC invocations=1 (full 0):
 PSYoungGen      total 38400K, used 33280K [0x000000076ab00000, 0x000000076d580000, 0x00000007c0000000)
  eden space 33280K, 100% used [0x000000076ab00000,0x000000076cb80000,0x000000076cb80000)
  from space 5120K, 0% used [0x000000076d080000,0x000000076d080000,0x000000076d580000)
  to   space 5120K, 0% used [0x000000076cb80000,0x000000076cb80000,0x000000076d080000)
 ParOldGen       total 87552K, used 0K [0x00000006c0000000, 0x00000006c5580000, 0x000000076ab00000)
  object space 87552K, 0% used [0x00000006c0000000,0x00000006c0000000,0x00000006c5580000)
 Metaspace       used 5643K, capacity 6832K, committed 7040K, reserved 1056768K
  class space    used 554K, capacity 616K, committed 640K, reserved 1048576K
Event: 0.781 GC heap after
Heap after GC invocations=1 (full 0):
 PSYoungGen      total 38400K, used 5114K [0x000000076ab00000, 0x000000076f600000, 0x00000007c0000000)
  eden space 33280K, 0% used [0x000000076ab00000,0x000000076ab00000,0x000000076cb80000)
  from space 5120K, 99% used [0x000000076cb80000,0x000000076d07eaf8,0x000000076d080000)
  to   space 5120K, 0% used [0x000000076f100000,0x000000076f100000,0x000000076f600000)
 ParOldGen       total 87552K, used 2688K [0x00000006c0000000, 0x00000006c5580000, 0x000000076ab00000)
  object space 87552K, 3% used [0x00000006c0000000,0x00000006c02a0170,0x00000006c5580000)
 Metaspace       used 5643K, capacity 6832K, committed 7040K, reserved 1056768K
  class space    used 554K, capacity 616K, committed 640K, reserved 1048576K
}
Event: 1.605 GC heap before
{Heap before GC invocations=2 (full 0):
 PSYoungGen      total 38400K, used 38394K [0x000000076ab00000, 0x000000076f600000, 0x00000007c0000000)
  eden space 33280K, 100% used [0x000000076ab00000,0x000000076cb80000,0x000000076cb80000)
  from space 5120K, 99% used [0x000000076cb80000,0x000000076d07eaf8,0x000000076d080000)
  to   space 5120K, 0% used [0x000000076f100000,0x000000076f100000,0x000000076f600000)
 ParOldGen       total 87552K, used 2688K [0x00000006c0000000, 0x00000006c5580000, 0x000000076ab00000)
  object space 87552K, 3% used [0x00000006c0000000,0x00000006c02a0170,0x00000006c5580000)
 Metaspace       used 5793K, capacity 6960K, committed 7040K, reserved 1056768K
  class space    used 558K, capacity 616K, committed 640K, reserved 1048576K
Event: 1.771 GC heap after
Heap after GC invocations=2 (full 0):
 PSYoungGen      total 71680K, used 5105K [0x000000076ab00000, 0x000000076f600000, 0x00000007c0000000)
  eden space 66560K, 0% used [0x000000076ab00000,0x000000076ab00000,0x000000076ec00000)
  from space 5120K, 99% used [0x000000076f100000,0x000000076f5fc550,0x000000076f600000)
  to   space 5120K, 0% used [0x000000076ec00000,0x000000076ec00000,0x000000076f100000)
 ParOldGen       total 87552K, used 13858K [0x00000006c0000000, 0x00000006c5580000, 0x000000076ab00000)
  object space 87552K, 15% used [0x00000006c0000000,0x00000006c0d889d0,0x00000006c5580000)
 Metaspace       used 5793K, capacity 6960K, committed 7040K, reserved 1056768K
  class space    used 558K, capacity 616K, committed 640K, reserved 1048576K
}
Event: 2.911 GC heap before
{Heap before GC invocations=3 (full 0):
 PSYoungGen      total 71680K, used 71665K [0x000000076ab00000, 0x000000076f600000, 0x00000007c0000000)
  eden space 66560K, 100% used [0x000000076ab00000,0x000000076ec00000,0x000000076ec00000)
  from space 5120K, 99% used [0x000000076f100000,0x000000076f5fc550,0x000000076f600000)
  to   space 5120K, 0% used [0x000000076ec00000,0x000000076ec00000,0x000000076f100000)
 ParOldGen       total 87552K, used 13858K [0x00000006c0000000, 0x00000006c5580000, 0x000000076ab00000)
  object space 87552K, 15% used [0x00000006c0000000,0x00000006c0d889d0,0x00000006c5580000)
 Metaspace       used 5819K, capacity 6960K, committed 7040K, reserved 1056768K
  class space    used 562K, capacity 616K, committed 640K, reserved 1048576K
Event: 2.932 GC heap after
Heap after GC invocations=3 (full 0):
 PSYoungGen      total 71680K, used 5089K [0x000000076ab00000, 0x000000076f600000, 0x00000007c0000000)
  eden space 66560K, 0% used [0x000000076ab00000,0x000000076ab00000,0x000000076ec00000)
  from space 5120K, 99% used [0x000000076ec00000,0x000000076f0f8560,0x000000076f100000)
  to   space 5120K, 0% used [0x000000076f100000,0x000000076f100000,0x000000076f600000)
 ParOldGen       total 87552K, used 34408K [0x00000006c0000000, 0x00000006c5580000, 0x000000076ab00000)
  object space 87552K, 39% used [0x00000006c0000000,0x00000006c219a0f0,0x00000006c5580000)
 Metaspace       used 5819K, capacity 6960K, committed 7040K, reserved 1056768K
  class space    used 562K, capacity 616K, committed 640K, reserved 1048576K
}

Deoptimization events (10 events):
Event: 3.903 Thread 0x000000001ea71800 Uncommon trap: reason=bimorphic action=maybe_recompile pc=0x0000000003259828 method=java.util.HashMap.putVal(ILjava/lang/Object;Ljava/lang/Object;ZZ)Ljava/lang/Object; @ 91
Event: 3.903 Thread 0x000000001ea71800 Uncommon trap: reason=bimorphic action=maybe_recompile pc=0x0000000003259828 method=java.util.HashMap.putVal(ILjava/lang/Object;Ljava/lang/Object;ZZ)Ljava/lang/Object; @ 91
Event: 3.903 Thread 0x000000001ea71800 Uncommon trap: reason=bimorphic action=maybe_recompile pc=0x0000000003259828 method=java.util.HashMap.putVal(ILjava/lang/Object;Ljava/lang/Object;ZZ)Ljava/lang/Object; @ 91
Event: 3.903 Thread 0x000000001ea71800 Uncommon trap: reason=bimorphic action=maybe_recompile pc=0x000000000309074c method=java.util.HashMap.getNode(ILjava/lang/Object;)Ljava/util/HashMap$Node; @ 126
Event: 3.913 Thread 0x000000001ea71800 Uncommon trap: reason=bimorphic action=maybe_recompile pc=0x00000000035fcc18 method=java.util.HashMap.putVal(ILjava/lang/Object;Ljava/lang/Object;ZZ)Ljava/lang/Object; @ 203
Event: 3.913 Thread 0x000000001ea71800 Uncommon trap: reason=bimorphic action=maybe_recompile pc=0x00000000035fcc18 method=java.util.HashMap.putVal(ILjava/lang/Object;Ljava/lang/Object;ZZ)Ljava/lang/Object; @ 203
Event: 3.926 Thread 0x000000001ea71800 Uncommon trap: reason=bimorphic action=maybe_recompile pc=0x000000000309074c method=java.util.HashMap.getNode(ILjava/lang/Object;)Ljava/util/HashMap$Node; @ 126
Event: 3.952 Thread 0x000000001ea71800 Uncommon trap: reason=bimorphic action=maybe_recompile pc=0x000000000309074c method=java.util.HashMap.getNode(ILjava/lang/Object;)Ljava/util/HashMap$Node; @ 126
Event: 3.952 Thread 0x000000001ea71800 Uncommon trap: reason=bimorphic action=maybe_recompile pc=0x000000000309074c method=java.util.HashMap.getNode(ILjava/lang/Object;)Ljava/util/HashMap$Node; @ 126
Event: 3.952 Thread 0x000000001ea71800 Uncommon trap: reason=bimorphic action=maybe_recompile pc=0x000000000330ae64 method=java.util.HashMap.getNode(ILjava/lang/Object;)Ljava/util/HashMap$Node; @ 126

Internal exceptions (3 events):
Event: 0.147 Thread 0x0000000002d9d800 Exception <a 'java/lang/NoSuchMethodError': Method sun.misc.Unsafe.defineClass(Ljava/lang/String;[BII)Ljava/lang/Class; name or signature does not match> (0x000000076ab07c78) thrown at [C:\src\android\AOSP-openjdk\external\jetbrains\jdk\hotspot\src\share\v‰A◊ŸÀ¬?
Event: 0.147 Thread 0x0000000002d9d800 Exception <a 'java/lang/NoSuchMethodError': Method sun.misc.Unsafe.prefetchRead(Ljava/lang/Object;J)V name or signature does not match> (0x000000076ab07f60) thrown at [C:\src\android\AOSP-openjdk\external\jetbrains\jdk\hotspot\src\share\vm\prims\jni.cpp, l‚•^˚çRÔ?
Event: 0.979 Thread 0x000000001ea71800 Implicit null exception at 0x000000000325f2a2 to 0x000000000325f3a2

Events (10 events):
Event: 3.952 Thread 0x000000001ea71800 DEOPT PACKING pc=0x000000000309074c sp=0x000000002241eef0
Event: 3.952 Thread 0x000000001ea71800 DEOPT UNPACKING pc=0x0000000002ee556a sp=0x000000002241ee18 mode 2
Event: 3.952 Thread 0x000000001ea71800 Uncommon trap: trap_request=0xffffffc6 fr.pc=0x000000000309074c
Event: 3.952 Thread 0x000000001ea71800 DEOPT PACKING pc=0x000000000309074c sp=0x000000002241eea0
Event: 3.952 Thread 0x000000001ea71800 DEOPT UNPACKING pc=0x0000000002ee556a sp=0x000000002241edb8 mode 2
Event: 3.952 Thread 0x000000001ea71800 Uncommon trap: trap_request=0xffffffc6 fr.pc=0x000000000330ae64
Event: 3.952 Thread 0x000000001ea71800 DEOPT PACKING pc=0x000000000330ae64 sp=0x000000002241ee10
Event: 3.952 Thread 0x000000001ea71800 DEOPT UNPACKING pc=0x0000000002ee556a sp=0x000000002241eda8 mode 2
Event: 3.960 loading class com/android/dex/Leb128
Event: 3.960 loading class com/android/dex/Leb128 done


Dynamic libraries:
0x00007ff6fa0b0000 - 0x00007ff6fa0e1000 	F:\Program Files (x86)\Android\Android Studio\jre\bin\java.exe
0x00007ffd1ba50000 - 0x00007ffd1bc2b000 	C:\Windows\SYSTEM32\ntdll.dll
0x00007ffd1b970000 - 0x00007ffd1ba1e000 	C:\Windows\System32\KERNEL32.DLL
0x00007ffd18630000 - 0x00007ffd18879000 	C:\Windows\System32\KERNELBASE.dll
0x00007ffd1af30000 - 0x00007ffd1afd1000 	C:\Windows\System32\ADVAPI32.dll
0x00007ffd1ac80000 - 0x00007ffd1ad1d000 	C:\Windows\System32\msvcrt.dll
0x00007ffd1b520000 - 0x00007ffd1b579000 	C:\Windows\System32\sechost.dll
0x00007ffd1ab50000 - 0x00007ffd1ac75000 	C:\Windows\System32\RPCRT4.dll
0x00007ffd18f80000 - 0x00007ffd190ca000 	C:\Windows\System32\USER32.dll
0x00007ffd185c0000 - 0x00007ffd185de000 	C:\Windows\System32\win32u.dll
0x00007ffd190d0000 - 0x00007ffd190f7000 	C:\Windows\System32\GDI32.dll
0x00007ffd18050000 - 0x00007ffd181d7000 	C:\Windows\System32\gdi32full.dll
0x00007ffd17f40000 - 0x00007ffd17fda000 	C:\Windows\System32\msvcp_win.dll
0x00007ffd184c0000 - 0x00007ffd185b6000 	C:\Windows\System32\ucrtbase.dll
0x00007ffd094a0000 - 0x00007ffd09707000 	C:\Windows\WinSxS\amd64_microsoft.windows.common-controls_6595b64144ccf1df_6.0.15063.483_none_26002d27e7c744a2\COMCTL32.dll
0x00007ffd1b0e0000 - 0x00007ffd1b3d9000 	C:\Windows\System32\combase.dll
0x00007ffd17fe0000 - 0x00007ffd1804a000 	C:\Windows\System32\bcryptPrimitives.dll
0x00007ffd196e0000 - 0x00007ffd1970d000 	C:\Windows\System32\IMM32.DLL
0x000000006e970000 - 0x000000006ea42000 	F:\Program Files (x86)\Android\Android Studio\jre\jre\bin\msvcr100.dll
0x000000006efc0000 - 0x000000006f7fc000 	F:\Program Files (x86)\Android\Android Studio\jre\jre\bin\server\jvm.dll
0x00007ffd19100000 - 0x00007ffd19108000 	C:\Windows\System32\PSAPI.DLL
0x00007ffd123b0000 - 0x00007ffd123b9000 	C:\Windows\SYSTEM32\WSOCK32.dll
0x00007ffd1b580000 - 0x00007ffd1b5ec000 	C:\Windows\System32\WS2_32.dll
0x00007ffd103a0000 - 0x00007ffd103c3000 	C:\Windows\SYSTEM32\WINMM.dll
0x00007ffd13110000 - 0x00007ffd1311a000 	C:\Windows\SYSTEM32\VERSION.dll
0x00007ffd10370000 - 0x00007ffd1039b000 	C:\Windows\SYSTEM32\WINMMBASE.dll
0x00007ffd185e0000 - 0x00007ffd18629000 	C:\Windows\System32\cfgmgr32.dll
0x00007ffd10fe0000 - 0x00007ffd10fef000 	F:\Program Files (x86)\Android\Android Studio\jre\jre\bin\verify.dll
0x00007ffd10fb0000 - 0x00007ffd10fd9000 	F:\Program Files (x86)\Android\Android Studio\jre\jre\bin\java.dll
0x00007ffd0be00000 - 0x00007ffd0be16000 	F:\Program Files (x86)\Android\Android Studio\jre\jre\bin\zip.dll
0x00007ffd19710000 - 0x00007ffd1ab46000 	C:\Windows\System32\SHELL32.dll
0x00007ffd1b3f0000 - 0x00007ffd1b49a000 	C:\Windows\System32\shcore.dll
0x00007ffd18880000 - 0x00007ffd18f71000 	C:\Windows\System32\windows.storage.dll
0x00007ffd19110000 - 0x00007ffd19161000 	C:\Windows\System32\shlwapi.dll
0x00007ffd17eb0000 - 0x00007ffd17ec1000 	C:\Windows\System32\kernel.appcore.dll
0x00007ffd17ed0000 - 0x00007ffd17f1c000 	C:\Windows\System32\powrprof.dll
0x00007ffd17f20000 - 0x00007ffd17f35000 	C:\Windows\System32\profapi.dll

VM Arguments:
jvm_args: -Djava.awt.headless=true -Xmx4g -Dfile.encoding=windows-1252 -Duser.country=US -Duser.language=en -Duser.variant 
java_command: com.android.dx.command.Main --dex --force-jumbo --num-threads=4 --multi-dex --output F:\TIF\Semester 7\Mobile Programming\Lab\Event Finder v1.0\EventFinder\app\build\intermediates\transforms\dex\debug\folders\1000\5\slice_8 F:\TIF\Semester 7\Mobile Programming\Lab\Event Finder v1.0\EventFinder\app\build\intermediates\transforms\instantRunSlicer\debug\folders\1\5\slice_8
java_class_path (initial): F:\Android\sdk\build-tools\25.0.0\lib\dx.jar
Launcher Type: SUN_STANDARD

Environment Variables:
PATH=C:\ProgramData\Oracle\Java\javapath;C:\Program Files (x86)\Intel\iCLS Client\;C:\Program Files\Intel\iCLS Client\;C:\Windows\system32;C:\Windows;C:\Windows\System32\Wbem;C:\Windows\System32\WindowsPowerShell\v1.0\;C:\Program Files (x86)\Intel\Intel(R) Management Engine Components\DAL;C:\Program Files\Intel\Intel(R) Management Engine Components\DAL;C:\Program Files (x86)\Intel\Intel(R) Management Engine Components\IPT;C:\Program Files\Intel\Intel(R) Management Engine Components\IPT;C:\Program Files (x86)\NVIDIA Corporation\PhysX\Common;C:\Program Files\Java\jdk1.8.0_144\bin;C:\Program Files\Java\jdk1.8.0_144\lib;C:\TDM-GCC-64\bin;C:\Program Files (x86)\CodeBlocks\MinGW\bin;C:\Windows\system32;C:\Windows;C:\Windows\System32\Wbem;C:\Windows\System32\WindowsPowerShell\v1.0\;C:\HashiCorp\Vagrant\bin;C:\Program Files\Git\cmd;C:\Program Files\PuTTY\;C:\Users\legion Y520\AppData\Local\Programs\Python\Python35\Scripts\;C:\Users\legion Y520\AppData\Local\Programs\Python\Python35\;C:\Users\legion Y520\AppData\Local\Microsoft\WindowsApps;C:\TDM-GCC-64\bin;C:\Program Files (x86)\CodeBlocks\MinGW\bin;C:\Users\legion Y520\AppData\Local\GitHubDesktop\bin;C:\Users\legion Y520\AppData\Local\Microsoft\WindowsApps;C:\Program Files\aircrack-ng-1.2-rc4-win\bin\64bit;
USERNAME=Joseph
OS=Windows_NT
PROCESSOR_IDENTIFIER=Intel64 Family 6 Model 158 Stepping 9, GenuineIntel



---------------  S Y S T E M  ---------------

OS: Windows 10.0 , 64 bit Build 15063 (10.0.15063.296)

CPU:total 8 (4 cores per cpu, 2 threads per core) family 6 model 158 stepping 9, cmov, cx8, fxsr, mmx, sse, sse2, sse3, ssse3, sse4.1, sse4.2, popcnt, avx, avx2, aes, clmul, erms, 3dnowpref, lzcnt, ht, tsc, tscinvbit, bmi1, bmi2, adx

Memory: 4k page, physical 8260772k(749100k free), swap 12356772k(4456k free)

vm_info: OpenJDK 64-Bit Server VM (25.112-b06) for windows-amd64 JRE (1.8.0_112-release-b06), built on Dec  8 2016 00:54:26 by "builder" with MS VC++ 10.0 (VS2010)

time: Sat Oct 28 00:58:26 2017
elapsed time: 3 seconds (0d 0h 0m 3s)

