#
# There is insufficient memory for the Java Runtime Environment to continue.
# Native memory allocation (malloc) failed to allocate 1138832 bytes for Chunk::new
# Possible reasons:
#   The system is out of physical RAM or swap space
#   In 32 bit mode, the process size limit was hit
# Possible solutions:
#   Reduce memory load on the system
#   Increase physical memory or swap space
#   Check if swap backing store is full
#   Use 64 bit Java on a 64 bit OS
#   Decrease Java heap size (-Xmx/-Xms)
#   Decrease number of Java threads
#   Decrease Java thread stack sizes (-Xss)
#   Set larger code cache with -XX:ReservedCodeCacheSize=
# This output file may be truncated or incomplete.
#
#  Out of Memory Error (allocation.cpp:390), pid=26568, tid=0x0000000000001378
#
# JRE version: OpenJDK Runtime Environment (8.0_152-b01) (build 1.8.0_152-release-915-b01)
# Java VM: OpenJDK 64-Bit Server VM (25.152-b01 mixed mode windows-amd64 compressed oops)
# Failed to write core dump. Minidumps are not enabled by default on client versions of Windows
#

---------------  T H R E A D  ---------------

Current thread (0x0000000020e65800):  JavaThread "C2 CompilerThread2" daemon [_thread_in_native, id=4984, stack(0x0000000021820000,0x0000000021920000)]

Stack: [0x0000000021820000,0x0000000021920000]
[error occurred during error reporting (printing stack bounds), id 0xc0000005]

Native frames: (J=compiled Java code, j=interpreted, Vv=VM code, C=native code)


Current CompileTask:
C2:   7683 1620       4       com.android.dx.cf.code.Simulator$SimVisitor::visitConstant (332 bytes)


---------------  P R O C E S S  ---------------

Java Threads: ( => current thread )
  0x000000002116c000 JavaThread "pool-2-thread-4" [_thread_blocked, id=15224, stack(0x0000000022020000,0x0000000022120000)]
  0x0000000021146800 JavaThread "pool-2-thread-3" [_thread_blocked, id=23380, stack(0x0000000021f20000,0x0000000022020000)]
  0x0000000021039000 JavaThread "pool-2-thread-2" [_thread_blocked, id=14964, stack(0x0000000021e20000,0x0000000021f20000)]
  0x000000002102f000 JavaThread "pool-3-thread-1" [_thread_blocked, id=20832, stack(0x0000000021d20000,0x0000000021e20000)]
  0x000000002102d800 JavaThread "pool-2-thread-1" [_thread_blocked, id=24448, stack(0x0000000021c20000,0x0000000021d20000)]
  0x0000000020ee1000 JavaThread "Service Thread" daemon [_thread_blocked, id=22840, stack(0x0000000021a20000,0x0000000021b20000)]
  0x0000000020e78800 JavaThread "C1 CompilerThread3" daemon [_thread_blocked, id=22808, stack(0x0000000021920000,0x0000000021a20000)]
=>0x0000000020e65800 JavaThread "C2 CompilerThread2" daemon [_thread_in_native, id=4984, stack(0x0000000021820000,0x0000000021920000)]
  0x0000000020e64000 JavaThread "C2 CompilerThread1" daemon [_thread_blocked, id=7816, stack(0x0000000021720000,0x0000000021820000)]
  0x0000000020e60800 JavaThread "C2 CompilerThread0" daemon [_thread_in_native, id=33628, stack(0x0000000021620000,0x0000000021720000)]
  0x0000000020e5f000 JavaThread "Attach Listener" daemon [_thread_blocked, id=30936, stack(0x0000000021520000,0x0000000021620000)]
  0x0000000020e5e000 JavaThread "Signal Dispatcher" daemon [_thread_blocked, id=29200, stack(0x0000000021420000,0x0000000021520000)]
  0x0000000020e50800 JavaThread "Finalizer" daemon [_thread_blocked, id=32928, stack(0x0000000021230000,0x0000000021330000)]
  0x0000000005447000 JavaThread "Reference Handler" daemon [_thread_blocked, id=14732, stack(0x0000000020d30000,0x0000000020e30000)]
  0x000000000524e000 JavaThread "main" [_thread_in_native, id=4456, stack(0x0000000005250000,0x0000000005350000)]

Other Threads:
  0x000000001ef65800 VMThread [stack: 0x0000000020c30000,0x0000000020d30000] [id=32020]
  0x0000000020ee1800 WatcherThread [stack: 0x0000000021b20000,0x0000000021c20000] [id=6840]

VM state:not at safepoint (normal execution)

VM Mutex/Monitor currently owned by a thread: None

Heap:
 PSYoungGen      total 71680K, used 36066K [0x000000076ab00000, 0x000000076f600000, 0x00000007c0000000)
  eden space 66560K, 46% used [0x000000076ab00000,0x000000076c93af88,0x000000076ec00000)
  from space 5120K, 99% used [0x000000076f100000,0x000000076f5fda90,0x000000076f600000)
  to   space 5120K, 0% used [0x000000076ec00000,0x000000076ec00000,0x000000076f100000)
 ParOldGen       total 87552K, used 7226K [0x00000006c0000000, 0x00000006c5580000, 0x000000076ab00000)
  object space 87552K, 8% used [0x00000006c0000000,0x00000006c070e8e0,0x00000006c5580000)
 Metaspace       used 5970K, capacity 7024K, committed 7296K, reserved 1056768K
  class space    used 572K, capacity 616K, committed 640K, reserved 1048576K

Card table byte_map: [0x0000000014810000,0x0000000015020000] byte_map_base: 0x0000000011210000

Marking Bits: (ParMarkBitMap*) 0x000000005a403950
 Begin Bits: [0x0000000015d80000, 0x0000000019d80000)
 End Bits:   [0x0000000019d80000, 0x000000001dd80000)

Polling page: 0x00000000050d0000

CodeCache: size=245760Kb used=8409Kb max_used=8427Kb free=237350Kb
 bounds [0x0000000005450000, 0x0000000005ca0000, 0x0000000014450000]
 total_blobs=1962 nmethods=1701 adapters=175
 compilation: enabled

Compilation events (10 events):
Event: 7.547 Thread 0x0000000020e78800 1697       3       java.util.concurrent.ThreadPoolExecutor::isRunning (10 bytes)
Event: 7.548 Thread 0x0000000020e78800 nmethod 1697 0x0000000005c678d0 code [0x0000000005c67a20, 0x0000000005c67bb0]
Event: 7.548 Thread 0x0000000020e78800 1698       3       java.util.concurrent.locks.AbstractQueuedSynchronizer$ConditionObject::signal (33 bytes)
Event: 7.548 Thread 0x0000000020e78800 nmethod 1698 0x0000000005c67c10 code [0x0000000005c67da0, 0x0000000005c68128]
Event: 7.548 Thread 0x0000000020e78800 1699       3       java.util.concurrent.locks.ReentrantLock$Sync::isHeldExclusively (16 bytes)
Event: 7.548 Thread 0x0000000020e78800 nmethod 1699 0x0000000005c68250 code [0x0000000005c683a0, 0x0000000005c68610]
Event: 7.555 Thread 0x0000000020e78800 1702       3       com.android.dx.ssa.ConstCollector$1::compare (42 bytes)
Event: 7.556 Thread 0x0000000020e78800 nmethod 1702 0x0000000005c68690 code [0x0000000005c68880, 0x0000000005c695d8]
Event: 7.556 Thread 0x0000000020e78800 1703       3       com.android.dx.ssa.ConstCollector$1::compare (13 bytes)
Event: 7.556 Thread 0x0000000020e78800 nmethod 1703 0x0000000005c69a50 code [0x0000000005c69bc0, 0x0000000005c69f28]

GC Heap History (4 events):
Event: 2.658 GC heap before
{Heap before GC invocations=1 (full 0):
 PSYoungGen      total 38400K, used 33280K [0x000000076ab00000, 0x000000076d580000, 0x00000007c0000000)
  eden space 33280K, 100% used [0x000000076ab00000,0x000000076cb80000,0x000000076cb80000)
  from space 5120K, 0% used [0x000000076d080000,0x000000076d080000,0x000000076d580000)
  to   space 5120K, 0% used [0x000000076cb80000,0x000000076cb80000,0x000000076d080000)
 ParOldGen       total 87552K, used 0K [0x00000006c0000000, 0x00000006c5580000, 0x000000076ab00000)
  object space 87552K, 0% used [0x00000006c0000000,0x00000006c0000000,0x00000006c5580000)
 Metaspace       used 5750K, capacity 6832K, committed 7040K, reserved 1056768K
  class space    used 565K, capacity 616K, committed 640K, reserved 1048576K
Event: 2.816 GC heap after
Heap after GC invocations=1 (full 0):
 PSYoungGen      total 38400K, used 5107K [0x000000076ab00000, 0x000000076f600000, 0x00000007c0000000)
  eden space 33280K, 0% used [0x000000076ab00000,0x000000076ab00000,0x000000076cb80000)
  from space 5120K, 99% used [0x000000076cb80000,0x000000076d07ccb8,0x000000076d080000)
  to   space 5120K, 0% used [0x000000076f100000,0x000000076f100000,0x000000076f600000)
 ParOldGen       total 87552K, used 1702K [0x00000006c0000000, 0x00000006c5580000, 0x000000076ab00000)
  object space 87552K, 1% used [0x00000006c0000000,0x00000006c01a98f0,0x00000006c5580000)
 Metaspace       used 5750K, capacity 6832K, committed 7040K, reserved 1056768K
  class space    used 565K, capacity 616K, committed 640K, reserved 1048576K
}
Event: 6.606 GC heap before
{Heap before GC invocations=2 (full 0):
 PSYoungGen      total 38400K, used 38387K [0x000000076ab00000, 0x000000076f600000, 0x00000007c0000000)
  eden space 33280K, 100% used [0x000000076ab00000,0x000000076cb80000,0x000000076cb80000)
  from space 5120K, 99% used [0x000000076cb80000,0x000000076d07ccb8,0x000000076d080000)
  to   space 5120K, 0% used [0x000000076f100000,0x000000076f100000,0x000000076f600000)
 ParOldGen       total 87552K, used 1702K [0x00000006c0000000, 0x00000006c5580000, 0x000000076ab00000)
  object space 87552K, 1% used [0x00000006c0000000,0x00000006c01a98f0,0x00000006c5580000)
 Metaspace       used 5915K, capacity 6960K, committed 7040K, reserved 1056768K
  class space    used 571K, capacity 616K, committed 640K, reserved 1048576K
Event: 6.798 GC heap after
Heap after GC invocations=2 (full 0):
 PSYoungGen      total 71680K, used 5110K [0x000000076ab00000, 0x000000076f600000, 0x00000007c0000000)
  eden space 66560K, 0% used [0x000000076ab00000,0x000000076ab00000,0x000000076ec00000)
  from space 5120K, 99% used [0x000000076f100000,0x000000076f5fda90,0x000000076f600000)
  to   space 5120K, 0% used [0x000000076ec00000,0x000000076ec00000,0x000000076f100000)
 ParOldGen       total 87552K, used 7226K [0x00000006c0000000, 0x00000006c5580000, 0x000000076ab00000)
  object space 87552K, 8% used [0x00000006c0000000,0x00000006c070e8e0,0x00000006c5580000)
 Metaspace       used 5915K, capacity 6960K, committed 7040K, reserved 1056768K
  class space    used 571K, capacity 616K, committed 640K, reserved 1048576K
}

Deoptimization events (10 events):
Event: 7.349 Thread 0x000000002102d800 Uncommon trap: reason=class_check action=maybe_recompile pc=0x0000000005939068 method=com.android.dx.cf.code.BaseMachine.getLocalTarget(Z)Lcom/android/dx/rop/code/RegisterSpec; @ 70
Event: 7.350 Thread 0x000000002102d800 Uncommon trap: reason=class_check action=maybe_recompile pc=0x000000000595a0b4 method=com.android.dx.cf.code.BaseMachine.getLocalTarget(Z)Lcom/android/dx/rop/code/RegisterSpec; @ 70
Event: 7.350 Thread 0x000000002102d800 Uncommon trap: reason=unstable_if action=reinterpret pc=0x00000000056ad4f8 method=java.util.BitSet.ensureCapacity(I)V @ 6
Event: 7.351 Thread 0x000000002102d800 Uncommon trap: reason=unstable_if action=reinterpret pc=0x00000000056adb30 method=java.util.BitSet.ensureCapacity(I)V @ 6
Event: 7.351 Thread 0x000000002102d800 Uncommon trap: reason=unstable_if action=reinterpret pc=0x0000000005911fcc method=java.util.BitSet.clone()Ljava/lang/Object; @ 4
Event: 7.352 Thread 0x000000002102d800 Uncommon trap: reason=bimorphic action=maybe_recompile pc=0x00000000058b5d64 method=java.util.HashMap.putVal(ILjava/lang/Object;Ljava/lang/Object;ZZ)Ljava/lang/Object; @ 91
Event: 7.353 Thread 0x000000002102d800 Uncommon trap: reason=unstable_if action=reinterpret pc=0x0000000005a1fe58 method=com.android.dx.rop.code.RegisterSpec.equals(ILcom/android/dx/rop/type/TypeBearer;Lcom/android/dx/rop/code/LocalItem;)Z @ 16
Event: 7.353 Thread 0x000000002102d800 Uncommon trap: reason=unstable_if action=reinterpret pc=0x0000000005a7e708 method=java.util.BitSet.clone()Ljava/lang/Object; @ 4
Event: 7.448 Thread 0x0000000021039000 Uncommon trap: reason=bimorphic action=maybe_recompile pc=0x0000000005b8e054 method=com.android.dx.rop.code.InsnList.contentEquals(Lcom/android/dx/rop/code/InsnList;)Z @ 38
Event: 7.448 Thread 0x0000000021039000 Uncommon trap: reason=bimorphic action=maybe_recompile pc=0x0000000005b8e054 method=com.android.dx.rop.code.InsnList.contentEquals(Lcom/android/dx/rop/code/InsnList;)Z @ 38

Classes redefined (0 events):
No events

Internal exceptions (3 events):
Event: 0.031 Thread 0x000000000524e000 Exception <a 'java/lang/NoSuchMethodError': Method sun.misc.Unsafe.defineClass(Ljava/lang/String;[BII)Ljava/lang/Class; name or signature does not match> (0x000000076ab07ca8) thrown at [D:\src\AOSP-openjdk-cygwin\jdk8u\hotspot\src\share\vm\prims\jni.cpp, 
Event: 0.031 Thread 0x000000000524e000 Exception <a 'java/lang/NoSuchMethodError': Method sun.misc.Unsafe.prefetchRead(Ljava/lang/Object;J)V name or signature does not match> (0x000000076ab07f90) thrown at [D:\src\AOSP-openjdk-cygwin\jdk8u\hotspot\src\share\vm\prims\jni.cpp, line 4011]
Event: 6.416 Thread 0x000000002102d800 Implicit null exception at 0x0000000005715662 to 0x0000000005715771

Events (10 events):
Event: 7.353 Thread 0x000000002102d800 DEOPT PACKING pc=0x0000000005a7e708 sp=0x0000000021d1ece0
Event: 7.353 Thread 0x000000002102d800 DEOPT UNPACKING pc=0x000000000549556a sp=0x0000000021d1ec40 mode 2
Event: 7.355 Thread 0x000000002102d800 DEOPT PACKING pc=0x0000000005928232 sp=0x0000000021d1ed70
Event: 7.355 Thread 0x000000002102d800 DEOPT UNPACKING pc=0x00000000054975bf sp=0x0000000021d1eba0 mode 0
Event: 7.448 Thread 0x0000000021039000 Uncommon trap: trap_request=0xffffffc6 fr.pc=0x0000000005b8e054
Event: 7.448 Thread 0x0000000021039000 DEOPT PACKING pc=0x0000000005b8e054 sp=0x0000000021f1e840
Event: 7.448 Thread 0x0000000021039000 DEOPT UNPACKING pc=0x000000000549556a sp=0x0000000021f1e7e0 mode 2
Event: 7.448 Thread 0x0000000021039000 Uncommon trap: trap_request=0xffffffc6 fr.pc=0x0000000005b8e054
Event: 7.448 Thread 0x0000000021039000 DEOPT PACKING pc=0x0000000005b8e054 sp=0x0000000021f1e840
Event: 7.448 Thread 0x0000000021039000 DEOPT UNPACKING pc=0x000000000549556a sp=0x0000000021f1e7e0 mode 2


Dynamic libraries:
0x00007ff62e9d0000 - 0x00007ff62ea01000 	F:\Program Files (x86)\Android\Android Studio\jre\bin\java.exe
0x00007ffda4740000 - 0x00007ffda4920000 	C:\WINDOWS\SYSTEM32\ntdll.dll
0x00007ffda40a0000 - 0x00007ffda414e000 	C:\WINDOWS\System32\KERNEL32.DLL
0x00007ffda1870000 - 0x00007ffda1ad6000 	C:\WINDOWS\System32\KERNELBASE.dll
0x00007ffda4500000 - 0x00007ffda45a1000 	C:\WINDOWS\System32\ADVAPI32.dll
0x00007ffda4150000 - 0x00007ffda41ed000 	C:\WINDOWS\System32\msvcrt.dll
0x00007ffda1e30000 - 0x00007ffda1e8b000 	C:\WINDOWS\System32\sechost.dll
0x00007ffda45b0000 - 0x00007ffda46cf000 	C:\WINDOWS\System32\RPCRT4.dll
0x00007ffda3590000 - 0x00007ffda371e000 	C:\WINDOWS\System32\USER32.dll
0x00007ffda17b0000 - 0x00007ffda17d0000 	C:\WINDOWS\System32\win32u.dll
0x00007ffda3b10000 - 0x00007ffda3b38000 	C:\WINDOWS\System32\GDI32.dll
0x00007ffda0bf0000 - 0x00007ffda0d84000 	C:\WINDOWS\System32\gdi32full.dll
0x00007ffda17d0000 - 0x00007ffda186b000 	C:\WINDOWS\System32\msvcp_win.dll
0x00007ffda1ae0000 - 0x00007ffda1bd6000 	C:\WINDOWS\System32\ucrtbase.dll
0x00007ffd924d0000 - 0x00007ffd92739000 	C:\WINDOWS\WinSxS\amd64_microsoft.windows.common-controls_6595b64144ccf1df_6.0.16299.19_none_cc92fab02215da61\COMCTL32.dll
0x00007ffda41f0000 - 0x00007ffda44f8000 	C:\WINDOWS\System32\combase.dll
0x00007ffda0b10000 - 0x00007ffda0b82000 	C:\WINDOWS\System32\bcryptPrimitives.dll
0x00007ffda1e90000 - 0x00007ffda1ebd000 	C:\WINDOWS\System32\IMM32.DLL
0x000000005a840000 - 0x000000005a912000 	F:\Program Files (x86)\Android\Android Studio\jre\jre\bin\msvcr100.dll
0x0000000059c40000 - 0x000000005a47e000 	F:\Program Files (x86)\Android\Android Studio\jre\jre\bin\server\jvm.dll
0x00007ffda3480000 - 0x00007ffda3488000 	C:\WINDOWS\System32\PSAPI.DLL
0x00007ffd91180000 - 0x00007ffd911a3000 	C:\WINDOWS\SYSTEM32\WINMM.dll
0x00007ffd9e6e0000 - 0x00007ffd9e6e9000 	C:\WINDOWS\SYSTEM32\WSOCK32.dll
0x00007ffd9b6e0000 - 0x00007ffd9b6ea000 	C:\WINDOWS\SYSTEM32\VERSION.dll
0x00007ffda3300000 - 0x00007ffda336c000 	C:\WINDOWS\System32\WS2_32.dll
0x00007ffd91370000 - 0x00007ffd9139a000 	C:\WINDOWS\SYSTEM32\WINMMBASE.dll
0x00007ffda0d90000 - 0x00007ffda0dda000 	C:\WINDOWS\System32\cfgmgr32.dll
0x00007ffd9c840000 - 0x00007ffd9c84f000 	F:\Program Files (x86)\Android\Android Studio\jre\jre\bin\verify.dll
0x00007ffd9c450000 - 0x00007ffd9c479000 	F:\Program Files (x86)\Android\Android Studio\jre\jre\bin\java.dll
0x00007ffd904b0000 - 0x00007ffd904c6000 	F:\Program Files (x86)\Android\Android Studio\jre\jre\bin\zip.dll
0x00007ffda1ec0000 - 0x00007ffda32f7000 	C:\WINDOWS\System32\SHELL32.dll
0x00007ffda3ff0000 - 0x00007ffda4096000 	C:\WINDOWS\System32\shcore.dll
0x00007ffda0e90000 - 0x00007ffda15d7000 	C:\WINDOWS\System32\windows.storage.dll
0x00007ffda3b40000 - 0x00007ffda3b91000 	C:\WINDOWS\System32\shlwapi.dll
0x00007ffda0a80000 - 0x00007ffda0a91000 	C:\WINDOWS\System32\kernel.appcore.dll
0x00007ffda0ac0000 - 0x00007ffda0b0c000 	C:\WINDOWS\System32\powrprof.dll
0x00007ffda0a60000 - 0x00007ffda0a7b000 	C:\WINDOWS\System32\profapi.dll

VM Arguments:
jvm_args: -Djava.awt.headless=true -Xmx4g -Dfile.encoding=windows-1252 -Duser.country=US -Duser.language=en -Duser.variant 
java_command: com.android.dx.command.Main --dex --force-jumbo --num-threads=4 --multi-dex --output F:\TIF\Semester 7\Mobile Programming\Lab\WhatsCamp\WhatsCamp\app\build\intermediates\transforms\dex\debug\folders\1000\5\slice_0 F:\TIF\Semester 7\Mobile Programming\Lab\WhatsCamp\WhatsCamp\app\build\intermediates\transforms\instantRunSlicer\debug\folders\1\5\slice_0
java_class_path (initial): F:\Android\sdk\build-tools\25.0.0\lib\dx.jar
Launcher Type: SUN_STANDARD

Environment Variables:
PATH=C:\ProgramData\Oracle\Java\javapath;C:\Program Files (x86)\Intel\iCLS Client\;C:\Program Files\Intel\iCLS Client\;C:\Windows\system32;C:\Windows;C:\Windows\System32\Wbem;C:\Windows\System32\WindowsPowerShell\v1.0\;C:\Program Files (x86)\Intel\Intel(R) Management Engine Components\DAL;C:\Program Files\Intel\Intel(R) Management Engine Components\DAL;C:\Program Files (x86)\Intel\Intel(R) Management Engine Components\IPT;C:\Program Files\Intel\Intel(R) Management Engine Components\IPT;C:\Program Files (x86)\NVIDIA Corporation\PhysX\Common;C:\Program Files\Java\jdk1.8.0_144\bin;C:\Program Files\Java\jdk1.8.0_144\lib;C:\TDM-GCC-64\bin;C:\Program Files (x86)\CodeBlocks\MinGW\bin;C:\WINDOWS\system32;C:\WINDOWS;C:\WINDOWS\System32\Wbem;C:\WINDOWS\System32\WindowsPowerShell\v1.0\;C:\HashiCorp\Vagrant\bin;C:\Program Files\Git\cmd;C:\Program Files\PuTTY\;C:\Program Files\IBM\Bluemix\bin;C:\Program Files\Cloud Foundry;C:\Users\legion Y520\AppData\Local\Programs\Python\Python35\Scripts\;C:\Users\legion Y520\AppData\Local\Programs\Python\Python35\;C:\Users\legion Y520\AppData\Local\Microsoft\WindowsApps;C:\TDM-GCC-64\bin;C:\Program Files (x86)\CodeBlocks\MinGW\bin;C:\Users\legion Y520\AppData\Local\GitHubDesktop\bin;C:\Users\legion Y520\AppData\Local\Microsoft\WindowsApps;C:\Program Files\aircrack-ng-1.2-rc4-win\bin\64bit;
USERNAME=Joseph
OS=Windows_NT
PROCESSOR_IDENTIFIER=Intel64 Family 6 Model 158 Stepping 9, GenuineIntel



---------------  S Y S T E M  ---------------

OS: Windows 10.0 , 64 bit Build 16299 (10.0.16299.15)

CPU:total 8 (initial active 8) (4 cores per cpu, 2 threads per core) family 6 model 158 stepping 9, cmov, cx8, fxsr, mmx, sse, sse2, sse3, ssse3, sse4.1, sse4.2, popcnt, avx, avx2, aes, clmul, erms, 3dnowpref, lzcnt, ht, tsc, tscinvbit, bmi1, bmi2, adx

Memory: 4k page, physical 8260772k(730492k free), swap 12356772k(13428k free)

vm_info: OpenJDK 64-Bit Server VM (25.152-b01) for windows-amd64 JRE (1.8.0_152-release-915-b01), built by "builder" with MS VC++ 10.0 (VS2010)

time: Thu Nov 09 08:18:38 2017
elapsed time: 7 seconds (0d 0h 0m 7s)

