#
# There is insufficient memory for the Java Runtime Environment to continue.
# Native memory allocation (malloc) failed to allocate 67344 bytes for Chunk::new
# Possible reasons:
#   The system is out of physical RAM or swap space
#   In 32 bit mode, the process size limit was hit
# Possible solutions:
#   Reduce memory load on the system
#   Increase physical memory or swap space
#   Check if swap backing store is full
#   Use 64 bit Java on a 64 bit OS
#   Decrease Java heap size (-Xmx/-Xms)
#   Decrease number of Java threads
#   Decrease Java thread stack sizes (-Xss)
#   Set larger code cache with -XX:ReservedCodeCacheSize=
# This output file may be truncated or incomplete.
#
#  Out of Memory Error (allocation.cpp:390), pid=20336, tid=0x0000000000001dbc
#
# JRE version: OpenJDK Runtime Environment (8.0_112-b06) (build 1.8.0_112-release-b06)
# Java VM: OpenJDK 64-Bit Server VM (25.112-b06 mixed mode windows-amd64 compressed oops)
# Failed to write core dump. Minidumps are not enabled by default on client versions of Windows
#

---------------  T H R E A D  ---------------

Current thread (0x000000001eb53000):  JavaThread "C2 CompilerThread2" daemon [_thread_in_native, id=7612, stack(0x000000001f510000,0x000000001f610000)]

Stack: [0x000000001f510000,0x000000001f610000]
[error occurred during error reporting (printing stack bounds), id 0xc0000005]

Native frames: (J=compiled Java code, j=interpreted, Vv=VM code, C=native code)


Current CompileTask:
C2:   1405 1502   !   4       com.android.dx.cf.code.RopperMachine::run (1550 bytes)


---------------  P R O C E S S  ---------------

Java Threads: ( => current thread )
  0x000000001ee2f800 JavaThread "pool-2-thread-4" [_thread_in_Java, id=17576, stack(0x000000001fd10000,0x000000001fe10000)]
  0x000000001ee2b000 JavaThread "pool-2-thread-3" [_thread_in_Java, id=3108, stack(0x000000001fc10000,0x000000001fd10000)]
  0x000000001edcf800 JavaThread "pool-2-thread-2" [_thread_in_Java, id=18892, stack(0x000000001fb10000,0x000000001fc10000)]
  0x000000001edcf000 JavaThread "pool-3-thread-1" [_thread_blocked, id=17848, stack(0x000000001fa10000,0x000000001fb10000)]
  0x000000001ee1e000 JavaThread "pool-2-thread-1" [_thread_in_Java, id=14504, stack(0x000000001f910000,0x000000001fa10000)]
  0x000000001eb91000 JavaThread "Service Thread" daemon [_thread_blocked, id=19844, stack(0x000000001f710000,0x000000001f810000)]
  0x000000001eb57800 JavaThread "C1 CompilerThread3" daemon [_thread_blocked, id=5472, stack(0x000000001f610000,0x000000001f710000)]
=>0x000000001eb53000 JavaThread "C2 CompilerThread2" daemon [_thread_in_native, id=7612, stack(0x000000001f510000,0x000000001f610000)]
  0x000000001eb4f000 JavaThread "C2 CompilerThread1" daemon [_thread_in_native, id=5300, stack(0x000000001f410000,0x000000001f510000)]
  0x000000001eb4b800 JavaThread "C2 CompilerThread0" daemon [_thread_in_native, id=6476, stack(0x000000001f310000,0x000000001f410000)]
  0x000000001eb4a000 JavaThread "Attach Listener" daemon [_thread_blocked, id=11448, stack(0x000000001f210000,0x000000001f310000)]
  0x000000001eb48800 JavaThread "Signal Dispatcher" daemon [_thread_blocked, id=4824, stack(0x000000001f110000,0x000000001f210000)]
  0x000000001eb40800 JavaThread "Finalizer" daemon [_thread_blocked, id=14408, stack(0x000000001ef20000,0x000000001f020000)]
  0x0000000003126000 JavaThread "Reference Handler" daemon [_thread_blocked, id=17780, stack(0x000000001ea20000,0x000000001eb20000)]
  0x0000000002fbd800 JavaThread "main" [_thread_in_Java, id=18464, stack(0x0000000002e90000,0x0000000002f90000)]

Other Threads:
  0x000000001cc45800 VMThread [stack: 0x000000001e920000,0x000000001ea20000] [id=6480]
  0x000000001eb91800 WatcherThread [stack: 0x000000001f810000,0x000000001f910000] [id=3116]

VM state:not at safepoint (normal execution)

VM Mutex/Monitor currently owned by a thread:  ([mutex/lock_event])
[0x0000000003030cd0] MethodCompileQueue_lock - owner thread: 0x0000000000000000

Heap:
 PSYoungGen      total 71680K, used 51871K [0x000000076ab00000, 0x000000076f600000, 0x00000007c0000000)
  eden space 66560K, 70% used [0x000000076ab00000,0x000000076d8aaec8,0x000000076ec00000)
  from space 5120K, 99% used [0x000000076f100000,0x000000076f5fcef8,0x000000076f600000)
  to   space 5120K, 0% used [0x000000076ec00000,0x000000076ec00000,0x000000076f100000)
 ParOldGen       total 87552K, used 7878K [0x00000006c0000000, 0x00000006c5580000, 0x000000076ab00000)
  object space 87552K, 8% used [0x00000006c0000000,0x00000006c07b19e8,0x00000006c5580000)
 Metaspace       used 6192K, capacity 7090K, committed 7296K, reserved 1056768K
  class space    used 591K, capacity 618K, committed 640K, reserved 1048576K

Card table byte_map: [0x00000000124f0000,0x0000000012d00000] byte_map_base: 0x000000000eef0000

Marking Bits: (ParMarkBitMap*) 0x000000006f7818f0
 Begin Bits: [0x0000000013a60000, 0x0000000017a60000)
 End Bits:   [0x0000000017a60000, 0x000000001ba60000)

Polling page: 0x0000000001120000

CodeCache: size=245760Kb used=6018Kb max_used=6018Kb free=239741Kb
 bounds [0x0000000003130000, 0x0000000003720000, 0x0000000012130000]
 total_blobs=1820 nmethods=1553 adapters=181
 compilation: enabled

Compilation events (10 events):
Event: 1.385 Thread 0x000000001eb57800 1581       2       com.android.dx.ssa.back.FirstFitLocalCombiningAllocator$Multiset::add (68 bytes)
Event: 1.385 Thread 0x000000001eb57800 nmethod 1581 0x0000000003713c50 code [0x0000000003713dc0, 0x0000000003714050]
Event: 1.387 Thread 0x000000001eb57800 1584       2       com.android.dx.ssa.back.FirstFitLocalCombiningAllocator$Multiset::getAndRemoveHighestCount (63 bytes)
Event: 1.387 Thread 0x000000001eb57800 nmethod 1584 0x00000000037142d0 code [0x0000000003714440, 0x0000000003714690]
Event: 1.390 Thread 0x000000001eb57800 1585       2       com.android.dx.rop.type.StdTypeList::equalContents (56 bytes)
Event: 1.391 Thread 0x000000001eb57800 nmethod 1585 0x00000000037148d0 code [0x0000000003714a80, 0x0000000003714dc8]
Event: 1.391 Thread 0x000000001eb57800 1586       2       java.util.BitSet::trimToSize (32 bytes)
Event: 1.391 Thread 0x000000001eb57800 nmethod 1586 0x0000000003715010 code [0x0000000003715180, 0x0000000003715458]
Event: 1.393 Thread 0x000000001eb57800 1587       2       java.util.Collections::swap (25 bytes)
Event: 1.394 Thread 0x000000001eb57800 nmethod 1587 0x0000000003715590 code [0x0000000003715700, 0x00000000037158c8]

GC Heap History (4 events):
Event: 0.944 GC heap before
{Heap before GC invocations=1 (full 0):
 PSYoungGen      total 38400K, used 33280K [0x000000076ab00000, 0x000000076d580000, 0x00000007c0000000)
  eden space 33280K, 100% used [0x000000076ab00000,0x000000076cb80000,0x000000076cb80000)
  from space 5120K, 0% used [0x000000076d080000,0x000000076d080000,0x000000076d580000)
  to   space 5120K, 0% used [0x000000076cb80000,0x000000076cb80000,0x000000076d080000)
 ParOldGen       total 87552K, used 0K [0x00000006c0000000, 0x00000006c5580000, 0x000000076ab00000)
  object space 87552K, 0% used [0x00000006c0000000,0x00000006c0000000,0x00000006c5580000)
 Metaspace       used 5933K, capacity 6960K, committed 7040K, reserved 1056768K
  class space    used 572K, capacity 616K, committed 640K, reserved 1048576K
Event: 0.983 GC heap after
Heap after GC invocations=1 (full 0):
 PSYoungGen      total 38400K, used 5099K [0x000000076ab00000, 0x000000076f600000, 0x00000007c0000000)
  eden space 33280K, 0% used [0x000000076ab00000,0x000000076ab00000,0x000000076cb80000)
  from space 5120K, 99% used [0x000000076cb80000,0x000000076d07ac40,0x000000076d080000)
  to   space 5120K, 0% used [0x000000076f100000,0x000000076f100000,0x000000076f600000)
 ParOldGen       total 87552K, used 1827K [0x00000006c0000000, 0x00000006c5580000, 0x000000076ab00000)
  object space 87552K, 2% used [0x00000006c0000000,0x00000006c01c8fc0,0x00000006c5580000)
 Metaspace       used 5933K, capacity 6960K, committed 7040K, reserved 1056768K
  class space    used 572K, capacity 616K, committed 640K, reserved 1048576K
}
Event: 1.096 GC heap before
{Heap before GC invocations=2 (full 0):
 PSYoungGen      total 38400K, used 38379K [0x000000076ab00000, 0x000000076f600000, 0x00000007c0000000)
  eden space 33280K, 100% used [0x000000076ab00000,0x000000076cb80000,0x000000076cb80000)
  from space 5120K, 99% used [0x000000076cb80000,0x000000076d07ac40,0x000000076d080000)
  to   space 5120K, 0% used [0x000000076f100000,0x000000076f100000,0x000000076f600000)
 ParOldGen       total 87552K, used 3042K [0x00000006c0000000, 0x00000006c5580000, 0x000000076ab00000)
  object space 87552K, 3% used [0x00000006c0000000,0x00000006c02f8810,0x00000006c5580000)
 Metaspace       used 6044K, capacity 7024K, committed 7296K, reserved 1056768K
  class space    used 572K, capacity 616K, committed 640K, reserved 1048576K
Event: 1.120 GC heap after
Heap after GC invocations=2 (full 0):
 PSYoungGen      total 71680K, used 5107K [0x000000076ab00000, 0x000000076f600000, 0x00000007c0000000)
  eden space 66560K, 0% used [0x000000076ab00000,0x000000076ab00000,0x000000076ec00000)
  from space 5120K, 99% used [0x000000076f100000,0x000000076f5fcef8,0x000000076f600000)
  to   space 5120K, 0% used [0x000000076ec00000,0x000000076ec00000,0x000000076f100000)
 ParOldGen       total 87552K, used 7878K [0x00000006c0000000, 0x00000006c5580000, 0x000000076ab00000)
  object space 87552K, 8% used [0x00000006c0000000,0x00000006c07b19e8,0x00000006c5580000)
 Metaspace       used 6044K, capacity 7024K, committed 7296K, reserved 1056768K
  class space    used 572K, capacity 616K, committed 640K, reserved 1048576K
}

Deoptimization events (10 events):
Event: 1.039 Thread 0x000000001ee2b000 Uncommon trap: reason=bimorphic action=maybe_recompile pc=0x0000000003374e58 method=java.util.HashMap.getNode(ILjava/lang/Object;)Ljava/util/HashMap$Node; @ 126
Event: 1.039 Thread 0x000000001ee2b000 Uncommon trap: reason=bimorphic action=maybe_recompile pc=0x0000000003361d48 method=java.util.HashMap.getNode(ILjava/lang/Object;)Ljava/util/HashMap$Node; @ 126
Event: 1.039 Thread 0x000000001ee2b000 Uncommon trap: reason=bimorphic action=maybe_recompile pc=0x0000000003361d48 method=java.util.HashMap.getNode(ILjava/lang/Object;)Ljava/util/HashMap$Node; @ 126
Event: 1.055 Thread 0x000000001ee2f800 Uncommon trap: reason=unstable_if action=reinterpret pc=0x000000000356d394 method=com.android.dx.ssa.SCCP.simulateStmt(Lcom/android/dx/ssa/SsaInsn;)V @ 53
Event: 1.057 Thread 0x000000001edcf800 Uncommon trap: reason=bimorphic action=maybe_recompile pc=0x0000000003374e58 method=java.util.HashMap.getNode(ILjava/lang/Object;)Ljava/util/HashMap$Node; @ 126
Event: 1.068 Thread 0x000000001ee2b000 Uncommon trap: reason=unstable_if action=reinterpret pc=0x00000000034c25dc method=com.android.dx.ssa.SsaMethod.updateOneDefinition(Lcom/android/dx/ssa/SsaInsn;Lcom/android/dx/rop/code/RegisterSpec;)V @ 4
Event: 1.243 Thread 0x000000001ee2f800 Uncommon trap: reason=unstable_if action=reinterpret pc=0x00000000036f0824 method=com.android.dx.ssa.SCCP.simulateBranch(Lcom/android/dx/ssa/SsaInsn;)V @ 548
Event: 1.338 Thread 0x0000000002fbd800 Uncommon trap: reason=unstable_if action=reinterpret pc=0x00000000033ea754 method=java.util.HashMap.putVal(ILjava/lang/Object;Ljava/lang/Object;ZZ)Ljava/lang/Object; @ 162
Event: 1.342 Thread 0x0000000002fbd800 Uncommon trap: reason=unstable_if action=reinterpret pc=0x0000000003655324 method=java.util.HashMap.getNode(ILjava/lang/Object;)Ljava/util/HashMap$Node; @ 84
Event: 1.367 Thread 0x000000001ee1e000 Uncommon trap: reason=unstable_if action=reinterpret pc=0x00000000036e61e8 method=java.util.HashMap.getNode(ILjava/lang/Object;)Ljava/util/HashMap$Node; @ 84

Internal exceptions (6 events):
Event: 0.129 Thread 0x0000000002fbd800 Exception <a 'java/lang/NoSuchMethodError': Method sun.misc.Unsafe.defineClass(Ljava/lang/String;[BII)Ljava/lang/Class; name or signature does not match> (0x000000076ab07c78) thrown at [C:\src\android\AOSP-openjdk\external\jetbrains\jdk\hotspot\src\share\vãÂðŸ”~À?
Event: 0.129 Thread 0x0000000002fbd800 Exception <a 'java/lang/NoSuchMethodError': Method sun.misc.Unsafe.prefetchRead(Ljava/lang/Object;J)V name or signature does not match> (0x000000076ab07f60) thrown at [C:\src\android\AOSP-openjdk\external\jetbrains\jdk\hotspot\src\share\vm\prims\jni.cpp, lv¸Ìg½éâ?
Event: 0.591 Thread 0x000000001ee1e000 Implicit null exception at 0x00000000033bce22 to 0x00000000033bcf22
Event: 1.341 Thread 0x0000000002fbd800 Exception <a 'java/lang/ArrayIndexOutOfBoundsException': 18> (0x000000076c8ddf40) thrown at [C:\src\android\AOSP-openjdk\external\jetbrains\jdk\hotspot\src\share\vm\interpreter\interpreterRuntime.cpp, line 366]
Event: 1.341 Thread 0x0000000002fbd800 Exception <a 'java/lang/ArrayIndexOutOfBoundsException': 145> (0x000000076c8dfac0) thrown at [C:\src\android\AOSP-openjdk\external\jetbrains\jdk\hotspot\src\share\vm\interpreter\interpreterRuntime.cpp, line 366]
Event: 1.341 Thread 0x0000000002fbd800 Exception <a 'java/lang/ArrayIndexOutOfBoundsException'> (0x000000076c8e0da8) thrown at [C:\src\android\AOSP-openjdk\external\jetbrains\jdk\hotspot\src\share\vm\runtime\sharedRuntime.cpp, line 605]

Events (10 events):
Event: 1.342 loading class sun/reflect/generics/reflectiveObjects/TypeVariableImpl
Event: 1.342 loading class sun/reflect/generics/reflectiveObjects/LazyReflectiveObjectGenerator
Event: 1.342 loading class sun/reflect/generics/reflectiveObjects/LazyReflectiveObjectGenerator done
Event: 1.342 loading class sun/reflect/generics/reflectiveObjects/TypeVariableImpl done
Event: 1.342 Thread 0x0000000002fbd800 Uncommon trap: trap_request=0xffffff65 fr.pc=0x0000000003655324
Event: 1.342 Thread 0x0000000002fbd800 DEOPT PACKING pc=0x0000000003655324 sp=0x0000000002f8e2c0
Event: 1.342 Thread 0x0000000002fbd800 DEOPT UNPACKING pc=0x000000000317556a sp=0x0000000002f8e1e0 mode 2
Event: 1.367 Thread 0x000000001ee1e000 Uncommon trap: trap_request=0xffffff65 fr.pc=0x00000000036e61e8
Event: 1.367 Thread 0x000000001ee1e000 DEOPT PACKING pc=0x00000000036e61e8 sp=0x000000001fa0dec0
Event: 1.367 Thread 0x000000001ee1e000 DEOPT UNPACKING pc=0x000000000317556a sp=0x000000001fa0de38 mode 2


Dynamic libraries:
0x00007ff6fa0b0000 - 0x00007ff6fa0e1000 	F:\Program Files (x86)\Android\Android Studio\jre\bin\java.exe
0x00007ffd1ba50000 - 0x00007ffd1bc2b000 	C:\Windows\SYSTEM32\ntdll.dll
0x00007ffd1b970000 - 0x00007ffd1ba1e000 	C:\Windows\System32\KERNEL32.DLL
0x00007ffd18630000 - 0x00007ffd18879000 	C:\Windows\System32\KERNELBASE.dll
0x00007ffd1af30000 - 0x00007ffd1afd1000 	C:\Windows\System32\ADVAPI32.dll
0x00007ffd1ac80000 - 0x00007ffd1ad1d000 	C:\Windows\System32\msvcrt.dll
0x00007ffd1b520000 - 0x00007ffd1b579000 	C:\Windows\System32\sechost.dll
0x00007ffd1ab50000 - 0x00007ffd1ac75000 	C:\Windows\System32\RPCRT4.dll
0x00007ffd18f80000 - 0x00007ffd190ca000 	C:\Windows\System32\USER32.dll
0x00007ffd185c0000 - 0x00007ffd185de000 	C:\Windows\System32\win32u.dll
0x00007ffd190d0000 - 0x00007ffd190f7000 	C:\Windows\System32\GDI32.dll
0x00007ffd18050000 - 0x00007ffd181d7000 	C:\Windows\System32\gdi32full.dll
0x00007ffd17f40000 - 0x00007ffd17fda000 	C:\Windows\System32\msvcp_win.dll
0x00007ffd184c0000 - 0x00007ffd185b6000 	C:\Windows\System32\ucrtbase.dll
0x00007ffd094a0000 - 0x00007ffd09707000 	C:\Windows\WinSxS\amd64_microsoft.windows.common-controls_6595b64144ccf1df_6.0.15063.483_none_26002d27e7c744a2\COMCTL32.dll
0x00007ffd1b0e0000 - 0x00007ffd1b3d9000 	C:\Windows\System32\combase.dll
0x00007ffd17fe0000 - 0x00007ffd1804a000 	C:\Windows\System32\bcryptPrimitives.dll
0x00007ffd196e0000 - 0x00007ffd1970d000 	C:\Windows\System32\IMM32.DLL
0x000000006e970000 - 0x000000006ea42000 	F:\Program Files (x86)\Android\Android Studio\jre\jre\bin\msvcr100.dll
0x000000006efc0000 - 0x000000006f7fc000 	F:\Program Files (x86)\Android\Android Studio\jre\jre\bin\server\jvm.dll
0x00007ffd19100000 - 0x00007ffd19108000 	C:\Windows\System32\PSAPI.DLL
0x00007ffd103a0000 - 0x00007ffd103c3000 	C:\Windows\SYSTEM32\WINMM.dll
0x00007ffd123b0000 - 0x00007ffd123b9000 	C:\Windows\SYSTEM32\WSOCK32.dll
0x00007ffd13110000 - 0x00007ffd1311a000 	C:\Windows\SYSTEM32\VERSION.dll
0x00007ffd1b580000 - 0x00007ffd1b5ec000 	C:\Windows\System32\WS2_32.dll
0x00007ffd10370000 - 0x00007ffd1039b000 	C:\Windows\SYSTEM32\WINMMBASE.dll
0x00007ffd185e0000 - 0x00007ffd18629000 	C:\Windows\System32\cfgmgr32.dll
0x00007ffd10fe0000 - 0x00007ffd10fef000 	F:\Program Files (x86)\Android\Android Studio\jre\jre\bin\verify.dll
0x00007ffd10fb0000 - 0x00007ffd10fd9000 	F:\Program Files (x86)\Android\Android Studio\jre\jre\bin\java.dll
0x00007ffd0be00000 - 0x00007ffd0be16000 	F:\Program Files (x86)\Android\Android Studio\jre\jre\bin\zip.dll
0x00007ffd19710000 - 0x00007ffd1ab46000 	C:\Windows\System32\SHELL32.dll
0x00007ffd1b3f0000 - 0x00007ffd1b49a000 	C:\Windows\System32\shcore.dll
0x00007ffd18880000 - 0x00007ffd18f71000 	C:\Windows\System32\windows.storage.dll
0x00007ffd19110000 - 0x00007ffd19161000 	C:\Windows\System32\shlwapi.dll
0x00007ffd17eb0000 - 0x00007ffd17ec1000 	C:\Windows\System32\kernel.appcore.dll
0x00007ffd17ed0000 - 0x00007ffd17f1c000 	C:\Windows\System32\powrprof.dll
0x00007ffd17f20000 - 0x00007ffd17f35000 	C:\Windows\System32\profapi.dll

VM Arguments:
jvm_args: -Djava.awt.headless=true -Xmx4g -Dfile.encoding=windows-1252 -Duser.country=US -Duser.language=en -Duser.variant 
java_command: com.android.dx.command.Main --dex --force-jumbo --num-threads=4 --multi-dex --output F:\TIF\Semester 7\Mobile Programming\Lab\Event Finder v1.0\EventFinder\app\build\intermediates\transforms\dex\debug\folders\1000\2\jackson-core-2.2.2_c6bc3ab3bdf7f758fe0c70c401600e136a9b0855 F:\TIF\Semester 7\Mobile Programming\Lab\Event Finder v1.0\EventFinder\app\libs\jackson-core-2.2.2.jar
java_class_path (initial): F:\Android\sdk\build-tools\25.0.0\lib\dx.jar
Launcher Type: SUN_STANDARD

Environment Variables:
PATH=C:\ProgramData\Oracle\Java\javapath;C:\Program Files (x86)\Intel\iCLS Client\;C:\Program Files\Intel\iCLS Client\;C:\Windows\system32;C:\Windows;C:\Windows\System32\Wbem;C:\Windows\System32\WindowsPowerShell\v1.0\;C:\Program Files (x86)\Intel\Intel(R) Management Engine Components\DAL;C:\Program Files\Intel\Intel(R) Management Engine Components\DAL;C:\Program Files (x86)\Intel\Intel(R) Management Engine Components\IPT;C:\Program Files\Intel\Intel(R) Management Engine Components\IPT;C:\Program Files (x86)\NVIDIA Corporation\PhysX\Common;C:\Program Files\Java\jdk1.8.0_144\bin;C:\Program Files\Java\jdk1.8.0_144\lib;C:\TDM-GCC-64\bin;C:\Program Files (x86)\CodeBlocks\MinGW\bin;C:\Windows\system32;C:\Windows;C:\Windows\System32\Wbem;C:\Windows\System32\WindowsPowerShell\v1.0\;C:\HashiCorp\Vagrant\bin;C:\Program Files\Git\cmd;C:\Program Files\PuTTY\;C:\Users\legion Y520\AppData\Local\Programs\Python\Python35\Scripts\;C:\Users\legion Y520\AppData\Local\Programs\Python\Python35\;C:\Users\legion Y520\AppData\Local\Microsoft\WindowsApps;C:\TDM-GCC-64\bin;C:\Program Files (x86)\CodeBlocks\MinGW\bin;C:\Users\legion Y520\AppData\Local\GitHubDesktop\bin;C:\Users\legion Y520\AppData\Local\Microsoft\WindowsApps;C:\Program Files\aircrack-ng-1.2-rc4-win\bin\64bit;
USERNAME=Joseph
OS=Windows_NT
PROCESSOR_IDENTIFIER=Intel64 Family 6 Model 158 Stepping 9, GenuineIntel



---------------  S Y S T E M  ---------------

OS: Windows 10.0 , 64 bit Build 15063 (10.0.15063.296)

CPU:total 8 (4 cores per cpu, 2 threads per core) family 6 model 158 stepping 9, cmov, cx8, fxsr, mmx, sse, sse2, sse3, ssse3, sse4.1, sse4.2, popcnt, avx, avx2, aes, clmul, erms, 3dnowpref, lzcnt, ht, tsc, tscinvbit, bmi1, bmi2, adx

Memory: 4k page, physical 8260772k(849384k free), swap 12356772k(4188k free)

vm_info: OpenJDK 64-Bit Server VM (25.112-b06) for windows-amd64 JRE (1.8.0_112-release-b06), built on Dec  8 2016 00:54:26 by "builder" with MS VC++ 10.0 (VS2010)

time: Fri Oct 27 20:44:10 2017
elapsed time: 1 seconds (0d 0h 0m 1s)

