#
# There is insufficient memory for the Java Runtime Environment to continue.
# Native memory allocation (malloc) failed to allocate 32744 bytes for ChunkPool::allocate
# Possible reasons:
#   The system is out of physical RAM or swap space
#   In 32 bit mode, the process size limit was hit
# Possible solutions:
#   Reduce memory load on the system
#   Increase physical memory or swap space
#   Check if swap backing store is full
#   Use 64 bit Java on a 64 bit OS
#   Decrease Java heap size (-Xmx/-Xms)
#   Decrease number of Java threads
#   Decrease Java thread stack sizes (-Xss)
#   Set larger code cache with -XX:ReservedCodeCacheSize=
# This output file may be truncated or incomplete.
#
#  Out of Memory Error (allocation.cpp:273), pid=5244, tid=0x0000000000003620
#
# JRE version: OpenJDK Runtime Environment (8.0_152-b01) (build 1.8.0_152-release-915-b01)
# Java VM: OpenJDK 64-Bit Server VM (25.152-b01 mixed mode windows-amd64 compressed oops)
# Failed to write core dump. Minidumps are not enabled by default on client versions of Windows
#

---------------  T H R E A D  ---------------

Current thread (0x00000000206a8000):  JavaThread "C1 CompilerThread3" daemon [_thread_in_native, id=13856, stack(0x0000000021110000,0x0000000021210000)]

Stack: [0x0000000021110000,0x0000000021210000]
[error occurred during error reporting (printing stack bounds), id 0xc0000005]

Native frames: (J=compiled Java code, j=interpreted, Vv=VM code, C=native code)


Current CompileTask:
C1:    516  811   !   3       com.android.dx.cf.code.RopperMachine::run (1550 bytes)


---------------  P R O C E S S  ---------------

Java Threads: ( => current thread )
  0x0000000021424800 JavaThread "pool-2-thread-4" [_thread_blocked, id=15780, stack(0x0000000022010000,0x0000000022110000)]
  0x0000000021423800 JavaThread "pool-2-thread-3" [_thread_blocked, id=23220, stack(0x0000000021f10000,0x0000000022010000)]
  0x0000000021421000 JavaThread "pool-2-thread-2" [_thread_blocked, id=15440, stack(0x0000000021e10000,0x0000000021f10000)]
  0x0000000021414800 JavaThread "pool-3-thread-1" [_thread_blocked, id=23276, stack(0x0000000021d10000,0x0000000021e10000)]
  0x0000000021414000 JavaThread "pool-2-thread-1" [_thread_blocked, id=17120, stack(0x0000000021c10000,0x0000000021d10000)]
  0x00000000206ec800 JavaThread "Service Thread" daemon [_thread_blocked, id=11760, stack(0x0000000021210000,0x0000000021310000)]
=>0x00000000206a8000 JavaThread "C1 CompilerThread3" daemon [_thread_in_native, id=13856, stack(0x0000000021110000,0x0000000021210000)]
  0x00000000206a3000 JavaThread "C2 CompilerThread2" daemon [_thread_in_native, id=28632, stack(0x0000000021010000,0x0000000021110000)]
  0x00000000206a1000 JavaThread "C2 CompilerThread1" daemon [_thread_in_native, id=30384, stack(0x0000000020f10000,0x0000000021010000)]
  0x0000000020649000 JavaThread "C2 CompilerThread0" daemon [_thread_in_native, id=32704, stack(0x0000000020e10000,0x0000000020f10000)]
  0x0000000020648000 JavaThread "Attach Listener" daemon [_thread_blocked, id=2996, stack(0x0000000020d10000,0x0000000020e10000)]
  0x0000000020647000 JavaThread "Signal Dispatcher" daemon [_thread_blocked, id=9936, stack(0x0000000020c10000,0x0000000020d10000)]
  0x0000000020641800 JavaThread "Finalizer" daemon [_thread_blocked, id=3296, stack(0x0000000020a20000,0x0000000020b20000)]
  0x000000001e72b000 JavaThread "Reference Handler" daemon [_thread_blocked, id=1424, stack(0x0000000020520000,0x0000000020620000)]
  0x00000000047ce000 JavaThread "main" [_thread_in_vm, id=18808, stack(0x0000000004a10000,0x0000000004b10000)]

Other Threads:
  0x000000001e725000 VMThread [stack: 0x0000000020420000,0x0000000020520000] [id=20532]
  0x00000000206ed000 WatcherThread [stack: 0x0000000021310000,0x0000000021410000] [id=21336]

VM state:synchronizing (normal execution)

VM Mutex/Monitor currently owned by a thread:  ([mutex/lock_event])
[0x00000000047cdc20] Threads_lock - owner thread: 0x000000001e725000
[0x0000000004b11450] CompiledIC_lock - owner thread: 0x0000000021423800
[0x0000000004b115d0] MethodData_lock - owner thread: 0x00000000047ce000

Heap:
 PSYoungGen      total 38400K, used 19315K [0x000000076ab00000, 0x000000076d580000, 0x00000007c0000000)
  eden space 33280K, 58% used [0x000000076ab00000,0x000000076bddce40,0x000000076cb80000)
  from space 5120K, 0% used [0x000000076d080000,0x000000076d080000,0x000000076d580000)
  to   space 5120K, 0% used [0x000000076cb80000,0x000000076cb80000,0x000000076d080000)
 ParOldGen       total 87552K, used 0K [0x00000006c0000000, 0x00000006c5580000, 0x000000076ab00000)
  object space 87552K, 0% used [0x00000006c0000000,0x00000006c0000000,0x00000006c5580000)
 Metaspace       used 5777K, capacity 6640K, committed 6784K, reserved 1056768K
  class space    used 585K, capacity 616K, committed 640K, reserved 1048576K

Card table byte_map: [0x0000000013fd0000,0x00000000147e0000] byte_map_base: 0x00000000109d0000

Marking Bits: (ParMarkBitMap*) 0x000000005a0d3950
 Begin Bits: [0x0000000015540000, 0x0000000019540000)
 End Bits:   [0x0000000019540000, 0x000000001d540000)

Polling page: 0x00000000047b0000

CodeCache: size=245760Kb used=3052Kb max_used=3063Kb free=242707Kb
 bounds [0x0000000004c10000, 0x0000000004f20000, 0x0000000013c10000]
 total_blobs=1075 nmethods=807 adapters=182
 compilation: enabled

Compilation events (10 events):
Event: 0.505 Thread 0x00000000206a8000  806       3       com.android.dx.cf.code.BasicBlocker::visitCommon (34 bytes)
Event: 0.505 Thread 0x00000000206a8000 nmethod 806 0x0000000004f0b250 code [0x0000000004f0b400, 0x0000000004f0b910]
Event: 0.505 Thread 0x00000000206a8000  809       3       com.android.dx.cf.code.BaseMachine::storeResults (90 bytes)
Event: 0.506 Thread 0x00000000206a8000 nmethod 809 0x0000000004f0bd10 code [0x0000000004f0bf00, 0x0000000004f0c9c8]
Event: 0.506 Thread 0x00000000206a8000  811   !   3       com.android.dx.cf.code.RopperMachine::run (1550 bytes)
Event: 0.508 Thread 0x0000000020649000  819       4       com.android.dx.util.BitIntSet::ensureCapacity (51 bytes)
Event: 0.510 Thread 0x0000000020649000 nmethod 819 0x0000000004f0fcd0 code [0x0000000004f0fe20, 0x0000000004f10018]
Event: 0.510 Thread 0x0000000020649000  820       4       com.android.dx.ssa.NormalSsaInsn::getLocalAssignment (54 bytes)
Event: 0.512 Thread 0x0000000020649000 nmethod 820 0x0000000004f10150 code [0x0000000004f102a0, 0x0000000004f103b8]
Event: 0.512 Thread 0x0000000020649000  830       4       com.android.dx.rop.cst.CstMemberRef::compareTo0 (49 bytes)

GC Heap History (0 events):
No events

Deoptimization events (6 events):
Event: 0.413 Thread 0x0000000021424800 Uncommon trap: reason=unstable_if action=reinterpret pc=0x0000000004e1a9a8 method=java.util.HashMap.getNode(ILjava/lang/Object;)Ljava/util/HashMap$Node; @ 62
Event: 0.418 Thread 0x0000000021424800 Uncommon trap: reason=class_check action=maybe_recompile pc=0x0000000004e4ff30 method=com.android.dx.ssa.NormalSsaInsn.accept(Lcom/android/dx/ssa/SsaInsn$Visitor;)V @ 9
Event: 0.418 Thread 0x0000000021424800 Uncommon trap: reason=class_check action=maybe_recompile pc=0x0000000004e4ff30 method=com.android.dx.ssa.NormalSsaInsn.accept(Lcom/android/dx/ssa/SsaInsn$Visitor;)V @ 9
Event: 0.418 Thread 0x0000000021424800 Uncommon trap: reason=class_check action=maybe_recompile pc=0x0000000004e4ff30 method=com.android.dx.ssa.NormalSsaInsn.accept(Lcom/android/dx/ssa/SsaInsn$Visitor;)V @ 9
Event: 0.419 Thread 0x0000000021424800 Uncommon trap: reason=class_check action=maybe_recompile pc=0x0000000004e4ff30 method=com.android.dx.ssa.NormalSsaInsn.accept(Lcom/android/dx/ssa/SsaInsn$Visitor;)V @ 9
Event: 0.419 Thread 0x0000000021424800 Uncommon trap: reason=unstable_if action=reinterpret pc=0x0000000004e366b4 method=java.util.BitSet.nextSetBit(I)I @ 87

Classes redefined (0 events):
No events

Internal exceptions (2 events):
Event: 0.030 Thread 0x00000000047ce000 Exception <a 'java/lang/NoSuchMethodError': Method sun.misc.Unsafe.defineClass(Ljava/lang/String;[BII)Ljava/lang/Class; name or signature does not match> (0x000000076ab07ca8) thrown at [D:\src\AOSP-openjdk-cygwin\jdk8u\hotspot\src\share\vm\prims\jni.cpp, 
Event: 0.030 Thread 0x00000000047ce000 Exception <a 'java/lang/NoSuchMethodError': Method sun.misc.Unsafe.prefetchRead(Ljava/lang/Object;J)V name or signature does not match> (0x000000076ab07f90) thrown at [D:\src\AOSP-openjdk-cygwin\jdk8u\hotspot\src\share\vm\prims\jni.cpp, line 4011]

Events (10 events):
Event: 0.419 Thread 0x0000000021424800 DEOPT UNPACKING pc=0x0000000004c5556a sp=0x000000002210eb40 mode 2
Event: 0.419 Thread 0x0000000021424800 Uncommon trap: trap_request=0xffffff65 fr.pc=0x0000000004e366b4
Event: 0.419 Thread 0x0000000021424800 DEOPT PACKING pc=0x0000000004e366b4 sp=0x000000002210ecb0
Event: 0.419 Thread 0x0000000021424800 DEOPT UNPACKING pc=0x0000000004c5556a sp=0x000000002210ec48 mode 2
Event: 0.424 loading class com/android/dx/cf/code/Ropper$ExceptionHandlerSetup
Event: 0.424 loading class com/android/dx/cf/code/Ropper$ExceptionHandlerSetup done
Event: 0.430 loading class java/util/HashMap$Values
Event: 0.430 loading class java/util/HashMap$Values done
Event: 0.430 loading class java/util/HashMap$ValueIterator
Event: 0.430 loading class java/util/HashMap$ValueIterator done


Dynamic libraries:
0x00007ff7d8c00000 - 0x00007ff7d8c31000 	F:\Program Files (x86)\Android\Android Studio\jre\bin\java.exe
0x00007ffda4740000 - 0x00007ffda4920000 	C:\WINDOWS\SYSTEM32\ntdll.dll
0x00007ffda40a0000 - 0x00007ffda414e000 	C:\WINDOWS\System32\KERNEL32.DLL
0x00007ffda1870000 - 0x00007ffda1ad6000 	C:\WINDOWS\System32\KERNELBASE.dll
0x00007ffda4500000 - 0x00007ffda45a1000 	C:\WINDOWS\System32\ADVAPI32.dll
0x00007ffda4150000 - 0x00007ffda41ed000 	C:\WINDOWS\System32\msvcrt.dll
0x00007ffda1e30000 - 0x00007ffda1e8b000 	C:\WINDOWS\System32\sechost.dll
0x00007ffda45b0000 - 0x00007ffda46cf000 	C:\WINDOWS\System32\RPCRT4.dll
0x00007ffda3590000 - 0x00007ffda371e000 	C:\WINDOWS\System32\USER32.dll
0x00007ffda17b0000 - 0x00007ffda17d0000 	C:\WINDOWS\System32\win32u.dll
0x00007ffda3b10000 - 0x00007ffda3b38000 	C:\WINDOWS\System32\GDI32.dll
0x00007ffda0bf0000 - 0x00007ffda0d84000 	C:\WINDOWS\System32\gdi32full.dll
0x00007ffda17d0000 - 0x00007ffda186b000 	C:\WINDOWS\System32\msvcp_win.dll
0x00007ffda1ae0000 - 0x00007ffda1bd6000 	C:\WINDOWS\System32\ucrtbase.dll
0x00007ffd924d0000 - 0x00007ffd92739000 	C:\WINDOWS\WinSxS\amd64_microsoft.windows.common-controls_6595b64144ccf1df_6.0.16299.19_none_cc92fab02215da61\COMCTL32.dll
0x00007ffda41f0000 - 0x00007ffda44f8000 	C:\WINDOWS\System32\combase.dll
0x00007ffda0b10000 - 0x00007ffda0b82000 	C:\WINDOWS\System32\bcryptPrimitives.dll
0x00007ffda1e90000 - 0x00007ffda1ebd000 	C:\WINDOWS\System32\IMM32.DLL
0x000000005a920000 - 0x000000005a9f2000 	F:\Program Files (x86)\Android\Android Studio\jre\jre\bin\msvcr100.dll
0x0000000059910000 - 0x000000005a14e000 	F:\Program Files (x86)\Android\Android Studio\jre\jre\bin\server\jvm.dll
0x00007ffda3480000 - 0x00007ffda3488000 	C:\WINDOWS\System32\PSAPI.DLL
0x00007ffd9c850000 - 0x00007ffd9c859000 	C:\WINDOWS\SYSTEM32\WSOCK32.dll
0x00007ffda3300000 - 0x00007ffda336c000 	C:\WINDOWS\System32\WS2_32.dll
0x00007ffd91180000 - 0x00007ffd911a3000 	C:\WINDOWS\SYSTEM32\WINMM.dll
0x00007ffd9b6e0000 - 0x00007ffd9b6ea000 	C:\WINDOWS\SYSTEM32\VERSION.dll
0x00007ffd91370000 - 0x00007ffd9139a000 	C:\WINDOWS\SYSTEM32\WINMMBASE.dll
0x00007ffda0d90000 - 0x00007ffda0dda000 	C:\WINDOWS\System32\cfgmgr32.dll
0x00007ffd9c840000 - 0x00007ffd9c84f000 	F:\Program Files (x86)\Android\Android Studio\jre\jre\bin\verify.dll
0x00007ffd8af10000 - 0x00007ffd8af39000 	F:\Program Files (x86)\Android\Android Studio\jre\jre\bin\java.dll
0x00007ffd9c240000 - 0x00007ffd9c256000 	F:\Program Files (x86)\Android\Android Studio\jre\jre\bin\zip.dll
0x00007ffda1ec0000 - 0x00007ffda32f7000 	C:\WINDOWS\System32\SHELL32.dll
0x00007ffda3ff0000 - 0x00007ffda4096000 	C:\WINDOWS\System32\shcore.dll
0x00007ffda0e90000 - 0x00007ffda15d7000 	C:\WINDOWS\System32\windows.storage.dll
0x00007ffda3b40000 - 0x00007ffda3b91000 	C:\WINDOWS\System32\shlwapi.dll
0x00007ffda0a80000 - 0x00007ffda0a91000 	C:\WINDOWS\System32\kernel.appcore.dll
0x00007ffda0ac0000 - 0x00007ffda0b0c000 	C:\WINDOWS\System32\powrprof.dll
0x00007ffda0a60000 - 0x00007ffda0a7b000 	C:\WINDOWS\System32\profapi.dll

VM Arguments:
jvm_args: -Djava.awt.headless=true -Xmx4g -Dfile.encoding=windows-1252 -Duser.country=US -Duser.language=en -Duser.variant 
java_command: com.android.dx.command.Main --dex --force-jumbo --num-threads=4 --multi-dex --output F:\TIF\Semester 7\Mobile Programming\Lab\WhatsCamp\WhatsCamp\app\build\intermediates\transforms\dex\debug\folders\1000\2\httpcore-4.3.2_9f2d954dc7e18ed27126ee57fe2200f06eea2f14 F:\TIF\Semester 7\Mobile Programming\Lab\WhatsCamp\WhatsCamp\app\libs\httpcore-4.3.2.jar
java_class_path (initial): F:\Android\sdk\build-tools\25.0.0\lib\dx.jar
Launcher Type: SUN_STANDARD

Environment Variables:
PATH=C:\ProgramData\Oracle\Java\javapath;C:\Program Files (x86)\Intel\iCLS Client\;C:\Program Files\Intel\iCLS Client\;C:\Windows\system32;C:\Windows;C:\Windows\System32\Wbem;C:\Windows\System32\WindowsPowerShell\v1.0\;C:\Program Files (x86)\Intel\Intel(R) Management Engine Components\DAL;C:\Program Files\Intel\Intel(R) Management Engine Components\DAL;C:\Program Files (x86)\Intel\Intel(R) Management Engine Components\IPT;C:\Program Files\Intel\Intel(R) Management Engine Components\IPT;C:\Program Files (x86)\NVIDIA Corporation\PhysX\Common;C:\Program Files\Java\jdk1.8.0_144\bin;C:\Program Files\Java\jdk1.8.0_144\lib;C:\TDM-GCC-64\bin;C:\Program Files (x86)\CodeBlocks\MinGW\bin;C:\WINDOWS\system32;C:\WINDOWS;C:\WINDOWS\System32\Wbem;C:\WINDOWS\System32\WindowsPowerShell\v1.0\;C:\HashiCorp\Vagrant\bin;C:\Program Files\Git\cmd;C:\Program Files\PuTTY\;C:\Program Files\IBM\Bluemix\bin;C:\Program Files\Cloud Foundry;C:\Users\legion Y520\AppData\Local\Programs\Python\Python35\Scripts\;C:\Users\legion Y520\AppData\Local\Programs\Python\Python35\;C:\Users\legion Y520\AppData\Local\Microsoft\WindowsApps;C:\TDM-GCC-64\bin;C:\Program Files (x86)\CodeBlocks\MinGW\bin;C:\Users\legion Y520\AppData\Local\GitHubDesktop\bin;C:\Users\legion Y520\AppData\Local\Microsoft\WindowsApps;C:\Program Files\aircrack-ng-1.2-rc4-win\bin\64bit;
USERNAME=Joseph
OS=Windows_NT
PROCESSOR_IDENTIFIER=Intel64 Family 6 Model 158 Stepping 9, GenuineIntel



---------------  S Y S T E M  ---------------

OS: Windows 10.0 , 64 bit Build 16299 (10.0.16299.15)

CPU:total 8 (initial active 8) (4 cores per cpu, 2 threads per core) family 6 model 158 stepping 9, cmov, cx8, fxsr, mmx, sse, sse2, sse3, ssse3, sse4.1, sse4.2, popcnt, avx, avx2, aes, clmul, erms, 3dnowpref, lzcnt, ht, tsc, tscinvbit, bmi1, bmi2, adx

Memory: 4k page, physical 8260772k(1250556k free), swap 12356772k(2204k free)

vm_info: OpenJDK 64-Bit Server VM (25.152-b01) for windows-amd64 JRE (1.8.0_152-release-915-b01), built by "builder" with MS VC++ 10.0 (VS2010)

time: Thu Nov 09 11:55:43 2017
elapsed time: 0 seconds (0d 0h 0m 0s)

