#
# There is insufficient memory for the Java Runtime Environment to continue.
# Native memory allocation (malloc) failed to allocate 262160 bytes for Chunk::new
# Possible reasons:
#   The system is out of physical RAM or swap space
#   In 32 bit mode, the process size limit was hit
# Possible solutions:
#   Reduce memory load on the system
#   Increase physical memory or swap space
#   Check if swap backing store is full
#   Use 64 bit Java on a 64 bit OS
#   Decrease Java heap size (-Xmx/-Xms)
#   Decrease number of Java threads
#   Decrease Java thread stack sizes (-Xss)
#   Set larger code cache with -XX:ReservedCodeCacheSize=
# This output file may be truncated or incomplete.
#
#  Out of Memory Error (allocation.cpp:390), pid=4060, tid=0x0000000000003294
#
# JRE version: OpenJDK Runtime Environment (8.0_152-b01) (build 1.8.0_152-release-915-b01)
# Java VM: OpenJDK 64-Bit Server VM (25.152-b01 mixed mode windows-amd64 compressed oops)
# Failed to write core dump. Minidumps are not enabled by default on client versions of Windows
#

---------------  T H R E A D  ---------------

Current thread (0x0000000020411000):  JavaThread "C2 CompilerThread2" daemon [_thread_in_native, id=12948, stack(0x0000000020ce0000,0x0000000020de0000)]

Stack: [0x0000000020ce0000,0x0000000020de0000]
[error occurred during error reporting (printing stack bounds), id 0xc0000005]

Native frames: (J=compiled Java code, j=interpreted, Vv=VM code, C=native code)


Current CompileTask:
C2:   4088 2001       4       com.android.dx.ssa.SsaConverter::placePhiFunctions (394 bytes)


---------------  P R O C E S S  ---------------

Java Threads: ( => current thread )
  0x00000000210ef000 JavaThread "pool-1-thread-1" [_thread_in_Java, id=24036, stack(0x0000000023d80000,0x0000000023e80000)]
  0x0000000020497800 JavaThread "Service Thread" daemon [_thread_blocked, id=11944, stack(0x0000000020ee0000,0x0000000020fe0000)]
  0x0000000020431800 JavaThread "C1 CompilerThread3" daemon [_thread_blocked, id=8000, stack(0x0000000020de0000,0x0000000020ee0000)]
=>0x0000000020411000 JavaThread "C2 CompilerThread2" daemon [_thread_in_native, id=12948, stack(0x0000000020ce0000,0x0000000020de0000)]
  0x000000002040c800 JavaThread "C2 CompilerThread1" daemon [_thread_in_native, id=11712, stack(0x0000000020be0000,0x0000000020ce0000)]
  0x0000000020409000 JavaThread "C2 CompilerThread0" daemon [_thread_in_native, id=22984, stack(0x0000000020ae0000,0x0000000020be0000)]
  0x0000000020408000 JavaThread "Attach Listener" daemon [_thread_blocked, id=26364, stack(0x00000000209e0000,0x0000000020ae0000)]
  0x0000000020406800 JavaThread "Signal Dispatcher" daemon [_thread_blocked, id=12236, stack(0x00000000208e0000,0x00000000209e0000)]
  0x000000001e4fb000 JavaThread "Finalizer" daemon [_thread_blocked, id=22272, stack(0x00000000207e0000,0x00000000208e0000)]
  0x00000000049d7000 JavaThread "Reference Handler" daemon [_thread_blocked, id=6784, stack(0x00000000202e0000,0x00000000203e0000)]
  0x00000000048de000 JavaThread "main" [_thread_blocked, id=18880, stack(0x00000000046e0000,0x00000000047e0000)]

Other Threads:
  0x000000001e4f6000 VMThread [stack: 0x00000000201e0000,0x00000000202e0000] [id=9040]
  0x0000000020498800 WatcherThread [stack: 0x0000000020fe0000,0x00000000210e0000] [id=14444]

VM state:not at safepoint (normal execution)

VM Mutex/Monitor currently owned by a thread: None

Heap:
 PSYoungGen      total 138240K, used 10758K [0x000000076ab00000, 0x000000077e000000, 0x00000007c0000000)
  eden space 133120K, 4% used [0x000000076ab00000,0x000000076b087bd0,0x0000000772d00000)
  from space 5120K, 99% used [0x0000000772d00000,0x00000007731f9f60,0x0000000773200000)
  to   space 25088K, 0% used [0x000000077c780000,0x000000077c780000,0x000000077e000000)
 ParOldGen       total 87552K, used 41992K [0x00000006c0000000, 0x00000006c5580000, 0x000000076ab00000)
  object space 87552K, 47% used [0x00000006c0000000,0x00000006c2902058,0x00000006c5580000)
 Metaspace       used 6522K, capacity 7216K, committed 7296K, reserved 1056768K
  class space    used 595K, capacity 616K, committed 640K, reserved 1048576K

Card table byte_map: [0x0000000013da0000,0x00000000145b0000] byte_map_base: 0x00000000107a0000

Marking Bits: (ParMarkBitMap*) 0x00000000732d3950
 Begin Bits: [0x0000000015310000, 0x0000000019310000)
 End Bits:   [0x0000000019310000, 0x000000001d310000)

Polling page: 0x0000000002e50000

CodeCache: size=245760Kb used=8903Kb max_used=8903Kb free=236856Kb
 bounds [0x00000000049e0000, 0x00000000052a0000, 0x00000000139e0000]
 total_blobs=2308 nmethods=2039 adapters=182
 compilation: enabled

Compilation events (10 events):
Event: 3.713 Thread 0x0000000020431800 2018       2       java.util.concurrent.locks.AbstractQueuedSynchronizer::enq (58 bytes)
Event: 3.713 Thread 0x0000000020431800 nmethod 2018 0x0000000005230050 code [0x00000000052301c0, 0x00000000052304d0]
Event: 3.733 Thread 0x000000002040c800 nmethod 1909 0x000000000524bfd0 code [0x000000000524c800, 0x000000000525a080]
Event: 3.734 Thread 0x000000002040c800 2012   !   4       com.android.dx.cf.code.BytecodeArray::parseInstruction (2764 bytes)
Event: 3.739 Thread 0x0000000020431800 2020       2       com.android.dx.ssa.SCCP::simulatePhiBlock (50 bytes)
Event: 3.739 Thread 0x0000000020431800 nmethod 2020 0x000000000522f910 code [0x000000000522faa0, 0x000000000522fe18]
Event: 3.742 Thread 0x0000000020431800 2021       2       com.android.dx.cf.direct.StdAttributeFactory::runtimeInvisibleAnnotations (44 bytes)
Event: 3.742 Thread 0x0000000020431800 nmethod 2021 0x000000000522f1d0 code [0x000000000522f360, 0x000000000522f6d8]
Event: 3.752 Thread 0x0000000020431800 2022   !   2       com.android.dx.cf.code.Ropper::processBlock (1101 bytes)
Event: 3.759 Thread 0x0000000020431800 nmethod 2022 0x0000000005241cd0 code [0x0000000005242400, 0x0000000005245698]

GC Heap History (8 events):
Event: 0.983 GC heap before
{Heap before GC invocations=1 (full 0):
 PSYoungGen      total 38400K, used 33280K [0x000000076ab00000, 0x000000076d580000, 0x00000007c0000000)
  eden space 33280K, 100% used [0x000000076ab00000,0x000000076cb80000,0x000000076cb80000)
  from space 5120K, 0% used [0x000000076d080000,0x000000076d080000,0x000000076d580000)
  to   space 5120K, 0% used [0x000000076cb80000,0x000000076cb80000,0x000000076d080000)
 ParOldGen       total 87552K, used 0K [0x00000006c0000000, 0x00000006c5580000, 0x000000076ab00000)
  object space 87552K, 0% used [0x00000006c0000000,0x00000006c0000000,0x00000006c5580000)
 Metaspace       used 6039K, capacity 6896K, committed 7040K, reserved 1056768K
  class space    used 588K, capacity 616K, committed 640K, reserved 1048576K
Event: 1.040 GC heap after
Heap after GC invocations=1 (full 0):
 PSYoungGen      total 38400K, used 5118K [0x000000076ab00000, 0x000000076f600000, 0x00000007c0000000)
  eden space 33280K, 0% used [0x000000076ab00000,0x000000076ab00000,0x000000076cb80000)
  from space 5120K, 99% used [0x000000076cb80000,0x000000076d07fa88,0x000000076d080000)
  to   space 5120K, 0% used [0x000000076f100000,0x000000076f100000,0x000000076f600000)
 ParOldGen       total 87552K, used 730K [0x00000006c0000000, 0x00000006c5580000, 0x000000076ab00000)
  object space 87552K, 0% used [0x00000006c0000000,0x00000006c00b6808,0x00000006c5580000)
 Metaspace       used 6039K, capacity 6896K, committed 7040K, reserved 1056768K
  class space    used 588K, capacity 616K, committed 640K, reserved 1048576K
}
Event: 1.315 GC heap before
{Heap before GC invocations=2 (full 0):
 PSYoungGen      total 38400K, used 38398K [0x000000076ab00000, 0x000000076f600000, 0x00000007c0000000)
  eden space 33280K, 100% used [0x000000076ab00000,0x000000076cb80000,0x000000076cb80000)
  from space 5120K, 99% used [0x000000076cb80000,0x000000076d07fa88,0x000000076d080000)
  to   space 5120K, 0% used [0x000000076f100000,0x000000076f100000,0x000000076f600000)
 ParOldGen       total 87552K, used 730K [0x00000006c0000000, 0x00000006c5580000, 0x000000076ab00000)
  object space 87552K, 0% used [0x00000006c0000000,0x00000006c00b6808,0x00000006c5580000)
 Metaspace       used 6226K, capacity 7088K, committed 7296K, reserved 1056768K
  class space    used 588K, capacity 616K, committed 640K, reserved 1048576K
Event: 1.331 GC heap after
Heap after GC invocations=2 (full 0):
 PSYoungGen      total 71680K, used 5095K [0x000000076ab00000, 0x000000076f600000, 0x00000007c0000000)
  eden space 66560K, 0% used [0x000000076ab00000,0x000000076ab00000,0x000000076ec00000)
  from space 5120K, 99% used [0x000000076f100000,0x000000076f5f9c78,0x000000076f600000)
  to   space 5120K, 0% used [0x000000076ec00000,0x000000076ec00000,0x000000076f100000)
 ParOldGen       total 87552K, used 4588K [0x00000006c0000000, 0x00000006c5580000, 0x000000076ab00000)
  object space 87552K, 5% used [0x00000006c0000000,0x00000006c047b368,0x00000006c5580000)
 Metaspace       used 6226K, capacity 7088K, committed 7296K, reserved 1056768K
  class space    used 588K, capacity 616K, committed 640K, reserved 1048576K
}
Event: 2.222 GC heap before
{Heap before GC invocations=3 (full 0):
 PSYoungGen      total 71680K, used 71655K [0x000000076ab00000, 0x000000076f600000, 0x00000007c0000000)
  eden space 66560K, 100% used [0x000000076ab00000,0x000000076ec00000,0x000000076ec00000)
  from space 5120K, 99% used [0x000000076f100000,0x000000076f5f9c78,0x000000076f600000)
  to   space 5120K, 0% used [0x000000076ec00000,0x000000076ec00000,0x000000076f100000)
 ParOldGen       total 87552K, used 4588K [0x00000006c0000000, 0x00000006c5580000, 0x000000076ab00000)
  object space 87552K, 5% used [0x00000006c0000000,0x00000006c047b368,0x00000006c5580000)
 Metaspace       used 6318K, capacity 7088K, committed 7296K, reserved 1056768K
  class space    used 588K, capacity 616K, committed 640K, reserved 1048576K
Event: 2.529 GC heap after
Heap after GC invocations=3 (full 0):
 PSYoungGen      total 71680K, used 5097K [0x000000076ab00000, 0x0000000773700000, 0x00000007c0000000)
  eden space 66560K, 0% used [0x000000076ab00000,0x000000076ab00000,0x000000076ec00000)
  from space 5120K, 99% used [0x000000076ec00000,0x000000076f0fa7d8,0x000000076f100000)
  to   space 5120K, 0% used [0x0000000773200000,0x0000000773200000,0x0000000773700000)
 ParOldGen       total 87552K, used 15243K [0x00000006c0000000, 0x00000006c5580000, 0x000000076ab00000)
  object space 87552K, 17% used [0x00000006c0000000,0x00000006c0ee2f08,0x00000006c5580000)
 Metaspace       used 6318K, capacity 7088K, committed 7296K, reserved 1056768K
  class space    used 588K, capacity 616K, committed 640K, reserved 1048576K
}
Event: 3.063 GC heap before
{Heap before GC invocations=4 (full 0):
 PSYoungGen      total 71680K, used 71657K [0x000000076ab00000, 0x0000000773700000, 0x00000007c0000000)
  eden space 66560K, 100% used [0x000000076ab00000,0x000000076ec00000,0x000000076ec00000)
  from space 5120K, 99% used [0x000000076ec00000,0x000000076f0fa7d8,0x000000076f100000)
  to   space 5120K, 0% used [0x0000000773200000,0x0000000773200000,0x0000000773700000)
 ParOldGen       total 87552K, used 15243K [0x00000006c0000000, 0x00000006c5580000, 0x000000076ab00000)
  object space 87552K, 17% used [0x00000006c0000000,0x00000006c0ee2f08,0x00000006c5580000)
 Metaspace       used 6397K, capacity 7152K, committed 7296K, reserved 1056768K
  class space    used 589K, capacity 616K, committed 640K, reserved 1048576K
Event: 3.106 GC heap after
Heap after GC invocations=4 (full 0):
 PSYoungGen      total 138240K, used 5108K [0x000000076ab00000, 0x0000000773700000, 0x00000007c0000000)
  eden space 133120K, 0% used [0x000000076ab00000,0x000000076ab00000,0x0000000772d00000)
  from space 5120K, 99% used [0x0000000773200000,0x00000007736fd240,0x0000000773700000)
  to   space 5120K, 0% used [0x0000000772d00000,0x0000000772d00000,0x0000000773200000)
 ParOldGen       total 87552K, used 24871K [0x00000006c0000000, 0x00000006c5580000, 0x000000076ab00000)
  object space 87552K, 28% used [0x00000006c0000000,0x00000006c1849e18,0x00000006c5580000)
 Metaspace       used 6397K, capacity 7152K, committed 7296K, reserved 1056768K
  class space    used 589K, capacity 616K, committed 640K, reserved 1048576K
}

Deoptimization events (10 events):
Event: 3.521 Thread 0x00000000210ef000 Uncommon trap: reason=unstable_if action=reinterpret pc=0x000000000500652c method=com.android.dx.ssa.LiteralOpUpgrader$1.visitNonMoveInsn(Lcom/android/dx/ssa/NormalSsaInsn;)V @ 55
Event: 3.521 Thread 0x00000000210ef000 Uncommon trap: reason=unstable_if action=reinterpret pc=0x0000000004e2999c method=com.android.dx.ssa.SsaMethod.updateOneDefinition(Lcom/android/dx/ssa/SsaInsn;Lcom/android/dx/rop/code/RegisterSpec;)V @ 4
Event: 3.572 Thread 0x00000000210f2800 Uncommon trap: reason=unstable_if action=reinterpret pc=0x000000000516d9dc method=com.android.dx.cf.code.Merger.mergeType(Lcom/android/dx/rop/type/TypeBearer;Lcom/android/dx/rop/type/TypeBearer;)Lcom/android/dx/rop/type/TypeBearer; @ 77
Event: 3.688 Thread 0x00000000210f3000 Uncommon trap: reason=bimorphic action=maybe_recompile pc=0x00000000051c6e6c method=com.android.dx.cf.code.BytecodeArray.parseInstruction(ILcom/android/dx/cf/code/BytecodeArray$Visitor;)I @ 2484
Event: 3.688 Thread 0x00000000210f3000 Uncommon trap: reason=bimorphic action=maybe_recompile pc=0x00000000051c6e6c method=com.android.dx.cf.code.BytecodeArray.parseInstruction(ILcom/android/dx/cf/code/BytecodeArray$Visitor;)I @ 2484
Event: 3.737 Thread 0x00000000210f3000 Uncommon trap: reason=bimorphic action=maybe_recompile pc=0x000000000517f934 method=com.android.dx.ssa.SCCP.setLatticeValueTo(IILcom/android/dx/rop/cst/Constant;)Z @ 43
Event: 3.739 Thread 0x00000000210f3000 Uncommon trap: reason=bimorphic action=maybe_recompile pc=0x000000000517f934 method=com.android.dx.ssa.SCCP.setLatticeValueTo(IILcom/android/dx/rop/cst/Constant;)Z @ 43
Event: 3.739 Thread 0x00000000210f3000 Uncommon trap: reason=bimorphic action=maybe_recompile pc=0x000000000517f934 method=com.android.dx.ssa.SCCP.setLatticeValueTo(IILcom/android/dx/rop/cst/Constant;)Z @ 43
Event: 3.739 Thread 0x00000000210f3000 Uncommon trap: reason=bimorphic action=maybe_recompile pc=0x000000000517f934 method=com.android.dx.ssa.SCCP.setLatticeValueTo(IILcom/android/dx/rop/cst/Constant;)Z @ 43
Event: 3.752 Thread 0x00000000210f3000 Uncommon trap: reason=unstable_if action=reinterpret pc=0x0000000005254b34 method=com.android.dx.cf.code.Merger.mergeType(Lcom/android/dx/rop/type/TypeBearer;Lcom/android/dx/rop/type/TypeBearer;)Lcom/android/dx/rop/type/TypeBearer; @ 52

Classes redefined (0 events):
No events

Internal exceptions (2 events):
Event: 0.032 Thread 0x00000000048de000 Exception <a 'java/lang/NoSuchMethodError': Method sun.misc.Unsafe.defineClass(Ljava/lang/String;[BII)Ljava/lang/Class; name or signature does not match> (0x000000076ab07ca8) thrown at [D:\src\AOSP-openjdk-cygwin\jdk8u\hotspot\src\share\vm\prims\jni.cpp, 
Event: 0.032 Thread 0x00000000048de000 Exception <a 'java/lang/NoSuchMethodError': Method sun.misc.Unsafe.prefetchRead(Ljava/lang/Object;J)V name or signature does not match> (0x000000076ab07f90) thrown at [D:\src\AOSP-openjdk-cygwin\jdk8u\hotspot\src\share\vm\prims\jni.cpp, line 4011]

Events (10 events):
Event: 3.739 Thread 0x00000000210f3000 DEOPT PACKING pc=0x000000000517f934 sp=0x0000000021dde6e0
Event: 3.739 Thread 0x00000000210f3000 DEOPT UNPACKING pc=0x0000000004a2556a sp=0x0000000021dde5e8 mode 2
Event: 3.739 Thread 0x00000000210f3000 Uncommon trap: trap_request=0xffffffc6 fr.pc=0x000000000517f934
Event: 3.739 Thread 0x00000000210f3000 DEOPT PACKING pc=0x000000000517f934 sp=0x0000000021dde6e0
Event: 3.739 Thread 0x00000000210f3000 DEOPT UNPACKING pc=0x0000000004a2556a sp=0x0000000021dde5e8 mode 2
Event: 3.752 Thread 0x00000000210f3000 Uncommon trap: trap_request=0xffffff65 fr.pc=0x0000000005254b34
Event: 3.752 Thread 0x00000000210f3000 DEOPT PACKING pc=0x0000000005254b34 sp=0x0000000021dde750
Event: 3.752 Thread 0x00000000210f3000 DEOPT UNPACKING pc=0x0000000004a2556a sp=0x0000000021dde4c0 mode 2
Event: 3.765 Thread 0x00000000210f3000 DEOPT PACKING pc=0x0000000004e51212 sp=0x0000000021dde6f0
Event: 3.765 Thread 0x00000000210f3000 DEOPT UNPACKING pc=0x0000000004a275bf sp=0x0000000021dde520 mode 0


Dynamic libraries:
0x00007ff732ce0000 - 0x00007ff732d11000 	F:\Program Files (x86)\Android\Android Studio\jre\bin\java.exe
0x00007ff8ab5d0000 - 0x00007ff8ab7b0000 	C:\WINDOWS\SYSTEM32\ntdll.dll
0x00007ff8aa7d0000 - 0x00007ff8aa87e000 	C:\WINDOWS\System32\KERNEL32.DLL
0x00007ff8a7b10000 - 0x00007ff8a7d76000 	C:\WINDOWS\System32\KERNELBASE.dll
0x00007ff8aa420000 - 0x00007ff8aa4c1000 	C:\WINDOWS\System32\ADVAPI32.dll
0x00007ff8aa6a0000 - 0x00007ff8aa73d000 	C:\WINDOWS\System32\msvcrt.dll
0x00007ff8ab0f0000 - 0x00007ff8ab14b000 	C:\WINDOWS\System32\sechost.dll
0x00007ff8aae30000 - 0x00007ff8aaf4f000 	C:\WINDOWS\System32\RPCRT4.dll
0x00007ff8ab150000 - 0x00007ff8ab2df000 	C:\WINDOWS\System32\USER32.dll
0x00007ff8a8800000 - 0x00007ff8a8820000 	C:\WINDOWS\System32\win32u.dll
0x00007ff8aa9b0000 - 0x00007ff8aa9d8000 	C:\WINDOWS\System32\GDI32.dll
0x00007ff8a88d0000 - 0x00007ff8a8a64000 	C:\WINDOWS\System32\gdi32full.dll
0x00007ff8a79a0000 - 0x00007ff8a7a3b000 	C:\WINDOWS\System32\msvcp_win.dll
0x00007ff8a7f50000 - 0x00007ff8a8046000 	C:\WINDOWS\System32\ucrtbase.dll
0x00007ff89cca0000 - 0x00007ff89cf09000 	C:\WINDOWS\WinSxS\amd64_microsoft.windows.common-controls_6595b64144ccf1df_6.0.16299.64_none_cc9304e22215ca8f\COMCTL32.dll
0x00007ff8aa070000 - 0x00007ff8aa378000 	C:\WINDOWS\System32\combase.dll
0x00007ff8a7a40000 - 0x00007ff8a7ab2000 	C:\WINDOWS\System32\bcryptPrimitives.dll
0x00007ff8aafb0000 - 0x00007ff8aafdd000 	C:\WINDOWS\System32\IMM32.DLL
0x0000000072950000 - 0x0000000072a22000 	F:\Program Files (x86)\Android\Android Studio\jre\jre\bin\msvcr100.dll
0x0000000072b10000 - 0x000000007334e000 	F:\Program Files (x86)\Android\Android Studio\jre\jre\bin\server\jvm.dll
0x00007ff8ab560000 - 0x00007ff8ab568000 	C:\WINDOWS\System32\PSAPI.DLL
0x00007ff8a5c50000 - 0x00007ff8a5c59000 	C:\WINDOWS\SYSTEM32\WSOCK32.dll
0x00007ff8aa760000 - 0x00007ff8aa7cc000 	C:\WINDOWS\System32\WS2_32.dll
0x00007ff8a23d0000 - 0x00007ff8a23da000 	C:\WINDOWS\SYSTEM32\VERSION.dll
0x00007ff8a3260000 - 0x00007ff8a3283000 	C:\WINDOWS\SYSTEM32\WINMM.dll
0x00007ff8a3230000 - 0x00007ff8a325a000 	C:\WINDOWS\SYSTEM32\WINMMBASE.dll
0x00007ff8a7ac0000 - 0x00007ff8a7b0a000 	C:\WINDOWS\System32\cfgmgr32.dll
0x00007ff8a5560000 - 0x00007ff8a556f000 	F:\Program Files (x86)\Android\Android Studio\jre\jre\bin\verify.dll
0x00007ff8a13c0000 - 0x00007ff8a13e9000 	F:\Program Files (x86)\Android\Android Studio\jre\jre\bin\java.dll
0x00007ff8a2a00000 - 0x00007ff8a2a16000 	F:\Program Files (x86)\Android\Android Studio\jre\jre\bin\zip.dll
0x00007ff8a8a80000 - 0x00007ff8a9eb7000 	C:\WINDOWS\System32\SHELL32.dll
0x00007ff8ab360000 - 0x00007ff8ab406000 	C:\WINDOWS\System32\shcore.dll
0x00007ff8a8050000 - 0x00007ff8a8797000 	C:\WINDOWS\System32\windows.storage.dll
0x00007ff8aa880000 - 0x00007ff8aa8d1000 	C:\WINDOWS\System32\shlwapi.dll
0x00007ff8a7960000 - 0x00007ff8a7971000 	C:\WINDOWS\System32\kernel.appcore.dll
0x00007ff8a78f0000 - 0x00007ff8a793c000 	C:\WINDOWS\System32\powrprof.dll
0x00007ff8a7980000 - 0x00007ff8a799b000 	C:\WINDOWS\System32\profapi.dll

VM Arguments:
jvm_args: -Djava.awt.headless=true -Xmx4g -Dfile.encoding=windows-1252 -Duser.country=US -Duser.language=en -Duser.variant 
java_command: com.android.dx.command.Main --dex --force-jumbo --num-threads=4 --multi-dex --output F:\TIF\Semester 7\Mobile Programming\Lab\WhatsCamp\WhatsCamp\app\build\intermediates\transforms\dex\debug\folders\1000\2\httpclient-4.3.4_9ea7807724f9b4011281695a5686e0ba250b0be4 F:\TIF\Semester 7\Mobile Programming\Lab\WhatsCamp\WhatsCamp\app\libs\httpclient-4.3.4.jar
java_class_path (initial): F:\Android\sdk\build-tools\25.0.0\lib\dx.jar
Launcher Type: SUN_STANDARD

Environment Variables:
PATH=C:\ProgramData\Oracle\Java\javapath;C:\Program Files (x86)\Intel\iCLS Client\;C:\Program Files\Intel\iCLS Client\;C:\Windows\system32;C:\Windows;C:\Windows\System32\Wbem;C:\Windows\System32\WindowsPowerShell\v1.0\;C:\Program Files (x86)\Intel\Intel(R) Management Engine Components\DAL;C:\Program Files\Intel\Intel(R) Management Engine Components\DAL;C:\Program Files (x86)\Intel\Intel(R) Management Engine Components\IPT;C:\Program Files\Intel\Intel(R) Management Engine Components\IPT;C:\Program Files (x86)\NVIDIA Corporation\PhysX\Common;C:\Program Files\Java\jdk1.8.0_144\bin;C:\Program Files\Java\jdk1.8.0_144\lib;C:\TDM-GCC-64\bin;C:\Program Files (x86)\CodeBlocks\MinGW\bin;C:\WINDOWS\system32;C:\WINDOWS;C:\WINDOWS\System32\Wbem;C:\WINDOWS\System32\WindowsPowerShell\v1.0\;C:\HashiCorp\Vagrant\bin;C:\Program Files\Git\cmd;C:\Program Files\PuTTY\;C:\Program Files\IBM\Bluemix\bin;C:\Program Files\Cloud Foundry;C:\Program Files (x86)\QuickTime\QTSystem\;C:\Users\legion Y520\AppData\Local\Programs\Python\Python35\Scripts\;C:\Users\legion Y520\AppData\Local\Programs\Python\Python35\;C:\Users\legion Y520\AppData\Local\Microsoft\WindowsApps;C:\TDM-GCC-64\bin;C:\Program Files (x86)\CodeBlocks\MinGW\bin;C:\Users\legion Y520\AppData\Local\GitHubDesktop\bin;C:\Users\legion Y520\AppData\Local\Microsoft\WindowsApps;C:\Program Files\aircrack-ng-1.2-rc4-win\bin\64bit;
USERNAME=Joseph
OS=Windows_NT
PROCESSOR_IDENTIFIER=Intel64 Family 6 Model 158 Stepping 9, GenuineIntel



---------------  S Y S T E M  ---------------

OS: Windows 10.0 , 64 bit Build 16299 (10.0.16299.15)

CPU:total 8 (initial active 8) (4 cores per cpu, 2 threads per core) family 6 model 158 stepping 9, cmov, cx8, fxsr, mmx, sse, sse2, sse3, ssse3, sse4.1, sse4.2, popcnt, avx, avx2, aes, clmul, erms, 3dnowpref, lzcnt, ht, tsc, tscinvbit, bmi1, bmi2, adx

Memory: 4k page, physical 8260772k(1809228k free), swap 12356772k(467992k free)

vm_info: OpenJDK 64-Bit Server VM (25.152-b01) for windows-amd64 JRE (1.8.0_152-release-915-b01), built by "builder" with MS VC++ 10.0 (VS2010)

time: Sat Nov 25 12:20:28 2017
elapsed time: 4 seconds (0d 0h 0m 4s)

