#
# There is insufficient memory for the Java Runtime Environment to continue.
# Native memory allocation (malloc) failed to allocate 32744 bytes for ChunkPool::allocate
# Possible reasons:
#   The system is out of physical RAM or swap space
#   In 32 bit mode, the process size limit was hit
# Possible solutions:
#   Reduce memory load on the system
#   Increase physical memory or swap space
#   Check if swap backing store is full
#   Use 64 bit Java on a 64 bit OS
#   Decrease Java heap size (-Xmx/-Xms)
#   Decrease number of Java threads
#   Decrease Java thread stack sizes (-Xss)
#   Set larger code cache with -XX:ReservedCodeCacheSize=
# This output file may be truncated or incomplete.
#
#  Out of Memory Error (allocation.cpp:273), pid=10248, tid=0x0000000000005d68
#
# JRE version: OpenJDK Runtime Environment (8.0_152-b01) (build 1.8.0_152-release-915-b01)
# Java VM: OpenJDK 64-Bit Server VM (25.152-b01 mixed mode windows-amd64 compressed oops)
# Failed to write core dump. Minidumps are not enabled by default on client versions of Windows
#

---------------  T H R E A D  ---------------

Current thread (0x000000002053d800):  JavaThread "C1 CompilerThread3" daemon [_thread_in_native, id=23912, stack(0x0000000020fa0000,0x00000000210a0000)]

Stack: [0x0000000020fa0000,0x00000000210a0000]
[error occurred during error reporting (printing stack bounds), id 0xc0000005]

Native frames: (J=compiled Java code, j=interpreted, Vv=VM code, C=native code)


Current CompileTask:
C1:    373  262   !   3       com.android.dx.cf.code.BytecodeArray::parseInstruction (2764 bytes)


---------------  P R O C E S S  ---------------

Java Threads: ( => current thread )
  0x00000000207d8000 JavaThread "pool-2-thread-3" [_thread_blocked, id=22860, stack(0x00000000217a0000,0x00000000218a0000)]
  0x00000000207b1800 JavaThread "pool-2-thread-2" [_thread_in_vm, id=20116, stack(0x00000000214a0000,0x00000000215a0000)]
  0x00000000206a3800 JavaThread "pool-3-thread-1" [_thread_blocked, id=19416, stack(0x00000000213a0000,0x00000000214a0000)]
  0x00000000206a3000 JavaThread "pool-2-thread-1" [_thread_blocked, id=22992, stack(0x00000000212a0000,0x00000000213a0000)]
  0x0000000020566000 JavaThread "Service Thread" daemon [_thread_blocked, id=23284, stack(0x00000000210a0000,0x00000000211a0000)]
=>0x000000002053d800 JavaThread "C1 CompilerThread3" daemon [_thread_in_native, id=23912, stack(0x0000000020fa0000,0x00000000210a0000)]
  0x00000000204e0800 JavaThread "C2 CompilerThread2" daemon [_thread_blocked, id=23828, stack(0x0000000020ea0000,0x0000000020fa0000)]
  0x00000000204dc800 JavaThread "C2 CompilerThread1" daemon [_thread_blocked, id=20468, stack(0x0000000020da0000,0x0000000020ea0000)]
  0x00000000204d8800 JavaThread "C2 CompilerThread0" daemon [_thread_blocked, id=16652, stack(0x0000000020ca0000,0x0000000020da0000)]
  0x00000000204d7800 JavaThread "Attach Listener" daemon [_thread_blocked, id=2528, stack(0x0000000020ba0000,0x0000000020ca0000)]
  0x00000000204d6800 JavaThread "Signal Dispatcher" daemon [_thread_blocked, id=17780, stack(0x0000000020aa0000,0x0000000020ba0000)]
  0x0000000004ab9000 JavaThread "Finalizer" daemon [_thread_blocked, id=24536, stack(0x00000000208b0000,0x00000000209b0000)]
  0x000000001e5db800 JavaThread "Reference Handler" daemon [_thread_blocked, id=22964, stack(0x00000000203b0000,0x00000000204b0000)]
  0x000000000487e000 JavaThread "main" [_thread_in_native, id=23920, stack(0x00000000048c0000,0x00000000049c0000)]

Other Threads:
  0x000000001e5d5000 VMThread [stack: 0x00000000202b0000,0x00000000203b0000] [id=18264]
  0x0000000020566800 WatcherThread [stack: 0x00000000211a0000,0x00000000212a0000] [id=5760]

VM state:not at safepoint (normal execution)

VM Mutex/Monitor currently owned by a thread: None

Heap:
 PSYoungGen      total 38400K, used 8017K [0x000000076ab00000, 0x000000076d580000, 0x00000007c0000000)
  eden space 33280K, 24% used [0x000000076ab00000,0x000000076b2d4548,0x000000076cb80000)
  from space 5120K, 0% used [0x000000076d080000,0x000000076d080000,0x000000076d580000)
  to   space 5120K, 0% used [0x000000076cb80000,0x000000076cb80000,0x000000076d080000)
 ParOldGen       total 87552K, used 0K [0x00000006c0000000, 0x00000006c5580000, 0x000000076ab00000)
  object space 87552K, 0% used [0x00000006c0000000,0x00000006c0000000,0x00000006c5580000)
 Metaspace       used 4640K, capacity 5872K, committed 6016K, reserved 1058816K
  class space    used 502K, capacity 552K, committed 640K, reserved 1048576K

Card table byte_map: [0x0000000013e80000,0x0000000014690000] byte_map_base: 0x0000000010880000

Marking Bits: (ParMarkBitMap*) 0x0000000067df3950
 Begin Bits: [0x00000000153f0000, 0x00000000193f0000)
 End Bits:   [0x00000000193f0000, 0x000000001d3f0000)

Polling page: 0x00000000047f0000

CodeCache: size=245760Kb used=1604Kb max_used=1615Kb free=244155Kb
 bounds [0x0000000004ac0000, 0x0000000004d30000, 0x0000000013ac0000]
 total_blobs=522 nmethods=265 adapters=171
 compilation: enabled

Compilation events (10 events):
Event: 0.322 Thread 0x000000002053d800 nmethod 261 0x0000000004c50010 code [0x0000000004c501a0, 0x0000000004c505a8]
Event: 0.322 Thread 0x000000002053d800  265       3       com.android.dx.cf.code.LineNumberList::get (9 bytes)
Event: 0.322 Thread 0x000000002053d800 nmethod 265 0x0000000004c50750 code [0x0000000004c508c0, 0x0000000004c50ba8]
Event: 0.322 Thread 0x000000002053d800  267       3       com.android.dx.util.LabeledList::indexOfLabel (22 bytes)
Event: 0.322 Thread 0x00000000204d8800  269       4       java.util.ArrayList::get (11 bytes)
Event: 0.322 Thread 0x000000002053d800 nmethod 267 0x0000000004c50c50 code [0x0000000004c50dc0, 0x0000000004c510a8]
Event: 0.322 Thread 0x000000002053d800  266       1       com.android.dx.rop.code.BasicBlock::getInsns (5 bytes)
Event: 0.322 Thread 0x000000002053d800 nmethod 266 0x0000000004c51190 code [0x0000000004c512e0, 0x0000000004c513f0]
Event: 0.322 Thread 0x000000002053d800  262   !   3       com.android.dx.cf.code.BytecodeArray::parseInstruction (2764 bytes)
Event: 0.322 Thread 0x00000000204d8800 nmethod 269 0x0000000004c54110 code [0x0000000004c54240, 0x0000000004c542f8]

GC Heap History (0 events):
No events

Deoptimization events (0 events):
No events

Classes redefined (0 events):
No events

Internal exceptions (2 events):
Event: 0.028 Thread 0x000000000487e000 Exception <a 'java/lang/NoSuchMethodError': Method sun.misc.Unsafe.defineClass(Ljava/lang/String;[BII)Ljava/lang/Class; name or signature does not match> (0x000000076ab07ca8) thrown at [D:\src\AOSP-openjdk-cygwin\jdk8u\hotspot\src\share\vm\prims\jni.cpp, 
Event: 0.028 Thread 0x000000000487e000 Exception <a 'java/lang/NoSuchMethodError': Method sun.misc.Unsafe.prefetchRead(Ljava/lang/Object;J)V name or signature does not match> (0x000000076ab07f90) thrown at [D:\src\AOSP-openjdk-cygwin\jdk8u\hotspot\src\share\vm\prims\jni.cpp, line 4011]

Events (10 events):
Event: 0.324 loading class com/android/dx/ssa/RegisterMapper
Event: 0.324 loading class com/android/dx/ssa/RegisterMapper done
Event: 0.324 loading class com/android/dx/ssa/SsaRenamer$BlockRenamer$RenamingMapper
Event: 0.324 loading class com/android/dx/ssa/SsaRenamer$BlockRenamer$RenamingMapper done
Event: 0.325 loading class com/android/dx/ssa/PhiInsn$Visitor
Event: 0.325 loading class com/android/dx/ssa/PhiInsn$Visitor done
Event: 0.325 loading class com/android/dx/ssa/SsaRenamer$BlockRenamer$1
Event: 0.325 loading class com/android/dx/ssa/SsaRenamer$BlockRenamer$1 done
Event: 0.326 loading class com/android/dx/ssa/PhiInsn$Operand
Event: 0.326 loading class com/android/dx/ssa/PhiInsn$Operand done


Dynamic libraries:
0x00007ff62b0a0000 - 0x00007ff62b0d1000 	F:\Program Files (x86)\Android\Android Studio\jre\bin\java.exe
0x00007ff8c0340000 - 0x00007ff8c0520000 	C:\WINDOWS\SYSTEM32\ntdll.dll
0x00007ff8bdd10000 - 0x00007ff8bddbe000 	C:\WINDOWS\System32\KERNEL32.DLL
0x00007ff8bd2e0000 - 0x00007ff8bd546000 	C:\WINDOWS\System32\KERNELBASE.dll
0x00007ff8bdf80000 - 0x00007ff8be021000 	C:\WINDOWS\System32\ADVAPI32.dll
0x00007ff8c0020000 - 0x00007ff8c00bd000 	C:\WINDOWS\System32\msvcrt.dll
0x00007ff8bfd80000 - 0x00007ff8bfddb000 	C:\WINDOWS\System32\sechost.dll
0x00007ff8bde20000 - 0x00007ff8bdf3f000 	C:\WINDOWS\System32\RPCRT4.dll
0x00007ff8bd840000 - 0x00007ff8bd9ce000 	C:\WINDOWS\System32\USER32.dll
0x00007ff8bd2c0000 - 0x00007ff8bd2e0000 	C:\WINDOWS\System32\win32u.dll
0x00007ff8bdce0000 - 0x00007ff8bdd08000 	C:\WINDOWS\System32\GDI32.dll
0x00007ff8bc7b0000 - 0x00007ff8bc944000 	C:\WINDOWS\System32\gdi32full.dll
0x00007ff8bc710000 - 0x00007ff8bc7ab000 	C:\WINDOWS\System32\msvcp_win.dll
0x00007ff8bd600000 - 0x00007ff8bd6f6000 	C:\WINDOWS\System32\ucrtbase.dll
0x00007ff8abdf0000 - 0x00007ff8ac059000 	C:\WINDOWS\WinSxS\amd64_microsoft.windows.common-controls_6595b64144ccf1df_6.0.16299.19_none_cc92fab02215da61\COMCTL32.dll
0x00007ff8bd9d0000 - 0x00007ff8bdcd8000 	C:\WINDOWS\System32\combase.dll
0x00007ff8bd700000 - 0x00007ff8bd772000 	C:\WINDOWS\System32\bcryptPrimitives.dll
0x00007ff8bdf40000 - 0x00007ff8bdf6d000 	C:\WINDOWS\System32\IMM32.DLL
0x0000000067470000 - 0x0000000067542000 	F:\Program Files (x86)\Android\Android Studio\jre\jre\bin\msvcr100.dll
0x0000000067630000 - 0x0000000067e6e000 	F:\Program Files (x86)\Android\Android Studio\jre\jre\bin\server\jvm.dll
0x00007ff8bfd70000 - 0x00007ff8bfd78000 	C:\WINDOWS\System32\PSAPI.DLL
0x00007ff8abd20000 - 0x00007ff8abd43000 	C:\WINDOWS\SYSTEM32\WINMM.dll
0x00007ff8a8940000 - 0x00007ff8a8949000 	C:\WINDOWS\SYSTEM32\WSOCK32.dll
0x00007ff8b72f0000 - 0x00007ff8b72fa000 	C:\WINDOWS\SYSTEM32\VERSION.dll
0x00007ff8ab200000 - 0x00007ff8ab22a000 	C:\WINDOWS\SYSTEM32\WINMMBASE.dll
0x00007ff8bd0a0000 - 0x00007ff8bd0ea000 	C:\WINDOWS\System32\cfgmgr32.dll
0x0000000004740000 - 0x00000000047ac000 	C:\WINDOWS\System32\ws2_32.DLL
0x00007ff8a7730000 - 0x00007ff8a773f000 	F:\Program Files (x86)\Android\Android Studio\jre\jre\bin\verify.dll
0x00007ff88b2b0000 - 0x00007ff88b2d9000 	F:\Program Files (x86)\Android\Android Studio\jre\jre\bin\java.dll
0x00007ff89bbf0000 - 0x00007ff89bc06000 	F:\Program Files (x86)\Android\Android Studio\jre\jre\bin\zip.dll
0x00007ff8be720000 - 0x00007ff8bfb57000 	C:\WINDOWS\System32\SHELL32.dll
0x00007ff8c0230000 - 0x00007ff8c02d6000 	C:\WINDOWS\System32\shcore.dll
0x00007ff8bc950000 - 0x00007ff8bd097000 	C:\WINDOWS\System32\windows.storage.dll
0x00007ff8bddc0000 - 0x00007ff8bde11000 	C:\WINDOWS\System32\shlwapi.dll
0x00007ff8bc6f0000 - 0x00007ff8bc701000 	C:\WINDOWS\System32\kernel.appcore.dll
0x00007ff8bc680000 - 0x00007ff8bc6cc000 	C:\WINDOWS\System32\powrprof.dll
0x00007ff8bc660000 - 0x00007ff8bc67b000 	C:\WINDOWS\System32\profapi.dll

VM Arguments:
jvm_args: -Djava.awt.headless=true -Xmx4g -Dfile.encoding=windows-1252 -Duser.country=US -Duser.language=en -Duser.variant 
java_command: com.android.dx.command.Main --dex --force-jumbo --num-threads=4 --multi-dex --output F:\TIF\Semester 7\Mobile Programming\Lab\WhatsCamp\WhatsCamp\app\build\intermediates\transforms\dex\debug\folders\1000\5\slice_0 F:\TIF\Semester 7\Mobile Programming\Lab\WhatsCamp\WhatsCamp\app\build\intermediates\transforms\instantRunSlicer\debug\folders\1\5\slice_0
java_class_path (initial): F:\Android\sdk\build-tools\25.0.0\lib\dx.jar
Launcher Type: SUN_STANDARD

Environment Variables:
PATH=C:\ProgramData\Oracle\Java\javapath;C:\Program Files (x86)\Intel\iCLS Client\;C:\Program Files\Intel\iCLS Client\;C:\Windows\system32;C:\Windows;C:\Windows\System32\Wbem;C:\Windows\System32\WindowsPowerShell\v1.0\;C:\Program Files (x86)\Intel\Intel(R) Management Engine Components\DAL;C:\Program Files\Intel\Intel(R) Management Engine Components\DAL;C:\Program Files (x86)\Intel\Intel(R) Management Engine Components\IPT;C:\Program Files\Intel\Intel(R) Management Engine Components\IPT;C:\Program Files (x86)\NVIDIA Corporation\PhysX\Common;C:\Program Files\Java\jdk1.8.0_144\bin;C:\Program Files\Java\jdk1.8.0_144\lib;C:\TDM-GCC-64\bin;C:\Program Files (x86)\CodeBlocks\MinGW\bin;C:\WINDOWS\system32;C:\WINDOWS;C:\WINDOWS\System32\Wbem;C:\WINDOWS\System32\WindowsPowerShell\v1.0\;C:\HashiCorp\Vagrant\bin;C:\Program Files\Git\cmd;C:\Program Files\PuTTY\;C:\Program Files\IBM\Bluemix\bin;C:\Program Files\Cloud Foundry;C:\Users\legion Y520\AppData\Local\Programs\Python\Python35\Scripts\;C:\Users\legion Y520\AppData\Local\Programs\Python\Python35\;C:\Users\legion Y520\AppData\Local\Microsoft\WindowsApps;C:\TDM-GCC-64\bin;C:\Program Files (x86)\CodeBlocks\MinGW\bin;C:\Users\legion Y520\AppData\Local\GitHubDesktop\bin;C:\Users\legion Y520\AppData\Local\Microsoft\WindowsApps;C:\Program Files\aircrack-ng-1.2-rc4-win\bin\64bit;
USERNAME=Joseph
OS=Windows_NT
PROCESSOR_IDENTIFIER=Intel64 Family 6 Model 158 Stepping 9, GenuineIntel



---------------  S Y S T E M  ---------------

OS: Windows 10.0 , 64 bit Build 16299 (10.0.16299.15)

CPU:total 8 (initial active 8) (4 cores per cpu, 2 threads per core) family 6 model 158 stepping 9, cmov, cx8, fxsr, mmx, sse, sse2, sse3, ssse3, sse4.1, sse4.2, popcnt, avx, avx2, aes, clmul, erms, 3dnowpref, lzcnt, ht, tsc, tscinvbit, bmi1, bmi2, adx

Memory: 4k page, physical 8260772k(933336k free), swap 12356772k(536k free)

vm_info: OpenJDK 64-Bit Server VM (25.152-b01) for windows-amd64 JRE (1.8.0_152-release-915-b01), built by "builder" with MS VC++ 10.0 (VS2010)

time: Fri Nov 10 22:35:16 2017
elapsed time: 0 seconds (0d 0h 0m 0s)

