#
# There is insufficient memory for the Java Runtime Environment to continue.
# Native memory allocation (malloc) failed to allocate 652752 bytes for Chunk::new
# Possible reasons:
#   The system is out of physical RAM or swap space
#   In 32 bit mode, the process size limit was hit
# Possible solutions:
#   Reduce memory load on the system
#   Increase physical memory or swap space
#   Check if swap backing store is full
#   Use 64 bit Java on a 64 bit OS
#   Decrease Java heap size (-Xmx/-Xms)
#   Decrease number of Java threads
#   Decrease Java thread stack sizes (-Xss)
#   Set larger code cache with -XX:ReservedCodeCacheSize=
# This output file may be truncated or incomplete.
#
#  Out of Memory Error (allocation.cpp:390), pid=13236, tid=0x0000000000004af0
#
# JRE version: OpenJDK Runtime Environment (8.0_112-b06) (build 1.8.0_112-release-b06)
# Java VM: OpenJDK 64-Bit Server VM (25.112-b06 mixed mode windows-amd64 compressed oops)
# Failed to write core dump. Minidumps are not enabled by default on client versions of Windows
#

---------------  T H R E A D  ---------------

Current thread (0x000000001e8fb800):  JavaThread "C2 CompilerThread0" daemon [_thread_in_native, id=19184, stack(0x000000001f0c0000,0x000000001f1c0000)]

Stack: [0x000000001f0c0000,0x000000001f1c0000]
[error occurred during error reporting (printing stack bounds), id 0xc0000005]

Native frames: (J=compiled Java code, j=interpreted, Vv=VM code, C=native code)


Current CompileTask:
C2:   1904 1482   !   4       com.android.dx.cf.cst.ConstantPoolParser::parse0 (731 bytes)


---------------  P R O C E S S  ---------------

Java Threads: ( => current thread )
  0x000000001ebad000 JavaThread "pool-2-thread-4" [_thread_in_Java, id=10972, stack(0x000000001fac0000,0x000000001fbc0000)]
  0x000000001eba0800 JavaThread "pool-2-thread-3" [_thread_in_Java, id=2100, stack(0x000000001f9c0000,0x000000001fac0000)]
  0x000000001eb9b800 JavaThread "pool-2-thread-2" [_thread_blocked, id=10580, stack(0x000000001f8c0000,0x000000001f9c0000)]
  0x000000001eb97800 JavaThread "pool-3-thread-1" [_thread_blocked, id=4008, stack(0x000000001f7c0000,0x000000001f8c0000)]
  0x000000001eb8c800 JavaThread "pool-2-thread-1" [_thread_in_Java, id=4384, stack(0x000000001f6c0000,0x000000001f7c0000)]
  0x000000001e941000 JavaThread "Service Thread" daemon [_thread_blocked, id=11856, stack(0x000000001f4c0000,0x000000001f5c0000)]
  0x000000001e908000 JavaThread "C1 CompilerThread3" daemon [_thread_in_native, id=18352, stack(0x000000001f3c0000,0x000000001f4c0000)]
  0x000000001e903800 JavaThread "C2 CompilerThread2" daemon [_thread_in_native, id=15240, stack(0x000000001f2c0000,0x000000001f3c0000)]
  0x000000001e8ff000 JavaThread "C2 CompilerThread1" daemon [_thread_in_native, id=15692, stack(0x000000001f1c0000,0x000000001f2c0000)]
=>0x000000001e8fb800 JavaThread "C2 CompilerThread0" daemon [_thread_in_native, id=19184, stack(0x000000001f0c0000,0x000000001f1c0000)]
  0x000000001e8fa000 JavaThread "Attach Listener" daemon [_thread_blocked, id=4920, stack(0x000000001efc0000,0x000000001f0c0000)]
  0x000000001e8f8800 JavaThread "Signal Dispatcher" daemon [_thread_blocked, id=12276, stack(0x000000001eec0000,0x000000001efc0000)]
  0x000000001e8f0800 JavaThread "Finalizer" daemon [_thread_blocked, id=2196, stack(0x000000001ecd0000,0x000000001edd0000)]
  0x0000000002eb6000 JavaThread "Reference Handler" daemon [_thread_blocked, id=9368, stack(0x000000001e7d0000,0x000000001e8d0000)]
  0x0000000002cbd800 JavaThread "main" [_thread_in_Java, id=5552, stack(0x0000000002cc0000,0x0000000002dc0000)]

Other Threads:
  0x000000001c9d5800 VMThread [stack: 0x000000001e6d0000,0x000000001e7d0000] [id=18876]
  0x000000001e942000 WatcherThread [stack: 0x000000001f5c0000,0x000000001f6c0000] [id=14388]

VM state:not at safepoint (normal execution)

VM Mutex/Monitor currently owned by a thread: None

Heap:
 PSYoungGen      total 71680K, used 38571K [0x000000076ab00000, 0x000000076f600000, 0x00000007c0000000)
  eden space 66560K, 50% used [0x000000076ab00000,0x000000076cbb1000,0x000000076ec00000)
  from space 5120K, 99% used [0x000000076f100000,0x000000076f5f9c78,0x000000076f600000)
  to   space 5120K, 0% used [0x000000076ec00000,0x000000076ec00000,0x000000076f100000)
 ParOldGen       total 87552K, used 5941K [0x00000006c0000000, 0x00000006c5580000, 0x000000076ab00000)
  object space 87552K, 6% used [0x00000006c0000000,0x00000006c05cd718,0x00000006c5580000)
 Metaspace       used 6100K, capacity 7088K, committed 7296K, reserved 1056768K
  class space    used 573K, capacity 616K, committed 640K, reserved 1048576K

Card table byte_map: [0x0000000012280000,0x0000000012a90000] byte_map_base: 0x000000000ec80000

Marking Bits: (ParMarkBitMap*) 0x000000006f7818f0
 Begin Bits: [0x00000000137f0000, 0x00000000177f0000)
 End Bits:   [0x00000000177f0000, 0x000000001b7f0000)

Polling page: 0x0000000002b60000

CodeCache: size=245760Kb used=6356Kb max_used=6356Kb free=239403Kb
 bounds [0x0000000002ec0000, 0x0000000003500000, 0x0000000011ec0000]
 total_blobs=1865 nmethods=1598 adapters=181
 compilation: enabled

Compilation events (10 events):
Event: 1.808 Thread 0x000000001e908000 1598       2       java.util.TreeMap$ValueIterator::next (8 bytes)
Event: 1.808 Thread 0x000000001e908000 nmethod 1598 0x00000000034d2e50 code [0x00000000034d2fc0, 0x00000000034d3148]
Event: 1.809 Thread 0x000000001e908000 1602       2       com.android.dx.dex.file.AnnotationUtils::makeCstArray (57 bytes)
Event: 1.810 Thread 0x000000001e908000 nmethod 1602 0x00000000034d3210 code [0x00000000034d3420, 0x00000000034d3b58]
Event: 1.825 Thread 0x000000001e8ff000 nmethod 1491 0x00000000034db450 code [0x00000000034db8a0, 0x00000000034dfae0]
Event: 1.826 Thread 0x000000001e8ff000 1513       4       java.util.HashMap::getNode (148 bytes)
Event: 1.828 Thread 0x000000001e8ff000 nmethod 1513 0x00000000034d8050 code [0x00000000034d81a0, 0x00000000034d83f8]
Event: 1.828 Thread 0x000000001e8ff000 1556   !   4       com.android.dx.cf.code.BytecodeArray::parseInstruction (2764 bytes)
Event: 1.882 Thread 0x000000001e903800 nmethod 1494 0x00000000034eddd0 code [0x00000000034ee200, 0x00000000034f1c70]
Event: 1.882 Thread 0x000000001e903800 1228 %     4       com.android.dx.ssa.SsaMethod::getUseListCopy @ 24 (56 bytes)

GC Heap History (4 events):
Event: 0.928 GC heap before
{Heap before GC invocations=1 (full 0):
 PSYoungGen      total 38400K, used 33280K [0x000000076ab00000, 0x000000076d580000, 0x00000007c0000000)
  eden space 33280K, 100% used [0x000000076ab00000,0x000000076cb80000,0x000000076cb80000)
  from space 5120K, 0% used [0x000000076d080000,0x000000076d080000,0x000000076d580000)
  to   space 5120K, 0% used [0x000000076cb80000,0x000000076cb80000,0x000000076d080000)
 ParOldGen       total 87552K, used 0K [0x00000006c0000000, 0x00000006c5580000, 0x000000076ab00000)
  object space 87552K, 0% used [0x00000006c0000000,0x00000006c0000000,0x00000006c5580000)
 Metaspace       used 5868K, capacity 6896K, committed 7040K, reserved 1056768K
  class space    used 573K, capacity 616K, committed 640K, reserved 1048576K
Event: 0.984 GC heap after
Heap after GC invocations=1 (full 0):
 PSYoungGen      total 38400K, used 5112K [0x000000076ab00000, 0x000000076f600000, 0x00000007c0000000)
  eden space 33280K, 0% used [0x000000076ab00000,0x000000076ab00000,0x000000076cb80000)
  from space 5120K, 99% used [0x000000076cb80000,0x000000076d07e220,0x000000076d080000)
  to   space 5120K, 0% used [0x000000076f100000,0x000000076f100000,0x000000076f600000)
 ParOldGen       total 87552K, used 1447K [0x00000006c0000000, 0x00000006c5580000, 0x000000076ab00000)
  object space 87552K, 1% used [0x00000006c0000000,0x00000006c0169d30,0x00000006c5580000)
 Metaspace       used 5868K, capacity 6896K, committed 7040K, reserved 1056768K
  class space    used 573K, capacity 616K, committed 640K, reserved 1048576K
}
Event: 1.521 GC heap before
{Heap before GC invocations=2 (full 0):
 PSYoungGen      total 38400K, used 38392K [0x000000076ab00000, 0x000000076f600000, 0x00000007c0000000)
  eden space 33280K, 100% used [0x000000076ab00000,0x000000076cb80000,0x000000076cb80000)
  from space 5120K, 99% used [0x000000076cb80000,0x000000076d07e220,0x000000076d080000)
  to   space 5120K, 0% used [0x000000076f100000,0x000000076f100000,0x000000076f600000)
 ParOldGen       total 87552K, used 1447K [0x00000006c0000000, 0x00000006c5580000, 0x000000076ab00000)
  object space 87552K, 1% used [0x00000006c0000000,0x00000006c0169d30,0x00000006c5580000)
 Metaspace       used 6039K, capacity 7024K, committed 7296K, reserved 1056768K
  class space    used 573K, capacity 616K, committed 640K, reserved 1048576K
Event: 1.529 GC heap after
Heap after GC invocations=2 (full 0):
 PSYoungGen      total 71680K, used 5095K [0x000000076ab00000, 0x000000076f600000, 0x00000007c0000000)
  eden space 66560K, 0% used [0x000000076ab00000,0x000000076ab00000,0x000000076ec00000)
  from space 5120K, 99% used [0x000000076f100000,0x000000076f5f9c78,0x000000076f600000)
  to   space 5120K, 0% used [0x000000076ec00000,0x000000076ec00000,0x000000076f100000)
 ParOldGen       total 87552K, used 5941K [0x00000006c0000000, 0x00000006c5580000, 0x000000076ab00000)
  object space 87552K, 6% used [0x00000006c0000000,0x00000006c05cd718,0x00000006c5580000)
 Metaspace       used 6039K, capacity 7024K, committed 7296K, reserved 1056768K
  class space    used 573K, capacity 616K, committed 640K, reserved 1048576K
}

Deoptimization events (10 events):
Event: 1.111 Thread 0x000000001eba0800 Uncommon trap: reason=bimorphic action=maybe_recompile pc=0x00000000030e7ec8 method=java.util.HashMap.getNode(ILjava/lang/Object;)Ljava/util/HashMap$Node; @ 126
Event: 1.113 Thread 0x000000001eb8c800 Uncommon trap: reason=unstable_if action=reinterpret pc=0x00000000031c721c method=com.android.dx.ssa.SsaMethod.updateOneDefinition(Lcom/android/dx/ssa/SsaInsn;Lcom/android/dx/rop/code/RegisterSpec;)V @ 4
Event: 1.118 Thread 0x000000001ebad000 Uncommon trap: reason=bimorphic action=maybe_recompile pc=0x00000000030e7ec8 method=java.util.HashMap.getNode(ILjava/lang/Object;)Ljava/util/HashMap$Node; @ 126
Event: 1.118 Thread 0x000000001ebad000 Uncommon trap: reason=bimorphic action=maybe_recompile pc=0x00000000030e7ec8 method=java.util.HashMap.getNode(ILjava/lang/Object;)Ljava/util/HashMap$Node; @ 126
Event: 1.122 Thread 0x000000001ebad000 Uncommon trap: reason=bimorphic action=maybe_recompile pc=0x00000000030e7ec8 method=java.util.HashMap.getNode(ILjava/lang/Object;)Ljava/util/HashMap$Node; @ 126
Event: 1.122 Thread 0x000000001ebad000 Uncommon trap: reason=bimorphic action=maybe_recompile pc=0x00000000030fe2dc method=java.util.HashMap.getNode(ILjava/lang/Object;)Ljava/util/HashMap$Node; @ 126
Event: 1.610 Thread 0x000000001eb8c800 Uncommon trap: reason=bimorphic action=maybe_recompile pc=0x00000000033b3fcc method=com.android.dx.cf.code.BytecodeArray.parseInstruction(ILcom/android/dx/cf/code/BytecodeArray$Visitor;)I @ 1501
Event: 1.611 Thread 0x000000001eb8c800 Uncommon trap: reason=bimorphic action=maybe_recompile pc=0x00000000033b3fcc method=com.android.dx.cf.code.BytecodeArray.parseInstruction(ILcom/android/dx/cf/code/BytecodeArray$Visitor;)I @ 1501
Event: 1.774 Thread 0x0000000002cbd800 Uncommon trap: reason=bimorphic action=maybe_recompile pc=0x00000000033b3fcc method=com.android.dx.cf.code.BytecodeArray.parseInstruction(ILcom/android/dx/cf/code/BytecodeArray$Visitor;)I @ 1501
Event: 1.774 Thread 0x0000000002cbd800 Uncommon trap: reason=bimorphic action=maybe_recompile pc=0x00000000033b3fcc method=com.android.dx.cf.code.BytecodeArray.parseInstruction(ILcom/android/dx/cf/code/BytecodeArray$Visitor;)I @ 1501

Internal exceptions (3 events):
Event: 0.030 Thread 0x0000000002cbd800 Exception <a 'java/lang/NoSuchMethodError': Method sun.misc.Unsafe.defineClass(Ljava/lang/String;[BII)Ljava/lang/Class; name or signature does not match> (0x000000076ab07c78) thrown at [C:\src\android\AOSP-openjdk\external\jetbrains\jdk\hotspot\src\share\vªb0ðAœž?
Event: 0.030 Thread 0x0000000002cbd800 Exception <a 'java/lang/NoSuchMethodError': Method sun.misc.Unsafe.prefetchRead(Ljava/lang/Object;J)V name or signature does not match> (0x000000076ab07f60) thrown at [C:\src\android\AOSP-openjdk\external\jetbrains\jdk\hotspot\src\share\vm\prims\jni.cpp, lúu©1–í?
Event: 0.925 Thread 0x000000001eb8c800 Implicit null exception at 0x00000000031470a2 to 0x00000000031471a2

Events (10 events):
Event: 1.774 Thread 0x0000000002cbd800 DEOPT UNPACKING pc=0x0000000002f0556a sp=0x0000000002dbe2c0 mode 2
Event: 1.774 Thread 0x0000000002cbd800 Uncommon trap: trap_request=0xffffffc6 fr.pc=0x00000000033b3fcc
Event: 1.774 Thread 0x0000000002cbd800 DEOPT PACKING pc=0x00000000033b3fcc sp=0x0000000002dbe150
Event: 1.774 Thread 0x0000000002cbd800 DEOPT UNPACKING pc=0x0000000002f0556a sp=0x0000000002dbe120 mode 2
Event: 1.776 Thread 0x0000000002cbd800 DEOPT PACKING pc=0x0000000003251304 sp=0x0000000002dbe3a0
Event: 1.776 Thread 0x0000000002cbd800 DEOPT UNPACKING pc=0x0000000002f075bf sp=0x0000000002dbe108 mode 0
Event: 1.803 Thread 0x000000001ebad000 DEOPT PACKING pc=0x0000000003251304 sp=0x000000001fbbec70
Event: 1.803 Thread 0x000000001ebad000 DEOPT UNPACKING pc=0x0000000002f075bf sp=0x000000001fbbe9d8 mode 0
Event: 1.804 Thread 0x000000001eb8c800 DEOPT PACKING pc=0x0000000003378590 sp=0x000000001f7bec40
Event: 1.804 Thread 0x000000001eb8c800 DEOPT UNPACKING pc=0x0000000002f075bf sp=0x000000001f7be9a0 mode 0


Dynamic libraries:
0x00007ff6fa0b0000 - 0x00007ff6fa0e1000 	F:\Program Files (x86)\Android\Android Studio\jre\bin\java.exe
0x00007ffd1ba50000 - 0x00007ffd1bc2b000 	C:\Windows\SYSTEM32\ntdll.dll
0x00007ffd1b970000 - 0x00007ffd1ba1e000 	C:\Windows\System32\KERNEL32.DLL
0x00007ffd18630000 - 0x00007ffd18879000 	C:\Windows\System32\KERNELBASE.dll
0x00007ffd1af30000 - 0x00007ffd1afd1000 	C:\Windows\System32\ADVAPI32.dll
0x00007ffd1ac80000 - 0x00007ffd1ad1d000 	C:\Windows\System32\msvcrt.dll
0x00007ffd1b520000 - 0x00007ffd1b579000 	C:\Windows\System32\sechost.dll
0x00007ffd1ab50000 - 0x00007ffd1ac75000 	C:\Windows\System32\RPCRT4.dll
0x00007ffd18f80000 - 0x00007ffd190ca000 	C:\Windows\System32\USER32.dll
0x00007ffd185c0000 - 0x00007ffd185de000 	C:\Windows\System32\win32u.dll
0x00007ffd190d0000 - 0x00007ffd190f7000 	C:\Windows\System32\GDI32.dll
0x00007ffd18050000 - 0x00007ffd181d7000 	C:\Windows\System32\gdi32full.dll
0x00007ffd17f40000 - 0x00007ffd17fda000 	C:\Windows\System32\msvcp_win.dll
0x00007ffd184c0000 - 0x00007ffd185b6000 	C:\Windows\System32\ucrtbase.dll
0x00007ffd094a0000 - 0x00007ffd09707000 	C:\Windows\WinSxS\amd64_microsoft.windows.common-controls_6595b64144ccf1df_6.0.15063.483_none_26002d27e7c744a2\COMCTL32.dll
0x00007ffd1b0e0000 - 0x00007ffd1b3d9000 	C:\Windows\System32\combase.dll
0x00007ffd17fe0000 - 0x00007ffd1804a000 	C:\Windows\System32\bcryptPrimitives.dll
0x00007ffd196e0000 - 0x00007ffd1970d000 	C:\Windows\System32\IMM32.DLL
0x000000006e970000 - 0x000000006ea42000 	F:\Program Files (x86)\Android\Android Studio\jre\jre\bin\msvcr100.dll
0x000000006efc0000 - 0x000000006f7fc000 	F:\Program Files (x86)\Android\Android Studio\jre\jre\bin\server\jvm.dll
0x00007ffd19100000 - 0x00007ffd19108000 	C:\Windows\System32\PSAPI.DLL
0x00007ffd123b0000 - 0x00007ffd123b9000 	C:\Windows\SYSTEM32\WSOCK32.dll
0x00007ffd103a0000 - 0x00007ffd103c3000 	C:\Windows\SYSTEM32\WINMM.dll
0x00007ffd13110000 - 0x00007ffd1311a000 	C:\Windows\SYSTEM32\VERSION.dll
0x00007ffd1b580000 - 0x00007ffd1b5ec000 	C:\Windows\System32\WS2_32.dll
0x00007ffd10370000 - 0x00007ffd1039b000 	C:\Windows\SYSTEM32\WINMMBASE.dll
0x00007ffd185e0000 - 0x00007ffd18629000 	C:\Windows\System32\cfgmgr32.dll
0x00007ffd10fe0000 - 0x00007ffd10fef000 	F:\Program Files (x86)\Android\Android Studio\jre\jre\bin\verify.dll
0x00007ffd10fb0000 - 0x00007ffd10fd9000 	F:\Program Files (x86)\Android\Android Studio\jre\jre\bin\java.dll
0x00007ffd0be00000 - 0x00007ffd0be16000 	F:\Program Files (x86)\Android\Android Studio\jre\jre\bin\zip.dll
0x00007ffd19710000 - 0x00007ffd1ab46000 	C:\Windows\System32\SHELL32.dll
0x00007ffd1b3f0000 - 0x00007ffd1b49a000 	C:\Windows\System32\shcore.dll
0x00007ffd18880000 - 0x00007ffd18f71000 	C:\Windows\System32\windows.storage.dll
0x00007ffd19110000 - 0x00007ffd19161000 	C:\Windows\System32\shlwapi.dll
0x00007ffd17eb0000 - 0x00007ffd17ec1000 	C:\Windows\System32\kernel.appcore.dll
0x00007ffd17ed0000 - 0x00007ffd17f1c000 	C:\Windows\System32\powrprof.dll
0x00007ffd17f20000 - 0x00007ffd17f35000 	C:\Windows\System32\profapi.dll

VM Arguments:
jvm_args: -Djava.awt.headless=true -Xmx4g -Dfile.encoding=windows-1252 -Duser.country=US -Duser.language=en -Duser.variant 
java_command: com.android.dx.command.Main --dex --force-jumbo --num-threads=4 --multi-dex --output F:\TIF\Semester 7\Mobile Programming\Lab\Event Finder v1.0\EventFinder\app\build\intermediates\transforms\dex\debug\folders\1000\2\jackson-core-2.2.2_c6bc3ab3bdf7f758fe0c70c401600e136a9b0855 F:\TIF\Semester 7\Mobile Programming\Lab\Event Finder v1.0\EventFinder\app\libs\jackson-core-2.2.2.jar
java_class_path (initial): F:\Android\sdk\build-tools\25.0.0\lib\dx.jar
Launcher Type: SUN_STANDARD

Environment Variables:
PATH=C:\ProgramData\Oracle\Java\javapath;C:\Program Files (x86)\Intel\iCLS Client\;C:\Program Files\Intel\iCLS Client\;C:\Windows\system32;C:\Windows;C:\Windows\System32\Wbem;C:\Windows\System32\WindowsPowerShell\v1.0\;C:\Program Files (x86)\Intel\Intel(R) Management Engine Components\DAL;C:\Program Files\Intel\Intel(R) Management Engine Components\DAL;C:\Program Files (x86)\Intel\Intel(R) Management Engine Components\IPT;C:\Program Files\Intel\Intel(R) Management Engine Components\IPT;C:\Program Files (x86)\NVIDIA Corporation\PhysX\Common;C:\Program Files\Java\jdk1.8.0_144\bin;C:\Program Files\Java\jdk1.8.0_144\lib;C:\TDM-GCC-64\bin;C:\Program Files (x86)\CodeBlocks\MinGW\bin;C:\Windows\system32;C:\Windows;C:\Windows\System32\Wbem;C:\Windows\System32\WindowsPowerShell\v1.0\;C:\HashiCorp\Vagrant\bin;C:\Program Files\Git\cmd;C:\Program Files\PuTTY\;C:\Users\legion Y520\AppData\Local\Programs\Python\Python35\Scripts\;C:\Users\legion Y520\AppData\Local\Programs\Python\Python35\;C:\Users\legion Y520\AppData\Local\Microsoft\WindowsApps;C:\TDM-GCC-64\bin;C:\Program Files (x86)\CodeBlocks\MinGW\bin;C:\Users\legion Y520\AppData\Local\GitHubDesktop\bin;C:\Users\legion Y520\AppData\Local\Microsoft\WindowsApps;C:\Program Files\aircrack-ng-1.2-rc4-win\bin\64bit;
USERNAME=Joseph
OS=Windows_NT
PROCESSOR_IDENTIFIER=Intel64 Family 6 Model 158 Stepping 9, GenuineIntel



---------------  S Y S T E M  ---------------

OS: Windows 10.0 , 64 bit Build 15063 (10.0.15063.296)

CPU:total 8 (4 cores per cpu, 2 threads per core) family 6 model 158 stepping 9, cmov, cx8, fxsr, mmx, sse, sse2, sse3, ssse3, sse4.1, sse4.2, popcnt, avx, avx2, aes, clmul, erms, 3dnowpref, lzcnt, ht, tsc, tscinvbit, bmi1, bmi2, adx

Memory: 4k page, physical 8260772k(931956k free), swap 12356772k(6928k free)

vm_info: OpenJDK 64-Bit Server VM (25.112-b06) for windows-amd64 JRE (1.8.0_112-release-b06), built on Dec  8 2016 00:54:26 by "builder" with MS VC++ 10.0 (VS2010)

time: Fri Oct 27 20:43:32 2017
elapsed time: 1 seconds (0d 0h 0m 1s)

