#
# There is insufficient memory for the Java Runtime Environment to continue.
# Native memory allocation (malloc) failed to allocate 349776 bytes for Chunk::new
# Possible reasons:
#   The system is out of physical RAM or swap space
#   In 32 bit mode, the process size limit was hit
# Possible solutions:
#   Reduce memory load on the system
#   Increase physical memory or swap space
#   Check if swap backing store is full
#   Use 64 bit Java on a 64 bit OS
#   Decrease Java heap size (-Xmx/-Xms)
#   Decrease number of Java threads
#   Decrease Java thread stack sizes (-Xss)
#   Set larger code cache with -XX:ReservedCodeCacheSize=
# This output file may be truncated or incomplete.
#
#  Out of Memory Error (allocation.cpp:390), pid=11364, tid=0x0000000000003ff4
#
# JRE version: OpenJDK Runtime Environment (8.0_152-b01) (build 1.8.0_152-release-915-b01)
# Java VM: OpenJDK 64-Bit Server VM (25.152-b01 mixed mode windows-amd64 compressed oops)
# Failed to write core dump. Minidumps are not enabled by default on client versions of Windows
#

---------------  T H R E A D  ---------------

Current thread (0x00000000201b2800):  JavaThread "C2 CompilerThread1" daemon [_thread_in_native, id=16372, stack(0x0000000020a70000,0x0000000020b70000)]

Stack: [0x0000000020a70000,0x0000000020b70000]
[error occurred during error reporting (printing stack bounds), id 0xc0000005]

Native frames: (J=compiled Java code, j=interpreted, Vv=VM code, C=native code)


Current CompileTask:
C2:   1317 1061   !   4       com.android.dx.cf.code.BytecodeArray::parseInstruction (2764 bytes)


---------------  P R O C E S S  ---------------

Java Threads: ( => current thread )
  0x000000002049e000 JavaThread "pool-2-thread-4" [_thread_blocked, id=18716, stack(0x0000000021370000,0x0000000021470000)]
  0x0000000020478800 JavaThread "pool-2-thread-3" [_thread_in_Java, id=3140, stack(0x0000000021270000,0x0000000021370000)]
  0x0000000020382000 JavaThread "pool-2-thread-2" [_thread_blocked, id=18792, stack(0x0000000021170000,0x0000000021270000)]
  0x000000002037e000 JavaThread "pool-3-thread-1" [_thread_blocked, id=19220, stack(0x0000000021070000,0x0000000021170000)]
  0x0000000020378800 JavaThread "pool-2-thread-1" [_thread_blocked, id=6388, stack(0x0000000020f70000,0x0000000021070000)]
  0x0000000020250000 JavaThread "Service Thread" daemon [_thread_blocked, id=6592, stack(0x0000000020d70000,0x0000000020e70000)]
  0x00000000201be000 JavaThread "C1 CompilerThread3" daemon [_thread_in_native, id=5224, stack(0x0000000020c70000,0x0000000020d70000)]
  0x00000000201b7800 JavaThread "C2 CompilerThread2" daemon [_thread_in_native, id=21876, stack(0x0000000020b70000,0x0000000020c70000)]
=>0x00000000201b2800 JavaThread "C2 CompilerThread1" daemon [_thread_in_native, id=16372, stack(0x0000000020a70000,0x0000000020b70000)]
  0x00000000201ae800 JavaThread "C2 CompilerThread0" daemon [_thread_in_native, id=10584, stack(0x0000000020970000,0x0000000020a70000)]
  0x00000000201ad000 JavaThread "Attach Listener" daemon [_thread_blocked, id=10108, stack(0x0000000020870000,0x0000000020970000)]
  0x00000000201ac000 JavaThread "Signal Dispatcher" daemon [_thread_blocked, id=204, stack(0x0000000020770000,0x0000000020870000)]
  0x0000000004789000 JavaThread "Finalizer" daemon [_thread_blocked, id=1740, stack(0x0000000020580000,0x0000000020680000)]
  0x000000001e2ab800 JavaThread "Reference Handler" daemon [_thread_blocked, id=17000, stack(0x0000000020080000,0x0000000020180000)]
  0x000000000468e000 JavaThread "main" [_thread_in_native, id=19688, stack(0x0000000004490000,0x0000000004590000)]

Other Threads:
  0x000000001e2a5000 VMThread [stack: 0x000000001ff80000,0x0000000020080000] [id=6176]
  0x0000000020251000 WatcherThread [stack: 0x0000000020e70000,0x0000000020f70000] [id=1448]

VM state:not at safepoint (normal execution)

VM Mutex/Monitor currently owned by a thread: None

Heap:
 PSYoungGen      total 38400K, used 25313K [0x000000076ab00000, 0x000000076d580000, 0x00000007c0000000)
  eden space 33280K, 76% used [0x000000076ab00000,0x000000076c3b8488,0x000000076cb80000)
  from space 5120K, 0% used [0x000000076d080000,0x000000076d080000,0x000000076d580000)
  to   space 5120K, 0% used [0x000000076cb80000,0x000000076cb80000,0x000000076d080000)
 ParOldGen       total 87552K, used 0K [0x00000006c0000000, 0x00000006c5580000, 0x000000076ab00000)
  object space 87552K, 0% used [0x00000006c0000000,0x00000006c0000000,0x00000006c5580000)
 Metaspace       used 5713K, capacity 6832K, committed 7040K, reserved 1056768K
  class space    used 564K, capacity 616K, committed 640K, reserved 1048576K

Card table byte_map: [0x0000000013b50000,0x0000000014360000] byte_map_base: 0x0000000010550000

Marking Bits: (ParMarkBitMap*) 0x00000000598c3950
 Begin Bits: [0x00000000150c0000, 0x00000000190c0000)
 End Bits:   [0x00000000190c0000, 0x000000001d0c0000)

Polling page: 0x00000000003f0000

CodeCache: size=245760Kb used=4440Kb max_used=4440Kb free=241319Kb
 bounds [0x0000000004790000, 0x0000000004bf0000, 0x0000000013790000]
 total_blobs=1376 nmethods=1116 adapters=174
 compilation: enabled

Compilation events (10 events):
Event: 1.122 Thread 0x00000000201be000 nmethod 1068 0x0000000004bc55d0 code [0x0000000004bc5740, 0x0000000004bc5a28]
Event: 1.122 Thread 0x00000000201be000 1069       3       java.util.HashMap$EntryIterator::next (5 bytes)
Event: 1.122 Thread 0x00000000201be000 nmethod 1069 0x0000000004bc51d0 code [0x0000000004bc5340, 0x0000000004bc5548]
Event: 1.123 Thread 0x00000000201be000 1070       3       com.android.dx.ssa.ConstCollector$2::<init> (20 bytes)
Event: 1.123 Thread 0x00000000201be000 nmethod 1070 0x0000000004bc4d10 code [0x0000000004bc4e80, 0x0000000004bc50d0]
Event: 1.123 Thread 0x00000000201be000 1071       3       com.android.dx.dex.code.RopTranslator$1::visitPlainCstInsn (64 bytes)
Event: 1.124 Thread 0x00000000201be000 nmethod 1071 0x0000000004bc8550 code [0x0000000004bc86e0, 0x0000000004bc8eb0]
Event: 1.124 Thread 0x00000000201be000 1072       3       com.android.dx.dex.code.RopTranslator$LocalVariableAwareTranslationVisitor::visitPlainCstInsn (11 bytes)
Event: 1.124 Thread 0x00000000201be000 nmethod 1072 0x0000000004bc9090 code [0x0000000004bc92a0, 0x0000000004bc9e18]
Event: 1.124 Thread 0x00000000201be000 1073       3       com.android.dx.dex.code.RopTranslator$TranslationVisitor::visitPlainCstInsn (161 bytes)

GC Heap History (0 events):
No events

Deoptimization events (3 events):
Event: 0.576 Thread 0x0000000020382000 Uncommon trap: reason=unstable_if action=reinterpret pc=0x0000000004994fd0 method=java.util.HashMap.getNode(ILjava/lang/Object;)Ljava/util/HashMap$Node; @ 129
Event: 0.925 Thread 0x0000000020378800 Uncommon trap: reason=unstable_if action=reinterpret pc=0x0000000004994974 method=java.util.BitSet.nextSetBit(I)I @ 87
Event: 0.928 Thread 0x0000000020378800 Uncommon trap: reason=unstable_if action=reinterpret pc=0x0000000004b387d0 method=com.android.dx.rop.code.RegisterSpec.withReg(I)Lcom/android/dx/rop/code/RegisterSpec; @ 5

Classes redefined (0 events):
No events

Internal exceptions (2 events):
Event: 0.075 Thread 0x000000000468e000 Exception <a 'java/lang/NoSuchMethodError': Method sun.misc.Unsafe.defineClass(Ljava/lang/String;[BII)Ljava/lang/Class; name or signature does not match> (0x000000076ab07ca8) thrown at [D:\src\AOSP-openjdk-cygwin\jdk8u\hotspot\src\share\vm\prims\jni.cpp, 
Event: 0.075 Thread 0x000000000468e000 Exception <a 'java/lang/NoSuchMethodError': Method sun.misc.Unsafe.prefetchRead(Ljava/lang/Object;J)V name or signature does not match> (0x000000076ab07f90) thrown at [D:\src\AOSP-openjdk-cygwin\jdk8u\hotspot\src\share\vm\prims\jni.cpp, line 4011]

Events (10 events):
Event: 0.921 loading class com/android/dx/cf/code/BytecodeArray$ConstantParserVisitor
Event: 0.921 loading class com/android/dx/cf/code/BytecodeArray$ConstantParserVisitor done
Event: 0.925 Thread 0x0000000020378800 Uncommon trap: trap_request=0xffffff65 fr.pc=0x0000000004994974
Event: 0.925 Thread 0x0000000020378800 DEOPT PACKING pc=0x0000000004994974 sp=0x000000002106e7f0
Event: 0.925 Thread 0x0000000020378800 DEOPT UNPACKING pc=0x00000000047d556a sp=0x000000002106e788 mode 2
Event: 0.928 Thread 0x0000000020378800 Uncommon trap: trap_request=0xffffff65 fr.pc=0x0000000004b387d0
Event: 0.928 Thread 0x0000000020378800 DEOPT PACKING pc=0x0000000004b387d0 sp=0x000000002106e670
Event: 0.928 Thread 0x0000000020378800 DEOPT UNPACKING pc=0x00000000047d556a sp=0x000000002106e5a0 mode 2
Event: 1.071 Executing VM operation: ForceSafepoint
Event: 1.072 Executing VM operation: ForceSafepoint done


Dynamic libraries:
0x00007ff78c920000 - 0x00007ff78c951000 	F:\Program Files (x86)\Android\Android Studio\jre\bin\java.exe
0x00007ffa2a760000 - 0x00007ffa2a940000 	C:\WINDOWS\SYSTEM32\ntdll.dll
0x00007ffa283a0000 - 0x00007ffa2844e000 	C:\WINDOWS\System32\KERNEL32.DLL
0x00007ffa27500000 - 0x00007ffa27766000 	C:\WINDOWS\System32\KERNELBASE.dll
0x00007ffa27ed0000 - 0x00007ffa27f71000 	C:\WINDOWS\System32\ADVAPI32.dll
0x00007ffa28260000 - 0x00007ffa282fd000 	C:\WINDOWS\System32\msvcrt.dll
0x00007ffa2a5f0000 - 0x00007ffa2a64b000 	C:\WINDOWS\System32\sechost.dll
0x00007ffa27f80000 - 0x00007ffa2809f000 	C:\WINDOWS\System32\RPCRT4.dll
0x00007ffa280a0000 - 0x00007ffa2822f000 	C:\WINDOWS\System32\USER32.dll
0x00007ffa27b80000 - 0x00007ffa27ba0000 	C:\WINDOWS\System32\win32u.dll
0x00007ffa2a650000 - 0x00007ffa2a678000 	C:\WINDOWS\System32\GDI32.dll
0x00007ffa279e0000 - 0x00007ffa27b74000 	C:\WINDOWS\System32\gdi32full.dll
0x00007ffa27940000 - 0x00007ffa279db000 	C:\WINDOWS\System32\msvcp_win.dll
0x00007ffa27770000 - 0x00007ffa27866000 	C:\WINDOWS\System32\ucrtbase.dll
0x00007ffa18e70000 - 0x00007ffa190d9000 	C:\WINDOWS\WinSxS\amd64_microsoft.windows.common-controls_6595b64144ccf1df_6.0.16299.64_none_cc9304e22215ca8f\COMCTL32.dll
0x00007ffa28c80000 - 0x00007ffa28f88000 	C:\WINDOWS\System32\combase.dll
0x00007ffa27870000 - 0x00007ffa278e2000 	C:\WINDOWS\System32\bcryptPrimitives.dll
0x00007ffa28230000 - 0x00007ffa2825d000 	C:\WINDOWS\System32\IMM32.DLL
0x0000000058f40000 - 0x0000000059012000 	F:\Program Files (x86)\Android\Android Studio\jre\jre\bin\msvcr100.dll
0x0000000059100000 - 0x000000005993e000 	F:\Program Files (x86)\Android\Android Studio\jre\jre\bin\server\jvm.dll
0x00007ffa2a5e0000 - 0x00007ffa2a5e8000 	C:\WINDOWS\System32\PSAPI.DLL
0x00007ffa234d0000 - 0x00007ffa234d9000 	C:\WINDOWS\SYSTEM32\WSOCK32.dll
0x00007ffa19330000 - 0x00007ffa19353000 	C:\WINDOWS\SYSTEM32\WINMM.dll
0x00007ffa18e00000 - 0x00007ffa18e2a000 	C:\WINDOWS\SYSTEM32\WINMMBASE.dll
0x00007ffa202a0000 - 0x00007ffa202aa000 	C:\WINDOWS\SYSTEM32\VERSION.dll
0x00007ffa278f0000 - 0x00007ffa2793a000 	C:\WINDOWS\System32\cfgmgr32.dll
0x00007ffa28c10000 - 0x00007ffa28c7c000 	C:\WINDOWS\System32\WS2_32.dll
0x00007ffa17710000 - 0x00007ffa1771f000 	F:\Program Files (x86)\Android\Android Studio\jre\jre\bin\verify.dll
0x00007ff9f43b0000 - 0x00007ff9f43d9000 	F:\Program Files (x86)\Android\Android Studio\jre\jre\bin\java.dll
0x00007ffa17540000 - 0x00007ffa17556000 	F:\Program Files (x86)\Android\Android Studio\jre\jre\bin\zip.dll
0x00007ffa29130000 - 0x00007ffa2a567000 	C:\WINDOWS\System32\SHELL32.dll
0x00007ffa27e20000 - 0x00007ffa27ec6000 	C:\WINDOWS\System32\shcore.dll
0x00007ffa26db0000 - 0x00007ffa274f7000 	C:\WINDOWS\System32\windows.storage.dll
0x00007ffa2a580000 - 0x00007ffa2a5d1000 	C:\WINDOWS\System32\shlwapi.dll
0x00007ffa26af0000 - 0x00007ffa26b01000 	C:\WINDOWS\System32\kernel.appcore.dll
0x00007ffa26a80000 - 0x00007ffa26acc000 	C:\WINDOWS\System32\powrprof.dll
0x00007ffa26ad0000 - 0x00007ffa26aeb000 	C:\WINDOWS\System32\profapi.dll

VM Arguments:
jvm_args: -Djava.awt.headless=true -Xmx4g -Dfile.encoding=windows-1252 -Duser.country=US -Duser.language=en -Duser.variant 
java_command: com.android.dx.command.Main --dex --force-jumbo --num-threads=4 --multi-dex --output F:\TIF\Semester 7\Mobile Programming\Lab\WhatsCamp\WhatsCamp\app\build\intermediates\transforms\dex\debug\folders\1000\5\slice_2 F:\TIF\Semester 7\Mobile Programming\Lab\WhatsCamp\WhatsCamp\app\build\intermediates\transforms\instantRunSlicer\debug\folders\1\5\slice_2
java_class_path (initial): F:\Android\sdk\build-tools\25.0.0\lib\dx.jar
Launcher Type: SUN_STANDARD

Environment Variables:
PATH=C:\ProgramData\Oracle\Java\javapath;C:\Program Files (x86)\Intel\iCLS Client\;C:\Program Files\Intel\iCLS Client\;C:\Windows\system32;C:\Windows;C:\Windows\System32\Wbem;C:\Windows\System32\WindowsPowerShell\v1.0\;C:\Program Files (x86)\Intel\Intel(R) Management Engine Components\DAL;C:\Program Files\Intel\Intel(R) Management Engine Components\DAL;C:\Program Files (x86)\Intel\Intel(R) Management Engine Components\IPT;C:\Program Files\Intel\Intel(R) Management Engine Components\IPT;C:\Program Files (x86)\NVIDIA Corporation\PhysX\Common;C:\Program Files\Java\jdk1.8.0_144\bin;C:\Program Files\Java\jdk1.8.0_144\lib;C:\TDM-GCC-64\bin;C:\Program Files (x86)\CodeBlocks\MinGW\bin;C:\WINDOWS\system32;C:\WINDOWS;C:\WINDOWS\System32\Wbem;C:\WINDOWS\System32\WindowsPowerShell\v1.0\;C:\HashiCorp\Vagrant\bin;C:\Program Files\Git\cmd;C:\Program Files\PuTTY\;C:\Program Files\IBM\Bluemix\bin;C:\Program Files\Cloud Foundry;C:\Users\legion Y520\AppData\Local\Programs\Python\Python35\Scripts\;C:\Users\legion Y520\AppData\Local\Programs\Python\Python35\;C:\Users\legion Y520\AppData\Local\Microsoft\WindowsApps;C:\TDM-GCC-64\bin;C:\Program Files (x86)\CodeBlocks\MinGW\bin;C:\Users\legion Y520\AppData\Local\GitHubDesktop\bin;C:\Users\legion Y520\AppData\Local\Microsoft\WindowsApps;C:\Program Files\aircrack-ng-1.2-rc4-win\bin\64bit;
USERNAME=Joseph
OS=Windows_NT
PROCESSOR_IDENTIFIER=Intel64 Family 6 Model 158 Stepping 9, GenuineIntel



---------------  S Y S T E M  ---------------

OS: Windows 10.0 , 64 bit Build 16299 (10.0.16299.15)

CPU:total 8 (initial active 8) (4 cores per cpu, 2 threads per core) family 6 model 158 stepping 9, cmov, cx8, fxsr, mmx, sse, sse2, sse3, ssse3, sse4.1, sse4.2, popcnt, avx, avx2, aes, clmul, erms, 3dnowpref, lzcnt, ht, tsc, tscinvbit, bmi1, bmi2, adx

Memory: 4k page, physical 8260772k(753232k free), swap 12356772k(1452k free)

vm_info: OpenJDK 64-Bit Server VM (25.152-b01) for windows-amd64 JRE (1.8.0_152-release-915-b01), built by "builder" with MS VC++ 10.0 (VS2010)

time: Thu Nov 16 18:16:14 2017
elapsed time: 1 seconds (0d 0h 0m 1s)

