#
# There is insufficient memory for the Java Runtime Environment to continue.
# Native memory allocation (malloc) failed to allocate 979536 bytes for Chunk::new
# Possible reasons:
#   The system is out of physical RAM or swap space
#   In 32 bit mode, the process size limit was hit
# Possible solutions:
#   Reduce memory load on the system
#   Increase physical memory or swap space
#   Check if swap backing store is full
#   Use 64 bit Java on a 64 bit OS
#   Decrease Java heap size (-Xmx/-Xms)
#   Decrease number of Java threads
#   Decrease Java thread stack sizes (-Xss)
#   Set larger code cache with -XX:ReservedCodeCacheSize=
# This output file may be truncated or incomplete.
#
#  Out of Memory Error (allocation.cpp:390), pid=24880, tid=0x0000000000003638
#
# JRE version: OpenJDK Runtime Environment (8.0_152-b01) (build 1.8.0_152-release-915-b01)
# Java VM: OpenJDK 64-Bit Server VM (25.152-b01 mixed mode windows-amd64 compressed oops)
# Failed to write core dump. Minidumps are not enabled by default on client versions of Windows
#

---------------  T H R E A D  ---------------

Current thread (0x000000001ffe1800):  JavaThread "C2 CompilerThread1" daemon [_thread_in_native, id=13880, stack(0x00000000208a0000,0x00000000209a0000)]

Stack: [0x00000000208a0000,0x00000000209a0000]
[error occurred during error reporting (printing stack bounds), id 0xc0000005]

Native frames: (J=compiled Java code, j=interpreted, Vv=VM code, C=native code)


Current CompileTask:
C2:   2785 1686   !   4       com.android.dx.cf.cst.ConstantPoolParser::parse0 (731 bytes)


---------------  P R O C E S S  ---------------

Java Threads: ( => current thread )
  0x0000000020dad800 JavaThread "pool-1-thread-1" [_thread_in_Java, id=16864, stack(0x0000000023a40000,0x0000000023b40000)]
  0x0000000020016800 JavaThread "Service Thread" daemon [_thread_blocked, id=19020, stack(0x0000000020ba0000,0x0000000020ca0000)]
  0x000000001ffea800 JavaThread "C1 CompilerThread3" daemon [_thread_in_native, id=16816, stack(0x0000000020aa0000,0x0000000020ba0000)]
  0x000000001ffe3800 JavaThread "C2 CompilerThread2" daemon [_thread_in_native, id=26660, stack(0x00000000209a0000,0x0000000020aa0000)]
=>0x000000001ffe1800 JavaThread "C2 CompilerThread1" daemon [_thread_in_native, id=13880, stack(0x00000000208a0000,0x00000000209a0000)]
  0x000000001ffda000 JavaThread "C2 CompilerThread0" daemon [_thread_in_native, id=15400, stack(0x00000000207a0000,0x00000000208a0000)]
  0x000000001ffd8800 JavaThread "Attach Listener" daemon [_thread_blocked, id=24904, stack(0x00000000206a0000,0x00000000207a0000)]
  0x000000001ffd7800 JavaThread "Signal Dispatcher" daemon [_thread_blocked, id=25764, stack(0x00000000205a0000,0x00000000206a0000)]
  0x000000001ffd1800 JavaThread "Finalizer" daemon [_thread_blocked, id=20284, stack(0x00000000203b0000,0x00000000204b0000)]
  0x000000001e0db800 JavaThread "Reference Handler" daemon [_thread_blocked, id=8264, stack(0x000000001feb0000,0x000000001ffb0000)]
  0x0000000002a5e000 JavaThread "main" [_thread_blocked, id=18144, stack(0x00000000043c0000,0x00000000044c0000)]

Other Threads:
  0x000000001e0d4800 VMThread [stack: 0x000000001fdb0000,0x000000001feb0000] [id=4420]
  0x0000000020019800 WatcherThread [stack: 0x0000000020ca0000,0x0000000020da0000] [id=24340]

VM state:not at safepoint (normal execution)

VM Mutex/Monitor currently owned by a thread: None

Heap:
 PSYoungGen      total 71680K, used 23665K [0x000000076ab00000, 0x000000076f600000, 0x00000007c0000000)
  eden space 66560K, 27% used [0x000000076ab00000,0x000000076bd1e670,0x000000076ec00000)
  from space 5120K, 99% used [0x000000076ec00000,0x000000076f0fdf80,0x000000076f100000)
  to   space 5120K, 0% used [0x000000076f100000,0x000000076f100000,0x000000076f600000)
 ParOldGen       total 87552K, used 43717K [0x00000006c0000000, 0x00000006c5580000, 0x000000076ab00000)
  object space 87552K, 49% used [0x00000006c0000000,0x00000006c2ab1488,0x00000006c5580000)
 Metaspace       used 6773K, capacity 7474K, committed 7552K, reserved 1056768K
  class space    used 608K, capacity 618K, committed 640K, reserved 1048576K

Card table byte_map: [0x0000000013980000,0x0000000014190000] byte_map_base: 0x0000000010380000

Marking Bits: (ParMarkBitMap*) 0x000000005a0d3950
 Begin Bits: [0x0000000014ef0000, 0x0000000018ef0000)
 End Bits:   [0x0000000018ef0000, 0x000000001cef0000)

Polling page: 0x0000000002a60000

CodeCache: size=245760Kb used=9508Kb max_used=9513Kb free=236251Kb
 bounds [0x00000000045c0000, 0x0000000004f20000, 0x00000000135c0000]
 total_blobs=2687 nmethods=2417 adapters=183
 compilation: enabled

Compilation events (10 events):
Event: 2.776 Thread 0x000000001ffea800 2442       1       com.android.dx.dex.file.DebugInfoItem::itemType (4 bytes)
Event: 2.776 Thread 0x000000001ffea800 nmethod 2442 0x0000000004f02fd0 code [0x0000000004f03120, 0x0000000004f03230]
Event: 2.776 Thread 0x000000001ffea800 2443       3       com.android.dx.dex.file.AnnotationItem::itemType (4 bytes)
Event: 2.776 Thread 0x000000001ffea800 nmethod 2443 0x0000000004f02c90 code [0x0000000004f02de0, 0x0000000004f02f30]
Event: 2.778 Thread 0x000000001ffe3800 nmethod 2419 0x0000000004ef6bd0 code [0x0000000004ef6d60, 0x0000000004ef7658]
Event: 2.778 Thread 0x000000001ffe3800 2422       4       com.android.dx.rop.code.RegisterSpecSet::findMatchingLocal (49 bytes)
Event: 2.779 Thread 0x000000001ffea800 2445       1       com.android.dx.dex.code.PositionList$Entry::getAddress (5 bytes)
Event: 2.779 Thread 0x000000001ffea800 nmethod 2445 0x0000000004f029d0 code [0x0000000004f02b20, 0x0000000004f02c30]
Event: 2.779 Thread 0x000000001ffea800 2446       3       com.android.dx.dex.code.LocalList$Entry::getRegister (8 bytes)
Event: 2.779 Thread 0x000000001ffea800 nmethod 2446 0x0000000004ef67d0 code [0x0000000004ef6920, 0x0000000004ef6b10]

GC Heap History (10 events):
Event: 1.297 GC heap before
{Heap before GC invocations=3 (full 0):
 PSYoungGen      total 38400K, used 38394K [0x000000076ab00000, 0x000000076f600000, 0x00000007c0000000)
  eden space 33280K, 100% used [0x000000076ab00000,0x000000076cb80000,0x000000076cb80000)
  from space 5120K, 99% used [0x000000076d080000,0x000000076d57eac8,0x000000076d580000)
  to   space 5120K, 0% used [0x000000076cb80000,0x000000076cb80000,0x000000076d080000)
 ParOldGen       total 87552K, used 4992K [0x00000006c0000000, 0x00000006c5580000, 0x000000076ab00000)
  object space 87552K, 5% used [0x00000006c0000000,0x00000006c04e0370,0x00000006c5580000)
 Metaspace       used 6286K, capacity 7088K, committed 7296K, reserved 1056768K
  class space    used 587K, capacity 616K, committed 640K, reserved 1048576K
Event: 1.312 GC heap after
Heap after GC invocations=3 (full 0):
 PSYoungGen      total 38400K, used 5114K [0x000000076ab00000, 0x000000076f600000, 0x00000007c0000000)
  eden space 33280K, 0% used [0x000000076ab00000,0x000000076ab00000,0x000000076cb80000)
  from space 5120K, 99% used [0x000000076cb80000,0x000000076d07eac8,0x000000076d080000)
  to   space 5120K, 0% used [0x000000076f100000,0x000000076f100000,0x000000076f600000)
 ParOldGen       total 87552K, used 10378K [0x00000006c0000000, 0x00000006c5580000, 0x000000076ab00000)
  object space 87552K, 11% used [0x00000006c0000000,0x00000006c0a22a08,0x00000006c5580000)
 Metaspace       used 6286K, capacity 7088K, committed 7296K, reserved 1056768K
  class space    used 587K, capacity 616K, committed 640K, reserved 1048576K
}
Event: 1.409 GC heap before
{Heap before GC invocations=4 (full 0):
 PSYoungGen      total 38400K, used 38394K [0x000000076ab00000, 0x000000076f600000, 0x00000007c0000000)
  eden space 33280K, 100% used [0x000000076ab00000,0x000000076cb80000,0x000000076cb80000)
  from space 5120K, 99% used [0x000000076cb80000,0x000000076d07eac8,0x000000076d080000)
  to   space 5120K, 0% used [0x000000076f100000,0x000000076f100000,0x000000076f600000)
 ParOldGen       total 87552K, used 10378K [0x00000006c0000000, 0x00000006c5580000, 0x000000076ab00000)
  object space 87552K, 11% used [0x00000006c0000000,0x00000006c0a22a08,0x00000006c5580000)
 Metaspace       used 6328K, capacity 7088K, committed 7296K, reserved 1056768K
  class space    used 587K, capacity 616K, committed 640K, reserved 1048576K
Event: 1.427 GC heap after
Heap after GC invocations=4 (full 0):
 PSYoungGen      total 71680K, used 5088K [0x000000076ab00000, 0x000000076f600000, 0x00000007c0000000)
  eden space 66560K, 0% used [0x000000076ab00000,0x000000076ab00000,0x000000076ec00000)
  from space 5120K, 99% used [0x000000076f100000,0x000000076f5f8028,0x000000076f600000)
  to   space 5120K, 0% used [0x000000076ec00000,0x000000076ec00000,0x000000076f100000)
 ParOldGen       total 87552K, used 16050K [0x00000006c0000000, 0x00000006c5580000, 0x000000076ab00000)
  object space 87552K, 18% used [0x00000006c0000000,0x00000006c0faca68,0x00000006c5580000)
 Metaspace       used 6328K, capacity 7088K, committed 7296K, reserved 1056768K
  class space    used 587K, capacity 616K, committed 640K, reserved 1048576K
}
Event: 1.580 GC heap before
{Heap before GC invocations=5 (full 0):
 PSYoungGen      total 71680K, used 71648K [0x000000076ab00000, 0x000000076f600000, 0x00000007c0000000)
  eden space 66560K, 100% used [0x000000076ab00000,0x000000076ec00000,0x000000076ec00000)
  from space 5120K, 99% used [0x000000076f100000,0x000000076f5f8028,0x000000076f600000)
  to   space 5120K, 0% used [0x000000076ec00000,0x000000076ec00000,0x000000076f100000)
 ParOldGen       total 87552K, used 16050K [0x00000006c0000000, 0x00000006c5580000, 0x000000076ab00000)
  object space 87552K, 18% used [0x00000006c0000000,0x00000006c0faca68,0x00000006c5580000)
 Metaspace       used 6359K, capacity 7152K, committed 7296K, reserved 1056768K
  class space    used 587K, capacity 616K, committed 640K, reserved 1048576K
Event: 1.602 GC heap after
Heap after GC invocations=5 (full 0):
 PSYoungGen      total 71680K, used 5105K [0x000000076ab00000, 0x000000076f600000, 0x00000007c0000000)
  eden space 66560K, 0% used [0x000000076ab00000,0x000000076ab00000,0x000000076ec00000)
  from space 5120K, 99% used [0x000000076ec00000,0x000000076f0fc6c0,0x000000076f100000)
  to   space 5120K, 0% used [0x000000076f100000,0x000000076f100000,0x000000076f600000)
 ParOldGen       total 87552K, used 26242K [0x00000006c0000000, 0x00000006c5580000, 0x000000076ab00000)
  object space 87552K, 29% used [0x00000006c0000000,0x00000006c19a0850,0x00000006c5580000)
 Metaspace       used 6359K, capacity 7152K, committed 7296K, reserved 1056768K
  class space    used 587K, capacity 616K, committed 640K, reserved 1048576K
}
Event: 1.779 GC heap before
{Heap before GC invocations=6 (full 0):
 PSYoungGen      total 71680K, used 71665K [0x000000076ab00000, 0x000000076f600000, 0x00000007c0000000)
  eden space 66560K, 100% used [0x000000076ab00000,0x000000076ec00000,0x000000076ec00000)
  from space 5120K, 99% used [0x000000076ec00000,0x000000076f0fc6c0,0x000000076f100000)
  to   space 5120K, 0% used [0x000000076f100000,0x000000076f100000,0x000000076f600000)
 ParOldGen       total 87552K, used 26242K [0x00000006c0000000, 0x00000006c5580000, 0x000000076ab00000)
  object space 87552K, 29% used [0x00000006c0000000,0x00000006c19a0850,0x00000006c5580000)
 Metaspace       used 6366K, capacity 7152K, committed 7296K, reserved 1056768K
  class space    used 587K, capacity 616K, committed 640K, reserved 1048576K
Event: 1.866 GC heap after
Heap after GC invocations=6 (full 0):
 PSYoungGen      total 71680K, used 5115K [0x000000076ab00000, 0x000000076f600000, 0x00000007c0000000)
  eden space 66560K, 0% used [0x000000076ab00000,0x000000076ab00000,0x000000076ec00000)
  from space 5120K, 99% used [0x000000076f100000,0x000000076f5fefe8,0x000000076f600000)
  to   space 5120K, 0% used [0x000000076ec00000,0x000000076ec00000,0x000000076f100000)
 ParOldGen       total 87552K, used 34920K [0x00000006c0000000, 0x00000006c5580000, 0x000000076ab00000)
  object space 87552K, 39% used [0x00000006c0000000,0x00000006c221a028,0x00000006c5580000)
 Metaspace       used 6366K, capacity 7152K, committed 7296K, reserved 1056768K
  class space    used 587K, capacity 616K, committed 640K, reserved 1048576K
}
Event: 2.088 GC heap before
{Heap before GC invocations=7 (full 0):
 PSYoungGen      total 71680K, used 71675K [0x000000076ab00000, 0x000000076f600000, 0x00000007c0000000)
  eden space 66560K, 100% used [0x000000076ab00000,0x000000076ec00000,0x000000076ec00000)
  from space 5120K, 99% used [0x000000076f100000,0x000000076f5fefe8,0x000000076f600000)
  to   space 5120K, 0% used [0x000000076ec00000,0x000000076ec00000,0x000000076f100000)
 ParOldGen       total 87552K, used 34920K [0x00000006c0000000, 0x00000006c5580000, 0x000000076ab00000)
  object space 87552K, 39% used [0x00000006c0000000,0x00000006c221a028,0x00000006c5580000)
 Metaspace       used 6414K, capacity 7152K, committed 7296K, reserved 1056768K
  class space    used 589K, capacity 616K, committed 640K, reserved 1048576K
Event: 2.107 GC heap after
Heap after GC invocations=7 (full 0):
 PSYoungGen      total 71680K, used 5111K [0x000000076ab00000, 0x000000076f600000, 0x00000007c0000000)
  eden space 66560K, 0% used [0x000000076ab00000,0x000000076ab00000,0x000000076ec00000)
  from space 5120K, 99% used [0x000000076ec00000,0x000000076f0fdf80,0x000000076f100000)
  to   space 5120K, 0% used [0x000000076f100000,0x000000076f100000,0x000000076f600000)
 ParOldGen       total 87552K, used 43717K [0x00000006c0000000, 0x00000006c5580000, 0x000000076ab00000)
  object space 87552K, 49% used [0x00000006c0000000,0x00000006c2ab1488,0x00000006c5580000)
 Metaspace       used 6414K, capacity 7152K, committed 7296K, reserved 1056768K
  class space    used 589K, capacity 616K, committed 640K, reserved 1048576K
}

Deoptimization events (10 events):
Event: 2.345 Thread 0x0000000020dad800 Uncommon trap: reason=speculate_class_check action=maybe_recompile pc=0x0000000004904efc method=com.android.dx.util.FixedSizeList.equals(Ljava/lang/Object;)Z @ 25
Event: 2.345 Thread 0x0000000020dad800 Uncommon trap: reason=unstable_if action=reinterpret pc=0x0000000004903b74 method=java.util.Arrays.equals([Ljava/lang/Object;[Ljava/lang/Object;)Z @ 23
Event: 2.347 Thread 0x0000000020dad800 Uncommon trap: reason=speculate_class_check action=maybe_recompile pc=0x0000000004904efc method=com.android.dx.util.FixedSizeList.equals(Ljava/lang/Object;)Z @ 25
Event: 2.464 Thread 0x0000000020dad800 Uncommon trap: reason=unstable_if action=reinterpret pc=0x0000000004e4bc88 method=com.android.dx.dex.code.LocalList$MakeState.filterSpec(Lcom/android/dx/rop/code/RegisterSpec;)Lcom/android/dx/rop/code/RegisterSpec; @ 11
Event: 2.581 Thread 0x0000000020dad800 Uncommon trap: reason=unstable_if action=reinterpret pc=0x0000000004e7e234 method=com.android.dx.rop.code.RegisterSpec.matchesVariable(Lcom/android/dx/rop/code/RegisterSpec;)Z @ 59
Event: 2.611 Thread 0x0000000020dad800 Uncommon trap: reason=unstable_if action=reinterpret pc=0x0000000004ebba04 method=com.android.dx.rop.code.RegisterSpec.equalsUsingSimpleType(Lcom/android/dx/rop/code/RegisterSpec;)Z @ 5
Event: 2.659 Thread 0x0000000020dad800 Uncommon trap: reason=bimorphic action=maybe_recompile pc=0x0000000004ec5b00 method=com.android.dx.dex.code.DalvInsn.getLowRegVersion()Lcom/android/dx/dex/code/DalvInsn; @ 16
Event: 2.737 Thread 0x0000000020dad800 Uncommon trap: reason=bimorphic action=maybe_recompile pc=0x0000000004ec5b00 method=com.android.dx.dex.code.DalvInsn.getLowRegVersion()Lcom/android/dx/dex/code/DalvInsn; @ 16
Event: 2.737 Thread 0x0000000020dad800 Uncommon trap: reason=bimorphic action=maybe_recompile pc=0x0000000004ec5b00 method=com.android.dx.dex.code.DalvInsn.getLowRegVersion()Lcom/android/dx/dex/code/DalvInsn; @ 16
Event: 2.744 Thread 0x0000000020dad800 Uncommon trap: reason=bimorphic action=maybe_recompile pc=0x0000000004ec5b00 method=com.android.dx.dex.code.DalvInsn.getLowRegVersion()Lcom/android/dx/dex/code/DalvInsn; @ 16

Classes redefined (0 events):
No events

Internal exceptions (3 events):
Event: 0.072 Thread 0x0000000002a5e000 Exception <a 'java/lang/NoSuchMethodError': Method sun.misc.Unsafe.defineClass(Ljava/lang/String;[BII)Ljava/lang/Class; name or signature does not match> (0x000000076ab07ca8) thrown at [D:\src\AOSP-openjdk-cygwin\jdk8u\hotspot\src\share\vm\prims\jni.cpp, 
Event: 0.072 Thread 0x0000000002a5e000 Exception <a 'java/lang/NoSuchMethodError': Method sun.misc.Unsafe.prefetchRead(Ljava/lang/Object;J)V name or signature does not match> (0x000000076ab07f90) thrown at [D:\src\AOSP-openjdk-cygwin\jdk8u\hotspot\src\share\vm\prims\jni.cpp, line 4011]
Event: 2.611 Thread 0x0000000020dad800 Implicit null exception at 0x0000000004ebb383 to 0x0000000004ebb9b9

Events (10 events):
Event: 2.770 Thread 0x0000000020dad800 DEOPT PACKING pc=0x0000000004e18326 sp=0x0000000023b3ebc0
Event: 2.770 Thread 0x0000000020dad800 DEOPT UNPACKING pc=0x00000000046075bf sp=0x0000000023b3e988 mode 0
Event: 2.771 Thread 0x0000000020dad800 DEOPT PACKING pc=0x0000000004e21a69 sp=0x0000000023b3ec60
Event: 2.771 Thread 0x0000000020dad800 DEOPT UNPACKING pc=0x00000000046075bf sp=0x0000000023b3e9b0 mode 0
Event: 2.776 loading class com/android/dx/dex/file/DebugInfoEncoder
Event: 2.776 loading class com/android/dx/dex/file/DebugInfoEncoder done
Event: 2.778 loading class com/android/dx/dex/file/DebugInfoEncoder$1
Event: 2.778 loading class com/android/dx/dex/file/DebugInfoEncoder$1 done
Event: 2.778 loading class com/android/dx/dex/file/DebugInfoEncoder$2
Event: 2.778 loading class com/android/dx/dex/file/DebugInfoEncoder$2 done


Dynamic libraries:
0x00007ff7d8c00000 - 0x00007ff7d8c31000 	F:\Program Files (x86)\Android\Android Studio\jre\bin\java.exe
0x00007ffda4740000 - 0x00007ffda4920000 	C:\WINDOWS\SYSTEM32\ntdll.dll
0x00007ffda40a0000 - 0x00007ffda414e000 	C:\WINDOWS\System32\KERNEL32.DLL
0x00007ffda1870000 - 0x00007ffda1ad6000 	C:\WINDOWS\System32\KERNELBASE.dll
0x00007ffda4500000 - 0x00007ffda45a1000 	C:\WINDOWS\System32\ADVAPI32.dll
0x00007ffda4150000 - 0x00007ffda41ed000 	C:\WINDOWS\System32\msvcrt.dll
0x00007ffda1e30000 - 0x00007ffda1e8b000 	C:\WINDOWS\System32\sechost.dll
0x00007ffda45b0000 - 0x00007ffda46cf000 	C:\WINDOWS\System32\RPCRT4.dll
0x00007ffda3590000 - 0x00007ffda371e000 	C:\WINDOWS\System32\USER32.dll
0x00007ffda17b0000 - 0x00007ffda17d0000 	C:\WINDOWS\System32\win32u.dll
0x00007ffda3b10000 - 0x00007ffda3b38000 	C:\WINDOWS\System32\GDI32.dll
0x00007ffda0bf0000 - 0x00007ffda0d84000 	C:\WINDOWS\System32\gdi32full.dll
0x00007ffda17d0000 - 0x00007ffda186b000 	C:\WINDOWS\System32\msvcp_win.dll
0x00007ffda1ae0000 - 0x00007ffda1bd6000 	C:\WINDOWS\System32\ucrtbase.dll
0x00007ffd924d0000 - 0x00007ffd92739000 	C:\WINDOWS\WinSxS\amd64_microsoft.windows.common-controls_6595b64144ccf1df_6.0.16299.19_none_cc92fab02215da61\COMCTL32.dll
0x00007ffda41f0000 - 0x00007ffda44f8000 	C:\WINDOWS\System32\combase.dll
0x00007ffda0b10000 - 0x00007ffda0b82000 	C:\WINDOWS\System32\bcryptPrimitives.dll
0x00007ffda1e90000 - 0x00007ffda1ebd000 	C:\WINDOWS\System32\IMM32.DLL
0x000000005a920000 - 0x000000005a9f2000 	F:\Program Files (x86)\Android\Android Studio\jre\jre\bin\msvcr100.dll
0x0000000059910000 - 0x000000005a14e000 	F:\Program Files (x86)\Android\Android Studio\jre\jre\bin\server\jvm.dll
0x00007ffda3480000 - 0x00007ffda3488000 	C:\WINDOWS\System32\PSAPI.DLL
0x00007ffd9c850000 - 0x00007ffd9c859000 	C:\WINDOWS\SYSTEM32\WSOCK32.dll
0x00007ffda3300000 - 0x00007ffda336c000 	C:\WINDOWS\System32\WS2_32.dll
0x00007ffd91180000 - 0x00007ffd911a3000 	C:\WINDOWS\SYSTEM32\WINMM.dll
0x00007ffd9b6e0000 - 0x00007ffd9b6ea000 	C:\WINDOWS\SYSTEM32\VERSION.dll
0x00007ffd91370000 - 0x00007ffd9139a000 	C:\WINDOWS\SYSTEM32\WINMMBASE.dll
0x00007ffda0d90000 - 0x00007ffda0dda000 	C:\WINDOWS\System32\cfgmgr32.dll
0x00007ffd9c840000 - 0x00007ffd9c84f000 	F:\Program Files (x86)\Android\Android Studio\jre\jre\bin\verify.dll
0x00007ffd8af10000 - 0x00007ffd8af39000 	F:\Program Files (x86)\Android\Android Studio\jre\jre\bin\java.dll
0x00007ffd9c240000 - 0x00007ffd9c256000 	F:\Program Files (x86)\Android\Android Studio\jre\jre\bin\zip.dll
0x00007ffda1ec0000 - 0x00007ffda32f7000 	C:\WINDOWS\System32\SHELL32.dll
0x00007ffda3ff0000 - 0x00007ffda4096000 	C:\WINDOWS\System32\shcore.dll
0x00007ffda0e90000 - 0x00007ffda15d7000 	C:\WINDOWS\System32\windows.storage.dll
0x00007ffda3b40000 - 0x00007ffda3b91000 	C:\WINDOWS\System32\shlwapi.dll
0x00007ffda0a80000 - 0x00007ffda0a91000 	C:\WINDOWS\System32\kernel.appcore.dll
0x00007ffda0ac0000 - 0x00007ffda0b0c000 	C:\WINDOWS\System32\powrprof.dll
0x00007ffda0a60000 - 0x00007ffda0a7b000 	C:\WINDOWS\System32\profapi.dll

VM Arguments:
jvm_args: -Djava.awt.headless=true -Xmx4g -Dfile.encoding=windows-1252 -Duser.country=US -Duser.language=en -Duser.variant 
java_command: com.android.dx.command.Main --dex --force-jumbo --num-threads=4 --multi-dex --output F:\TIF\Semester 7\Mobile Programming\Lab\WhatsCamp\WhatsCamp\app\build\intermediates\transforms\dex\debug\folders\1000\2\httpclient-4.3.4_9ea7807724f9b4011281695a5686e0ba250b0be4 F:\TIF\Semester 7\Mobile Programming\Lab\WhatsCamp\WhatsCamp\app\libs\httpclient-4.3.4.jar
java_class_path (initial): F:\Android\sdk\build-tools\25.0.0\lib\dx.jar
Launcher Type: SUN_STANDARD

Environment Variables:
PATH=C:\ProgramData\Oracle\Java\javapath;C:\Program Files (x86)\Intel\iCLS Client\;C:\Program Files\Intel\iCLS Client\;C:\Windows\system32;C:\Windows;C:\Windows\System32\Wbem;C:\Windows\System32\WindowsPowerShell\v1.0\;C:\Program Files (x86)\Intel\Intel(R) Management Engine Components\DAL;C:\Program Files\Intel\Intel(R) Management Engine Components\DAL;C:\Program Files (x86)\Intel\Intel(R) Management Engine Components\IPT;C:\Program Files\Intel\Intel(R) Management Engine Components\IPT;C:\Program Files (x86)\NVIDIA Corporation\PhysX\Common;C:\Program Files\Java\jdk1.8.0_144\bin;C:\Program Files\Java\jdk1.8.0_144\lib;C:\TDM-GCC-64\bin;C:\Program Files (x86)\CodeBlocks\MinGW\bin;C:\WINDOWS\system32;C:\WINDOWS;C:\WINDOWS\System32\Wbem;C:\WINDOWS\System32\WindowsPowerShell\v1.0\;C:\HashiCorp\Vagrant\bin;C:\Program Files\Git\cmd;C:\Program Files\PuTTY\;C:\Program Files\IBM\Bluemix\bin;C:\Program Files\Cloud Foundry;C:\Users\legion Y520\AppData\Local\Programs\Python\Python35\Scripts\;C:\Users\legion Y520\AppData\Local\Programs\Python\Python35\;C:\Users\legion Y520\AppData\Local\Microsoft\WindowsApps;C:\TDM-GCC-64\bin;C:\Program Files (x86)\CodeBlocks\MinGW\bin;C:\Users\legion Y520\AppData\Local\GitHubDesktop\bin;C:\Users\legion Y520\AppData\Local\Microsoft\WindowsApps;C:\Program Files\aircrack-ng-1.2-rc4-win\bin\64bit;
USERNAME=Joseph
OS=Windows_NT
PROCESSOR_IDENTIFIER=Intel64 Family 6 Model 158 Stepping 9, GenuineIntel



---------------  S Y S T E M  ---------------

OS: Windows 10.0 , 64 bit Build 16299 (10.0.16299.15)

CPU:total 8 (initial active 8) (4 cores per cpu, 2 threads per core) family 6 model 158 stepping 9, cmov, cx8, fxsr, mmx, sse, sse2, sse3, ssse3, sse4.1, sse4.2, popcnt, avx, avx2, aes, clmul, erms, 3dnowpref, lzcnt, ht, tsc, tscinvbit, bmi1, bmi2, adx

Memory: 4k page, physical 8260772k(2367140k free), swap 12356772k(8328k free)

vm_info: OpenJDK 64-Bit Server VM (25.152-b01) for windows-amd64 JRE (1.8.0_152-release-915-b01), built by "builder" with MS VC++ 10.0 (VS2010)

time: Thu Nov 09 11:58:29 2017
elapsed time: 2 seconds (0d 0h 0m 2s)

