#
# There is insufficient memory for the Java Runtime Environment to continue.
# Native memory allocation (malloc) failed to allocate 546416 bytes for Chunk::new
# Possible reasons:
#   The system is out of physical RAM or swap space
#   In 32 bit mode, the process size limit was hit
# Possible solutions:
#   Reduce memory load on the system
#   Increase physical memory or swap space
#   Check if swap backing store is full
#   Use 64 bit Java on a 64 bit OS
#   Decrease Java heap size (-Xmx/-Xms)
#   Decrease number of Java threads
#   Decrease Java thread stack sizes (-Xss)
#   Set larger code cache with -XX:ReservedCodeCacheSize=
# This output file may be truncated or incomplete.
#
#  Out of Memory Error (allocation.cpp:390), pid=6104, tid=0x0000000000004b2c
#
# JRE version: OpenJDK Runtime Environment (8.0_112-b06) (build 1.8.0_112-release-b06)
# Java VM: OpenJDK 64-Bit Server VM (25.112-b06 mixed mode windows-amd64 compressed oops)
# Failed to write core dump. Minidumps are not enabled by default on client versions of Windows
#

---------------  T H R E A D  ---------------

Current thread (0x000000001e7ca800):  JavaThread "C2 CompilerThread1" daemon [_thread_in_native, id=19244, stack(0x000000001f0a0000,0x000000001f1a0000)]

Stack: [0x000000001f0a0000,0x000000001f1a0000]
[error occurred during error reporting (printing stack bounds), id 0xc0000005]

Native frames: (J=compiled Java code, j=interpreted, Vv=VM code, C=native code)


Current CompileTask:
C2:   1243 1401   !   4       com.android.dx.cf.code.BytecodeArray::parseInstruction (2764 bytes)


---------------  P R O C E S S  ---------------

Java Threads: ( => current thread )
  0x000000001eb4a800 JavaThread "pool-2-thread-4" [_thread_blocked, id=9864, stack(0x00000000201a0000,0x00000000202a0000)]
  0x000000001eb4a000 JavaThread "pool-2-thread-3" [_thread_blocked, id=3560, stack(0x00000000200a0000,0x00000000201a0000)]
  0x000000001eb24000 JavaThread "pool-2-thread-2" [_thread_blocked, id=17624, stack(0x000000001ffa0000,0x00000000200a0000)]
  0x000000001eaa0000 JavaThread "pool-3-thread-1" [_thread_blocked, id=8832, stack(0x000000001fea0000,0x000000001ffa0000)]
  0x000000001ea9f000 JavaThread "pool-2-thread-1" [_thread_blocked, id=10180, stack(0x000000001fda0000,0x000000001fea0000)]
  0x000000001e862800 JavaThread "Service Thread" daemon [_thread_blocked, id=3308, stack(0x000000001f3a0000,0x000000001f4a0000)]
  0x000000001e7d2800 JavaThread "C1 CompilerThread3" daemon [_thread_blocked, id=13548, stack(0x000000001f2a0000,0x000000001f3a0000)]
  0x000000001e7ce800 JavaThread "C2 CompilerThread2" daemon [_thread_in_native, id=15796, stack(0x000000001f1a0000,0x000000001f2a0000)]
=>0x000000001e7ca800 JavaThread "C2 CompilerThread1" daemon [_thread_in_native, id=19244, stack(0x000000001f0a0000,0x000000001f1a0000)]
  0x000000001e7c6800 JavaThread "C2 CompilerThread0" daemon [_thread_in_native, id=4196, stack(0x000000001efa0000,0x000000001f0a0000)]
  0x000000001e7c5000 JavaThread "Attach Listener" daemon [_thread_blocked, id=5384, stack(0x000000001eea0000,0x000000001efa0000)]
  0x000000001e7c4000 JavaThread "Signal Dispatcher" daemon [_thread_blocked, id=9664, stack(0x000000001eda0000,0x000000001eea0000)]
  0x0000000002d2e000 JavaThread "Finalizer" daemon [_thread_blocked, id=16932, stack(0x000000001eba0000,0x000000001eca0000)]
  0x000000001c89b800 JavaThread "Reference Handler" daemon [_thread_blocked, id=17672, stack(0x000000001e6a0000,0x000000001e7a0000)]
  0x0000000002b2d800 JavaThread "main" [_thread_in_native, id=2452, stack(0x0000000002b30000,0x0000000002c30000)]

Other Threads:
  0x000000001c895000 VMThread [stack: 0x000000001e5a0000,0x000000001e6a0000] [id=16952]
  0x000000001e863000 WatcherThread [stack: 0x000000001f4a0000,0x000000001f5a0000] [id=17296]

VM state:not at safepoint (normal execution)

VM Mutex/Monitor currently owned by a thread: None

Heap:
 PSYoungGen      total 38400K, used 16295K [0x000000076ab00000, 0x000000076d580000, 0x00000007c0000000)
  eden space 33280K, 33% used [0x000000076ab00000,0x000000076b5edc90,0x000000076cb80000)
  from space 5120K, 99% used [0x000000076cb80000,0x000000076d07c038,0x000000076d080000)
  to   space 5120K, 0% used [0x000000076d080000,0x000000076d080000,0x000000076d580000)
 ParOldGen       total 87552K, used 11483K [0x00000006c0000000, 0x00000006c5580000, 0x000000076ab00000)
  object space 87552K, 13% used [0x00000006c0000000,0x00000006c0b36ec0,0x00000006c5580000)
 Metaspace       used 6292K, capacity 7090K, committed 7296K, reserved 1056768K
  class space    used 593K, capacity 618K, committed 640K, reserved 1048576K

Card table byte_map: [0x00000000120f0000,0x0000000012900000] byte_map_base: 0x000000000eaf0000

Marking Bits: (ParMarkBitMap*) 0x000000006f7818f0
 Begin Bits: [0x0000000013660000, 0x0000000017660000)
 End Bits:   [0x0000000017660000, 0x000000001b660000)

Polling page: 0x0000000002af0000

CodeCache: size=245760Kb used=6504Kb max_used=6504Kb free=239255Kb
 bounds [0x0000000002d30000, 0x0000000003390000, 0x0000000011d30000]
 total_blobs=1947 nmethods=1678 adapters=182
 compilation: enabled

Compilation events (10 events):
Event: 1.193 Thread 0x000000001e7d2800 1673       2       com.android.dx.cf.code.Simulator$SimVisitor::<init> (23 bytes)
Event: 1.194 Thread 0x000000001e7d2800 nmethod 1673 0x0000000003388610 code [0x0000000003388760, 0x00000000033888f0]
Event: 1.194 Thread 0x000000001e7d2800 1694       2       com.android.dx.cf.direct.DirectClassFile$DcfTypeList::getType (26 bytes)
Event: 1.194 Thread 0x000000001e7d2800 nmethod 1694 0x00000000033889d0 code [0x0000000003388c00, 0x0000000003389488]
Event: 1.195 Thread 0x000000001e7d2800 1695       2       java.util.Arrays::copyOf (19 bytes)
Event: 1.195 Thread 0x000000001e7d2800 nmethod 1695 0x0000000003389f90 code [0x000000000338a100, 0x000000000338a368]
Event: 1.199 Thread 0x000000001e7d2800 1697       2       com.android.dx.ssa.back.IdenticalBlockCombiner::replaceSucc (83 bytes)
Event: 1.199 Thread 0x000000001e7d2800 nmethod 1697 0x000000000338a450 code [0x000000000338a600, 0x000000000338a958]
Event: 1.200 Thread 0x000000001e7d2800 1698       2       com.android.dx.dex.code.SimpleInsn::<init> (8 bytes)
Event: 1.200 Thread 0x000000001e7d2800 nmethod 1698 0x000000000338ac50 code [0x000000000338adc0, 0x000000000338af28]

GC Heap History (6 events):
Event: 0.672 GC heap before
{Heap before GC invocations=1 (full 0):
 PSYoungGen      total 38400K, used 33280K [0x000000076ab00000, 0x000000076d580000, 0x00000007c0000000)
  eden space 33280K, 100% used [0x000000076ab00000,0x000000076cb80000,0x000000076cb80000)
  from space 5120K, 0% used [0x000000076d080000,0x000000076d080000,0x000000076d580000)
  to   space 5120K, 0% used [0x000000076cb80000,0x000000076cb80000,0x000000076d080000)
 ParOldGen       total 87552K, used 0K [0x00000006c0000000, 0x00000006c5580000, 0x000000076ab00000)
  object space 87552K, 0% used [0x00000006c0000000,0x00000006c0000000,0x00000006c5580000)
 Metaspace       used 5898K, capacity 6896K, committed 7040K, reserved 1056768K
  class space    used 573K, capacity 616K, committed 640K, reserved 1048576K
Event: 0.679 GC heap after
Heap after GC invocations=1 (full 0):
 PSYoungGen      total 38400K, used 5109K [0x000000076ab00000, 0x000000076d580000, 0x00000007c0000000)
  eden space 33280K, 0% used [0x000000076ab00000,0x000000076ab00000,0x000000076cb80000)
  from space 5120K, 99% used [0x000000076cb80000,0x000000076d07d630,0x000000076d080000)
  to   space 5120K, 0% used [0x000000076d080000,0x000000076d080000,0x000000076d580000)
 ParOldGen       total 87552K, used 1611K [0x00000006c0000000, 0x00000006c5580000, 0x000000076ab00000)
  object space 87552K, 1% used [0x00000006c0000000,0x00000006c0192eb0,0x00000006c5580000)
 Metaspace       used 5898K, capacity 6896K, committed 7040K, reserved 1056768K
  class space    used 573K, capacity 616K, committed 640K, reserved 1048576K
}
Event: 0.968 GC heap before
{Heap before GC invocations=2 (full 0):
 PSYoungGen      total 38400K, used 38389K [0x000000076ab00000, 0x000000076d580000, 0x00000007c0000000)
  eden space 33280K, 100% used [0x000000076ab00000,0x000000076cb80000,0x000000076cb80000)
  from space 5120K, 99% used [0x000000076cb80000,0x000000076d07d630,0x000000076d080000)
  to   space 5120K, 0% used [0x000000076d080000,0x000000076d080000,0x000000076d580000)
 ParOldGen       total 87552K, used 1611K [0x00000006c0000000, 0x00000006c5580000, 0x000000076ab00000)
  object space 87552K, 1% used [0x00000006c0000000,0x00000006c0192eb0,0x00000006c5580000)
 Metaspace       used 6099K, capacity 7024K, committed 7296K, reserved 1056768K
  class space    used 574K, capacity 616K, committed 640K, reserved 1048576K
Event: 0.994 GC heap after
Heap after GC invocations=2 (full 0):
 PSYoungGen      total 38400K, used 5095K [0x000000076ab00000, 0x000000076d580000, 0x00000007c0000000)
  eden space 33280K, 0% used [0x000000076ab00000,0x000000076ab00000,0x000000076cb80000)
  from space 5120K, 99% used [0x000000076d080000,0x000000076d579c78,0x000000076d580000)
  to   space 5120K, 0% used [0x000000076cb80000,0x000000076cb80000,0x000000076d080000)
 ParOldGen       total 87552K, used 6108K [0x00000006c0000000, 0x00000006c5580000, 0x000000076ab00000)
  object space 87552K, 6% used [0x00000006c0000000,0x00000006c05f7230,0x00000006c5580000)
 Metaspace       used 6099K, capacity 7024K, committed 7296K, reserved 1056768K
  class space    used 574K, capacity 616K, committed 640K, reserved 1048576K
}
Event: 1.157 GC heap before
{Heap before GC invocations=3 (full 0):
 PSYoungGen      total 38400K, used 38375K [0x000000076ab00000, 0x000000076d580000, 0x00000007c0000000)
  eden space 33280K, 100% used [0x000000076ab00000,0x000000076cb80000,0x000000076cb80000)
  from space 5120K, 99% used [0x000000076d080000,0x000000076d579c78,0x000000076d580000)
  to   space 5120K, 0% used [0x000000076cb80000,0x000000076cb80000,0x000000076d080000)
 ParOldGen       total 87552K, used 6108K [0x00000006c0000000, 0x00000006c5580000, 0x000000076ab00000)
  object space 87552K, 6% used [0x00000006c0000000,0x00000006c05f7230,0x00000006c5580000)
 Metaspace       used 6190K, capacity 7088K, committed 7296K, reserved 1056768K
  class space    used 574K, capacity 616K, committed 640K, reserved 1048576K
Event: 1.168 GC heap after
Heap after GC invocations=3 (full 0):
 PSYoungGen      total 38400K, used 5104K [0x000000076ab00000, 0x000000076d580000, 0x00000007c0000000)
  eden space 33280K, 0% used [0x000000076ab00000,0x000000076ab00000,0x000000076cb80000)
  from space 5120K, 99% used [0x000000076cb80000,0x000000076d07c038,0x000000076d080000)
  to   space 5120K, 0% used [0x000000076d080000,0x000000076d080000,0x000000076d580000)
 ParOldGen       total 87552K, used 11483K [0x00000006c0000000, 0x00000006c5580000, 0x000000076ab00000)
  object space 87552K, 13% used [0x00000006c0000000,0x00000006c0b36ec0,0x00000006c5580000)
 Metaspace       used 6190K, capacity 7088K, committed 7296K, reserved 1056768K
  class space    used 574K, capacity 616K, committed 640K, reserved 1048576K
}

Deoptimization events (10 events):
Event: 0.948 Thread 0x000000001eb24000 Uncommon trap: reason=bimorphic action=maybe_recompile pc=0x000000000321ee14 method=com.android.dx.cf.code.BytecodeArray.parseInstruction(ILcom/android/dx/cf/code/BytecodeArray$Visitor;)I @ 907
Event: 0.948 Thread 0x000000001eb24000 Uncommon trap: reason=bimorphic action=maybe_recompile pc=0x000000000321f1e8 method=com.android.dx.cf.code.BytecodeArray.parseInstruction(ILcom/android/dx/cf/code/BytecodeArray$Visitor;)I @ 1130
Event: 0.948 Thread 0x000000001eb24000 Uncommon trap: reason=bimorphic action=maybe_recompile pc=0x000000000321ee94 method=com.android.dx.cf.code.BytecodeArray.parseInstruction(ILcom/android/dx/cf/code/BytecodeArray$Visitor;)I @ 923
Event: 0.948 Thread 0x000000001eb24000 Uncommon trap: reason=bimorphic action=maybe_recompile pc=0x000000000321f1e8 method=com.android.dx.cf.code.BytecodeArray.parseInstruction(ILcom/android/dx/cf/code/BytecodeArray$Visitor;)I @ 1130
Event: 1.106 Thread 0x0000000002b2d800 Uncommon trap: reason=unstable_if action=reinterpret pc=0x0000000002f1ed7c method=java.lang.String.<init>([CII)V @ 18
Event: 1.148 Thread 0x000000001ea9f000 Uncommon trap: reason=null_check action=make_not_entrant pc=0x00000000030af32c method=com.android.dx.ssa.SsaRenamer.getLocalForNewReg(I)Lcom/android/dx/rop/code/LocalItem; @ 19
Event: 1.148 Thread 0x000000001eb4a000 Uncommon trap: reason=null_check action=make_not_entrant pc=0x0000000003042f98 method=com.android.dx.ssa.SsaRenamer.getLocalForNewReg(I)Lcom/android/dx/rop/code/LocalItem; @ 19
Event: 1.170 Thread 0x000000001eb4a800 Uncommon trap: reason=unstable_if action=reinterpret pc=0x000000000303c274 method=java.util.HashMap.putVal(ILjava/lang/Object;Ljava/lang/Object;ZZ)Ljava/lang/Object; @ 162
Event: 1.172 Thread 0x000000001eb4a800 Uncommon trap: reason=unstable_if action=reinterpret pc=0x000000000316bda4 method=java.util.HashMap.getNode(ILjava/lang/Object;)Ljava/util/HashMap$Node; @ 84
Event: 1.172 Thread 0x000000001eb4a800 Uncommon trap: reason=unstable_if action=reinterpret pc=0x000000000320ffd4 method=java.util.HashMap.putVal(ILjava/lang/Object;Ljava/lang/Object;ZZ)Ljava/lang/Object; @ 162

Internal exceptions (7 events):
Event: 0.044 Thread 0x0000000002b2d800 Exception <a 'java/lang/NoSuchMethodError': Method sun.misc.Unsafe.defineClass(Ljava/lang/String;[BII)Ljava/lang/Class; name or signature does not match> (0x000000076ab07c78) thrown at [C:\src\android\AOSP-openjdk\external\jetbrains\jdk\hotspot\src\share\vπŒŸ(îù¶?
Event: 0.044 Thread 0x0000000002b2d800 Exception <a 'java/lang/NoSuchMethodError': Method sun.misc.Unsafe.prefetchRead(Ljava/lang/Object;J)V name or signature does not match> (0x000000076ab07f60) thrown at [C:\src\android\AOSP-openjdk\external\jetbrains\jdk\hotspot\src\share\vm\prims\jni.cpp, lá›¯GK^Ú?
Event: 1.148 Thread 0x000000001ea9f000 Implicit null exception at 0x00000000030acf4d to 0x00000000030af2e5
Event: 1.148 Thread 0x000000001eb4a000 Implicit null exception at 0x0000000003040d1d to 0x0000000003042f65
Event: 1.171 Thread 0x000000001eb4a800 Exception <a 'java/lang/ArrayIndexOutOfBoundsException': 18> (0x000000076abaef40) thrown at [C:\src\android\AOSP-openjdk\external\jetbrains\jdk\hotspot\src\share\vm\interpreter\interpreterRuntime.cpp, line 366]
Event: 1.171 Thread 0x000000001eb4a800 Exception <a 'java/lang/ArrayIndexOutOfBoundsException': 145> (0x000000076abb0ac0) thrown at [C:\src\android\AOSP-openjdk\external\jetbrains\jdk\hotspot\src\share\vm\interpreter\interpreterRuntime.cpp, line 366]
Event: 1.172 Thread 0x000000001eb4a800 Exception <a 'java/lang/ArrayIndexOutOfBoundsException'> (0x000000076acc79b0) thrown at [C:\src\android\AOSP-openjdk\external\jetbrains\jdk\hotspot\src\share\vm\runtime\sharedRuntime.cpp, line 605]

Events (10 events):
Event: 1.172 loading class sun/reflect/generics/reflectiveObjects/TypeVariableImpl
Event: 1.172 loading class sun/reflect/generics/reflectiveObjects/LazyReflectiveObjectGenerator
Event: 1.172 loading class sun/reflect/generics/reflectiveObjects/LazyReflectiveObjectGenerator done
Event: 1.172 loading class sun/reflect/generics/reflectiveObjects/TypeVariableImpl done
Event: 1.172 Thread 0x000000001eb4a800 Uncommon trap: trap_request=0xffffff65 fr.pc=0x000000000316bda4
Event: 1.172 Thread 0x000000001eb4a800 DEOPT PACKING pc=0x000000000316bda4 sp=0x000000002029e360
Event: 1.172 Thread 0x000000001eb4a800 DEOPT UNPACKING pc=0x0000000002d7556a sp=0x000000002029e2d8 mode 2
Event: 1.172 Thread 0x000000001eb4a800 Uncommon trap: trap_request=0xffffff65 fr.pc=0x000000000320ffd4
Event: 1.172 Thread 0x000000001eb4a800 DEOPT PACKING pc=0x000000000320ffd4 sp=0x000000002029e290
Event: 1.172 Thread 0x000000001eb4a800 DEOPT UNPACKING pc=0x0000000002d7556a sp=0x000000002029e218 mode 2


Dynamic libraries:
0x00007ff6fa0b0000 - 0x00007ff6fa0e1000 	F:\Program Files (x86)\Android\Android Studio\jre\bin\java.exe
0x00007ffd1ba50000 - 0x00007ffd1bc2b000 	C:\Windows\SYSTEM32\ntdll.dll
0x00007ffd1b970000 - 0x00007ffd1ba1e000 	C:\Windows\System32\KERNEL32.DLL
0x00007ffd18630000 - 0x00007ffd18879000 	C:\Windows\System32\KERNELBASE.dll
0x00007ffd1af30000 - 0x00007ffd1afd1000 	C:\Windows\System32\ADVAPI32.dll
0x00007ffd1ac80000 - 0x00007ffd1ad1d000 	C:\Windows\System32\msvcrt.dll
0x00007ffd1b520000 - 0x00007ffd1b579000 	C:\Windows\System32\sechost.dll
0x00007ffd1ab50000 - 0x00007ffd1ac75000 	C:\Windows\System32\RPCRT4.dll
0x00007ffd18f80000 - 0x00007ffd190ca000 	C:\Windows\System32\USER32.dll
0x00007ffd185c0000 - 0x00007ffd185de000 	C:\Windows\System32\win32u.dll
0x00007ffd190d0000 - 0x00007ffd190f7000 	C:\Windows\System32\GDI32.dll
0x00007ffd18050000 - 0x00007ffd181d7000 	C:\Windows\System32\gdi32full.dll
0x00007ffd17f40000 - 0x00007ffd17fda000 	C:\Windows\System32\msvcp_win.dll
0x00007ffd184c0000 - 0x00007ffd185b6000 	C:\Windows\System32\ucrtbase.dll
0x00007ffd094a0000 - 0x00007ffd09707000 	C:\Windows\WinSxS\amd64_microsoft.windows.common-controls_6595b64144ccf1df_6.0.15063.483_none_26002d27e7c744a2\COMCTL32.dll
0x00007ffd1b0e0000 - 0x00007ffd1b3d9000 	C:\Windows\System32\combase.dll
0x00007ffd17fe0000 - 0x00007ffd1804a000 	C:\Windows\System32\bcryptPrimitives.dll
0x00007ffd196e0000 - 0x00007ffd1970d000 	C:\Windows\System32\IMM32.DLL
0x000000006e970000 - 0x000000006ea42000 	F:\Program Files (x86)\Android\Android Studio\jre\jre\bin\msvcr100.dll
0x000000006efc0000 - 0x000000006f7fc000 	F:\Program Files (x86)\Android\Android Studio\jre\jre\bin\server\jvm.dll
0x00007ffd19100000 - 0x00007ffd19108000 	C:\Windows\System32\PSAPI.DLL
0x00007ffd123b0000 - 0x00007ffd123b9000 	C:\Windows\SYSTEM32\WSOCK32.dll
0x00007ffd1b580000 - 0x00007ffd1b5ec000 	C:\Windows\System32\WS2_32.dll
0x00007ffd103a0000 - 0x00007ffd103c3000 	C:\Windows\SYSTEM32\WINMM.dll
0x00007ffd13110000 - 0x00007ffd1311a000 	C:\Windows\SYSTEM32\VERSION.dll
0x00007ffd10370000 - 0x00007ffd1039b000 	C:\Windows\SYSTEM32\WINMMBASE.dll
0x00007ffd185e0000 - 0x00007ffd18629000 	C:\Windows\System32\cfgmgr32.dll
0x00007ffd10fe0000 - 0x00007ffd10fef000 	F:\Program Files (x86)\Android\Android Studio\jre\jre\bin\verify.dll
0x00007ffd10fb0000 - 0x00007ffd10fd9000 	F:\Program Files (x86)\Android\Android Studio\jre\jre\bin\java.dll
0x00007ffd0be00000 - 0x00007ffd0be16000 	F:\Program Files (x86)\Android\Android Studio\jre\jre\bin\zip.dll
0x00007ffd19710000 - 0x00007ffd1ab46000 	C:\Windows\System32\SHELL32.dll
0x00007ffd1b3f0000 - 0x00007ffd1b49a000 	C:\Windows\System32\shcore.dll
0x00007ffd18880000 - 0x00007ffd18f71000 	C:\Windows\System32\windows.storage.dll
0x00007ffd19110000 - 0x00007ffd19161000 	C:\Windows\System32\shlwapi.dll
0x00007ffd17eb0000 - 0x00007ffd17ec1000 	C:\Windows\System32\kernel.appcore.dll
0x00007ffd17ed0000 - 0x00007ffd17f1c000 	C:\Windows\System32\powrprof.dll
0x00007ffd17f20000 - 0x00007ffd17f35000 	C:\Windows\System32\profapi.dll

VM Arguments:
jvm_args: -Djava.awt.headless=true -Xmx4g -Dfile.encoding=windows-1252 -Duser.country=US -Duser.language=en -Duser.variant 
java_command: com.android.dx.command.Main --dex --force-jumbo --num-threads=4 --multi-dex --output F:\TIF\Semester 7\Mobile Programming\Lab\Event Finder v1.0\EventFinder\app\build\intermediates\transforms\dex\debug\folders\1000\2\httpcore-4.3.2_8530a7faab49c484e029f8ce9dc7f5f5bdbd0d55 F:\TIF\Semester 7\Mobile Programming\Lab\Event Finder v1.0\EventFinder\app\libs\httpcore-4.3.2.jar
java_class_path (initial): F:\Android\sdk\build-tools\25.0.0\lib\dx.jar
Launcher Type: SUN_STANDARD

Environment Variables:
PATH=C:\ProgramData\Oracle\Java\javapath;C:\Program Files (x86)\Intel\iCLS Client\;C:\Program Files\Intel\iCLS Client\;C:\Windows\system32;C:\Windows;C:\Windows\System32\Wbem;C:\Windows\System32\WindowsPowerShell\v1.0\;C:\Program Files (x86)\Intel\Intel(R) Management Engine Components\DAL;C:\Program Files\Intel\Intel(R) Management Engine Components\DAL;C:\Program Files (x86)\Intel\Intel(R) Management Engine Components\IPT;C:\Program Files\Intel\Intel(R) Management Engine Components\IPT;C:\Program Files (x86)\NVIDIA Corporation\PhysX\Common;C:\Program Files\Java\jdk1.8.0_144\bin;C:\Program Files\Java\jdk1.8.0_144\lib;C:\TDM-GCC-64\bin;C:\Program Files (x86)\CodeBlocks\MinGW\bin;C:\Windows\system32;C:\Windows;C:\Windows\System32\Wbem;C:\Windows\System32\WindowsPowerShell\v1.0\;C:\HashiCorp\Vagrant\bin;C:\Program Files\Git\cmd;C:\Program Files\PuTTY\;C:\Users\legion Y520\AppData\Local\Programs\Python\Python35\Scripts\;C:\Users\legion Y520\AppData\Local\Programs\Python\Python35\;C:\Users\legion Y520\AppData\Local\Microsoft\WindowsApps;C:\TDM-GCC-64\bin;C:\Program Files (x86)\CodeBlocks\MinGW\bin;C:\Users\legion Y520\AppData\Local\GitHubDesktop\bin;C:\Users\legion Y520\AppData\Local\Microsoft\WindowsApps;C:\Program Files\aircrack-ng-1.2-rc4-win\bin\64bit;
USERNAME=Joseph
OS=Windows_NT
PROCESSOR_IDENTIFIER=Intel64 Family 6 Model 158 Stepping 9, GenuineIntel



---------------  S Y S T E M  ---------------

OS: Windows 10.0 , 64 bit Build 15063 (10.0.15063.296)

CPU:total 8 (4 cores per cpu, 2 threads per core) family 6 model 158 stepping 9, cmov, cx8, fxsr, mmx, sse, sse2, sse3, ssse3, sse4.1, sse4.2, popcnt, avx, avx2, aes, clmul, erms, 3dnowpref, lzcnt, ht, tsc, tscinvbit, bmi1, bmi2, adx

Memory: 4k page, physical 8260772k(1018816k free), swap 12356772k(3720k free)

vm_info: OpenJDK 64-Bit Server VM (25.112-b06) for windows-amd64 JRE (1.8.0_112-release-b06), built on Dec  8 2016 00:54:26 by "builder" with MS VC++ 10.0 (VS2010)

time: Fri Oct 27 20:41:12 2017
elapsed time: 1 seconds (0d 0h 0m 1s)

