#
# There is insufficient memory for the Java Runtime Environment to continue.
# Native memory allocation (malloc) failed to allocate 796736 bytes for Chunk::new
# Possible reasons:
#   The system is out of physical RAM or swap space
#   In 32 bit mode, the process size limit was hit
# Possible solutions:
#   Reduce memory load on the system
#   Increase physical memory or swap space
#   Check if swap backing store is full
#   Use 64 bit Java on a 64 bit OS
#   Decrease Java heap size (-Xmx/-Xms)
#   Decrease number of Java threads
#   Decrease Java thread stack sizes (-Xss)
#   Set larger code cache with -XX:ReservedCodeCacheSize=
# This output file may be truncated or incomplete.
#
#  Out of Memory Error (allocation.cpp:390), pid=18492, tid=0x0000000000000e84
#
# JRE version: OpenJDK Runtime Environment (8.0_112-b06) (build 1.8.0_112-release-b06)
# Java VM: OpenJDK 64-Bit Server VM (25.112-b06 mixed mode windows-amd64 compressed oops)
# Failed to write core dump. Minidumps are not enabled by default on client versions of Windows
#

---------------  T H R E A D  ---------------

Current thread (0x000000001ea8b000):  JavaThread "C2 CompilerThread1" daemon [_thread_in_native, id=3716, stack(0x000000001f350000,0x000000001f450000)]

Stack: [0x000000001f350000,0x000000001f450000]
[error occurred during error reporting (printing stack bounds), id 0xc0000005]

Native frames: (J=compiled Java code, j=interpreted, Vv=VM code, C=native code)


Current CompileTask:
C2:   3402 1371       4       com.android.dx.rop.code.Rops::ropFor (771 bytes)


---------------  P R O C E S S  ---------------

Java Threads: ( => current thread )
  0x000000001ec55000 JavaThread "pool-2-thread-4" [_thread_in_Java, id=10228, stack(0x000000001fc50000,0x000000001fd50000)]
  0x000000001ec49000 JavaThread "pool-2-thread-3" [_thread_blocked, id=16568, stack(0x000000001fb50000,0x000000001fc50000)]
  0x000000001ec48800 JavaThread "pool-2-thread-2" [_thread_blocked, id=14204, stack(0x000000001fa50000,0x000000001fb50000)]
  0x000000001ec2d000 JavaThread "pool-3-thread-1" [_thread_blocked, id=17096, stack(0x000000001f950000,0x000000001fa50000)]
  0x000000001ec33800 JavaThread "pool-2-thread-1" [_thread_blocked, id=3092, stack(0x000000001f850000,0x000000001f950000)]
  0x000000001eb1c800 JavaThread "Service Thread" daemon [_thread_blocked, id=16164, stack(0x000000001f650000,0x000000001f750000)]
  0x000000001ea93800 JavaThread "C1 CompilerThread3" daemon [_thread_blocked, id=13272, stack(0x000000001f550000,0x000000001f650000)]
  0x000000001ea8d000 JavaThread "C2 CompilerThread2" daemon [_thread_blocked, id=14848, stack(0x000000001f450000,0x000000001f550000)]
=>0x000000001ea8b000 JavaThread "C2 CompilerThread1" daemon [_thread_in_native, id=3716, stack(0x000000001f350000,0x000000001f450000)]
  0x000000001ea87800 JavaThread "C2 CompilerThread0" daemon [_thread_in_native, id=17064, stack(0x000000001f250000,0x000000001f350000)]
  0x000000001ea86800 JavaThread "Attach Listener" daemon [_thread_blocked, id=7448, stack(0x000000001f150000,0x000000001f250000)]
  0x000000001ea85000 JavaThread "Signal Dispatcher" daemon [_thread_blocked, id=19680, stack(0x000000001f050000,0x000000001f150000)]
  0x000000001ea80800 JavaThread "Finalizer" daemon [_thread_blocked, id=528, stack(0x000000001ee60000,0x000000001ef60000)]
  0x000000001cb9b000 JavaThread "Reference Handler" daemon [_thread_blocked, id=15204, stack(0x000000001e960000,0x000000001ea60000)]
  0x000000000152d800 JavaThread "main" [_thread_blocked, id=17816, stack(0x0000000002e80000,0x0000000002f80000)]

Other Threads:
  0x000000001cb95000 VMThread [stack: 0x000000001e860000,0x000000001e960000] [id=16188]
  0x000000001eb21000 WatcherThread [stack: 0x000000001f750000,0x000000001f850000] [id=16756]

VM state:not at safepoint (normal execution)

VM Mutex/Monitor currently owned by a thread: None

Heap:
 PSYoungGen      total 38400K, used 27795K [0x000000076ab00000, 0x000000076f600000, 0x00000007c0000000)
  eden space 33280K, 68% used [0x000000076ab00000,0x000000076c1252b8,0x000000076cb80000)
  from space 5120K, 99% used [0x000000076cb80000,0x000000076d07f9f0,0x000000076d080000)
  to   space 5120K, 0% used [0x000000076f100000,0x000000076f100000,0x000000076f600000)
 ParOldGen       total 87552K, used 1033K [0x00000006c0000000, 0x00000006c5580000, 0x000000076ab00000)
  object space 87552K, 1% used [0x00000006c0000000,0x00000006c0102678,0x00000006c5580000)
 Metaspace       used 5791K, capacity 6960K, committed 7040K, reserved 1056768K
  class space    used 560K, capacity 616K, committed 640K, reserved 1048576K

Card table byte_map: [0x0000000012440000,0x0000000012c50000] byte_map_base: 0x000000000ee40000

Marking Bits: (ParMarkBitMap*) 0x000000006f7818f0
 Begin Bits: [0x00000000139b0000, 0x00000000179b0000)
 End Bits:   [0x00000000179b0000, 0x000000001b9b0000)

Polling page: 0x00000000014f0000

CodeCache: size=245760Kb used=6146Kb max_used=6146Kb free=239613Kb
 bounds [0x0000000003080000, 0x0000000003690000, 0x0000000012080000]
 total_blobs=1667 nmethods=1406 adapters=175
 compilation: enabled

Compilation events (10 events):
Event: 3.325 Thread 0x000000001ea93800 1421       3       com.android.dx.ssa.BasicRegisterMapper::<init> (17 bytes)
Event: 3.325 Thread 0x000000001ea93800 nmethod 1421 0x0000000003682f90 code [0x0000000003683100, 0x00000000036833c8]
Event: 3.325 Thread 0x000000001ea93800 1422       3       com.android.dx.rop.code.LocalVariableInfo::addAssignment (43 bytes)
Event: 3.326 Thread 0x000000001ea93800 nmethod 1422 0x0000000003683510 code [0x0000000003683700, 0x0000000003683fe8]
Event: 3.374 Thread 0x000000001ea93800 1423       3       com.android.dx.ssa.LocalVariableInfo::addAssignment (43 bytes)
Event: 3.374 Thread 0x000000001ea93800 nmethod 1423 0x00000000036843d0 code [0x00000000036845c0, 0x0000000003684e48]
Event: 3.375 Thread 0x000000001ea93800 1424       3       com.android.dx.rop.cst.CstBaseMethodRef::isClassInit (8 bytes)
Event: 3.375 Thread 0x000000001ea93800 nmethod 1424 0x00000000036851d0 code [0x0000000003685340, 0x0000000003685788]
Event: 3.375 Thread 0x000000001ea93800 1425       3       com.android.dx.rop.cst.CstNat::isClassInit (13 bytes)
Event: 3.375 Thread 0x000000001ea93800 nmethod 1425 0x00000000036858d0 code [0x0000000003685a40, 0x0000000003685d08]

GC Heap History (2 events):
Event: 2.200 GC heap before
{Heap before GC invocations=1 (full 0):
 PSYoungGen      total 38400K, used 33280K [0x000000076ab00000, 0x000000076d580000, 0x00000007c0000000)
  eden space 33280K, 100% used [0x000000076ab00000,0x000000076cb80000,0x000000076cb80000)
  from space 5120K, 0% used [0x000000076d080000,0x000000076d080000,0x000000076d580000)
  to   space 5120K, 0% used [0x000000076cb80000,0x000000076cb80000,0x000000076d080000)
 ParOldGen       total 87552K, used 0K [0x00000006c0000000, 0x00000006c5580000, 0x000000076ab00000)
  object space 87552K, 0% used [0x00000006c0000000,0x00000006c0000000,0x00000006c5580000)
 Metaspace       used 5704K, capacity 6896K, committed 7040K, reserved 1056768K
  class space    used 558K, capacity 616K, committed 640K, reserved 1048576K
Event: 2.352 GC heap after
Heap after GC invocations=1 (full 0):
 PSYoungGen      total 38400K, used 5118K [0x000000076ab00000, 0x000000076f600000, 0x00000007c0000000)
  eden space 33280K, 0% used [0x000000076ab00000,0x000000076ab00000,0x000000076cb80000)
  from space 5120K, 99% used [0x000000076cb80000,0x000000076d07f9f0,0x000000076d080000)
  to   space 5120K, 0% used [0x000000076f100000,0x000000076f100000,0x000000076f600000)
 ParOldGen       total 87552K, used 1033K [0x00000006c0000000, 0x00000006c5580000, 0x000000076ab00000)
  object space 87552K, 1% used [0x00000006c0000000,0x00000006c0102678,0x00000006c5580000)
 Metaspace       used 5704K, capacity 6896K, committed 7040K, reserved 1056768K
  class space    used 558K, capacity 616K, committed 640K, reserved 1048576K
}

Deoptimization events (10 events):
Event: 3.085 Thread 0x000000001ec55000 Uncommon trap: reason=class_check action=maybe_recompile pc=0x00000000034b53d4 method=com.android.dx.ssa.NormalSsaInsn.accept(Lcom/android/dx/ssa/SsaInsn$Visitor;)V @ 9
Event: 3.087 Thread 0x000000001ec55000 Uncommon trap: reason=unstable_if action=reinterpret pc=0x00000000033cf7cc method=com.android.dx.util.IntList.binarysearch(I)I @ 105
Event: 3.095 Thread 0x000000001ec55000 Uncommon trap: reason=unstable_if action=reinterpret pc=0x000000000357c004 method=com.android.dx.ssa.SsaInsn.getLocalAssignment()Lcom/android/dx/rop/code/RegisterSpec; @ 14
Event: 3.098 Thread 0x000000001ec55000 Uncommon trap: reason=unstable_if action=reinterpret pc=0x00000000035dcaf4 method=com.android.dx.ssa.SsaRenamer$BlockRenamer.addMapping(ILcom/android/dx/rop/code/RegisterSpec;)V @ 120
Event: 3.098 Thread 0x000000001ec55000 Uncommon trap: reason=unstable_if action=reinterpret pc=0x00000000034f1a74 method=com.android.dx.ssa.SsaRenamer$BlockRenamer.addMapping(ILcom/android/dx/rop/code/RegisterSpec;)V @ 120
Event: 3.098 Thread 0x000000001ec55000 Uncommon trap: reason=unstable_if action=reinterpret pc=0x00000000035d7cc8 method=com.android.dx.ssa.SsaInsn.getLocalAssignment()Lcom/android/dx/rop/code/RegisterSpec; @ 14
Event: 3.265 Thread 0x000000001ec55000 Uncommon trap: reason=unstable_if action=reinterpret pc=0x000000000363f090 method=com.android.dx.cf.code.RopperMachine.run(Lcom/android/dx/cf/code/Frame;II)V @ 1019
Event: 3.312 Thread 0x000000001ec33800 Uncommon trap: reason=bimorphic action=maybe_recompile pc=0x000000000362c8dc method=com.android.dx.cf.code.BytecodeArray.parseInstruction(ILcom/android/dx/cf/code/BytecodeArray$Visitor;)I @ 2484
Event: 3.313 Thread 0x000000001ec33800 Uncommon trap: reason=bimorphic action=maybe_recompile pc=0x000000000362c8dc method=com.android.dx.cf.code.BytecodeArray.parseInstruction(ILcom/android/dx/cf/code/BytecodeArray$Visitor;)I @ 2484
Event: 3.316 Thread 0x000000001ec33800 Uncommon trap: reason=unstable_if action=reinterpret pc=0x000000000337b050 method=com.android.dx.ssa.SsaRenamer$BlockRenamer.addMapping(ILcom/android/dx/rop/code/RegisterSpec;)V @ 120

Internal exceptions (5 events):
Event: 0.023 Thread 0x000000000152d800 Exception <a 'java/lang/NoSuchMethodError': Method sun.misc.Unsafe.defineClass(Ljava/lang/String;[BII)Ljava/lang/Class; name or signature does not match> (0x000000076ab07c78) thrown at [C:\src\android\AOSP-openjdk\external\jetbrains\jdk\hotspot\src\share\v‰Å5áØÍó?
Event: 0.023 Thread 0x000000000152d800 Exception <a 'java/lang/NoSuchMethodError': Method sun.misc.Unsafe.prefetchRead(Ljava/lang/Object;J)V name or signature does not match> (0x000000076ab07f60) thrown at [C:\src\android\AOSP-openjdk\external\jetbrains\jdk\hotspot\src\share\vm\prims\jni.cpp, l%Ωóy§8˘?
Event: 1.576 Thread 0x000000001ec48800 Implicit null exception at 0x000000000339bd4c to 0x000000000339e735
Event: 1.576 Thread 0x000000001ec48800 Implicit null exception at 0x00000000033661b0 to 0x0000000003367c35
Event: 1.651 Thread 0x000000001ec48800 Implicit null exception at 0x00000000033567a2 to 0x00000000033568a2

Events (10 events):
Event: 3.265 Thread 0x000000001ec55000 DEOPT UNPACKING pc=0x00000000030c556a sp=0x000000001fd4e868 mode 2
Event: 3.312 Thread 0x000000001ec33800 Uncommon trap: trap_request=0xffffffc6 fr.pc=0x000000000362c8dc
Event: 3.312 Thread 0x000000001ec33800 DEOPT PACKING pc=0x000000000362c8dc sp=0x000000001f94e8c0
Event: 3.312 Thread 0x000000001ec33800 DEOPT UNPACKING pc=0x00000000030c556a sp=0x000000001f94e888 mode 2
Event: 3.313 Thread 0x000000001ec33800 Uncommon trap: trap_request=0xffffffc6 fr.pc=0x000000000362c8dc
Event: 3.313 Thread 0x000000001ec33800 DEOPT PACKING pc=0x000000000362c8dc sp=0x000000001f94e680
Event: 3.313 Thread 0x000000001ec33800 DEOPT UNPACKING pc=0x00000000030c556a sp=0x000000001f94e648 mode 2
Event: 3.316 Thread 0x000000001ec33800 Uncommon trap: trap_request=0xffffff65 fr.pc=0x000000000337b050
Event: 3.316 Thread 0x000000001ec33800 DEOPT PACKING pc=0x000000000337b050 sp=0x000000001f94e780
Event: 3.316 Thread 0x000000001ec33800 DEOPT UNPACKING pc=0x00000000030c556a sp=0x000000001f94e710 mode 2


Dynamic libraries:
0x00007ff6fa0b0000 - 0x00007ff6fa0e1000 	F:\Program Files (x86)\Android\Android Studio\jre\bin\java.exe
0x00007ffd1ba50000 - 0x00007ffd1bc2b000 	C:\Windows\SYSTEM32\ntdll.dll
0x00007ffd1b970000 - 0x00007ffd1ba1e000 	C:\Windows\System32\KERNEL32.DLL
0x00007ffd18630000 - 0x00007ffd18879000 	C:\Windows\System32\KERNELBASE.dll
0x00007ffd1af30000 - 0x00007ffd1afd1000 	C:\Windows\System32\ADVAPI32.dll
0x00007ffd1ac80000 - 0x00007ffd1ad1d000 	C:\Windows\System32\msvcrt.dll
0x00007ffd1b520000 - 0x00007ffd1b579000 	C:\Windows\System32\sechost.dll
0x00007ffd1ab50000 - 0x00007ffd1ac75000 	C:\Windows\System32\RPCRT4.dll
0x00007ffd18f80000 - 0x00007ffd190ca000 	C:\Windows\System32\USER32.dll
0x00007ffd185c0000 - 0x00007ffd185de000 	C:\Windows\System32\win32u.dll
0x00007ffd190d0000 - 0x00007ffd190f7000 	C:\Windows\System32\GDI32.dll
0x00007ffd18050000 - 0x00007ffd181d7000 	C:\Windows\System32\gdi32full.dll
0x00007ffd17f40000 - 0x00007ffd17fda000 	C:\Windows\System32\msvcp_win.dll
0x00007ffd184c0000 - 0x00007ffd185b6000 	C:\Windows\System32\ucrtbase.dll
0x00007ffd094a0000 - 0x00007ffd09707000 	C:\Windows\WinSxS\amd64_microsoft.windows.common-controls_6595b64144ccf1df_6.0.15063.483_none_26002d27e7c744a2\COMCTL32.dll
0x00007ffd1b0e0000 - 0x00007ffd1b3d9000 	C:\Windows\System32\combase.dll
0x00007ffd17fe0000 - 0x00007ffd1804a000 	C:\Windows\System32\bcryptPrimitives.dll
0x00007ffd196e0000 - 0x00007ffd1970d000 	C:\Windows\System32\IMM32.DLL
0x000000006e970000 - 0x000000006ea42000 	F:\Program Files (x86)\Android\Android Studio\jre\jre\bin\msvcr100.dll
0x000000006efc0000 - 0x000000006f7fc000 	F:\Program Files (x86)\Android\Android Studio\jre\jre\bin\server\jvm.dll
0x00007ffd19100000 - 0x00007ffd19108000 	C:\Windows\System32\PSAPI.DLL
0x00007ffd103a0000 - 0x00007ffd103c3000 	C:\Windows\SYSTEM32\WINMM.dll
0x00007ffd13110000 - 0x00007ffd1311a000 	C:\Windows\SYSTEM32\VERSION.dll
0x00007ffd10370000 - 0x00007ffd1039b000 	C:\Windows\SYSTEM32\WINMMBASE.dll
0x00007ffd185e0000 - 0x00007ffd18629000 	C:\Windows\System32\cfgmgr32.dll
0x00007ffd123b0000 - 0x00007ffd123b9000 	C:\Windows\SYSTEM32\WSOCK32.dll
0x00007ffd1b580000 - 0x00007ffd1b5ec000 	C:\Windows\System32\WS2_32.dll
0x00007ffd10fe0000 - 0x00007ffd10fef000 	F:\Program Files (x86)\Android\Android Studio\jre\jre\bin\verify.dll
0x00007ffd10fb0000 - 0x00007ffd10fd9000 	F:\Program Files (x86)\Android\Android Studio\jre\jre\bin\java.dll
0x00007ffd0be00000 - 0x00007ffd0be16000 	F:\Program Files (x86)\Android\Android Studio\jre\jre\bin\zip.dll
0x00007ffd19710000 - 0x00007ffd1ab46000 	C:\Windows\System32\SHELL32.dll
0x00007ffd1b3f0000 - 0x00007ffd1b49a000 	C:\Windows\System32\shcore.dll
0x00007ffd18880000 - 0x00007ffd18f71000 	C:\Windows\System32\windows.storage.dll
0x00007ffd19110000 - 0x00007ffd19161000 	C:\Windows\System32\shlwapi.dll
0x00007ffd17eb0000 - 0x00007ffd17ec1000 	C:\Windows\System32\kernel.appcore.dll
0x00007ffd17ed0000 - 0x00007ffd17f1c000 	C:\Windows\System32\powrprof.dll
0x00007ffd17f20000 - 0x00007ffd17f35000 	C:\Windows\System32\profapi.dll

VM Arguments:
jvm_args: -Djava.awt.headless=true -Xmx4g -Dfile.encoding=windows-1252 -Duser.country=US -Duser.language=en -Duser.variant 
java_command: com.android.dx.command.Main --dex --force-jumbo --num-threads=4 --multi-dex --output F:\TIF\Semester 7\Mobile Programming\Lab\Event Finder v1.0\EventFinder\app\build\intermediates\transforms\dex\debug\folders\1000\5\slice_4 F:\TIF\Semester 7\Mobile Programming\Lab\Event Finder v1.0\EventFinder\app\build\intermediates\transforms\instantRunSlicer\debug\folders\1\5\slice_4
java_class_path (initial): F:\Android\sdk\build-tools\25.0.0\lib\dx.jar
Launcher Type: SUN_STANDARD

Environment Variables:
PATH=C:\ProgramData\Oracle\Java\javapath;C:\Program Files (x86)\Intel\iCLS Client\;C:\Program Files\Intel\iCLS Client\;C:\Windows\system32;C:\Windows;C:\Windows\System32\Wbem;C:\Windows\System32\WindowsPowerShell\v1.0\;C:\Program Files (x86)\Intel\Intel(R) Management Engine Components\DAL;C:\Program Files\Intel\Intel(R) Management Engine Components\DAL;C:\Program Files (x86)\Intel\Intel(R) Management Engine Components\IPT;C:\Program Files\Intel\Intel(R) Management Engine Components\IPT;C:\Program Files (x86)\NVIDIA Corporation\PhysX\Common;C:\Program Files\Java\jdk1.8.0_144\bin;C:\Program Files\Java\jdk1.8.0_144\lib;C:\TDM-GCC-64\bin;C:\Program Files (x86)\CodeBlocks\MinGW\bin;C:\Windows\system32;C:\Windows;C:\Windows\System32\Wbem;C:\Windows\System32\WindowsPowerShell\v1.0\;C:\HashiCorp\Vagrant\bin;C:\Program Files\Git\cmd;C:\Program Files\PuTTY\;C:\Users\legion Y520\AppData\Local\Programs\Python\Python35\Scripts\;C:\Users\legion Y520\AppData\Local\Programs\Python\Python35\;C:\Users\legion Y520\AppData\Local\Microsoft\WindowsApps;C:\TDM-GCC-64\bin;C:\Program Files (x86)\CodeBlocks\MinGW\bin;C:\Users\legion Y520\AppData\Local\GitHubDesktop\bin;C:\Users\legion Y520\AppData\Local\Microsoft\WindowsApps;C:\Program Files\aircrack-ng-1.2-rc4-win\bin\64bit;
USERNAME=Joseph
OS=Windows_NT
PROCESSOR_IDENTIFIER=Intel64 Family 6 Model 158 Stepping 9, GenuineIntel



---------------  S Y S T E M  ---------------

OS: Windows 10.0 , 64 bit Build 15063 (10.0.15063.296)

CPU:total 8 (4 cores per cpu, 2 threads per core) family 6 model 158 stepping 9, cmov, cx8, fxsr, mmx, sse, sse2, sse3, ssse3, sse4.1, sse4.2, popcnt, avx, avx2, aes, clmul, erms, 3dnowpref, lzcnt, ht, tsc, tscinvbit, bmi1, bmi2, adx

Memory: 4k page, physical 8260772k(746884k free), swap 12356772k(5572k free)

vm_info: OpenJDK 64-Bit Server VM (25.112-b06) for windows-amd64 JRE (1.8.0_112-release-b06), built on Dec  8 2016 00:54:26 by "builder" with MS VC++ 10.0 (VS2010)

time: Sat Oct 28 00:58:26 2017
elapsed time: 3 seconds (0d 0h 0m 3s)

