#
# There is insufficient memory for the Java Runtime Environment to continue.
# Native memory allocation (malloc) failed to allocate 306000 bytes for Chunk::new
# Possible reasons:
#   The system is out of physical RAM or swap space
#   In 32 bit mode, the process size limit was hit
# Possible solutions:
#   Reduce memory load on the system
#   Increase physical memory or swap space
#   Check if swap backing store is full
#   Use 64 bit Java on a 64 bit OS
#   Decrease Java heap size (-Xmx/-Xms)
#   Decrease number of Java threads
#   Decrease Java thread stack sizes (-Xss)
#   Set larger code cache with -XX:ReservedCodeCacheSize=
# This output file may be truncated or incomplete.
#
#  Out of Memory Error (allocation.cpp:390), pid=19536, tid=0x0000000000000d90
#
# JRE version: OpenJDK Runtime Environment (8.0_152-b01) (build 1.8.0_152-release-915-b01)
# Java VM: OpenJDK 64-Bit Server VM (25.152-b01 mixed mode windows-amd64 compressed oops)
# Failed to write core dump. Minidumps are not enabled by default on client versions of Windows
#

---------------  T H R E A D  ---------------

Current thread (0x000000001eb0a000):  JavaThread "C2 CompilerThread2" daemon [_thread_in_native, id=3472, stack(0x00000000213d0000,0x00000000214d0000)]

Stack: [0x00000000213d0000,0x00000000214d0000]
[error occurred during error reporting (printing stack bounds), id 0xc0000005]

Native frames: (J=compiled Java code, j=interpreted, Vv=VM code, C=native code)


Current CompileTask:
C2:  13673 2955       4       com.android.dx.ssa.DeadCodeRemover::run (194 bytes)


---------------  P R O C E S S  ---------------

Java Threads: ( => current thread )
  0x0000000021bc1800 JavaThread "pool-2-thread-4" [_thread_in_Java, id=14804, stack(0x00000000233a0000,0x00000000234a0000)]
  0x0000000021bc1000 JavaThread "pool-2-thread-3" [_thread_in_Java, id=4780, stack(0x00000000232a0000,0x00000000233a0000)]
  0x0000000020d94800 JavaThread "pool-2-thread-2" [_thread_in_Java, id=23516, stack(0x00000000231a0000,0x00000000232a0000)]
  0x0000000021c46800 JavaThread "pool-3-thread-1" [_thread_blocked, id=25400, stack(0x00000000230a0000,0x00000000231a0000)]
  0x0000000021c46000 JavaThread "pool-2-thread-1" [_thread_in_Java, id=10740, stack(0x0000000022fa0000,0x00000000230a0000)]
  0x0000000020a9a000 JavaThread "Service Thread" daemon [_thread_blocked, id=10028, stack(0x00000000215d0000,0x00000000216d0000)]
  0x000000001eb0e000 JavaThread "C1 CompilerThread3" daemon [_thread_blocked, id=1108, stack(0x00000000214d0000,0x00000000215d0000)]
=>0x000000001eb0a000 JavaThread "C2 CompilerThread2" daemon [_thread_in_native, id=3472, stack(0x00000000213d0000,0x00000000214d0000)]
  0x0000000020a11000 JavaThread "C2 CompilerThread1" daemon [_thread_in_native, id=15580, stack(0x00000000212d0000,0x00000000213d0000)]
  0x0000000020a09800 JavaThread "C2 CompilerThread0" daemon [_thread_in_native, id=25552, stack(0x00000000211d0000,0x00000000212d0000)]
  0x0000000020a16800 JavaThread "Attach Listener" daemon [_thread_blocked, id=23412, stack(0x00000000210d0000,0x00000000211d0000)]
  0x0000000020a15800 JavaThread "Signal Dispatcher" daemon [_thread_blocked, id=23416, stack(0x0000000020fd0000,0x00000000210d0000)]
  0x0000000020a00800 JavaThread "Finalizer" daemon [_thread_blocked, id=16880, stack(0x0000000020de0000,0x0000000020ee0000)]
  0x000000001eafb800 JavaThread "Reference Handler" daemon [_thread_blocked, id=2752, stack(0x00000000208e0000,0x00000000209e0000)]
  0x0000000004ede000 JavaThread "main" [_thread_in_Java, id=20696, stack(0x0000000004d50000,0x0000000004e50000)]

Other Threads:
  0x000000001eaf5000 VMThread [stack: 0x00000000207e0000,0x00000000208e0000] [id=7052]
  0x0000000020aa2800 WatcherThread [stack: 0x00000000216d0000,0x00000000217d0000] [id=11920]

VM state:not at safepoint (normal execution)

VM Mutex/Monitor currently owned by a thread: None

Heap:
 PSYoungGen      total 795648K, used 317489K [0x000000076ab00000, 0x00000007b9880000, 0x00000007c0000000)
  eden space 579584K, 54% used [0x000000076ab00000,0x000000077dfac030,0x000000078e100000)
  from space 216064K, 0% used [0x00000007a0c00000,0x00000007a0d60448,0x00000007adf00000)
  to   space 306176K, 0% used [0x000000078e100000,0x000000078e100000,0x00000007a0c00000)
 ParOldGen       total 619520K, used 619515K [0x00000006c0000000, 0x00000006e5d00000, 0x000000076ab00000)
  object space 619520K, 99% used [0x00000006c0000000,0x00000006e5cfed38,0x00000006e5d00000)
 Metaspace       used 6543K, capacity 7282K, committed 7552K, reserved 1056768K
  class space    used 601K, capacity 618K, committed 640K, reserved 1048576K

Card table byte_map: [0x00000000143a0000,0x0000000014bb0000] byte_map_base: 0x0000000010da0000

Marking Bits: (ParMarkBitMap*) 0x00000000732d3950
 Begin Bits: [0x0000000015910000, 0x0000000019910000)
 End Bits:   [0x0000000019910000, 0x000000001d910000)

Polling page: 0x0000000002f80000

CodeCache: size=245760Kb used=12759Kb max_used=15058Kb free=233000Kb
 bounds [0x0000000004fe0000, 0x0000000005ec0000, 0x0000000013fe0000]
 total_blobs=2684 nmethods=2421 adapters=176
 compilation: enabled

Compilation events (10 events):
Event: 13.501 Thread 0x0000000020a09800 nmethod 2975 0x0000000005471750 code [0x0000000005471940, 0x0000000005472a78]
Event: 13.501 Thread 0x0000000020a09800 2979       4       com.android.dx.ssa.SsaRenamer::<init> (100 bytes)
Event: 13.506 Thread 0x0000000020a09800 nmethod 2979 0x0000000005316b90 code [0x0000000005316d00, 0x0000000005317188]
Event: 13.506 Thread 0x0000000020a09800 2991   !   4       com.android.dx.cf.direct.MemberListParser::parse (641 bytes)
Event: 13.513 Thread 0x000000001eb0e000 2993       2       java.util.concurrent.locks.AbstractQueuedSynchronizer::shouldParkAfterFailedAcquire (50 bytes)
Event: 13.513 Thread 0x000000001eb0e000 nmethod 2993 0x000000000524f850 code [0x000000000524f9c0, 0x000000000524fbf0]
Event: 13.527 Thread 0x000000001eb0e000 2994       2       java.util.ArrayList::lastIndexOf (69 bytes)
Event: 13.528 Thread 0x000000001eb0e000 nmethod 2994 0x0000000005431350 code [0x00000000054314e0, 0x00000000054317e8]
Event: 13.533 Thread 0x000000001eb0e000 2996       2       com.android.dx.ssa.LiteralOpUpgrader::replacePlainInsn (131 bytes)
Event: 13.534 Thread 0x000000001eb0e000 nmethod 2996 0x0000000005118ed0 code [0x0000000005119100, 0x0000000005119a18]

GC Heap History (10 events):
Event: 5.662 GC heap before
{Heap before GC invocations=17 (full 3):
 PSYoungGen      total 753664K, used 103086K [0x000000076ab00000, 0x00000007a4900000, 0x00000007c0000000)
  eden space 582144K, 0% used [0x000000076ab00000,0x000000076ab00000,0x000000078e380000)
  from space 171520K, 60% used [0x0000000798f80000,0x000000079f42bac0,0x00000007a3700000)
  to   space 176128K, 0% used [0x000000078e380000,0x000000078e380000,0x0000000798f80000)
 ParOldGen       total 386560K, used 386284K [0x00000006c0000000, 0x00000006d7980000, 0x000000076ab00000)
  object space 386560K, 99% used [0x00000006c0000000,0x00000006d793b000,0x00000006d7980000)
 Metaspace       used 6530K, capacity 7282K, committed 7552K, reserved 1056768K
  class space    used 599K, capacity 618K, committed 640K, reserved 1048576K
Event: 7.058 GC heap after
Heap after GC invocations=17 (full 3):
 PSYoungGen      total 753664K, used 98163K [0x000000076ab00000, 0x00000007a4900000, 0x00000007c0000000)
  eden space 582144K, 0% used [0x000000076ab00000,0x000000076ab00000,0x000000078e380000)
  from space 171520K, 57% used [0x0000000798f80000,0x000000079ef5cf08,0x00000007a3700000)
  to   space 176128K, 0% used [0x000000078e380000,0x000000078e380000,0x0000000798f80000)
 ParOldGen       total 619520K, used 386146K [0x00000006c0000000, 0x00000006e5d00000, 0x000000076ab00000)
  object space 619520K, 62% used [0x00000006c0000000,0x00000006d7918b08,0x00000006e5d00000)
 Metaspace       used 6530K, capacity 7282K, committed 7552K, reserved 1056768K
  class space    used 599K, capacity 618K, committed 640K, reserved 1048576K
}
Event: 8.721 GC heap before
{Heap before GC invocations=18 (full 3):
 PSYoungGen      total 753664K, used 680307K [0x000000076ab00000, 0x00000007a4900000, 0x00000007c0000000)
  eden space 582144K, 100% used [0x000000076ab00000,0x000000078e380000,0x000000078e380000)
  from space 171520K, 57% used [0x0000000798f80000,0x000000079ef5cf08,0x00000007a3700000)
  to   space 176128K, 0% used [0x000000078e380000,0x000000078e380000,0x0000000798f80000)
 ParOldGen       total 619520K, used 386146K [0x00000006c0000000, 0x00000006e5d00000, 0x000000076ab00000)
  object space 619520K, 62% used [0x00000006c0000000,0x00000006d7918b08,0x00000006e5d00000)
 Metaspace       used 6541K, capacity 7282K, committed 7552K, reserved 1056768K
  class space    used 600K, capacity 618K, committed 640K, reserved 1048576K
Event: 8.837 GC heap after
Heap after GC invocations=18 (full 3):
 PSYoungGen      total 758272K, used 176108K [0x000000076ab00000, 0x00000007adf00000, 0x00000007c0000000)
  eden space 582144K, 0% used [0x000000076ab00000,0x000000076ab00000,0x000000078e380000)
  from space 176128K, 99% used [0x000000078e380000,0x0000000798f7b228,0x0000000798f80000)
  to   space 216064K, 0% used [0x00000007a0c00000,0x00000007a0c00000,0x00000007adf00000)
 ParOldGen       total 619520K, used 413630K [0x00000006c0000000, 0x00000006e5d00000, 0x000000076ab00000)
  object space 619520K, 66% used [0x00000006c0000000,0x00000006d93efa80,0x00000006e5d00000)
 Metaspace       used 6541K, capacity 7282K, committed 7552K, reserved 1056768K
  class space    used 600K, capacity 618K, committed 640K, reserved 1048576K
}
Event: 9.619 GC heap before
{Heap before GC invocations=19 (full 3):
 PSYoungGen      total 758272K, used 758252K [0x000000076ab00000, 0x00000007adf00000, 0x00000007c0000000)
  eden space 582144K, 100% used [0x000000076ab00000,0x000000078e380000,0x000000078e380000)
  from space 176128K, 99% used [0x000000078e380000,0x0000000798f7b228,0x0000000798f80000)
  to   space 216064K, 0% used [0x00000007a0c00000,0x00000007a0c00000,0x00000007adf00000)
 ParOldGen       total 619520K, used 413630K [0x00000006c0000000, 0x00000006e5d00000, 0x000000076ab00000)
  object space 619520K, 66% used [0x00000006c0000000,0x00000006d93efa80,0x00000006e5d00000)
 Metaspace       used 6542K, capacity 7282K, committed 7552K, reserved 1056768K
  class space    used 601K, capacity 618K, committed 640K, reserved 1048576K
Event: 9.758 GC heap after
Heap after GC invocations=19 (full 3):
 PSYoungGen      total 795648K, used 216033K [0x000000076ab00000, 0x00000007b9880000, 0x00000007c0000000)
  eden space 579584K, 0% used [0x000000076ab00000,0x000000076ab00000,0x000000078e100000)
  from space 216064K, 99% used [0x00000007a0c00000,0x00000007adef87f0,0x00000007adf00000)
  to   space 306176K, 0% used [0x000000078e100000,0x000000078e100000,0x00000007a0c00000)
 ParOldGen       total 619520K, used 557229K [0x00000006c0000000, 0x00000006e5d00000, 0x000000076ab00000)
  object space 619520K, 89% used [0x00000006c0000000,0x00000006e202b660,0x00000006e5d00000)
 Metaspace       used 6542K, capacity 7282K, committed 7552K, reserved 1056768K
  class space    used 601K, capacity 618K, committed 640K, reserved 1048576K
}
Event: 9.758 GC heap before
{Heap before GC invocations=20 (full 4):
 PSYoungGen      total 795648K, used 216033K [0x000000076ab00000, 0x00000007b9880000, 0x00000007c0000000)
  eden space 579584K, 0% used [0x000000076ab00000,0x000000076ab00000,0x000000078e100000)
  from space 216064K, 99% used [0x00000007a0c00000,0x00000007adef87f0,0x00000007adf00000)
  to   space 306176K, 0% used [0x000000078e100000,0x000000078e100000,0x00000007a0c00000)
 ParOldGen       total 619520K, used 557229K [0x00000006c0000000, 0x00000006e5d00000, 0x000000076ab00000)
  object space 619520K, 89% used [0x00000006c0000000,0x00000006e202b660,0x00000006e5d00000)
 Metaspace       used 6542K, capacity 7282K, committed 7552K, reserved 1056768K
  class space    used 601K, capacity 618K, committed 640K, reserved 1048576K
Event: 11.104 GC heap after
Heap after GC invocations=20 (full 4):
 PSYoungGen      total 795648K, used 61306K [0x000000076ab00000, 0x00000007b9880000, 0x00000007c0000000)
  eden space 579584K, 0% used [0x000000076ab00000,0x000000076ab00000,0x000000078e100000)
  from space 216064K, 28% used [0x00000007a0c00000,0x00000007a47deac8,0x00000007adf00000)
  to   space 306176K, 0% used [0x000000078e100000,0x000000078e100000,0x00000007a0c00000)
 ParOldGen       total 619520K, used 619137K [0x00000006c0000000, 0x00000006e5d00000, 0x000000076ab00000)
  object space 619520K, 99% used [0x00000006c0000000,0x00000006e5ca05d8,0x00000006e5d00000)
 Metaspace       used 6542K, capacity 7282K, committed 7552K, reserved 1056768K
  class space    used 601K, capacity 618K, committed 640K, reserved 1048576K
}
Event: 11.766 GC heap before
{Heap before GC invocations=21 (full 5):
 PSYoungGen      total 795648K, used 640890K [0x000000076ab00000, 0x00000007b9880000, 0x00000007c0000000)
  eden space 579584K, 100% used [0x000000076ab00000,0x000000078e100000,0x000000078e100000)
  from space 216064K, 28% used [0x00000007a0c00000,0x00000007a47deac8,0x00000007adf00000)
  to   space 306176K, 0% used [0x000000078e100000,0x000000078e100000,0x00000007a0c00000)
 ParOldGen       total 619520K, used 619137K [0x00000006c0000000, 0x00000006e5d00000, 0x000000076ab00000)
  object space 619520K, 99% used [0x00000006c0000000,0x00000006e5ca05d8,0x00000006e5d00000)
 Metaspace       used 6542K, capacity 7282K, committed 7552K, reserved 1056768K
  class space    used 601K, capacity 618K, committed 640K, reserved 1048576K
Event: 13.425 GC heap after
Heap after GC invocations=21 (full 5):
 PSYoungGen      total 795648K, used 1409K [0x000000076ab00000, 0x00000007b9880000, 0x00000007c0000000)
  eden space 579584K, 0% used [0x000000076ab00000,0x000000076ab00000,0x000000078e100000)
  from space 216064K, 0% used [0x00000007a0c00000,0x00000007a0d60448,0x00000007adf00000)
  to   space 306176K, 0% used [0x000000078e100000,0x000000078e100000,0x00000007a0c00000)
 ParOldGen       total 619520K, used 619515K [0x00000006c0000000, 0x00000006e5d00000, 0x000000076ab00000)
  object space 619520K, 99% used [0x00000006c0000000,0x00000006e5cfed38,0x00000006e5d00000)
 Metaspace       used 6542K, capacity 7282K, committed 7552K, reserved 1056768K
  class space    used 601K, capacity 618K, committed 640K, reserved 1048576K
}

Deoptimization events (10 events):
Event: 7.903 Thread 0x0000000004ede000 Uncommon trap: reason=class_check action=maybe_recompile pc=0x00000000053fcd10 method=com.android.dx.ssa.back.InterferenceGraph.add(II)V @ 19
Event: 7.903 Thread 0x0000000004ede000 Uncommon trap: reason=class_check action=maybe_recompile pc=0x00000000053fcd10 method=com.android.dx.ssa.back.InterferenceGraph.add(II)V @ 19
Event: 7.903 Thread 0x0000000004ede000 Uncommon trap: reason=class_check action=maybe_recompile pc=0x00000000053fcd10 method=com.android.dx.ssa.back.InterferenceGraph.add(II)V @ 19
Event: 7.930 Thread 0x0000000004ede000 Uncommon trap: reason=class_check action=maybe_recompile pc=0x0000000005a77f30 method=com.android.dx.ssa.back.InterferenceGraph.mergeInterferenceSet(ILcom/android/dx/util/IntSet;)V @ 20
Event: 7.930 Thread 0x0000000004ede000 Uncommon trap: reason=class_check action=maybe_recompile pc=0x0000000005a77f30 method=com.android.dx.ssa.back.InterferenceGraph.mergeInterferenceSet(ILcom/android/dx/util/IntSet;)V @ 20
Event: 7.930 Thread 0x0000000004ede000 Uncommon trap: reason=class_check action=maybe_recompile pc=0x0000000005a77f30 method=com.android.dx.ssa.back.InterferenceGraph.mergeInterferenceSet(ILcom/android/dx/util/IntSet;)V @ 20
Event: 7.933 Thread 0x0000000004ede000 Uncommon trap: reason=class_check action=maybe_recompile pc=0x0000000005a77f30 method=com.android.dx.ssa.back.InterferenceGraph.mergeInterferenceSet(ILcom/android/dx/util/IntSet;)V @ 20
Event: 7.982 Thread 0x0000000004ede000 Uncommon trap: reason=unstable_if action=reinterpret pc=0x0000000005d53348 method=com.android.dx.rop.code.LocalVariableInfo.mergeStarts(ILcom/android/dx/rop/code/RegisterSpecSet;)Z @ 31
Event: 8.099 Thread 0x0000000004ede000 Uncommon trap: reason=unstable_if action=reinterpret pc=0x0000000005d78f58 method=com.android.dx.ssa.SCCP.replaceBranches()V @ 14
Event: 11.751 Thread 0x0000000021bc1800 Uncommon trap: reason=unstable_if action=reinterpret pc=0x0000000005271268 method=com.android.dx.cf.code.Ropper.addOrReplaceBlock(Lcom/android/dx/rop/code/BasicBlock;Lcom/android/dx/util/IntList;)Z @ 24

Classes redefined (0 events):
No events

Internal exceptions (10 events):
Event: 0.023 Thread 0x0000000004ede000 Exception <a 'java/lang/NoSuchMethodError': Method sun.misc.Unsafe.prefetchRead(Ljava/lang/Object;J)V name or signature does not match> (0x000000076ab07f90) thrown at [D:\src\AOSP-openjdk-cygwin\jdk8u\hotspot\src\share\vm\prims\jni.cpp, line 4011]
Event: 0.180 Thread 0x0000000004ede000 Implicit null exception at 0x00000000051512b8 to 0x00000000051518d1
Event: 0.373 Thread 0x0000000020d94800 Implicit null exception at 0x00000000052cd762 to 0x00000000052cd862
Event: 0.405 Thread 0x0000000021bc1800 Implicit null exception at 0x00000000053605ce to 0x0000000005362e2d
Event: 0.457 Thread 0x0000000021c46000 Implicit null exception at 0x0000000005337869 to 0x0000000005338f31
Event: 0.510 Thread 0x0000000021bc1000 Implicit null exception at 0x00000000053f3875 to 0x00000000053f3a3d
Event: 0.570 Thread 0x0000000021bc1000 Exception <a 'java/lang/ArrayIndexOutOfBoundsException': 18> (0x000000076c1d7240) thrown at [D:\src\AOSP-openjdk-cygwin\jdk8u\hotspot\src\share\vm\interpreter\interpreterRuntime.cpp, line 366]
Event: 0.571 Thread 0x0000000021bc1000 Exception <a 'java/lang/ArrayIndexOutOfBoundsException': 145> (0x000000076c1d8dc0) thrown at [D:\src\AOSP-openjdk-cygwin\jdk8u\hotspot\src\share\vm\interpreter\interpreterRuntime.cpp, line 366]
Event: 0.571 Thread 0x0000000021bc1000 Exception <a 'java/lang/ArrayIndexOutOfBoundsException': 40> (0x000000076c1da0a8) thrown at [D:\src\AOSP-openjdk-cygwin\jdk8u\hotspot\src\share\vm\interpreter\interpreterRuntime.cpp, line 366]
Event: 2.843 Thread 0x0000000004ede000 Implicit null exception at 0x000000000516b290 to 0x000000000516bc21

Events (10 events):
Event: 13.520 Thread 0x0000000020d94800 DEOPT PACKING pc=0x0000000005c051c9 sp=0x000000002329ec40
Event: 13.520 Thread 0x0000000020d94800 DEOPT UNPACKING pc=0x00000000050275bf sp=0x000000002329e9e8 mode 0
Event: 13.552 Thread 0x0000000004ede000 DEOPT PACKING pc=0x00000000057b8693 sp=0x0000000004e4e600
Event: 13.552 Thread 0x0000000004ede000 DEOPT UNPACKING pc=0x00000000050275bf sp=0x0000000004e4e410 mode 0
Event: 13.553 Thread 0x0000000020d94800 DEOPT PACKING pc=0x0000000005c051c9 sp=0x000000002329ec40
Event: 13.553 Thread 0x0000000020d94800 DEOPT UNPACKING pc=0x00000000050275bf sp=0x000000002329e9e8 mode 0
Event: 13.554 Thread 0x0000000004ede000 DEOPT PACKING pc=0x00000000057bcad4 sp=0x0000000004e4e500
Event: 13.554 Thread 0x0000000004ede000 DEOPT UNPACKING pc=0x00000000050275bf sp=0x0000000004e4e2c0 mode 0
Event: 13.557 Thread 0x0000000021bc1000 DEOPT PACKING pc=0x0000000005788624 sp=0x000000002339ef30
Event: 13.557 Thread 0x0000000021bc1000 DEOPT UNPACKING pc=0x00000000050275bf sp=0x000000002339ed10 mode 0


Dynamic libraries:
0x00007ff732ce0000 - 0x00007ff732d11000 	F:\Program Files (x86)\Android\Android Studio\jre\bin\java.exe
0x00007ff8ab5d0000 - 0x00007ff8ab7b0000 	C:\WINDOWS\SYSTEM32\ntdll.dll
0x00007ff8aa7d0000 - 0x00007ff8aa87e000 	C:\WINDOWS\System32\KERNEL32.DLL
0x00007ff8a7b10000 - 0x00007ff8a7d76000 	C:\WINDOWS\System32\KERNELBASE.dll
0x00007ff8aa420000 - 0x00007ff8aa4c1000 	C:\WINDOWS\System32\ADVAPI32.dll
0x00007ff8aa6a0000 - 0x00007ff8aa73d000 	C:\WINDOWS\System32\msvcrt.dll
0x00007ff8ab0f0000 - 0x00007ff8ab14b000 	C:\WINDOWS\System32\sechost.dll
0x00007ff8aae30000 - 0x00007ff8aaf4f000 	C:\WINDOWS\System32\RPCRT4.dll
0x00007ff8ab150000 - 0x00007ff8ab2df000 	C:\WINDOWS\System32\USER32.dll
0x00007ff8a8800000 - 0x00007ff8a8820000 	C:\WINDOWS\System32\win32u.dll
0x00007ff8aa9b0000 - 0x00007ff8aa9d8000 	C:\WINDOWS\System32\GDI32.dll
0x00007ff8a88d0000 - 0x00007ff8a8a64000 	C:\WINDOWS\System32\gdi32full.dll
0x00007ff8a79a0000 - 0x00007ff8a7a3b000 	C:\WINDOWS\System32\msvcp_win.dll
0x00007ff8a7f50000 - 0x00007ff8a8046000 	C:\WINDOWS\System32\ucrtbase.dll
0x00007ff89cca0000 - 0x00007ff89cf09000 	C:\WINDOWS\WinSxS\amd64_microsoft.windows.common-controls_6595b64144ccf1df_6.0.16299.64_none_cc9304e22215ca8f\COMCTL32.dll
0x00007ff8aa070000 - 0x00007ff8aa378000 	C:\WINDOWS\System32\combase.dll
0x00007ff8a7a40000 - 0x00007ff8a7ab2000 	C:\WINDOWS\System32\bcryptPrimitives.dll
0x00007ff8aafb0000 - 0x00007ff8aafdd000 	C:\WINDOWS\System32\IMM32.DLL
0x0000000072950000 - 0x0000000072a22000 	F:\Program Files (x86)\Android\Android Studio\jre\jre\bin\msvcr100.dll
0x0000000072b10000 - 0x000000007334e000 	F:\Program Files (x86)\Android\Android Studio\jre\jre\bin\server\jvm.dll
0x00007ff8ab560000 - 0x00007ff8ab568000 	C:\WINDOWS\System32\PSAPI.DLL
0x00007ff8a23d0000 - 0x00007ff8a23da000 	C:\WINDOWS\SYSTEM32\VERSION.dll
0x00007ff8a3260000 - 0x00007ff8a3283000 	C:\WINDOWS\SYSTEM32\WINMM.dll
0x00007ff8a5c50000 - 0x00007ff8a5c59000 	C:\WINDOWS\SYSTEM32\WSOCK32.dll
0x00007ff8aa760000 - 0x00007ff8aa7cc000 	C:\WINDOWS\System32\WS2_32.dll
0x00007ff8a3230000 - 0x00007ff8a325a000 	C:\WINDOWS\SYSTEM32\WINMMBASE.dll
0x00007ff8a7ac0000 - 0x00007ff8a7b0a000 	C:\WINDOWS\System32\cfgmgr32.dll
0x00007ff8a5560000 - 0x00007ff8a556f000 	F:\Program Files (x86)\Android\Android Studio\jre\jre\bin\verify.dll
0x00007ff8a13c0000 - 0x00007ff8a13e9000 	F:\Program Files (x86)\Android\Android Studio\jre\jre\bin\java.dll
0x00007ff8a2a00000 - 0x00007ff8a2a16000 	F:\Program Files (x86)\Android\Android Studio\jre\jre\bin\zip.dll
0x00007ff8a8a80000 - 0x00007ff8a9eb7000 	C:\WINDOWS\System32\SHELL32.dll
0x00007ff8ab360000 - 0x00007ff8ab406000 	C:\WINDOWS\System32\shcore.dll
0x00007ff8a8050000 - 0x00007ff8a8797000 	C:\WINDOWS\System32\windows.storage.dll
0x00007ff8aa880000 - 0x00007ff8aa8d1000 	C:\WINDOWS\System32\shlwapi.dll
0x00007ff8a7960000 - 0x00007ff8a7971000 	C:\WINDOWS\System32\kernel.appcore.dll
0x00007ff8a78f0000 - 0x00007ff8a793c000 	C:\WINDOWS\System32\powrprof.dll
0x00007ff8a7980000 - 0x00007ff8a799b000 	C:\WINDOWS\System32\profapi.dll

VM Arguments:
jvm_args: -Djava.awt.headless=true -Xmx4g -Dfile.encoding=windows-1252 -Duser.country=US -Duser.language=en -Duser.variant 
java_command: com.android.dx.command.Main --dex --num-threads=4 --multi-dex --main-dex-list F:\TIF\Semester 7\Mobile Programming\Lab\WhatsCamp\WhatsCamp\app\build\intermediates\multi-dex\debug\maindexlist.txt --output F:\TIF\Semester 7\Mobile Programming\Lab\WhatsCamp\WhatsCamp\app\build\intermediates\transforms\dex\debug\folders\1000\1f\main F:\TIF\Semester 7\Mobile Programming\Lab\WhatsCamp\WhatsCamp\app\build\intermediates\transforms\jarMerging\debug\jars\1\1f\combined.jar
java_class_path (initial): F:\Android\sdk\build-tools\25.0.0\lib\dx.jar
Launcher Type: SUN_STANDARD

Environment Variables:
PATH=C:\ProgramData\Oracle\Java\javapath;C:\Program Files (x86)\Intel\iCLS Client\;C:\Program Files\Intel\iCLS Client\;C:\Windows\system32;C:\Windows;C:\Windows\System32\Wbem;C:\Windows\System32\WindowsPowerShell\v1.0\;C:\Program Files (x86)\Intel\Intel(R) Management Engine Components\DAL;C:\Program Files\Intel\Intel(R) Management Engine Components\DAL;C:\Program Files (x86)\Intel\Intel(R) Management Engine Components\IPT;C:\Program Files\Intel\Intel(R) Management Engine Components\IPT;C:\Program Files (x86)\NVIDIA Corporation\PhysX\Common;C:\Program Files\Java\jdk1.8.0_144\bin;C:\Program Files\Java\jdk1.8.0_144\lib;C:\TDM-GCC-64\bin;C:\Program Files (x86)\CodeBlocks\MinGW\bin;C:\WINDOWS\system32;C:\WINDOWS;C:\WINDOWS\System32\Wbem;C:\WINDOWS\System32\WindowsPowerShell\v1.0\;C:\HashiCorp\Vagrant\bin;C:\Program Files\Git\cmd;C:\Program Files\PuTTY\;C:\Program Files\IBM\Bluemix\bin;C:\Program Files\Cloud Foundry;C:\Program Files (x86)\QuickTime\QTSystem\;C:\Users\legion Y520\AppData\Local\Programs\Python\Python35\Scripts\;C:\Users\legion Y520\AppData\Local\Programs\Python\Python35\;C:\Users\legion Y520\AppData\Local\Microsoft\WindowsApps;C:\TDM-GCC-64\bin;C:\Program Files (x86)\CodeBlocks\MinGW\bin;C:\Users\legion Y520\AppData\Local\GitHubDesktop\bin;C:\Users\legion Y520\AppData\Local\Microsoft\WindowsApps;C:\Program Files\aircrack-ng-1.2-rc4-win\bin\64bit;
USERNAME=Joseph
OS=Windows_NT
PROCESSOR_IDENTIFIER=Intel64 Family 6 Model 158 Stepping 9, GenuineIntel



---------------  S Y S T E M  ---------------

OS: Windows 10.0 , 64 bit Build 16299 (10.0.16299.15)

CPU:total 8 (initial active 8) (4 cores per cpu, 2 threads per core) family 6 model 158 stepping 9, cmov, cx8, fxsr, mmx, sse, sse2, sse3, ssse3, sse4.1, sse4.2, popcnt, avx, avx2, aes, clmul, erms, 3dnowpref, lzcnt, ht, tsc, tscinvbit, bmi1, bmi2, adx

Memory: 4k page, physical 8260772k(675252k free), swap 12356772k(0k free)

vm_info: OpenJDK 64-Bit Server VM (25.152-b01) for windows-amd64 JRE (1.8.0_152-release-915-b01), built by "builder" with MS VC++ 10.0 (VS2010)

time: Sat Nov 25 12:17:56 2017
elapsed time: 13 seconds (0d 0h 0m 13s)

