#
# There is insufficient memory for the Java Runtime Environment to continue.
# Native memory allocation (malloc) failed to allocate 1048576 bytes for AllocateHeap
# Possible reasons:
#   The system is out of physical RAM or swap space
#   In 32 bit mode, the process size limit was hit
# Possible solutions:
#   Reduce memory load on the system
#   Increase physical memory or swap space
#   Check if swap backing store is full
#   Use 64 bit Java on a 64 bit OS
#   Decrease Java heap size (-Xmx/-Xms)
#   Decrease number of Java threads
#   Decrease Java thread stack sizes (-Xss)
#   Set larger code cache with -XX:ReservedCodeCacheSize=
# This output file may be truncated or incomplete.
#
#  Out of Memory Error (memory/allocation.inline.hpp:61), pid=23952, tid=0x0000000000000e98
#
# JRE version:  (8.0_152-b01) (build )
# Java VM: OpenJDK 64-Bit Server VM (25.152-b01 mixed mode windows-amd64 compressed oops)
# Failed to write core dump. Minidumps are not enabled by default on client versions of Windows
#

---------------  T H R E A D  ---------------

Current thread (0x0000000004c0e000):  JavaThread "Unknown thread" [_thread_in_vm, id=3736, stack(0x0000000004a70000,0x0000000004b70000)]

Stack: [0x0000000004a70000,0x0000000004b70000]
[error occurred during error reporting (printing stack bounds), id 0xc0000005]

Native frames: (J=compiled Java code, j=interpreted, Vv=VM code, C=native code)


---------------  P R O C E S S  ---------------

Java Threads: ( => current thread )

Other Threads:

=>0x0000000004c0e000 (exited) JavaThread "Unknown thread" [_thread_in_vm, id=3736, stack(0x0000000004a70000,0x0000000004b70000)]

VM state:not at safepoint (normal execution)

VM Mutex/Monitor currently owned by a thread: None

Heap:
 PSYoungGen      total 38400K, used 665K [0x000000076ab00000, 0x000000076d580000, 0x00000007c0000000)
  eden space 33280K, 2% used [0x000000076ab00000,0x000000076aba6670,0x000000076cb80000)
  from space 5120K, 0% used [0x000000076d080000,0x000000076d080000,0x000000076d580000)
  to   space 5120K, 0% used [0x000000076cb80000,0x000000076cb80000,0x000000076d080000)
 ParOldGen       total 87552K, used 0K [0x00000006c0000000, 0x00000006c5580000, 0x000000076ab00000)
  object space 87552K, 0% used [0x00000006c0000000,0x00000006c0000000,0x00000006c5580000)
 Metaspace       used 772K, capacity 4480K, committed 4480K, reserved 1056768K
  class space    used 73K, capacity 384K, committed 384K, reserved 1048576K

Card table byte_map: [0x00000000140d0000,0x00000000148e0000] byte_map_base: 0x0000000010ad0000

Marking Bits: (ParMarkBitMap*) 0x0000000067df3950
 Begin Bits: [0x0000000015640000, 0x0000000019640000)
 End Bits:   [0x0000000019640000, 0x000000001d640000)

Polling page: 0x0000000002e40000

CodeCache: size=245760Kb used=328Kb max_used=328Kb free=245431Kb
 bounds [0x0000000004d10000, 0x0000000004f80000, 0x0000000013d10000]
 total_blobs=57 nmethods=0 adapters=38
 compilation: enabled

Compilation events (0 events):
No events

GC Heap History (0 events):
No events

Deoptimization events (0 events):
No events

Classes redefined (0 events):
No events

Internal exceptions (0 events):
No events

Events (10 events):
Event: 0.019 loading class java/lang/Short
Event: 0.019 loading class java/lang/Short done
Event: 0.019 loading class java/lang/Integer
Event: 0.020 loading class java/lang/Integer done
Event: 0.020 loading class java/lang/Long
Event: 0.020 loading class java/lang/Long done
Event: 0.020 loading class java/lang/NullPointerException
Event: 0.020 loading class java/lang/NullPointerException done
Event: 0.020 loading class java/lang/ArithmeticException
Event: 0.020 loading class java/lang/ArithmeticException done


Dynamic libraries:
0x00007ff62b0a0000 - 0x00007ff62b0d1000 	F:\Program Files (x86)\Android\Android Studio\jre\bin\java.exe
0x00007ff8c0340000 - 0x00007ff8c0520000 	C:\WINDOWS\SYSTEM32\ntdll.dll
0x00007ff8bdd10000 - 0x00007ff8bddbe000 	C:\WINDOWS\System32\KERNEL32.DLL
0x00007ff8bd2e0000 - 0x00007ff8bd546000 	C:\WINDOWS\System32\KERNELBASE.dll
0x00007ff8bdf80000 - 0x00007ff8be021000 	C:\WINDOWS\System32\ADVAPI32.dll
0x00007ff8c0020000 - 0x00007ff8c00bd000 	C:\WINDOWS\System32\msvcrt.dll
0x00007ff8bfd80000 - 0x00007ff8bfddb000 	C:\WINDOWS\System32\sechost.dll
0x00007ff8bde20000 - 0x00007ff8bdf3f000 	C:\WINDOWS\System32\RPCRT4.dll
0x00007ff8bd840000 - 0x00007ff8bd9ce000 	C:\WINDOWS\System32\USER32.dll
0x00007ff8bd2c0000 - 0x00007ff8bd2e0000 	C:\WINDOWS\System32\win32u.dll
0x00007ff8bdce0000 - 0x00007ff8bdd08000 	C:\WINDOWS\System32\GDI32.dll
0x00007ff8bc7b0000 - 0x00007ff8bc944000 	C:\WINDOWS\System32\gdi32full.dll
0x00007ff8bc710000 - 0x00007ff8bc7ab000 	C:\WINDOWS\System32\msvcp_win.dll
0x00007ff8bd600000 - 0x00007ff8bd6f6000 	C:\WINDOWS\System32\ucrtbase.dll
0x00007ff8abdf0000 - 0x00007ff8ac059000 	C:\WINDOWS\WinSxS\amd64_microsoft.windows.common-controls_6595b64144ccf1df_6.0.16299.19_none_cc92fab02215da61\COMCTL32.dll
0x00007ff8bd9d0000 - 0x00007ff8bdcd8000 	C:\WINDOWS\System32\combase.dll
0x00007ff8bd700000 - 0x00007ff8bd772000 	C:\WINDOWS\System32\bcryptPrimitives.dll
0x00007ff8bdf40000 - 0x00007ff8bdf6d000 	C:\WINDOWS\System32\IMM32.DLL
0x0000000067470000 - 0x0000000067542000 	F:\Program Files (x86)\Android\Android Studio\jre\jre\bin\msvcr100.dll
0x0000000067630000 - 0x0000000067e6e000 	F:\Program Files (x86)\Android\Android Studio\jre\jre\bin\server\jvm.dll
0x00007ff8bfd70000 - 0x00007ff8bfd78000 	C:\WINDOWS\System32\PSAPI.DLL
0x00007ff8b72f0000 - 0x00007ff8b72fa000 	C:\WINDOWS\SYSTEM32\VERSION.dll
0x00007ff8a8940000 - 0x00007ff8a8949000 	C:\WINDOWS\SYSTEM32\WSOCK32.dll
0x00007ff8abd20000 - 0x00007ff8abd43000 	C:\WINDOWS\SYSTEM32\WINMM.dll
0x00007ff8bfb60000 - 0x00007ff8bfbcc000 	C:\WINDOWS\System32\WS2_32.dll
0x00007ff8ab200000 - 0x00007ff8ab22a000 	C:\WINDOWS\SYSTEM32\WINMMBASE.dll
0x00007ff8bd0a0000 - 0x00007ff8bd0ea000 	C:\WINDOWS\System32\cfgmgr32.dll
0x00007ff8a7730000 - 0x00007ff8a773f000 	F:\Program Files (x86)\Android\Android Studio\jre\jre\bin\verify.dll
0x00007ff88b2b0000 - 0x00007ff88b2d9000 	F:\Program Files (x86)\Android\Android Studio\jre\jre\bin\java.dll
0x00007ff89bbf0000 - 0x00007ff89bc06000 	F:\Program Files (x86)\Android\Android Studio\jre\jre\bin\zip.dll

VM Arguments:
jvm_args: -Djava.awt.headless=true -Xmx4g -Dfile.encoding=windows-1252 -Duser.country=US -Duser.language=en -Duser.variant 
java_command: com.android.dx.command.Main --dex --force-jumbo --num-threads=4 --multi-dex --output F:\TIF\Semester 7\Mobile Programming\Lab\WhatsCamp\WhatsCamp\app\build\intermediates\transforms\dex\debug\folders\1000\5\slice_0 F:\TIF\Semester 7\Mobile Programming\Lab\WhatsCamp\WhatsCamp\app\build\intermediates\transforms\instantRunSlicer\debug\folders\1\5\slice_0
java_class_path (initial): F:\Android\sdk\build-tools\25.0.0\lib\dx.jar
Launcher Type: SUN_STANDARD

Environment Variables:
PATH=C:\ProgramData\Oracle\Java\javapath;C:\Program Files (x86)\Intel\iCLS Client\;C:\Program Files\Intel\iCLS Client\;C:\Windows\system32;C:\Windows;C:\Windows\System32\Wbem;C:\Windows\System32\WindowsPowerShell\v1.0\;C:\Program Files (x86)\Intel\Intel(R) Management Engine Components\DAL;C:\Program Files\Intel\Intel(R) Management Engine Components\DAL;C:\Program Files (x86)\Intel\Intel(R) Management Engine Components\IPT;C:\Program Files\Intel\Intel(R) Management Engine Components\IPT;C:\Program Files (x86)\NVIDIA Corporation\PhysX\Common;C:\Program Files\Java\jdk1.8.0_144\bin;C:\Program Files\Java\jdk1.8.0_144\lib;C:\TDM-GCC-64\bin;C:\Program Files (x86)\CodeBlocks\MinGW\bin;C:\WINDOWS\system32;C:\WINDOWS;C:\WINDOWS\System32\Wbem;C:\WINDOWS\System32\WindowsPowerShell\v1.0\;C:\HashiCorp\Vagrant\bin;C:\Program Files\Git\cmd;C:\Program Files\PuTTY\;C:\Program Files\IBM\Bluemix\bin;C:\Program Files\Cloud Foundry;C:\Users\legion Y520\AppData\Local\Programs\Python\Python35\Scripts\;C:\Users\legion Y520\AppData\Local\Programs\Python\Python35\;C:\Users\legion Y520\AppData\Local\Microsoft\WindowsApps;C:\TDM-GCC-64\bin;C:\Program Files (x86)\CodeBlocks\MinGW\bin;C:\Users\legion Y520\AppData\Local\GitHubDesktop\bin;C:\Users\legion Y520\AppData\Local\Microsoft\WindowsApps;C:\Program Files\aircrack-ng-1.2-rc4-win\bin\64bit;
USERNAME=Joseph
OS=Windows_NT
PROCESSOR_IDENTIFIER=Intel64 Family 6 Model 158 Stepping 9, GenuineIntel



---------------  S Y S T E M  ---------------

OS: Windows 10.0 , 64 bit Build 16299 (10.0.16299.15)

CPU:total 8 (initial active 8) (4 cores per cpu, 2 threads per core) family 6 model 158 stepping 9, cmov, cx8, fxsr, mmx, sse, sse2, sse3, ssse3, sse4.1, sse4.2, popcnt, avx, avx2, aes, clmul, erms, 3dnowpref, lzcnt, ht, tsc, tscinvbit, bmi1, bmi2, adx

Memory: 4k page, physical 8260772k(1048808k free), swap 12356772k(276960k free)

vm_info: OpenJDK 64-Bit Server VM (25.152-b01) for windows-amd64 JRE (1.8.0_152-release-915-b01), built by "builder" with MS VC++ 10.0 (VS2010)

time: Fri Nov 10 22:41:36 2017
elapsed time: 0 seconds (0d 0h 0m 0s)

