#
# There is insufficient memory for the Java Runtime Environment to continue.
# Native memory allocation (malloc) failed to allocate 32744 bytes for ChunkPool::allocate
# Possible reasons:
#   The system is out of physical RAM or swap space
#   In 32 bit mode, the process size limit was hit
# Possible solutions:
#   Reduce memory load on the system
#   Increase physical memory or swap space
#   Check if swap backing store is full
#   Use 64 bit Java on a 64 bit OS
#   Decrease Java heap size (-Xmx/-Xms)
#   Decrease number of Java threads
#   Decrease Java thread stack sizes (-Xss)
#   Set larger code cache with -XX:ReservedCodeCacheSize=
# This output file may be truncated or incomplete.
#
#  Out of Memory Error (allocation.cpp:273), pid=17500, tid=0x0000000000003d70
#
# JRE version: OpenJDK Runtime Environment (8.0_112-b06) (build 1.8.0_112-release-b06)
# Java VM: OpenJDK 64-Bit Server VM (25.112-b06 mixed mode windows-amd64 compressed oops)
# Failed to write core dump. Minidumps are not enabled by default on client versions of Windows
#

---------------  T H R E A D  ---------------

Current thread (0x000000001dfed000):  JavaThread "C2 CompilerThread2" daemon [_thread_in_native, id=15728, stack(0x000000001e9b0000,0x000000001eab0000)]

Stack: [0x000000001e9b0000,0x000000001eab0000]
[error occurred during error reporting (printing stack bounds), id 0xc0000005]

Native frames: (J=compiled Java code, j=interpreted, Vv=VM code, C=native code)


Current CompileTask:
C2:   1175 1004   !   4       com.android.dx.cf.code.BytecodeArray::parseInstruction (2764 bytes)


---------------  P R O C E S S  ---------------

Java Threads: ( => current thread )
  0x000000001e2cf800 JavaThread "pool-2-thread-4" [_thread_in_Java, id=15560, stack(0x000000001f1b0000,0x000000001f2b0000)]
  0x000000001e1be000 JavaThread "pool-2-thread-3" [_thread_in_Java, id=14900, stack(0x000000001f0b0000,0x000000001f1b0000)]
  0x000000001e1bd000 JavaThread "pool-2-thread-2" [_thread_blocked, id=16960, stack(0x000000001efb0000,0x000000001f0b0000)]
  0x000000001e19a800 JavaThread "pool-3-thread-1" [_thread_blocked, id=1936, stack(0x000000001eeb0000,0x000000001efb0000)]
  0x000000001e19a000 JavaThread "pool-2-thread-1" [_thread_in_Java, id=5436, stack(0x000000001edb0000,0x000000001eeb0000)]
  0x000000001e081800 JavaThread "Service Thread" daemon [_thread_blocked, id=14324, stack(0x000000001ebb0000,0x000000001ecb0000)]
  0x000000001dff1000 JavaThread "C1 CompilerThread3" daemon [_thread_in_native, id=16248, stack(0x000000001eab0000,0x000000001ebb0000)]
=>0x000000001dfed000 JavaThread "C2 CompilerThread2" daemon [_thread_in_native, id=15728, stack(0x000000001e9b0000,0x000000001eab0000)]
  0x000000001dfeb000 JavaThread "C2 CompilerThread1" daemon [_thread_in_native, id=9952, stack(0x000000001e8b0000,0x000000001e9b0000)]
  0x000000001dfe7800 JavaThread "C2 CompilerThread0" daemon [_thread_in_native, id=17564, stack(0x000000001e7b0000,0x000000001e8b0000)]
  0x000000001dfe6000 JavaThread "Attach Listener" daemon [_thread_blocked, id=11072, stack(0x000000001e6b0000,0x000000001e7b0000)]
  0x000000001dfe5000 JavaThread "Signal Dispatcher" daemon [_thread_blocked, id=4968, stack(0x000000001e5b0000,0x000000001e6b0000)]
  0x000000001c0e1000 JavaThread "Finalizer" daemon [_thread_blocked, id=7184, stack(0x000000001e3c0000,0x000000001e4c0000)]
  0x00000000025b7000 JavaThread "Reference Handler" daemon [_thread_blocked, id=7628, stack(0x000000001dec0000,0x000000001dfc0000)]
  0x00000000023bd800 JavaThread "main" [_thread_in_native, id=7120, stack(0x00000000023c0000,0x00000000024c0000)]

Other Threads:
  0x000000001c0d6800 VMThread [stack: 0x000000001ddc0000,0x000000001dec0000] [id=18684]
  0x000000001e082000 WatcherThread [stack: 0x000000001ecb0000,0x000000001edb0000] [id=9872]

VM state:not at safepoint (normal execution)

VM Mutex/Monitor currently owned by a thread: None

Heap:
 PSYoungGen      total 38400K, used 34470K [0x000000076ab00000, 0x000000076d580000, 0x00000007c0000000)
  eden space 33280K, 88% used [0x000000076ab00000,0x000000076c7a9c90,0x000000076cb80000)
  from space 5120K, 99% used [0x000000076d080000,0x000000076d57ff08,0x000000076d580000)
  to   space 5120K, 0% used [0x000000076cb80000,0x000000076cb80000,0x000000076d080000)
 ParOldGen       total 87552K, used 38800K [0x00000006c0000000, 0x00000006c5580000, 0x000000076ab00000)
  object space 87552K, 44% used [0x00000006c0000000,0x00000006c25e4238,0x00000006c5580000)
 Metaspace       used 5762K, capacity 6960K, committed 7040K, reserved 1056768K
  class space    used 558K, capacity 616K, committed 640K, reserved 1048576K

Card table byte_map: [0x0000000011980000,0x0000000012190000] byte_map_base: 0x000000000e380000

Marking Bits: (ParMarkBitMap*) 0x000000006f7818f0
 Begin Bits: [0x0000000012ef0000, 0x0000000016ef0000)
 End Bits:   [0x0000000016ef0000, 0x000000001aef0000)

Polling page: 0x0000000000af0000

CodeCache: size=245760Kb used=5495Kb max_used=5495Kb free=240264Kb
 bounds [0x00000000025c0000, 0x0000000002b30000, 0x00000000115c0000]
 total_blobs=1621 nmethods=1360 adapters=175
 compilation: enabled

Compilation events (10 events):
Event: 1.066 Thread 0x000000001dff1000 nmethod 1395 0x0000000002b15190 code [0x0000000002b15380, 0x0000000002b15d28]
Event: 1.066 Thread 0x000000001dff1000 1396       3       com.android.dx.ssa.Dominators::run (506 bytes)
Event: 1.069 Thread 0x000000001dff1000 nmethod 1396 0x0000000002b16150 code [0x0000000002b16740, 0x0000000002b1a998]
Event: 1.069 Thread 0x000000001dff1000 1399 %     3       com.android.dx.ssa.DomFront::calcDomFronts @ 10 (154 bytes)
Event: 1.070 Thread 0x000000001dff1000 nmethod 1399% 0x0000000002b1e310 code [0x0000000002b1e560, 0x0000000002b1f188]
Event: 1.070 Thread 0x000000001dff1000 1398 %     3       com.android.dx.ssa.DomFront::buildDomTree @ 10 (72 bytes)
Event: 1.071 Thread 0x000000001dff1000 nmethod 1398% 0x0000000002b1fa90 code [0x0000000002b1fd00, 0x0000000002b20c48]
Event: 1.071 Thread 0x000000001dff1000 1397       2       com.android.dx.ssa.ConstCollector::updateConstUses (248 bytes)
Event: 1.072 Thread 0x000000001dff1000 nmethod 1397 0x0000000002b21710 code [0x0000000002b21980, 0x0000000002b22398]
Event: 1.072 Thread 0x000000001dff1000 1400       3       com.android.dx.ssa.SsaConverter::placePhiFunctions (394 bytes)

GC Heap History (6 events):
Event: 0.815 GC heap before
{Heap before GC invocations=1 (full 0):
 PSYoungGen      total 38400K, used 33280K [0x000000076ab00000, 0x000000076d580000, 0x00000007c0000000)
  eden space 33280K, 100% used [0x000000076ab00000,0x000000076cb80000,0x000000076cb80000)
  from space 5120K, 0% used [0x000000076d080000,0x000000076d080000,0x000000076d580000)
  to   space 5120K, 0% used [0x000000076cb80000,0x000000076cb80000,0x000000076d080000)
 ParOldGen       total 87552K, used 0K [0x00000006c0000000, 0x00000006c5580000, 0x000000076ab00000)
  object space 87552K, 0% used [0x00000006c0000000,0x00000006c0000000,0x00000006c5580000)
 Metaspace       used 5612K, capacity 6832K, committed 7040K, reserved 1056768K
  class space    used 557K, capacity 616K, committed 640K, reserved 1048576K
Event: 0.819 GC heap after
Heap after GC invocations=1 (full 0):
 PSYoungGen      total 38400K, used 5090K [0x000000076ab00000, 0x000000076d580000, 0x00000007c0000000)
  eden space 33280K, 0% used [0x000000076ab00000,0x000000076ab00000,0x000000076cb80000)
  from space 5120K, 99% used [0x000000076cb80000,0x000000076d078868,0x000000076d080000)
  to   space 5120K, 0% used [0x000000076d080000,0x000000076d080000,0x000000076d580000)
 ParOldGen       total 87552K, used 2097K [0x00000006c0000000, 0x00000006c5580000, 0x000000076ab00000)
  object space 87552K, 2% used [0x00000006c0000000,0x00000006c020c578,0x00000006c5580000)
 Metaspace       used 5612K, capacity 6832K, committed 7040K, reserved 1056768K
  class space    used 557K, capacity 616K, committed 640K, reserved 1048576K
}
Event: 0.980 GC heap before
{Heap before GC invocations=2 (full 0):
 PSYoungGen      total 38400K, used 38370K [0x000000076ab00000, 0x000000076d580000, 0x00000007c0000000)
  eden space 33280K, 100% used [0x000000076ab00000,0x000000076cb80000,0x000000076cb80000)
  from space 5120K, 99% used [0x000000076cb80000,0x000000076d078868,0x000000076d080000)
  to   space 5120K, 0% used [0x000000076d080000,0x000000076d080000,0x000000076d580000)
 ParOldGen       total 87552K, used 2097K [0x00000006c0000000, 0x00000006c5580000, 0x000000076ab00000)
  object space 87552K, 2% used [0x00000006c0000000,0x00000006c020c578,0x00000006c5580000)
 Metaspace       used 5725K, capacity 6960K, committed 7040K, reserved 1056768K
  class space    used 557K, capacity 616K, committed 640K, reserved 1048576K
Event: 0.989 GC heap after
Heap after GC invocations=2 (full 0):
 PSYoungGen      total 38400K, used 5117K [0x000000076ab00000, 0x000000076d580000, 0x00000007c0000000)
  eden space 33280K, 0% used [0x000000076ab00000,0x000000076ab00000,0x000000076cb80000)
  from space 5120K, 99% used [0x000000076d080000,0x000000076d57f4d8,0x000000076d580000)
  to   space 5120K, 0% used [0x000000076cb80000,0x000000076cb80000,0x000000076d080000)
 ParOldGen       total 87552K, used 13157K [0x00000006c0000000, 0x00000006c5580000, 0x000000076ab00000)
  object space 87552K, 15% used [0x00000006c0000000,0x00000006c0cd9590,0x00000006c5580000)
 Metaspace       used 5725K, capacity 6960K, committed 7040K, reserved 1056768K
  class space    used 557K, capacity 616K, committed 640K, reserved 1048576K
}
Event: 1.045 GC heap before
{Heap before GC invocations=3 (full 0):
 PSYoungGen      total 38400K, used 38397K [0x000000076ab00000, 0x000000076d580000, 0x00000007c0000000)
  eden space 33280K, 100% used [0x000000076ab00000,0x000000076cb80000,0x000000076cb80000)
  from space 5120K, 99% used [0x000000076d080000,0x000000076d57f4d8,0x000000076d580000)
  to   space 5120K, 0% used [0x000000076cb80000,0x000000076cb80000,0x000000076d080000)
 ParOldGen       total 87552K, used 13157K [0x00000006c0000000, 0x00000006c5580000, 0x000000076ab00000)
  object space 87552K, 15% used [0x00000006c0000000,0x00000006c0cd9590,0x00000006c5580000)
 Metaspace       used 5758K, capacity 6960K, committed 7040K, reserved 1056768K
  class space    used 558K, capacity 616K, committed 640K, reserved 1048576K
Event: 1.054 GC heap after
Heap after GC invocations=3 (full 0):
 PSYoungGen      total 38400K, used 5114K [0x000000076ab00000, 0x000000076d580000, 0x00000007c0000000)
  eden space 33280K, 0% used [0x000000076ab00000,0x000000076ab00000,0x000000076cb80000)
  from space 5120K, 99% used [0x000000076cb80000,0x000000076d07e8a8,0x000000076d080000)
  to   space 5120K, 0% used [0x000000076d080000,0x000000076d080000,0x000000076d580000)
 ParOldGen       total 87552K, used 26044K [0x00000006c0000000, 0x00000006c5580000, 0x000000076ab00000)
  object space 87552K, 29% used [0x00000006c0000000,0x00000006c196f1c8,0x00000006c5580000)
 Metaspace       used 5758K, capacity 6960K, committed 7040K, reserved 1056768K
  class space    used 558K, capacity 616K, committed 640K, reserved 1048576K
}

Deoptimization events (10 events):
Event: 0.739 Thread 0x000000001e2cf800 Uncommon trap: reason=unstable_if action=reinterpret pc=0x00000000028a79b0 method=com.android.dx.ssa.NormalSsaInsn.getLocalAssignment()Lcom/android/dx/rop/code/RegisterSpec; @ 12
Event: 0.739 Thread 0x000000001e2cf800 Uncommon trap: reason=unstable_if action=reinterpret pc=0x0000000002896574 method=com.android.dx.ssa.NormalSsaInsn.getLocalAssignment()Lcom/android/dx/rop/code/RegisterSpec; @ 12
Event: 0.744 Thread 0x000000001e2cf800 Uncommon trap: reason=unstable_if action=reinterpret pc=0x000000000281ad7c method=com.android.dx.rop.code.RegisterSpec.equals(ILcom/android/dx/rop/type/TypeBearer;Lcom/android/dx/rop/code/LocalItem;)Z @ 16
Event: 0.747 Thread 0x000000001e2cf800 Uncommon trap: reason=unloaded action=reinterpret pc=0x0000000002868e30 method=com.android.dx.ssa.SsaRenamer$BlockRenamer.visitMoveInsn(Lcom/android/dx/ssa/NormalSsaInsn;)V @ 208
Event: 0.748 Thread 0x000000001e1bd000 Uncommon trap: reason=class_check action=maybe_recompile pc=0x0000000002896cb0 method=com.android.dx.rop.type.Type.equals(Ljava/lang/Object;)Z @ 8
Event: 0.757 Thread 0x00000000023bd800 Uncommon trap: reason=unloaded action=reinterpret pc=0x000000000284b428 method=com.android.dx.cf.cst.ConstantPoolParser.parse0(ILjava/util/BitSet;)Lcom/android/dx/rop/cst/Constant; @ 176
Event: 0.764 Thread 0x000000001e19a000 Uncommon trap: reason=class_check action=maybe_recompile pc=0x0000000002896cb0 method=com.android.dx.rop.type.Type.equals(Ljava/lang/Object;)Z @ 8
Event: 0.790 Thread 0x000000001e19a000 Uncommon trap: reason=null_check action=make_not_entrant pc=0x00000000028f00b0 method=com.android.dx.rop.type.Type.equals(Ljava/lang/Object;)Z @ 8
Event: 0.791 Thread 0x000000001e19a000 Uncommon trap: reason=unstable_if action=reinterpret pc=0x00000000027c5f38 method=java.util.BitSet.ensureCapacity(I)V @ 6
Event: 0.795 Thread 0x000000001e19a000 Uncommon trap: reason=unstable_if action=reinterpret pc=0x00000000029209b8 method=com.android.dx.ssa.SsaRenamer$BlockRenamer.addMapping(ILcom/android/dx/rop/code/RegisterSpec;)V @ 120

Internal exceptions (3 events):
Event: 0.129 Thread 0x00000000023bd800 Exception <a 'java/lang/NoSuchMethodError': Method sun.misc.Unsafe.defineClass(Ljava/lang/String;[BII)Ljava/lang/Class; name or signature does not match> (0x000000076ab07c78) thrown at [C:\src\android\AOSP-openjdk\external\jetbrains\jdk\hotspot\src\share\ve•ÜçFv¿?
Event: 0.129 Thread 0x00000000023bd800 Exception <a 'java/lang/NoSuchMethodError': Method sun.misc.Unsafe.prefetchRead(Ljava/lang/Object;J)V name or signature does not match> (0x000000076ab07f60) thrown at [C:\src\android\AOSP-openjdk\external\jetbrains\jdk\hotspot\src\share\vm\prims\jni.cpp, l∂<éT5HÈ?
Event: 0.790 Thread 0x000000001e19a000 Implicit null exception at 0x00000000028effa2 to 0x00000000028f00a2

Events (10 events):
Event: 1.088 Thread 0x000000001e1bd000 DEOPT PACKING pc=0x00000000029ce9d4 sp=0x000000001f0aed50
Event: 1.088 Thread 0x000000001e1bd000 DEOPT UNPACKING pc=0x00000000026075bf sp=0x000000001f0aeae0 mode 0
Event: 1.093 Thread 0x000000001e1bd000 DEOPT PACKING pc=0x0000000002a2f229 sp=0x000000001f0aec30
Event: 1.093 Thread 0x000000001e1bd000 DEOPT UNPACKING pc=0x00000000026075bf sp=0x000000001f0aea58 mode 0
Event: 1.095 Thread 0x000000001e1be000 DEOPT PACKING pc=0x00000000029d0eb4 sp=0x000000001f1aeb40
Event: 1.095 Thread 0x000000001e1be000 DEOPT UNPACKING pc=0x00000000026075bf sp=0x000000001f1ae890 mode 0
Event: 1.096 Thread 0x000000001e1bd000 DEOPT PACKING pc=0x0000000002970fd3 sp=0x000000001f0aec10
Event: 1.096 Thread 0x000000001e1bd000 DEOPT UNPACKING pc=0x00000000026075bf sp=0x000000001f0ae938 mode 0
Event: 1.097 Thread 0x000000001e1be000 DEOPT PACKING pc=0x00000000029ee56b sp=0x000000001f1aea10
Event: 1.097 Thread 0x000000001e1be000 DEOPT UNPACKING pc=0x00000000026075bf sp=0x000000001f1ae7c0 mode 0


Dynamic libraries:
0x00007ff6fa0b0000 - 0x00007ff6fa0e1000 	F:\Program Files (x86)\Android\Android Studio\jre\bin\java.exe
0x00007ffd1ba50000 - 0x00007ffd1bc2b000 	C:\Windows\SYSTEM32\ntdll.dll
0x00007ffd1b970000 - 0x00007ffd1ba1e000 	C:\Windows\System32\KERNEL32.DLL
0x00007ffd18630000 - 0x00007ffd18879000 	C:\Windows\System32\KERNELBASE.dll
0x00007ffd1af30000 - 0x00007ffd1afd1000 	C:\Windows\System32\ADVAPI32.dll
0x00007ffd1ac80000 - 0x00007ffd1ad1d000 	C:\Windows\System32\msvcrt.dll
0x00007ffd1b520000 - 0x00007ffd1b579000 	C:\Windows\System32\sechost.dll
0x00007ffd1ab50000 - 0x00007ffd1ac75000 	C:\Windows\System32\RPCRT4.dll
0x00007ffd18f80000 - 0x00007ffd190ca000 	C:\Windows\System32\USER32.dll
0x00007ffd185c0000 - 0x00007ffd185de000 	C:\Windows\System32\win32u.dll
0x00007ffd190d0000 - 0x00007ffd190f7000 	C:\Windows\System32\GDI32.dll
0x00007ffd18050000 - 0x00007ffd181d7000 	C:\Windows\System32\gdi32full.dll
0x00007ffd17f40000 - 0x00007ffd17fda000 	C:\Windows\System32\msvcp_win.dll
0x00007ffd184c0000 - 0x00007ffd185b6000 	C:\Windows\System32\ucrtbase.dll
0x00007ffd094a0000 - 0x00007ffd09707000 	C:\Windows\WinSxS\amd64_microsoft.windows.common-controls_6595b64144ccf1df_6.0.15063.483_none_26002d27e7c744a2\COMCTL32.dll
0x00007ffd1b0e0000 - 0x00007ffd1b3d9000 	C:\Windows\System32\combase.dll
0x00007ffd17fe0000 - 0x00007ffd1804a000 	C:\Windows\System32\bcryptPrimitives.dll
0x00007ffd196e0000 - 0x00007ffd1970d000 	C:\Windows\System32\IMM32.DLL
0x000000006e970000 - 0x000000006ea42000 	F:\Program Files (x86)\Android\Android Studio\jre\jre\bin\msvcr100.dll
0x000000006efc0000 - 0x000000006f7fc000 	F:\Program Files (x86)\Android\Android Studio\jre\jre\bin\server\jvm.dll
0x00007ffd19100000 - 0x00007ffd19108000 	C:\Windows\System32\PSAPI.DLL
0x00007ffd13110000 - 0x00007ffd1311a000 	C:\Windows\SYSTEM32\VERSION.dll
0x00007ffd103a0000 - 0x00007ffd103c3000 	C:\Windows\SYSTEM32\WINMM.dll
0x00007ffd123b0000 - 0x00007ffd123b9000 	C:\Windows\SYSTEM32\WSOCK32.dll
0x00007ffd1b580000 - 0x00007ffd1b5ec000 	C:\Windows\System32\WS2_32.dll
0x00007ffd10370000 - 0x00007ffd1039b000 	C:\Windows\SYSTEM32\winmmbase.dll
0x00007ffd185e0000 - 0x00007ffd18629000 	C:\Windows\System32\cfgmgr32.dll
0x00007ffd10fe0000 - 0x00007ffd10fef000 	F:\Program Files (x86)\Android\Android Studio\jre\jre\bin\verify.dll
0x00007ffd10fb0000 - 0x00007ffd10fd9000 	F:\Program Files (x86)\Android\Android Studio\jre\jre\bin\java.dll
0x00007ffd0be00000 - 0x00007ffd0be16000 	F:\Program Files (x86)\Android\Android Studio\jre\jre\bin\zip.dll
0x00007ffd19710000 - 0x00007ffd1ab46000 	C:\Windows\System32\SHELL32.dll
0x00007ffd1b3f0000 - 0x00007ffd1b49a000 	C:\Windows\System32\shcore.dll
0x00007ffd18880000 - 0x00007ffd18f71000 	C:\Windows\System32\windows.storage.dll
0x00007ffd19110000 - 0x00007ffd19161000 	C:\Windows\System32\shlwapi.dll
0x00007ffd17eb0000 - 0x00007ffd17ec1000 	C:\Windows\System32\kernel.appcore.dll
0x00007ffd17ed0000 - 0x00007ffd17f1c000 	C:\Windows\System32\powrprof.dll
0x00007ffd17f20000 - 0x00007ffd17f35000 	C:\Windows\System32\profapi.dll

VM Arguments:
jvm_args: -Djava.awt.headless=true -Xmx4g -Dfile.encoding=windows-1252 -Duser.country=US -Duser.language=en -Duser.variant 
java_command: com.android.dx.command.Main --dex --force-jumbo --num-threads=4 --multi-dex --output F:\TIF\Semester 7\Mobile Programming\Lab\Event Finder v1.0\EventFinder\app\build\intermediates\transforms\dex\debug\folders\1000\5\slice_9 F:\TIF\Semester 7\Mobile Programming\Lab\Event Finder v1.0\EventFinder\app\build\intermediates\transforms\instantRunSlicer\debug\folders\1\5\slice_9
java_class_path (initial): F:\Android\sdk\build-tools\25.0.0\lib\dx.jar
Launcher Type: SUN_STANDARD

Environment Variables:
PATH=C:\ProgramData\Oracle\Java\javapath;C:\Program Files (x86)\Intel\iCLS Client\;C:\Program Files\Intel\iCLS Client\;C:\Windows\system32;C:\Windows;C:\Windows\System32\Wbem;C:\Windows\System32\WindowsPowerShell\v1.0\;C:\Program Files (x86)\Intel\Intel(R) Management Engine Components\DAL;C:\Program Files\Intel\Intel(R) Management Engine Components\DAL;C:\Program Files (x86)\Intel\Intel(R) Management Engine Components\IPT;C:\Program Files\Intel\Intel(R) Management Engine Components\IPT;C:\Program Files (x86)\NVIDIA Corporation\PhysX\Common;C:\Program Files\Java\jdk1.8.0_144\bin;C:\Program Files\Java\jdk1.8.0_144\lib;C:\TDM-GCC-64\bin;C:\Program Files (x86)\CodeBlocks\MinGW\bin;C:\Windows\system32;C:\Windows;C:\Windows\System32\Wbem;C:\Windows\System32\WindowsPowerShell\v1.0\;C:\HashiCorp\Vagrant\bin;C:\Program Files\Git\cmd;C:\Program Files\PuTTY\;C:\Users\legion Y520\AppData\Local\Programs\Python\Python35\Scripts\;C:\Users\legion Y520\AppData\Local\Programs\Python\Python35\;C:\Users\legion Y520\AppData\Local\Microsoft\WindowsApps;C:\TDM-GCC-64\bin;C:\Program Files (x86)\CodeBlocks\MinGW\bin;C:\Users\legion Y520\AppData\Local\GitHubDesktop\bin;C:\Users\legion Y520\AppData\Local\Microsoft\WindowsApps;C:\Program Files\aircrack-ng-1.2-rc4-win\bin\64bit;
USERNAME=Joseph
OS=Windows_NT
PROCESSOR_IDENTIFIER=Intel64 Family 6 Model 158 Stepping 9, GenuineIntel



---------------  S Y S T E M  ---------------

OS: Windows 10.0 , 64 bit Build 15063 (10.0.15063.296)

CPU:total 8 (4 cores per cpu, 2 threads per core) family 6 model 158 stepping 9, cmov, cx8, fxsr, mmx, sse, sse2, sse3, ssse3, sse4.1, sse4.2, popcnt, avx, avx2, aes, clmul, erms, 3dnowpref, lzcnt, ht, tsc, tscinvbit, bmi1, bmi2, adx

Memory: 4k page, physical 8260772k(615004k free), swap 12356772k(3192k free)

vm_info: OpenJDK 64-Bit Server VM (25.112-b06) for windows-amd64 JRE (1.8.0_112-release-b06), built on Dec  8 2016 00:54:26 by "builder" with MS VC++ 10.0 (VS2010)

time: Fri Oct 27 22:13:33 2017
elapsed time: 1 seconds (0d 0h 0m 1s)

