#
# There is insufficient memory for the Java Runtime Environment to continue.
# Native memory allocation (malloc) failed to allocate 84336 bytes for Chunk::new
# Possible reasons:
#   The system is out of physical RAM or swap space
#   In 32 bit mode, the process size limit was hit
# Possible solutions:
#   Reduce memory load on the system
#   Increase physical memory or swap space
#   Check if swap backing store is full
#   Use 64 bit Java on a 64 bit OS
#   Decrease Java heap size (-Xmx/-Xms)
#   Decrease number of Java threads
#   Decrease Java thread stack sizes (-Xss)
#   Set larger code cache with -XX:ReservedCodeCacheSize=
# This output file may be truncated or incomplete.
#
#  Out of Memory Error (allocation.cpp:390), pid=25128, tid=0x00000000000027b4
#
# JRE version: OpenJDK Runtime Environment (8.0_152-b01) (build 1.8.0_152-release-915-b01)
# Java VM: OpenJDK 64-Bit Server VM (25.152-b01 mixed mode windows-amd64 compressed oops)
# Failed to write core dump. Minidumps are not enabled by default on client versions of Windows
#

---------------  T H R E A D  ---------------

Current thread (0x000000002034d000):  JavaThread "C2 CompilerThread0" daemon [_thread_in_native, id=10164, stack(0x0000000020b10000,0x0000000020c10000)]

Stack: [0x0000000020b10000,0x0000000020c10000]
[error occurred during error reporting (printing stack bounds), id 0xc0000005]

Native frames: (J=compiled Java code, j=interpreted, Vv=VM code, C=native code)


Current CompileTask:
C2:   8428 1617       4       java.util.HashMap::putVal (300 bytes)


---------------  P R O C E S S  ---------------

Java Threads: ( => current thread )
  0x00000000222df000 JavaThread "pool-1-thread-1" [_thread_in_Java, id=20056, stack(0x0000000023db0000,0x0000000023eb0000)]
  0x000000001e45e800 JavaThread "Service Thread" daemon [_thread_blocked, id=22904, stack(0x0000000020f10000,0x0000000021010000)]
  0x000000001e45c000 JavaThread "C1 CompilerThread3" daemon [_thread_in_vm, id=2864, stack(0x0000000020e10000,0x0000000020f10000)]
  0x0000000020353000 JavaThread "C2 CompilerThread2" daemon [_thread_blocked, id=19584, stack(0x0000000020d10000,0x0000000020e10000)]
  0x0000000020351000 JavaThread "C2 CompilerThread1" daemon [_thread_in_native, id=2244, stack(0x0000000020c10000,0x0000000020d10000)]
=>0x000000002034d000 JavaThread "C2 CompilerThread0" daemon [_thread_in_native, id=10164, stack(0x0000000020b10000,0x0000000020c10000)]
  0x000000002034b800 JavaThread "Attach Listener" daemon [_thread_blocked, id=23668, stack(0x0000000020a10000,0x0000000020b10000)]
  0x000000002034a800 JavaThread "Signal Dispatcher" daemon [_thread_blocked, id=17584, stack(0x0000000020910000,0x0000000020a10000)]
  0x0000000020340800 JavaThread "Finalizer" daemon [_thread_blocked, id=21244, stack(0x0000000020720000,0x0000000020820000)]
  0x000000001e44b800 JavaThread "Reference Handler" daemon [_thread_blocked, id=17988, stack(0x0000000020220000,0x0000000020320000)]
  0x000000000492e000 JavaThread "main" [_thread_blocked, id=21672, stack(0x00000000045f0000,0x00000000046f0000)]

Other Threads:
  0x000000001e445000 VMThread [stack: 0x0000000020120000,0x0000000020220000] [id=3392]
  0x00000000203e2000 WatcherThread [stack: 0x0000000021010000,0x0000000021110000] [id=1128]

VM state:not at safepoint (normal execution)

VM Mutex/Monitor currently owned by a thread: None

Heap:
 PSYoungGen      total 71680K, used 19108K [0x000000076ab00000, 0x000000076f600000, 0x00000007c0000000)
  eden space 66560K, 21% used [0x000000076ab00000,0x000000076b8ae540,0x000000076ec00000)
  from space 5120K, 99% used [0x000000076ec00000,0x000000076f0facc8,0x000000076f100000)
  to   space 5120K, 0% used [0x000000076f100000,0x000000076f100000,0x000000076f600000)
 ParOldGen       total 87552K, used 27678K [0x00000006c0000000, 0x00000006c5580000, 0x000000076ab00000)
  object space 87552K, 31% used [0x00000006c0000000,0x00000006c1b07ba0,0x00000006c5580000)
 Metaspace       used 5966K, capacity 7024K, committed 7296K, reserved 1056768K
  class space    used 580K, capacity 616K, committed 640K, reserved 1048576K

Card table byte_map: [0x0000000013cf0000,0x0000000014500000] byte_map_base: 0x00000000106f0000

Marking Bits: (ParMarkBitMap*) 0x000000005a063950
 Begin Bits: [0x0000000015260000, 0x0000000019260000)
 End Bits:   [0x0000000019260000, 0x000000001d260000)

Polling page: 0x00000000046f0000

CodeCache: size=245760Kb used=7055Kb max_used=7059Kb free=238704Kb
 bounds [0x0000000004930000, 0x0000000005020000, 0x0000000013930000]
 total_blobs=1800 nmethods=1539 adapters=175
 compilation: enabled

Compilation events (10 events):
Event: 8.421 Thread 0x0000000020351000 1625       4       com.android.dx.dex.code.OutputFinisher::addConstants (93 bytes)
Event: 8.421 Thread 0x000000001e45c000 1626       3       com.android.dx.dex.code.OutputFinisher::addConstants (68 bytes)
Event: 8.422 Thread 0x000000001e45c000 nmethod 1626 0x0000000005015fd0 code [0x0000000005016260, 0x00000000050175b8]
Event: 8.422 Thread 0x0000000020353000 nmethod 1623 0x0000000005013390 code [0x00000000050134c0, 0x0000000005013618]
Event: 8.422 Thread 0x0000000020353000 1627       4       java.util.HashMap::newNode (13 bytes)
Event: 8.423 Thread 0x0000000020353000 nmethod 1627 0x0000000005013090 code [0x00000000050131e0, 0x00000000050132f8]
Event: 8.424 Thread 0x000000001e45c000 1628       3       java.util.HashMap::tableSizeFor (59 bytes)
Event: 8.424 Thread 0x000000001e45c000 nmethod 1628 0x0000000005012c90 code [0x0000000005012e00, 0x0000000005013010]
Event: 8.424 Thread 0x000000001e45c000 1629  s    3       com.android.dx.dex.file.TypeIdsSection::intern (60 bytes)
Event: 8.424 Thread 0x000000001e45c000 nmethod 1629 0x0000000005019990 code [0x0000000005019ba0, 0x000000000501a848]

GC Heap History (6 events):
Event: 3.518 GC heap before
{Heap before GC invocations=1 (full 0):
 PSYoungGen      total 38400K, used 33280K [0x000000076ab00000, 0x000000076d580000, 0x00000007c0000000)
  eden space 33280K, 100% used [0x000000076ab00000,0x000000076cb80000,0x000000076cb80000)
  from space 5120K, 0% used [0x000000076d080000,0x000000076d080000,0x000000076d580000)
  to   space 5120K, 0% used [0x000000076cb80000,0x000000076cb80000,0x000000076d080000)
 ParOldGen       total 87552K, used 0K [0x00000006c0000000, 0x00000006c5580000, 0x000000076ab00000)
  object space 87552K, 0% used [0x00000006c0000000,0x00000006c0000000,0x00000006c5580000)
 Metaspace       used 5782K, capacity 6896K, committed 7040K, reserved 1056768K
  class space    used 570K, capacity 616K, committed 640K, reserved 1048576K
Event: 3.784 GC heap after
Heap after GC invocations=1 (full 0):
 PSYoungGen      total 38400K, used 5104K [0x000000076ab00000, 0x000000076f600000, 0x00000007c0000000)
  eden space 33280K, 0% used [0x000000076ab00000,0x000000076ab00000,0x000000076cb80000)
  from space 5120K, 99% used [0x000000076cb80000,0x000000076d07c330,0x000000076d080000)
  to   space 5120K, 0% used [0x000000076f100000,0x000000076f100000,0x000000076f600000)
 ParOldGen       total 87552K, used 3535K [0x00000006c0000000, 0x00000006c5580000, 0x000000076ab00000)
  object space 87552K, 4% used [0x00000006c0000000,0x00000006c0373f10,0x00000006c5580000)
 Metaspace       used 5782K, capacity 6896K, committed 7040K, reserved 1056768K
  class space    used 570K, capacity 616K, committed 640K, reserved 1048576K
}
Event: 4.311 GC heap before
{Heap before GC invocations=2 (full 0):
 PSYoungGen      total 38400K, used 38384K [0x000000076ab00000, 0x000000076f600000, 0x00000007c0000000)
  eden space 33280K, 100% used [0x000000076ab00000,0x000000076cb80000,0x000000076cb80000)
  from space 5120K, 99% used [0x000000076cb80000,0x000000076d07c330,0x000000076d080000)
  to   space 5120K, 0% used [0x000000076f100000,0x000000076f100000,0x000000076f600000)
 ParOldGen       total 87552K, used 3535K [0x00000006c0000000, 0x00000006c5580000, 0x000000076ab00000)
  object space 87552K, 4% used [0x00000006c0000000,0x00000006c0373f10,0x00000006c5580000)
 Metaspace       used 5899K, capacity 6960K, committed 7040K, reserved 1056768K
  class space    used 574K, capacity 616K, committed 640K, reserved 1048576K
Event: 4.455 GC heap after
Heap after GC invocations=2 (full 0):
 PSYoungGen      total 71680K, used 5092K [0x000000076ab00000, 0x000000076f600000, 0x00000007c0000000)
  eden space 66560K, 0% used [0x000000076ab00000,0x000000076ab00000,0x000000076ec00000)
  from space 5120K, 99% used [0x000000076f100000,0x000000076f5f9148,0x000000076f600000)
  to   space 5120K, 0% used [0x000000076ec00000,0x000000076ec00000,0x000000076f100000)
 ParOldGen       total 87552K, used 18417K [0x00000006c0000000, 0x00000006c5580000, 0x000000076ab00000)
  object space 87552K, 21% used [0x00000006c0000000,0x00000006c11fc5e0,0x00000006c5580000)
 Metaspace       used 5899K, capacity 6960K, committed 7040K, reserved 1056768K
  class space    used 574K, capacity 616K, committed 640K, reserved 1048576K
}
Event: 7.150 GC heap before
{Heap before GC invocations=3 (full 0):
 PSYoungGen      total 71680K, used 71652K [0x000000076ab00000, 0x000000076f600000, 0x00000007c0000000)
  eden space 66560K, 100% used [0x000000076ab00000,0x000000076ec00000,0x000000076ec00000)
  from space 5120K, 99% used [0x000000076f100000,0x000000076f5f9148,0x000000076f600000)
  to   space 5120K, 0% used [0x000000076ec00000,0x000000076ec00000,0x000000076f100000)
 ParOldGen       total 87552K, used 18417K [0x00000006c0000000, 0x00000006c5580000, 0x000000076ab00000)
  object space 87552K, 21% used [0x00000006c0000000,0x00000006c11fc5e0,0x00000006c5580000)
 Metaspace       used 5920K, capacity 6960K, committed 7040K, reserved 1056768K
  class space    used 576K, capacity 616K, committed 640K, reserved 1048576K
Event: 7.574 GC heap after
Heap after GC invocations=3 (full 0):
 PSYoungGen      total 71680K, used 5099K [0x000000076ab00000, 0x000000076f600000, 0x00000007c0000000)
  eden space 66560K, 0% used [0x000000076ab00000,0x000000076ab00000,0x000000076ec00000)
  from space 5120K, 99% used [0x000000076ec00000,0x000000076f0facc8,0x000000076f100000)
  to   space 5120K, 0% used [0x000000076f100000,0x000000076f100000,0x000000076f600000)
 ParOldGen       total 87552K, used 27678K [0x00000006c0000000, 0x00000006c5580000, 0x000000076ab00000)
  object space 87552K, 31% used [0x00000006c0000000,0x00000006c1b07ba0,0x00000006c5580000)
 Metaspace       used 5920K, capacity 6960K, committed 7040K, reserved 1056768K
  class space    used 576K, capacity 616K, committed 640K, reserved 1048576K
}

Deoptimization events (10 events):
Event: 5.637 Thread 0x00000000204fc000 Uncommon trap: reason=class_check action=maybe_recompile pc=0x0000000004ddffc4 method=com.android.dx.ssa.NormalSsaInsn.accept(Lcom/android/dx/ssa/SsaInsn$Visitor;)V @ 9
Event: 8.044 Thread 0x0000000020505800 Uncommon trap: reason=unstable_if action=reinterpret pc=0x0000000004f9ba44 method=com.android.dx.ssa.InterferenceRegisterMapper.interferes(III)Z @ 69
Event: 8.403 Thread 0x00000000222df000 Uncommon trap: reason=class_check action=maybe_recompile pc=0x0000000004d5106c method=java.util.Arrays.hashCode([Ljava/lang/Object;)I @ 43
Event: 8.403 Thread 0x00000000222df000 Uncommon trap: reason=class_check action=maybe_recompile pc=0x0000000004d5106c method=java.util.Arrays.hashCode([Ljava/lang/Object;)I @ 43
Event: 8.404 Thread 0x00000000222df000 Uncommon trap: reason=class_check action=maybe_recompile pc=0x0000000004d5106c method=java.util.Arrays.hashCode([Ljava/lang/Object;)I @ 43
Event: 8.404 Thread 0x00000000222df000 Uncommon trap: reason=class_check action=maybe_recompile pc=0x0000000004d5106c method=java.util.Arrays.hashCode([Ljava/lang/Object;)I @ 43
Event: 8.417 Thread 0x00000000222df000 Uncommon trap: reason=bimorphic action=maybe_recompile pc=0x0000000004d2ed24 method=java.util.HashMap.putVal(ILjava/lang/Object;Ljava/lang/Object;ZZ)Ljava/lang/Object; @ 91
Event: 8.417 Thread 0x00000000222df000 Uncommon trap: reason=bimorphic action=maybe_recompile pc=0x0000000004d2ed24 method=java.util.HashMap.putVal(ILjava/lang/Object;Ljava/lang/Object;ZZ)Ljava/lang/Object; @ 91
Event: 8.417 Thread 0x00000000222df000 Uncommon trap: reason=bimorphic action=maybe_recompile pc=0x0000000004d2ed24 method=java.util.HashMap.putVal(ILjava/lang/Object;Ljava/lang/Object;ZZ)Ljava/lang/Object; @ 91
Event: 8.417 Thread 0x00000000222df000 Uncommon trap: reason=bimorphic action=maybe_recompile pc=0x0000000004d2ed24 method=java.util.HashMap.putVal(ILjava/lang/Object;Ljava/lang/Object;ZZ)Ljava/lang/Object; @ 91

Classes redefined (0 events):
No events

Internal exceptions (3 events):
Event: 0.053 Thread 0x000000000492e000 Exception <a 'java/lang/NoSuchMethodError': Method sun.misc.Unsafe.defineClass(Ljava/lang/String;[BII)Ljava/lang/Class; name or signature does not match> (0x000000076ab07ca8) thrown at [D:\src\AOSP-openjdk-cygwin\jdk8u\hotspot\src\share\vm\prims\jni.cpp, 
Event: 0.053 Thread 0x000000000492e000 Exception <a 'java/lang/NoSuchMethodError': Method sun.misc.Unsafe.prefetchRead(Ljava/lang/Object;J)V name or signature does not match> (0x000000076ab07f90) thrown at [D:\src\AOSP-openjdk-cygwin\jdk8u\hotspot\src\share\vm\prims\jni.cpp, line 4011]
Event: 3.486 Thread 0x0000000020616000 Implicit null exception at 0x0000000004bdb9e2 to 0x0000000004bdbaf1

Events (10 events):
Event: 8.417 Thread 0x00000000222df000 DEOPT UNPACKING pc=0x000000000497556a sp=0x0000000023eaed08 mode 2
Event: 8.417 Thread 0x00000000222df000 Uncommon trap: trap_request=0xffffffc6 fr.pc=0x0000000004d2ed24
Event: 8.417 Thread 0x00000000222df000 DEOPT PACKING pc=0x0000000004d2ed24 sp=0x0000000023eaed80
Event: 8.417 Thread 0x00000000222df000 DEOPT UNPACKING pc=0x000000000497556a sp=0x0000000023eaed08 mode 2
Event: 8.417 Thread 0x00000000222df000 Uncommon trap: trap_request=0xffffffc6 fr.pc=0x0000000004d2ed24
Event: 8.417 Thread 0x00000000222df000 DEOPT PACKING pc=0x0000000004d2ed24 sp=0x0000000023eaed80
Event: 8.417 Thread 0x00000000222df000 DEOPT UNPACKING pc=0x000000000497556a sp=0x0000000023eaed08 mode 2
Event: 8.417 Thread 0x00000000222df000 Uncommon trap: trap_request=0xffffffc6 fr.pc=0x0000000004d2ed24
Event: 8.417 Thread 0x00000000222df000 DEOPT PACKING pc=0x0000000004d2ed24 sp=0x0000000023eaed80
Event: 8.417 Thread 0x00000000222df000 DEOPT UNPACKING pc=0x000000000497556a sp=0x0000000023eaed08 mode 2


Dynamic libraries:
0x00007ff7d2160000 - 0x00007ff7d2191000 	F:\Program Files (x86)\Android\Android Studio\jre\bin\java.exe
0x00007ffd58cd0000 - 0x00007ffd58eb0000 	C:\WINDOWS\SYSTEM32\ntdll.dll
0x00007ffd58bc0000 - 0x00007ffd58c6e000 	C:\WINDOWS\System32\KERNEL32.DLL
0x00007ffd55f00000 - 0x00007ffd56166000 	C:\WINDOWS\System32\KERNELBASE.dll
0x00007ffd57c60000 - 0x00007ffd57d01000 	C:\WINDOWS\System32\ADVAPI32.dll
0x00007ffd577e0000 - 0x00007ffd5787d000 	C:\WINDOWS\System32\msvcrt.dll
0x00007ffd57880000 - 0x00007ffd578db000 	C:\WINDOWS\System32\sechost.dll
0x00007ffd58420000 - 0x00007ffd5853f000 	C:\WINDOWS\System32\RPCRT4.dll
0x00007ffd57a50000 - 0x00007ffd57bdf000 	C:\WINDOWS\System32\USER32.dll
0x00007ffd55e40000 - 0x00007ffd55e60000 	C:\WINDOWS\System32\win32u.dll
0x00007ffd58020000 - 0x00007ffd58048000 	C:\WINDOWS\System32\GDI32.dll
0x00007ffd55220000 - 0x00007ffd553b4000 	C:\WINDOWS\System32\gdi32full.dll
0x00007ffd55e60000 - 0x00007ffd55efb000 	C:\WINDOWS\System32\msvcp_win.dll
0x00007ffd55ce0000 - 0x00007ffd55dd6000 	C:\WINDOWS\System32\ucrtbase.dll
0x00007ffd44090000 - 0x00007ffd442f9000 	C:\WINDOWS\WinSxS\amd64_microsoft.windows.common-controls_6595b64144ccf1df_6.0.16299.64_none_cc9304e22215ca8f\COMCTL32.dll
0x00007ffd57d10000 - 0x00007ffd58018000 	C:\WINDOWS\System32\combase.dll
0x00007ffd550a0000 - 0x00007ffd55112000 	C:\WINDOWS\System32\bcryptPrimitives.dll
0x00007ffd561f0000 - 0x00007ffd5621d000 	C:\WINDOWS\System32\IMM32.DLL
0x00000000596e0000 - 0x00000000597b2000 	F:\Program Files (x86)\Android\Android Studio\jre\jre\bin\msvcr100.dll
0x00000000598a0000 - 0x000000005a0de000 	F:\Program Files (x86)\Android\Android Studio\jre\jre\bin\server\jvm.dll
0x00007ffd58bb0000 - 0x00007ffd58bb8000 	C:\WINDOWS\System32\PSAPI.DLL
0x00007ffd44380000 - 0x00007ffd443a3000 	C:\WINDOWS\SYSTEM32\WINMM.dll
0x00007ffd4ffc0000 - 0x00007ffd4ffc9000 	C:\WINDOWS\SYSTEM32\WSOCK32.dll
0x00007ffd4ec50000 - 0x00007ffd4ec5a000 	C:\WINDOWS\SYSTEM32\VERSION.dll
0x00007ffd57be0000 - 0x00007ffd57c4c000 	C:\WINDOWS\System32\WS2_32.dll
0x00007ffd44060000 - 0x00007ffd4408a000 	C:\WINDOWS\SYSTEM32\WINMMBASE.dll
0x00007ffd551d0000 - 0x00007ffd5521a000 	C:\WINDOWS\System32\cfgmgr32.dll
0x00007ffd4d970000 - 0x00007ffd4d97f000 	F:\Program Files (x86)\Android\Android Studio\jre\jre\bin\verify.dll
0x00007ffd35080000 - 0x00007ffd350a9000 	F:\Program Files (x86)\Android\Android Studio\jre\jre\bin\java.dll
0x00007ffd4a200000 - 0x00007ffd4a216000 	F:\Program Files (x86)\Android\Android Studio\jre\jre\bin\zip.dll
0x00007ffd56390000 - 0x00007ffd577c7000 	C:\WINDOWS\System32\SHELL32.dll
0x00007ffd58540000 - 0x00007ffd585e6000 	C:\WINDOWS\System32\shcore.dll
0x00007ffd553c0000 - 0x00007ffd55b07000 	C:\WINDOWS\System32\windows.storage.dll
0x00007ffd580b0000 - 0x00007ffd58101000 	C:\WINDOWS\System32\shlwapi.dll
0x00007ffd55010000 - 0x00007ffd55021000 	C:\WINDOWS\System32\kernel.appcore.dll
0x00007ffd55030000 - 0x00007ffd5507c000 	C:\WINDOWS\System32\powrprof.dll
0x00007ffd54ff0000 - 0x00007ffd5500b000 	C:\WINDOWS\System32\profapi.dll

VM Arguments:
jvm_args: -Djava.awt.headless=true -Xmx4g -Dfile.encoding=windows-1252 -Duser.country=US -Duser.language=en -Duser.variant 
java_command: com.android.dx.command.Main --dex --force-jumbo --num-threads=4 --multi-dex --output F:\TIF\Semester 7\Mobile Programming\Lab\WhatsCamp\WhatsCamp\app\build\intermediates\transforms\dex\debug\folders\1000\5\slice_8 F:\TIF\Semester 7\Mobile Programming\Lab\WhatsCamp\WhatsCamp\app\build\intermediates\transforms\instantRunSlicer\debug\folders\1\5\slice_8
java_class_path (initial): F:\Android\sdk\build-tools\25.0.0\lib\dx.jar
Launcher Type: SUN_STANDARD

Environment Variables:
PATH=C:\ProgramData\Oracle\Java\javapath;C:\Program Files (x86)\Intel\iCLS Client\;C:\Program Files\Intel\iCLS Client\;C:\Windows\system32;C:\Windows;C:\Windows\System32\Wbem;C:\Windows\System32\WindowsPowerShell\v1.0\;C:\Program Files (x86)\Intel\Intel(R) Management Engine Components\DAL;C:\Program Files\Intel\Intel(R) Management Engine Components\DAL;C:\Program Files (x86)\Intel\Intel(R) Management Engine Components\IPT;C:\Program Files\Intel\Intel(R) Management Engine Components\IPT;C:\Program Files (x86)\NVIDIA Corporation\PhysX\Common;C:\Program Files\Java\jdk1.8.0_144\bin;C:\Program Files\Java\jdk1.8.0_144\lib;C:\TDM-GCC-64\bin;C:\Program Files (x86)\CodeBlocks\MinGW\bin;C:\WINDOWS\system32;C:\WINDOWS;C:\WINDOWS\System32\Wbem;C:\WINDOWS\System32\WindowsPowerShell\v1.0\;C:\HashiCorp\Vagrant\bin;C:\Program Files\Git\cmd;C:\Program Files\PuTTY\;C:\Program Files\IBM\Bluemix\bin;C:\Program Files\Cloud Foundry;C:\Program Files (x86)\QuickTime\QTSystem\;C:\Users\legion Y520\AppData\Local\Programs\Python\Python35\Scripts\;C:\Users\legion Y520\AppData\Local\Programs\Python\Python35\;C:\Users\legion Y520\AppData\Local\Microsoft\WindowsApps;C:\TDM-GCC-64\bin;C:\Program Files (x86)\CodeBlocks\MinGW\bin;C:\Users\legion Y520\AppData\Local\GitHubDesktop\bin;C:\Users\legion Y520\AppData\Local\Microsoft\WindowsApps;C:\Program Files\aircrack-ng-1.2-rc4-win\bin\64bit;
USERNAME=Joseph
OS=Windows_NT
PROCESSOR_IDENTIFIER=Intel64 Family 6 Model 158 Stepping 9, GenuineIntel



---------------  S Y S T E M  ---------------

OS: Windows 10.0 , 64 bit Build 16299 (10.0.16299.15)

CPU:total 8 (initial active 8) (4 cores per cpu, 2 threads per core) family 6 model 158 stepping 9, cmov, cx8, fxsr, mmx, sse, sse2, sse3, ssse3, sse4.1, sse4.2, popcnt, avx, avx2, aes, clmul, erms, 3dnowpref, lzcnt, ht, tsc, tscinvbit, bmi1, bmi2, adx

Memory: 4k page, physical 8260772k(653780k free), swap 12356772k(9020k free)

vm_info: OpenJDK 64-Bit Server VM (25.152-b01) for windows-amd64 JRE (1.8.0_152-release-915-b01), built by "builder" with MS VC++ 10.0 (VS2010)

time: Tue Nov 28 19:35:19 2017
elapsed time: 8 seconds (0d 0h 0m 8s)

