#
# There is insufficient memory for the Java Runtime Environment to continue.
# Native memory allocation (malloc) failed to allocate 1048576 bytes for AllocateHeap
# Possible reasons:
#   The system is out of physical RAM or swap space
#   In 32 bit mode, the process size limit was hit
# Possible solutions:
#   Reduce memory load on the system
#   Increase physical memory or swap space
#   Check if swap backing store is full
#   Use 64 bit Java on a 64 bit OS
#   Decrease Java heap size (-Xmx/-Xms)
#   Decrease number of Java threads
#   Decrease Java thread stack sizes (-Xss)
#   Set larger code cache with -XX:ReservedCodeCacheSize=
# This output file may be truncated or incomplete.
#
#  Out of Memory Error (memory/allocation.inline.hpp:61), pid=4680, tid=0x0000000000003d74
#
# JRE version:  (8.0_112-b06) (build )
# Java VM: OpenJDK 64-Bit Server VM (25.112-b06 mixed mode windows-amd64 compressed oops)
# Failed to write core dump. Minidumps are not enabled by default on client versions of Windows
#

---------------  T H R E A D  ---------------

Current thread (0x000000000484d800):  JavaThread "Unknown thread" [_thread_in_vm, id=15732, stack(0x0000000004680000,0x0000000004780000)]

Stack: [0x0000000004680000,0x0000000004780000]
[error occurred during error reporting (printing stack bounds), id 0xc0000005]

Native frames: (J=compiled Java code, j=interpreted, Vv=VM code, C=native code)


---------------  P R O C E S S  ---------------

Java Threads: ( => current thread )

Other Threads:

=>0x000000000484d800 (exited) JavaThread "Unknown thread" [_thread_in_vm, id=15732, stack(0x0000000004680000,0x0000000004780000)]

VM state:not at safepoint (normal execution)

VM Mutex/Monitor currently owned by a thread: None

Heap:
 PSYoungGen      total 38400K, used 665K [0x000000076ab00000, 0x000000076d580000, 0x00000007c0000000)
  eden space 33280K, 2% used [0x000000076ab00000,0x000000076aba6670,0x000000076cb80000)
  from space 5120K, 0% used [0x000000076d080000,0x000000076d080000,0x000000076d580000)
  to   space 5120K, 0% used [0x000000076cb80000,0x000000076cb80000,0x000000076d080000)
 ParOldGen       total 87552K, used 0K [0x00000006c0000000, 0x00000006c5580000, 0x000000076ab00000)
  object space 87552K, 0% used [0x00000006c0000000,0x00000006c0000000,0x00000006c5580000)
 Metaspace       used 772K, capacity 4480K, committed 4480K, reserved 1056768K
  class space    used 73K, capacity 384K, committed 384K, reserved 1048576K

Card table byte_map: [0x0000000013d10000,0x0000000014520000] byte_map_base: 0x0000000010710000

Marking Bits: (ParMarkBitMap*) 0x00000000648218f0
 Begin Bits: [0x0000000015280000, 0x0000000019280000)
 End Bits:   [0x0000000019280000, 0x000000001d280000)

Polling page: 0x00000000045d0000

CodeCache: size=245760Kb used=328Kb max_used=328Kb free=245431Kb
 bounds [0x0000000004950000, 0x0000000004bc0000, 0x0000000013950000]
 total_blobs=57 nmethods=0 adapters=38
 compilation: enabled

Compilation events (0 events):
No events

GC Heap History (0 events):
No events

Deoptimization events (0 events):
No events

Internal exceptions (0 events):
No events

Events (10 events):
Event: 0.033 loading class java/lang/Short
Event: 0.033 loading class java/lang/Short done
Event: 0.033 loading class java/lang/Integer
Event: 0.033 loading class java/lang/Integer done
Event: 0.033 loading class java/lang/Long
Event: 0.033 loading class java/lang/Long done
Event: 0.033 loading class java/lang/NullPointerException
Event: 0.033 loading class java/lang/NullPointerException done
Event: 0.033 loading class java/lang/ArithmeticException
Event: 0.034 loading class java/lang/ArithmeticException done


Dynamic libraries:
0x00007ff6ffc70000 - 0x00007ff6ffca1000 	F:\Program Files (x86)\Android\Android Studio\jre\bin\java.exe
0x00007ffc7b0a0000 - 0x00007ffc7b280000 	C:\WINDOWS\SYSTEM32\ntdll.dll
0x00007ffc787e0000 - 0x00007ffc7888e000 	C:\WINDOWS\System32\KERNEL32.DLL
0x00007ffc781d0000 - 0x00007ffc78436000 	C:\WINDOWS\System32\KERNELBASE.dll
0x00007ffc78570000 - 0x00007ffc78611000 	C:\WINDOWS\System32\ADVAPI32.dll
0x00007ffc7a780000 - 0x00007ffc7a81d000 	C:\WINDOWS\System32\msvcrt.dll
0x00007ffc78b80000 - 0x00007ffc78bdb000 	C:\WINDOWS\System32\sechost.dll
0x00007ffc7a420000 - 0x00007ffc7a53f000 	C:\WINDOWS\System32\RPCRT4.dll
0x00007ffc789f0000 - 0x00007ffc78b7e000 	C:\WINDOWS\System32\USER32.dll
0x00007ffc77f60000 - 0x00007ffc77f80000 	C:\WINDOWS\System32\win32u.dll
0x00007ffc78540000 - 0x00007ffc78568000 	C:\WINDOWS\System32\GDI32.dll
0x00007ffc77f80000 - 0x00007ffc78114000 	C:\WINDOWS\System32\gdi32full.dll
0x00007ffc776f0000 - 0x00007ffc7778b000 	C:\WINDOWS\System32\msvcp_win.dll
0x00007ffc78440000 - 0x00007ffc78536000 	C:\WINDOWS\System32\ucrtbase.dll
0x00007ffc66970000 - 0x00007ffc66bd9000 	C:\WINDOWS\WinSxS\amd64_microsoft.windows.common-controls_6595b64144ccf1df_6.0.16299.19_none_cc92fab02215da61\COMCTL32.dll
0x00007ffc78bf0000 - 0x00007ffc78ef8000 	C:\WINDOWS\System32\combase.dll
0x00007ffc77790000 - 0x00007ffc77802000 	C:\WINDOWS\System32\bcryptPrimitives.dll
0x00007ffc78f00000 - 0x00007ffc78f2d000 	C:\WINDOWS\System32\IMM32.DLL
0x0000000063ea0000 - 0x0000000063f72000 	F:\Program Files (x86)\Android\Android Studio\jre\jre\bin\msvcr100.dll
0x0000000064060000 - 0x000000006489c000 	F:\Program Files (x86)\Android\Android Studio\jre\jre\bin\server\jvm.dll
0x00007ffc78be0000 - 0x00007ffc78be8000 	C:\WINDOWS\System32\PSAPI.DLL
0x00007ffc727d0000 - 0x00007ffc727da000 	C:\WINDOWS\SYSTEM32\VERSION.dll
0x00007ffc733d0000 - 0x00007ffc733d9000 	C:\WINDOWS\SYSTEM32\WSOCK32.dll
0x00007ffc73560000 - 0x00007ffc73583000 	C:\WINDOWS\SYSTEM32\WINMM.dll
0x00007ffc7a6b0000 - 0x00007ffc7a71c000 	C:\WINDOWS\System32\WS2_32.dll
0x00007ffc73530000 - 0x00007ffc7355a000 	C:\WINDOWS\SYSTEM32\winmmbase.dll
0x00007ffc78120000 - 0x00007ffc7816a000 	C:\WINDOWS\System32\cfgmgr32.dll
0x00007ffc73290000 - 0x00007ffc7329f000 	F:\Program Files (x86)\Android\Android Studio\jre\jre\bin\verify.dll
0x00007ffc64da0000 - 0x00007ffc64dc9000 	F:\Program Files (x86)\Android\Android Studio\jre\jre\bin\java.dll
0x00007ffc5d040000 - 0x00007ffc5d056000 	F:\Program Files (x86)\Android\Android Studio\jre\jre\bin\zip.dll

VM Arguments:
jvm_args: -Djava.awt.headless=true -Xmx4g -Dfile.encoding=windows-1252 -Duser.country=US -Duser.language=en -Duser.variant 
java_command: com.android.dx.command.Main --dex --force-jumbo --num-threads=4 --multi-dex --output F:\TIF\Semester 7\Mobile Programming\Lab\WhatsCamp\WhatsCamp\app\build\intermediates\transforms\dex\debug\folders\1000\5\slice_3 F:\TIF\Semester 7\Mobile Programming\Lab\WhatsCamp\WhatsCamp\app\build\intermediates\transforms\instantRunSlicer\debug\folders\1\5\slice_3
java_class_path (initial): F:\Android\sdk\build-tools\25.0.0\lib\dx.jar
Launcher Type: SUN_STANDARD

Environment Variables:
PATH=C:\ProgramData\Oracle\Java\javapath;C:\Program Files (x86)\Intel\iCLS Client\;C:\Program Files\Intel\iCLS Client\;C:\Windows\system32;C:\Windows;C:\Windows\System32\Wbem;C:\Windows\System32\WindowsPowerShell\v1.0\;C:\Program Files (x86)\Intel\Intel(R) Management Engine Components\DAL;C:\Program Files\Intel\Intel(R) Management Engine Components\DAL;C:\Program Files (x86)\Intel\Intel(R) Management Engine Components\IPT;C:\Program Files\Intel\Intel(R) Management Engine Components\IPT;C:\Program Files (x86)\NVIDIA Corporation\PhysX\Common;C:\Program Files\Java\jdk1.8.0_144\bin;C:\Program Files\Java\jdk1.8.0_144\lib;C:\TDM-GCC-64\bin;C:\Program Files (x86)\CodeBlocks\MinGW\bin;C:\WINDOWS\system32;C:\WINDOWS;C:\WINDOWS\System32\Wbem;C:\WINDOWS\System32\WindowsPowerShell\v1.0\;C:\HashiCorp\Vagrant\bin;C:\Program Files\Git\cmd;C:\Program Files\PuTTY\;C:\Program Files\IBM\Bluemix\bin;C:\Program Files\Cloud Foundry;C:\Users\legion Y520\AppData\Local\Programs\Python\Python35\Scripts\;C:\Users\legion Y520\AppData\Local\Programs\Python\Python35\;C:\Users\legion Y520\AppData\Local\Microsoft\WindowsApps;C:\TDM-GCC-64\bin;C:\Program Files (x86)\CodeBlocks\MinGW\bin;C:\Users\legion Y520\AppData\Local\GitHubDesktop\bin;C:\Users\legion Y520\AppData\Local\Microsoft\WindowsApps;C:\Program Files\aircrack-ng-1.2-rc4-win\bin\64bit;
USERNAME=Joseph
OS=Windows_NT
PROCESSOR_IDENTIFIER=Intel64 Family 6 Model 158 Stepping 9, GenuineIntel



---------------  S Y S T E M  ---------------

OS: Windows 10.0 , 64 bit Build 16299 (10.0.16299.15)

CPU:total 8 (4 cores per cpu, 2 threads per core) family 6 model 158 stepping 9, cmov, cx8, fxsr, mmx, sse, sse2, sse3, ssse3, sse4.1, sse4.2, popcnt, avx, avx2, aes, clmul, erms, 3dnowpref, lzcnt, ht, tsc, tscinvbit, bmi1, bmi2, adx

Memory: 4k page, physical 8260772k(574608k free), swap 12356772k(201488k free)

vm_info: OpenJDK 64-Bit Server VM (25.112-b06) for windows-amd64 JRE (1.8.0_112-release-b06), built on Dec  8 2016 00:54:26 by "builder" with MS VC++ 10.0 (VS2010)

time: Thu Nov 02 23:13:14 2017
elapsed time: 0 seconds (0d 0h 0m 0s)

