#
# There is insufficient memory for the Java Runtime Environment to continue.
# Native memory allocation (malloc) failed to allocate 219216 bytes for Chunk::new
# Possible reasons:
#   The system is out of physical RAM or swap space
#   In 32 bit mode, the process size limit was hit
# Possible solutions:
#   Reduce memory load on the system
#   Increase physical memory or swap space
#   Check if swap backing store is full
#   Use 64 bit Java on a 64 bit OS
#   Decrease Java heap size (-Xmx/-Xms)
#   Decrease number of Java threads
#   Decrease Java thread stack sizes (-Xss)
#   Set larger code cache with -XX:ReservedCodeCacheSize=
# This output file may be truncated or incomplete.
#
#  Out of Memory Error (allocation.cpp:390), pid=18364, tid=0x00000000000049ac
#
# JRE version: OpenJDK Runtime Environment (8.0_112-b06) (build 1.8.0_112-release-b06)
# Java VM: OpenJDK 64-Bit Server VM (25.112-b06 mixed mode windows-amd64 compressed oops)
# Failed to write core dump. Minidumps are not enabled by default on client versions of Windows
#

---------------  T H R E A D  ---------------

Current thread (0x000000001e426000):  JavaThread "C2 CompilerThread0" daemon [_thread_in_native, id=18860, stack(0x000000001ebf0000,0x000000001ecf0000)]

Stack: [0x000000001ebf0000,0x000000001ecf0000]
[error occurred during error reporting (printing stack bounds), id 0xc0000005]

Native frames: (J=compiled Java code, j=interpreted, Vv=VM code, C=native code)


Current CompileTask:
C2:   1139 1033       4       com.android.dx.dex.code.OutputFinisher::addConstants (93 bytes)


---------------  P R O C E S S  ---------------

Java Threads: ( => current thread )
  0x000000001e4bf800 JavaThread "Service Thread" daemon [_thread_blocked, id=13948, stack(0x000000001eff0000,0x000000001f0f0000)]
  0x000000001e432000 JavaThread "C1 CompilerThread3" daemon [_thread_blocked, id=4464, stack(0x000000001eef0000,0x000000001eff0000)]
  0x000000001e42e000 JavaThread "C2 CompilerThread2" daemon [_thread_blocked, id=7264, stack(0x000000001edf0000,0x000000001eef0000)]
  0x000000001e42a000 JavaThread "C2 CompilerThread1" daemon [_thread_blocked, id=6376, stack(0x000000001ecf0000,0x000000001edf0000)]
=>0x000000001e426000 JavaThread "C2 CompilerThread0" daemon [_thread_in_native, id=18860, stack(0x000000001ebf0000,0x000000001ecf0000)]
  0x000000001e424800 JavaThread "Attach Listener" daemon [_thread_blocked, id=6960, stack(0x000000001eaf0000,0x000000001ebf0000)]
  0x000000001e420800 JavaThread "Finalizer" daemon [_thread_blocked, id=18912, stack(0x000000001e800000,0x000000001e900000)]
  0x000000001c52b800 JavaThread "Reference Handler" daemon [_thread_blocked, id=1020, stack(0x000000001e300000,0x000000001e400000)]

Other Threads:
  0x000000001c525000 VMThread [stack: 0x000000001e200000,0x000000001e300000] [id=11028]

VM state:at safepoint (normal execution)

VM Mutex/Monitor currently owned by a thread:  ([mutex/lock_event])
[0x000000000267cc00] Threads_lock - owner thread: 0x000000001c525000
[0x000000000267c780] Heap_lock - owner thread: 0x000000001e717000

Heap:
 PSYoungGen      total 38400K, used 24696K [0x000000076ab00000, 0x000000076d580000, 0x00000007c0000000)
  eden space 33280K, 74% used [0x000000076ab00000,0x000000076c31e368,0x000000076cb80000)
  from space 5120K, 0% used [0x000000076d080000,0x000000076d080000,0x000000076d580000)
  to   space 5120K, 0% used [0x000000076cb80000,0x000000076cb80000,0x000000076d080000)
 ParOldGen       total 87552K, used 0K [0x00000006c0000000, 0x00000006c5580000, 0x000000076ab00000)
  object space 87552K, 0% used [0x00000006c0000000,0x00000006c0000000,0x00000006c5580000)
 Metaspace       used 6346K, capacity 7064K, committed 7424K, reserved 1056768K
  class space    used 626K, capacity 656K, committed 768K, reserved 1048576K

Card table byte_map: [0x0000000011d80000,0x0000000012590000] byte_map_base: 0x000000000e780000

Marking Bits: (ParMarkBitMap*) 0x000000006f7818f0
 Begin Bits: [0x00000000132f0000, 0x00000000172f0000)
 End Bits:   [0x00000000172f0000, 0x000000001b2f0000)

Polling page: 0x0000000000e80000

CodeCache: size=245760Kb used=4521Kb max_used=4534Kb free=241238Kb
 bounds [0x00000000029c0000, 0x0000000002e40000, 0x00000000119c0000]
 total_blobs=1496 nmethods=1221 adapters=189
 compilation: enabled

Compilation events (10 events):
Event: 1.077 Thread 0x000000001e42a000 nmethod 1217 0x0000000002e2a2d0 code [0x0000000002e2a400, 0x0000000002e2a4b8]
Event: 1.077 Thread 0x000000001e42a000 1220       4       java.lang.CharacterDataLatin1::toLowerCase (39 bytes)
Event: 1.078 Thread 0x000000001e42a000 nmethod 1220 0x0000000002e29f90 code [0x0000000002e2a0c0, 0x0000000002e2a198]
Event: 1.078 Thread 0x000000001e42a000 1223       4       java.lang.Integer::reverseBytes (26 bytes)
Event: 1.078 Thread 0x000000001e432000 1224       3       sun.security.provider.SHA::implCompress (491 bytes)
Event: 1.078 Thread 0x000000001e42a000 nmethod 1223 0x0000000002e25e90 code [0x0000000002e25fc0, 0x0000000002e26038]
Event: 1.078 Thread 0x000000001e432000 nmethod 1224 0x0000000002e2a790 code [0x0000000002e2a980, 0x0000000002e2b268]
Event: 1.078 Thread 0x000000001e432000 1225       3       sun.security.provider.ByteArrayAccess::b2iBig64 (614 bytes)
Event: 1.079 Thread 0x000000001e432000 nmethod 1225 0x0000000002e2c810 code [0x0000000002e2ca20, 0x0000000002e2d7e8]
Event: 1.082 Thread 0x000000001e42e000 nmethod 1213 0x0000000002e31390 code [0x0000000002e31540, 0x0000000002e31e38]

GC Heap History (0 events):
No events

Deoptimization events (10 events):
Event: 0.957 Thread 0x000000001e717000 Uncommon trap: reason=speculate_class_check action=maybe_recompile pc=0x0000000002d0dd68 method=com.android.dx.util.FixedSizeList.equals(Ljava/lang/Object;)Z @ 25
Event: 0.957 Thread 0x000000001e717000 Uncommon trap: reason=class_check action=maybe_recompile pc=0x0000000002cfa4e0 method=java.util.Arrays.equals([Ljava/lang/Object;[Ljava/lang/Object;)Z @ 62
Event: 0.957 Thread 0x000000001e717000 Uncommon trap: reason=speculate_class_check action=maybe_recompile pc=0x0000000002d0dd68 method=com.android.dx.util.FixedSizeList.equals(Ljava/lang/Object;)Z @ 25
Event: 0.957 Thread 0x000000001e717000 Uncommon trap: reason=class_check action=maybe_recompile pc=0x0000000002cfa4e0 method=java.util.Arrays.equals([Ljava/lang/Object;[Ljava/lang/Object;)Z @ 62
Event: 1.069 Thread 0x000000001e717000 Uncommon trap: reason=unstable_if action=reinterpret pc=0x0000000002c2a430 method=java.lang.String.indexOf([CII[CIII)I @ 3
Event: 1.069 Thread 0x000000001e717000 Uncommon trap: reason=unstable_if action=reinterpret pc=0x0000000002c80340 method=java.util.Arrays.copyOf([Ljava/lang/Object;ILjava/lang/Class;)[Ljava/lang/Object; @ 3
Event: 1.071 Thread 0x000000001e717000 Uncommon trap: reason=class_check action=maybe_recompile pc=0x0000000002dbf53c method=java.util.HashMap.putVal(ILjava/lang/Object;Ljava/lang/Object;ZZ)Ljava/lang/Object; @ 56
Event: 1.071 Thread 0x000000001e717000 Uncommon trap: reason=class_check action=maybe_recompile pc=0x0000000002dbf5b4 method=java.util.HashMap.putVal(ILjava/lang/Object;Ljava/lang/Object;ZZ)Ljava/lang/Object; @ 152
Event: 1.071 Thread 0x000000001e717000 Uncommon trap: reason=class_check action=maybe_recompile pc=0x0000000002dbf53c method=java.util.HashMap.putVal(ILjava/lang/Object;Ljava/lang/Object;ZZ)Ljava/lang/Object; @ 56
Event: 1.071 Thread 0x000000001e717000 Uncommon trap: reason=class_check action=maybe_recompile pc=0x0000000002dbf53c method=java.util.HashMap.putVal(ILjava/lang/Object;Ljava/lang/Object;ZZ)Ljava/lang/Object; @ 56

Internal exceptions (2 events):
Event: 0.032 Thread 0x000000000267d800 Exception <a 'java/lang/NoSuchMethodError': Method sun.misc.Unsafe.defineClass(Ljava/lang/String;[BII)Ljava/lang/Class; name or signature does not match> (0x000000076ab07c78) thrown at [C:\src\android\AOSP-openjdk\external\jetbrains\jdk\hotspot\src\share\v܆
Event: 0.032 Thread 0x000000000267d800 Exception <a 'java/lang/NoSuchMethodError': Method sun.misc.Unsafe.prefetchRead(Ljava/lang/Object;J)V name or signature does not match> (0x000000076ab07f60) thrown at [C:\src\android\AOSP-openjdk\external\jetbrains\jdk\hotspot\src\share\vm\prims\jni.cpp, l

Events (10 events):
Event: 1.086 loading class java/io/FileOutputStream$1
Event: 1.086 loading class java/io/FileOutputStream$1 done
Event: 1.087 Thread 0x000000000267d800 Thread exited: 0x000000000267d800
Event: 1.087 Thread 0x000000001e717000 Thread added: 0x000000001e717000
Event: 1.087 loading class java/lang/Shutdown
Event: 1.087 loading class java/lang/Shutdown done
Event: 1.087 loading class java/lang/Shutdown$Lock
Event: 1.087 loading class java/lang/Shutdown$Lock done
Event: 1.087 Thread 0x000000001c53e800 Thread exited: 0x000000001c53e800
Event: 1.087 Thread 0x000000001e717000 Thread exited: 0x000000001e717000


Dynamic libraries:
0x00007ff6fa0b0000 - 0x00007ff6fa0e1000 	F:\Program Files (x86)\Android\Android Studio\jre\bin\java.exe
0x00007ffd1ba50000 - 0x00007ffd1bc2b000 	C:\Windows\SYSTEM32\ntdll.dll
0x00007ffd1b970000 - 0x00007ffd1ba1e000 	C:\Windows\System32\KERNEL32.DLL
0x00007ffd18630000 - 0x00007ffd18879000 	C:\Windows\System32\KERNELBASE.dll
0x00007ffd1af30000 - 0x00007ffd1afd1000 	C:\Windows\System32\ADVAPI32.dll
0x00007ffd1ac80000 - 0x00007ffd1ad1d000 	C:\Windows\System32\msvcrt.dll
0x00007ffd1b520000 - 0x00007ffd1b579000 	C:\Windows\System32\sechost.dll
0x00007ffd1ab50000 - 0x00007ffd1ac75000 	C:\Windows\System32\RPCRT4.dll
0x00007ffd18f80000 - 0x00007ffd190ca000 	C:\Windows\System32\USER32.dll
0x00007ffd185c0000 - 0x00007ffd185de000 	C:\Windows\System32\win32u.dll
0x00007ffd190d0000 - 0x00007ffd190f7000 	C:\Windows\System32\GDI32.dll
0x00007ffd18050000 - 0x00007ffd181d7000 	C:\Windows\System32\gdi32full.dll
0x00007ffd17f40000 - 0x00007ffd17fda000 	C:\Windows\System32\msvcp_win.dll
0x00007ffd184c0000 - 0x00007ffd185b6000 	C:\Windows\System32\ucrtbase.dll
0x00007ffd094a0000 - 0x00007ffd09707000 	C:\Windows\WinSxS\amd64_microsoft.windows.common-controls_6595b64144ccf1df_6.0.15063.483_none_26002d27e7c744a2\COMCTL32.dll
0x00007ffd1b0e0000 - 0x00007ffd1b3d9000 	C:\Windows\System32\combase.dll
0x00007ffd17fe0000 - 0x00007ffd1804a000 	C:\Windows\System32\bcryptPrimitives.dll
0x00007ffd196e0000 - 0x00007ffd1970d000 	C:\Windows\System32\IMM32.DLL
0x000000006e970000 - 0x000000006ea42000 	F:\Program Files (x86)\Android\Android Studio\jre\jre\bin\msvcr100.dll
0x000000006efc0000 - 0x000000006f7fc000 	F:\Program Files (x86)\Android\Android Studio\jre\jre\bin\server\jvm.dll
0x00007ffd19100000 - 0x00007ffd19108000 	C:\Windows\System32\PSAPI.DLL
0x00007ffd13110000 - 0x00007ffd1311a000 	C:\Windows\SYSTEM32\VERSION.dll
0x00007ffd103a0000 - 0x00007ffd103c3000 	C:\Windows\SYSTEM32\WINMM.dll
0x00007ffd123b0000 - 0x00007ffd123b9000 	C:\Windows\SYSTEM32\WSOCK32.dll
0x00007ffd1b580000 - 0x00007ffd1b5ec000 	C:\Windows\System32\WS2_32.dll
0x00007ffd10370000 - 0x00007ffd1039b000 	C:\Windows\SYSTEM32\WINMMBASE.dll
0x00007ffd185e0000 - 0x00007ffd18629000 	C:\Windows\System32\cfgmgr32.dll
0x00007ffd10fe0000 - 0x00007ffd10fef000 	F:\Program Files (x86)\Android\Android Studio\jre\jre\bin\verify.dll
0x00007ffd10fb0000 - 0x00007ffd10fd9000 	F:\Program Files (x86)\Android\Android Studio\jre\jre\bin\java.dll
0x00007ffd0be00000 - 0x00007ffd0be16000 	F:\Program Files (x86)\Android\Android Studio\jre\jre\bin\zip.dll
0x00007ffd19710000 - 0x00007ffd1ab46000 	C:\Windows\System32\SHELL32.dll
0x00007ffd1b3f0000 - 0x00007ffd1b49a000 	C:\Windows\System32\shcore.dll
0x00007ffd18880000 - 0x00007ffd18f71000 	C:\Windows\System32\windows.storage.dll
0x00007ffd19110000 - 0x00007ffd19161000 	C:\Windows\System32\shlwapi.dll
0x00007ffd17eb0000 - 0x00007ffd17ec1000 	C:\Windows\System32\kernel.appcore.dll
0x00007ffd17ed0000 - 0x00007ffd17f1c000 	C:\Windows\System32\powrprof.dll
0x00007ffd17f20000 - 0x00007ffd17f35000 	C:\Windows\System32\profapi.dll

VM Arguments:
jvm_args: -Djava.awt.headless=true -Xmx4g -Dfile.encoding=windows-1252 -Duser.country=US -Duser.language=en -Duser.variant 
java_command: com.android.dx.command.Main --dex --force-jumbo --num-threads=4 --multi-dex --output F:\TIF\Semester 7\Mobile Programming\Lab\Event Finder v1.0\EventFinder\app\build\intermediates\transforms\dex\debug\folders\1000\2\httpmime-4.3.4_b067aacaebc432a30a5f61b86cf25cc641295cac F:\TIF\Semester 7\Mobile Programming\Lab\Event Finder v1.0\EventFinder\app\libs\httpmime-4.3.4.jar
java_class_path (initial): F:\Android\sdk\build-tools\25.0.0\lib\dx.jar
Launcher Type: SUN_STANDARD

Environment Variables:
PATH=C:\ProgramData\Oracle\Java\javapath;C:\Program Files (x86)\Intel\iCLS Client\;C:\Program Files\Intel\iCLS Client\;C:\Windows\system32;C:\Windows;C:\Windows\System32\Wbem;C:\Windows\System32\WindowsPowerShell\v1.0\;C:\Program Files (x86)\Intel\Intel(R) Management Engine Components\DAL;C:\Program Files\Intel\Intel(R) Management Engine Components\DAL;C:\Program Files (x86)\Intel\Intel(R) Management Engine Components\IPT;C:\Program Files\Intel\Intel(R) Management Engine Components\IPT;C:\Program Files (x86)\NVIDIA Corporation\PhysX\Common;C:\Program Files\Java\jdk1.8.0_144\bin;C:\Program Files\Java\jdk1.8.0_144\lib;C:\TDM-GCC-64\bin;C:\Program Files (x86)\CodeBlocks\MinGW\bin;C:\Windows\system32;C:\Windows;C:\Windows\System32\Wbem;C:\Windows\System32\WindowsPowerShell\v1.0\;C:\HashiCorp\Vagrant\bin;C:\Program Files\Git\cmd;C:\Program Files\PuTTY\;C:\Users\legion Y520\AppData\Local\Programs\Python\Python35\Scripts\;C:\Users\legion Y520\AppData\Local\Programs\Python\Python35\;C:\Users\legion Y520\AppData\Local\Microsoft\WindowsApps;C:\TDM-GCC-64\bin;C:\Program Files (x86)\CodeBlocks\MinGW\bin;C:\Users\legion Y520\AppData\Local\GitHubDesktop\bin;C:\Users\legion Y520\AppData\Local\Microsoft\WindowsApps;C:\Program Files\aircrack-ng-1.2-rc4-win\bin\64bit;
USERNAME=Joseph
OS=Windows_NT
PROCESSOR_IDENTIFIER=Intel64 Family 6 Model 158 Stepping 9, GenuineIntel



---------------  S Y S T E M  ---------------

OS: Windows 10.0 , 64 bit Build 15063 (10.0.15063.296)

CPU:total 8 (4 cores per cpu, 2 threads per core) family 6 model 158 stepping 9, cmov, cx8, fxsr, mmx, sse, sse2, sse3, ssse3, sse4.1, sse4.2, popcnt, avx, avx2, aes, clmul, erms, 3dnowpref, lzcnt, ht, tsc, tscinvbit, bmi1, bmi2, adx

Memory: 4k page, physical 8260772k(850880k free), swap 12356772k(3384k free)

vm_info: OpenJDK 64-Bit Server VM (25.112-b06) for windows-amd64 JRE (1.8.0_112-release-b06), built on Dec  8 2016 00:54:26 by "builder" with MS VC++ 10.0 (VS2010)

time: Fri Oct 27 20:44:11 2017
elapsed time: 1 seconds (0d 0h 0m 1s)

