#
# There is insufficient memory for the Java Runtime Environment to continue.
# Native memory allocation (malloc) failed to allocate 1428176 bytes for Chunk::new
# Possible reasons:
#   The system is out of physical RAM or swap space
#   In 32 bit mode, the process size limit was hit
# Possible solutions:
#   Reduce memory load on the system
#   Increase physical memory or swap space
#   Check if swap backing store is full
#   Use 64 bit Java on a 64 bit OS
#   Decrease Java heap size (-Xmx/-Xms)
#   Decrease number of Java threads
#   Decrease Java thread stack sizes (-Xss)
#   Set larger code cache with -XX:ReservedCodeCacheSize=
# This output file may be truncated or incomplete.
#
#  Out of Memory Error (allocation.cpp:390), pid=2108, tid=0x000000000000361c
#
# JRE version: OpenJDK Runtime Environment (8.0_152-b01) (build 1.8.0_152-release-915-b01)
# Java VM: OpenJDK 64-Bit Server VM (25.152-b01 mixed mode windows-amd64 compressed oops)
# Failed to write core dump. Minidumps are not enabled by default on client versions of Windows
#

---------------  T H R E A D  ---------------

Current thread (0x000000001bbfc800):  JavaThread "C2 CompilerThread0" daemon [_thread_in_native, id=13852, stack(0x000000001c3c0000,0x000000001c4c0000)]

Stack: [0x000000001c3c0000,0x000000001c4c0000]
[error occurred during error reporting (printing stack bounds), id 0xc0000005]

Native frames: (J=compiled Java code, j=interpreted, Vv=VM code, C=native code)


Current CompileTask:
C2:   4301  600  s!   4       com.android.multidex.Path::getClass (144 bytes)


---------------  P R O C E S S  ---------------

Java Threads: ( => current thread )
  0x000000001bc8a800 JavaThread "Service Thread" daemon [_thread_blocked, id=8384, stack(0x000000001c7c0000,0x000000001c8c0000)]
  0x000000001bc0b000 JavaThread "C1 CompilerThread3" daemon [_thread_blocked, id=19320, stack(0x000000001c6c0000,0x000000001c7c0000)]
  0x0000000019d0a000 JavaThread "C2 CompilerThread2" daemon [_thread_in_native, id=18724, stack(0x000000001c5c0000,0x000000001c6c0000)]
  0x000000001bc00800 JavaThread "C2 CompilerThread1" daemon [_thread_in_native, id=18740, stack(0x000000001c4c0000,0x000000001c5c0000)]
=>0x000000001bbfc800 JavaThread "C2 CompilerThread0" daemon [_thread_in_native, id=13852, stack(0x000000001c3c0000,0x000000001c4c0000)]
  0x000000001bbf8000 JavaThread "Attach Listener" daemon [_thread_blocked, id=18648, stack(0x000000001c2c0000,0x000000001c3c0000)]
  0x000000001bbf7000 JavaThread "Signal Dispatcher" daemon [_thread_blocked, id=17008, stack(0x000000001c1c0000,0x000000001c2c0000)]
  0x0000000004d89000 JavaThread "Finalizer" daemon [_thread_blocked, id=12588, stack(0x000000001bfd0000,0x000000001c0d0000)]
  0x0000000019cfb800 JavaThread "Reference Handler" daemon [_thread_blocked, id=17196, stack(0x000000001bad0000,0x000000001bbd0000)]
  0x0000000004b8e000 JavaThread "main" [_thread_in_native, id=1700, stack(0x0000000004b90000,0x0000000004c90000)]

Other Threads:
  0x0000000019cf5000 VMThread [stack: 0x000000001b9d0000,0x000000001bad0000] [id=18672]
  0x000000001bc8b000 WatcherThread [stack: 0x000000001c8c0000,0x000000001c9c0000] [id=16816]

VM state:not at safepoint (normal execution)

VM Mutex/Monitor currently owned by a thread: None

Heap:
 PSYoungGen      total 38400K, used 11724K [0x00000000d5f80000, 0x00000000d8a00000, 0x0000000100000000)
  eden space 33280K, 19% used [0x00000000d5f80000,0x00000000d65fb0f0,0x00000000d8000000)
  from space 5120K, 99% used [0x00000000d8000000,0x00000000d84f8020,0x00000000d8500000)
  to   space 5120K, 0% used [0x00000000d8500000,0x00000000d8500000,0x00000000d8a00000)
 ParOldGen       total 87552K, used 28034K [0x0000000081e00000, 0x0000000087380000, 0x00000000d5f80000)
  object space 87552K, 32% used [0x0000000081e00000,0x00000000839608b0,0x0000000087380000)
 Metaspace       used 3800K, capacity 5144K, committed 5376K, reserved 1056768K
  class space    used 395K, capacity 456K, committed 512K, reserved 1048576K

Card table byte_map: [0x0000000014150000,0x0000000014550000] byte_map_base: 0x0000000013d41000

Marking Bits: (ParMarkBitMap*) 0x0000000067df3950
 Begin Bits: [0x0000000015000000, 0x0000000016f88000)
 End Bits:   [0x0000000016f88000, 0x0000000018f10000)

Polling page: 0x0000000004a90000

CodeCache: size=245760Kb used=3473Kb max_used=3481Kb free=242286Kb
 bounds [0x0000000004d90000, 0x0000000005100000, 0x0000000013d90000]
 total_blobs=839 nmethods=591 adapters=162
 compilation: enabled

Compilation events (10 events):
Event: 4.104 Thread 0x000000001bc0b000  602   !   3       java.util.zip.InflaterInputStream::read (138 bytes)
Event: 4.105 Thread 0x000000001bc0b000 nmethod 602 0x00000000050edcd0 code [0x00000000050edf40, 0x00000000050eefe8]
Event: 4.107 Thread 0x000000001bbfc800 nmethod 597 0x00000000050eccd0 code [0x00000000050ecec0, 0x00000000050ed640]
Event: 4.107 Thread 0x000000001bbfc800  600  s!   4       com.android.multidex.Path::getClass (144 bytes)
Event: 4.107 Thread 0x000000001bc0b000  604       2       java.nio.file.attribute.FileTime::<init> (21 bytes)
Event: 4.107 Thread 0x000000001bc0b000 nmethod 604 0x00000000050de350 code [0x00000000050de4a0, 0x00000000050de610]
Event: 4.112 Thread 0x000000001bc0b000  605       3       com.android.dx.rop.cst.CstFloat::make (9 bytes)
Event: 4.113 Thread 0x000000001bc0b000 nmethod 605 0x00000000050b7150 code [0x00000000050b72e0, 0x00000000050b76b0]
Event: 4.113 Thread 0x000000001bc0b000  606       3       com.android.dx.rop.cst.CstFloat::<init> (6 bytes)
Event: 4.113 Thread 0x000000001bc0b000 nmethod 606 0x00000000050b6ad0 code [0x00000000050b6c40, 0x00000000050b6f70]

GC Heap History (10 events):
Event: 3.792 GC heap before
{Heap before GC invocations=3 (full 0):
 PSYoungGen      total 38400K, used 38394K [0x00000000d5f80000, 0x00000000d8a00000, 0x0000000100000000)
  eden space 33280K, 100% used [0x00000000d5f80000,0x00000000d8000000,0x00000000d8000000)
  from space 5120K, 99% used [0x00000000d8500000,0x00000000d89feb90,0x00000000d8a00000)
  to   space 5120K, 0% used [0x00000000d8000000,0x00000000d8000000,0x00000000d8500000)
 ParOldGen       total 87552K, used 1267K [0x0000000081e00000, 0x0000000087380000, 0x00000000d5f80000)
  object space 87552K, 1% used [0x0000000081e00000,0x0000000081f3cd58,0x0000000087380000)
 Metaspace       used 3776K, capacity 5144K, committed 5376K, reserved 1056768K
  class space    used 393K, capacity 456K, committed 512K, reserved 1048576K
Event: 3.800 GC heap after
Heap after GC invocations=3 (full 0):
 PSYoungGen      total 38400K, used 5104K [0x00000000d5f80000, 0x00000000d8a00000, 0x0000000100000000)
  eden space 33280K, 0% used [0x00000000d5f80000,0x00000000d5f80000,0x00000000d8000000)
  from space 5120K, 99% used [0x00000000d8000000,0x00000000d84fc050,0x00000000d8500000)
  to   space 5120K, 0% used [0x00000000d8500000,0x00000000d8500000,0x00000000d8a00000)
 ParOldGen       total 87552K, used 6026K [0x0000000081e00000, 0x0000000087380000, 0x00000000d5f80000)
  object space 87552K, 6% used [0x0000000081e00000,0x00000000823e2af8,0x0000000087380000)
 Metaspace       used 3776K, capacity 5144K, committed 5376K, reserved 1056768K
  class space    used 393K, capacity 456K, committed 512K, reserved 1048576K
}
Event: 3.884 GC heap before
{Heap before GC invocations=4 (full 0):
 PSYoungGen      total 38400K, used 38384K [0x00000000d5f80000, 0x00000000d8a00000, 0x0000000100000000)
  eden space 33280K, 100% used [0x00000000d5f80000,0x00000000d8000000,0x00000000d8000000)
  from space 5120K, 99% used [0x00000000d8000000,0x00000000d84fc050,0x00000000d8500000)
  to   space 5120K, 0% used [0x00000000d8500000,0x00000000d8500000,0x00000000d8a00000)
 ParOldGen       total 87552K, used 6026K [0x0000000081e00000, 0x0000000087380000, 0x00000000d5f80000)
  object space 87552K, 6% used [0x0000000081e00000,0x00000000823e2af8,0x0000000087380000)
 Metaspace       used 3777K, capacity 5144K, committed 5376K, reserved 1056768K
  class space    used 393K, capacity 456K, committed 512K, reserved 1048576K
Event: 3.894 GC heap after
Heap after GC invocations=4 (full 0):
 PSYoungGen      total 38400K, used 5088K [0x00000000d5f80000, 0x00000000d8a00000, 0x0000000100000000)
  eden space 33280K, 0% used [0x00000000d5f80000,0x00000000d5f80000,0x00000000d8000000)
  from space 5120K, 99% used [0x00000000d8500000,0x00000000d89f8040,0x00000000d8a00000)
  to   space 5120K, 0% used [0x00000000d8000000,0x00000000d8000000,0x00000000d8500000)
 ParOldGen       total 87552K, used 11736K [0x0000000081e00000, 0x0000000087380000, 0x00000000d5f80000)
  object space 87552K, 13% used [0x0000000081e00000,0x00000000829763f0,0x0000000087380000)
 Metaspace       used 3777K, capacity 5144K, committed 5376K, reserved 1056768K
  class space    used 393K, capacity 456K, committed 512K, reserved 1048576K
}
Event: 3.993 GC heap before
{Heap before GC invocations=5 (full 0):
 PSYoungGen      total 38400K, used 38368K [0x00000000d5f80000, 0x00000000d8a00000, 0x0000000100000000)
  eden space 33280K, 100% used [0x00000000d5f80000,0x00000000d8000000,0x00000000d8000000)
  from space 5120K, 99% used [0x00000000d8500000,0x00000000d89f8040,0x00000000d8a00000)
  to   space 5120K, 0% used [0x00000000d8000000,0x00000000d8000000,0x00000000d8500000)
 ParOldGen       total 87552K, used 11736K [0x0000000081e00000, 0x0000000087380000, 0x00000000d5f80000)
  object space 87552K, 13% used [0x0000000081e00000,0x00000000829763f0,0x0000000087380000)
 Metaspace       used 3778K, capacity 5144K, committed 5376K, reserved 1056768K
  class space    used 393K, capacity 456K, committed 512K, reserved 1048576K
Event: 4.005 GC heap after
Heap after GC invocations=5 (full 0):
 PSYoungGen      total 38400K, used 5088K [0x00000000d5f80000, 0x00000000d8a00000, 0x0000000100000000)
  eden space 33280K, 0% used [0x00000000d5f80000,0x00000000d5f80000,0x00000000d8000000)
  from space 5120K, 99% used [0x00000000d8000000,0x00000000d84f8040,0x00000000d8500000)
  to   space 5120K, 0% used [0x00000000d8500000,0x00000000d8500000,0x00000000d8a00000)
 ParOldGen       total 87552K, used 17594K [0x0000000081e00000, 0x0000000087380000, 0x00000000d5f80000)
  object space 87552K, 20% used [0x0000000081e00000,0x0000000082f2ea90,0x0000000087380000)
 Metaspace       used 3778K, capacity 5144K, committed 5376K, reserved 1056768K
  class space    used 393K, capacity 456K, committed 512K, reserved 1048576K
}
Event: 4.087 GC heap before
{Heap before GC invocations=6 (full 0):
 PSYoungGen      total 38400K, used 38368K [0x00000000d5f80000, 0x00000000d8a00000, 0x0000000100000000)
  eden space 33280K, 100% used [0x00000000d5f80000,0x00000000d8000000,0x00000000d8000000)
  from space 5120K, 99% used [0x00000000d8000000,0x00000000d84f8040,0x00000000d8500000)
  to   space 5120K, 0% used [0x00000000d8500000,0x00000000d8500000,0x00000000d8a00000)
 ParOldGen       total 87552K, used 17594K [0x0000000081e00000, 0x0000000087380000, 0x00000000d5f80000)
  object space 87552K, 20% used [0x0000000081e00000,0x0000000082f2ea90,0x0000000087380000)
 Metaspace       used 3778K, capacity 5144K, committed 5376K, reserved 1056768K
  class space    used 393K, capacity 456K, committed 512K, reserved 1048576K
Event: 4.095 GC heap after
Heap after GC invocations=6 (full 0):
 PSYoungGen      total 38400K, used 5092K [0x00000000d5f80000, 0x00000000d8a00000, 0x0000000100000000)
  eden space 33280K, 0% used [0x00000000d5f80000,0x00000000d5f80000,0x00000000d8000000)
  from space 5120K, 99% used [0x00000000d8500000,0x00000000d89f9040,0x00000000d8a00000)
  to   space 5120K, 0% used [0x00000000d8000000,0x00000000d8000000,0x00000000d8500000)
 ParOldGen       total 87552K, used 22900K [0x0000000081e00000, 0x0000000087380000, 0x00000000d5f80000)
  object space 87552K, 26% used [0x0000000081e00000,0x000000008345d128,0x0000000087380000)
 Metaspace       used 3778K, capacity 5144K, committed 5376K, reserved 1056768K
  class space    used 393K, capacity 456K, committed 512K, reserved 1048576K
}
Event: 4.187 GC heap before
{Heap before GC invocations=7 (full 0):
 PSYoungGen      total 38400K, used 38372K [0x00000000d5f80000, 0x00000000d8a00000, 0x0000000100000000)
  eden space 33280K, 100% used [0x00000000d5f80000,0x00000000d8000000,0x00000000d8000000)
  from space 5120K, 99% used [0x00000000d8500000,0x00000000d89f9040,0x00000000d8a00000)
  to   space 5120K, 0% used [0x00000000d8000000,0x00000000d8000000,0x00000000d8500000)
 ParOldGen       total 87552K, used 22900K [0x0000000081e00000, 0x0000000087380000, 0x00000000d5f80000)
  object space 87552K, 26% used [0x0000000081e00000,0x000000008345d128,0x0000000087380000)
 Metaspace       used 3778K, capacity 5144K, committed 5376K, reserved 1056768K
  class space    used 393K, capacity 456K, committed 512K, reserved 1048576K
Event: 4.198 GC heap after
Heap after GC invocations=7 (full 0):
 PSYoungGen      total 38400K, used 5088K [0x00000000d5f80000, 0x00000000d8a00000, 0x0000000100000000)
  eden space 33280K, 0% used [0x00000000d5f80000,0x00000000d5f80000,0x00000000d8000000)
  from space 5120K, 99% used [0x00000000d8000000,0x00000000d84f8020,0x00000000d8500000)
  to   space 5120K, 0% used [0x00000000d8500000,0x00000000d8500000,0x00000000d8a00000)
 ParOldGen       total 87552K, used 28034K [0x0000000081e00000, 0x0000000087380000, 0x00000000d5f80000)
  object space 87552K, 32% used [0x0000000081e00000,0x00000000839608b0,0x0000000087380000)
 Metaspace       used 3778K, capacity 5144K, committed 5376K, reserved 1056768K
  class space    used 393K, capacity 456K, committed 512K, reserved 1048576K
}

Deoptimization events (2 events):
Event: 3.271 Thread 0x0000000004b8e000 Uncommon trap: reason=unloaded action=reinterpret pc=0x0000000004fae51c method=com.android.dx.cf.cst.ConstantPoolParser.parse0(ILjava/util/BitSet;)Lcom/android/dx/rop/cst/Constant; @ 176
Event: 4.101 Thread 0x0000000004b8e000 Uncommon trap: reason=unstable_if action=reinterpret pc=0x00000000050f0ab0 method=java.util.zip.ZipFile$ZipFileInputStream.read([BII)I @ 46

Classes redefined (0 events):
No events

Internal exceptions (2 events):
Event: 0.820 Thread 0x0000000004b8e000 Exception <a 'java/lang/NoSuchMethodError': Method sun.misc.Unsafe.defineClass(Ljava/lang/String;[BII)Ljava/lang/Class; name or signature does not match> (0x00000000d5f87ca8) thrown at [D:\src\AOSP-openjdk-cygwin\jdk8u\hotspot\src\share\vm\prims\jni.cpp, 
Event: 0.820 Thread 0x0000000004b8e000 Exception <a 'java/lang/NoSuchMethodError': Method sun.misc.Unsafe.prefetchRead(Ljava/lang/Object;J)V name or signature does not match> (0x00000000d5f87f90) thrown at [D:\src\AOSP-openjdk-cygwin\jdk8u\hotspot\src\share\vm\prims\jni.cpp, line 4011]

Events (10 events):
Event: 3.993 Executing VM operation: ParallelGCFailedAllocation
Event: 4.005 Executing VM operation: ParallelGCFailedAllocation done
Event: 4.087 Executing VM operation: ParallelGCFailedAllocation
Event: 4.095 Executing VM operation: ParallelGCFailedAllocation done
Event: 4.101 Thread 0x0000000004b8e000 Uncommon trap: trap_request=0xffffff65 fr.pc=0x00000000050f0ab0
Event: 4.101 Thread 0x0000000004b8e000 DEOPT PACKING pc=0x00000000050f0ab0 sp=0x0000000004c8f230
Event: 4.101 Thread 0x0000000004b8e000 DEOPT UNPACKING pc=0x0000000004dd556a sp=0x0000000004c8f118 mode 2
Event: 4.187 Executing VM operation: ParallelGCFailedAllocation
Event: 4.198 Executing VM operation: ParallelGCFailedAllocation done
Event: 4.212 loading class java/time/Instant


Dynamic libraries:
0x00007ff62b0a0000 - 0x00007ff62b0d1000 	F:\Program Files (x86)\Android\Android Studio\jre\bin\java.exe
0x00007ff8c0340000 - 0x00007ff8c0520000 	C:\WINDOWS\SYSTEM32\ntdll.dll
0x00007ff8bdd10000 - 0x00007ff8bddbe000 	C:\WINDOWS\System32\KERNEL32.DLL
0x00007ff8bd2e0000 - 0x00007ff8bd546000 	C:\WINDOWS\System32\KERNELBASE.dll
0x00007ff8bdf80000 - 0x00007ff8be021000 	C:\WINDOWS\System32\ADVAPI32.dll
0x00007ff8c0020000 - 0x00007ff8c00bd000 	C:\WINDOWS\System32\msvcrt.dll
0x00007ff8bfd80000 - 0x00007ff8bfddb000 	C:\WINDOWS\System32\sechost.dll
0x00007ff8bde20000 - 0x00007ff8bdf3f000 	C:\WINDOWS\System32\RPCRT4.dll
0x00007ff8bd840000 - 0x00007ff8bd9ce000 	C:\WINDOWS\System32\USER32.dll
0x00007ff8bd2c0000 - 0x00007ff8bd2e0000 	C:\WINDOWS\System32\win32u.dll
0x00007ff8bdce0000 - 0x00007ff8bdd08000 	C:\WINDOWS\System32\GDI32.dll
0x00007ff8bc7b0000 - 0x00007ff8bc944000 	C:\WINDOWS\System32\gdi32full.dll
0x00007ff8bc710000 - 0x00007ff8bc7ab000 	C:\WINDOWS\System32\msvcp_win.dll
0x00007ff8bd600000 - 0x00007ff8bd6f6000 	C:\WINDOWS\System32\ucrtbase.dll
0x00007ff8abdf0000 - 0x00007ff8ac059000 	C:\WINDOWS\WinSxS\amd64_microsoft.windows.common-controls_6595b64144ccf1df_6.0.16299.19_none_cc92fab02215da61\COMCTL32.dll
0x00007ff8bd9d0000 - 0x00007ff8bdcd8000 	C:\WINDOWS\System32\combase.dll
0x00007ff8bd700000 - 0x00007ff8bd772000 	C:\WINDOWS\System32\bcryptPrimitives.dll
0x00007ff8bdf40000 - 0x00007ff8bdf6d000 	C:\WINDOWS\System32\IMM32.DLL
0x0000000067470000 - 0x0000000067542000 	F:\Program Files (x86)\Android\Android Studio\jre\jre\bin\msvcr100.dll
0x0000000067630000 - 0x0000000067e6e000 	F:\Program Files (x86)\Android\Android Studio\jre\jre\bin\server\jvm.dll
0x00007ff8bfd70000 - 0x00007ff8bfd78000 	C:\WINDOWS\System32\PSAPI.DLL
0x00007ff8abd20000 - 0x00007ff8abd43000 	C:\WINDOWS\SYSTEM32\WINMM.dll
0x00007ff8a8940000 - 0x00007ff8a8949000 	C:\WINDOWS\SYSTEM32\WSOCK32.dll
0x00007ff8b72f0000 - 0x00007ff8b72fa000 	C:\WINDOWS\SYSTEM32\VERSION.dll
0x00007ff8bfb60000 - 0x00007ff8bfbcc000 	C:\WINDOWS\System32\WS2_32.dll
0x00007ff8ab200000 - 0x00007ff8ab22a000 	C:\WINDOWS\SYSTEM32\WINMMBASE.dll
0x00007ff8bd0a0000 - 0x00007ff8bd0ea000 	C:\WINDOWS\System32\cfgmgr32.dll
0x00007ff8a7730000 - 0x00007ff8a773f000 	F:\Program Files (x86)\Android\Android Studio\jre\jre\bin\verify.dll
0x00007ff88b2b0000 - 0x00007ff88b2d9000 	F:\Program Files (x86)\Android\Android Studio\jre\jre\bin\java.dll
0x00007ff89bbf0000 - 0x00007ff89bc06000 	F:\Program Files (x86)\Android\Android Studio\jre\jre\bin\zip.dll
0x00007ff8be720000 - 0x00007ff8bfb57000 	C:\WINDOWS\System32\SHELL32.dll
0x00007ff8c0230000 - 0x00007ff8c02d6000 	C:\WINDOWS\System32\shcore.dll
0x00007ff8bc950000 - 0x00007ff8bd097000 	C:\WINDOWS\System32\windows.storage.dll
0x00007ff8bddc0000 - 0x00007ff8bde11000 	C:\WINDOWS\System32\shlwapi.dll
0x00007ff8bc6f0000 - 0x00007ff8bc701000 	C:\WINDOWS\System32\kernel.appcore.dll
0x00007ff8bc680000 - 0x00007ff8bc6cc000 	C:\WINDOWS\System32\powrprof.dll
0x00007ff8bc660000 - 0x00007ff8bc67b000 	C:\WINDOWS\System32\profapi.dll

VM Arguments:
jvm_args: -Djava.awt.headless=true -Dfile.encoding=windows-1252 -Duser.country=US -Duser.language=en -Duser.variant 
java_command: com.android.multidex.ClassReferenceListBuilder F:\TIF\Semester 7\Mobile Programming\Lab\WhatsCamp\WhatsCamp\app\build\intermediates\multi-dex\debug\componentClasses.jar F:\TIF\Semester 7\Mobile Programming\Lab\WhatsCamp\WhatsCamp\app\build\intermediates\transforms\jarMerging\debug\jars\1\1f\combined.jar
java_class_path (initial): F:\Android\sdk\build-tools\25.0.0\lib\dx.jar
Launcher Type: SUN_STANDARD

Environment Variables:
PATH=C:\ProgramData\Oracle\Java\javapath;C:\Program Files (x86)\Intel\iCLS Client\;C:\Program Files\Intel\iCLS Client\;C:\Windows\system32;C:\Windows;C:\Windows\System32\Wbem;C:\Windows\System32\WindowsPowerShell\v1.0\;C:\Program Files (x86)\Intel\Intel(R) Management Engine Components\DAL;C:\Program Files\Intel\Intel(R) Management Engine Components\DAL;C:\Program Files (x86)\Intel\Intel(R) Management Engine Components\IPT;C:\Program Files\Intel\Intel(R) Management Engine Components\IPT;C:\Program Files (x86)\NVIDIA Corporation\PhysX\Common;C:\Program Files\Java\jdk1.8.0_144\bin;C:\Program Files\Java\jdk1.8.0_144\lib;C:\TDM-GCC-64\bin;C:\Program Files (x86)\CodeBlocks\MinGW\bin;C:\WINDOWS\system32;C:\WINDOWS;C:\WINDOWS\System32\Wbem;C:\WINDOWS\System32\WindowsPowerShell\v1.0\;C:\HashiCorp\Vagrant\bin;C:\Program Files\Git\cmd;C:\Program Files\PuTTY\;C:\Program Files\IBM\Bluemix\bin;C:\Program Files\Cloud Foundry;C:\Users\legion Y520\AppData\Local\Programs\Python\Python35\Scripts\;C:\Users\legion Y520\AppData\Local\Programs\Python\Python35\;C:\Users\legion Y520\AppData\Local\Microsoft\WindowsApps;C:\TDM-GCC-64\bin;C:\Program Files (x86)\CodeBlocks\MinGW\bin;C:\Users\legion Y520\AppData\Local\GitHubDesktop\bin;C:\Users\legion Y520\AppData\Local\Microsoft\WindowsApps;C:\Program Files\aircrack-ng-1.2-rc4-win\bin\64bit;
USERNAME=Joseph
OS=Windows_NT
PROCESSOR_IDENTIFIER=Intel64 Family 6 Model 158 Stepping 9, GenuineIntel



---------------  S Y S T E M  ---------------

OS: Windows 10.0 , 64 bit Build 16299 (10.0.16299.15)

CPU:total 8 (initial active 8) (4 cores per cpu, 2 threads per core) family 6 model 158 stepping 9, cmov, cx8, fxsr, mmx, sse, sse2, sse3, ssse3, sse4.1, sse4.2, popcnt, avx, avx2, aes, clmul, erms, 3dnowpref, lzcnt, ht, tsc, tscinvbit, bmi1, bmi2, adx

Memory: 4k page, physical 8260772k(261052k free), swap 12356772k(11276k free)

vm_info: OpenJDK 64-Bit Server VM (25.152-b01) for windows-amd64 JRE (1.8.0_152-release-915-b01), built by "builder" with MS VC++ 10.0 (VS2010)

time: Fri Nov 10 22:20:50 2017
elapsed time: 4 seconds (0d 0h 0m 4s)

