#
# There is insufficient memory for the Java Runtime Environment to continue.
# Native memory allocation (malloc) failed to allocate 787376 bytes for Chunk::new
# Possible reasons:
#   The system is out of physical RAM or swap space
#   In 32 bit mode, the process size limit was hit
# Possible solutions:
#   Reduce memory load on the system
#   Increase physical memory or swap space
#   Check if swap backing store is full
#   Use 64 bit Java on a 64 bit OS
#   Decrease Java heap size (-Xmx/-Xms)
#   Decrease number of Java threads
#   Decrease Java thread stack sizes (-Xss)
#   Set larger code cache with -XX:ReservedCodeCacheSize=
# This output file may be truncated or incomplete.
#
#  Out of Memory Error (allocation.cpp:390), pid=25272, tid=0x000000000000407c
#
# JRE version: OpenJDK Runtime Environment (8.0_152-b01) (build 1.8.0_152-release-915-b01)
# Java VM: OpenJDK 64-Bit Server VM (25.152-b01 mixed mode windows-amd64 compressed oops)
# Failed to write core dump. Minidumps are not enabled by default on client versions of Windows
#

---------------  T H R E A D  ---------------

Current thread (0x000000002088a800):  JavaThread "C2 CompilerThread1" daemon [_thread_in_native, id=16508, stack(0x0000000021150000,0x0000000021250000)]

Stack: [0x0000000021150000,0x0000000021250000]
[error occurred during error reporting (printing stack bounds), id 0xc0000005]

Native frames: (J=compiled Java code, j=interpreted, Vv=VM code, C=native code)


Current CompileTask:
C2:   4638 1286   !   4       com.android.dx.cf.code.BytecodeArray::parseInstruction (2764 bytes)


---------------  P R O C E S S  ---------------

Java Threads: ( => current thread )
  0x0000000020a94800 JavaThread "pool-1-thread-1" [_thread_in_native, id=8744, stack(0x00000000252c0000,0x00000000253c0000)]
  0x000000002092e800 JavaThread "Service Thread" daemon [_thread_blocked, id=21556, stack(0x0000000021450000,0x0000000021550000)]
  0x00000000208bb000 JavaThread "C1 CompilerThread3" daemon [_thread_blocked, id=13744, stack(0x0000000021350000,0x0000000021450000)]
  0x000000002088e000 JavaThread "C2 CompilerThread2" daemon [_thread_in_native, id=11068, stack(0x0000000021250000,0x0000000021350000)]
=>0x000000002088a800 JavaThread "C2 CompilerThread1" daemon [_thread_in_native, id=16508, stack(0x0000000021150000,0x0000000021250000)]
  0x0000000020884000 JavaThread "C2 CompilerThread0" daemon [_thread_in_native, id=24588, stack(0x0000000021050000,0x0000000021150000)]
  0x0000000020895800 JavaThread "Attach Listener" daemon [_thread_blocked, id=14408, stack(0x0000000020f50000,0x0000000021050000)]
  0x0000000020894800 JavaThread "Signal Dispatcher" daemon [_thread_blocked, id=21524, stack(0x0000000020e50000,0x0000000020f50000)]
  0x0000000020880800 JavaThread "Finalizer" daemon [_thread_blocked, id=24152, stack(0x0000000020c60000,0x0000000020d60000)]
  0x0000000004e68800 JavaThread "Reference Handler" daemon [_thread_blocked, id=21508, stack(0x0000000020760000,0x0000000020860000)]
  0x0000000004c2e000 JavaThread "main" [_thread_blocked, id=7084, stack(0x0000000004c70000,0x0000000004d70000)]

Other Threads:
  0x000000001e986000 VMThread [stack: 0x0000000020660000,0x0000000020760000] [id=9592]
  0x000000002092f800 WatcherThread [stack: 0x0000000021550000,0x0000000021650000] [id=19296]

VM state:not at safepoint (normal execution)

VM Mutex/Monitor currently owned by a thread: None

Heap:
 PSYoungGen      total 71680K, used 34215K [0x000000076ab00000, 0x000000076f600000, 0x00000007c0000000)
  eden space 66560K, 43% used [0x000000076ab00000,0x000000076c76fdc8,0x000000076ec00000)
  from space 5120K, 99% used [0x000000076f100000,0x000000076f5f9fc8,0x000000076f600000)
  to   space 5120K, 0% used [0x000000076ec00000,0x000000076ec00000,0x000000076f100000)
 ParOldGen       total 87552K, used 15007K [0x00000006c0000000, 0x00000006c5580000, 0x000000076ab00000)
  object space 87552K, 17% used [0x00000006c0000000,0x00000006c0ea7fe0,0x00000006c5580000)
 Metaspace       used 6065K, capacity 7088K, committed 7296K, reserved 1056768K
  class space    used 594K, capacity 616K, committed 640K, reserved 1048576K

Card table byte_map: [0x0000000014230000,0x0000000014a40000] byte_map_base: 0x0000000010c30000

Marking Bits: (ParMarkBitMap*) 0x00000000732d3950
 Begin Bits: [0x00000000157a0000, 0x00000000197a0000)
 End Bits:   [0x00000000197a0000, 0x000000001d7a0000)

Polling page: 0x0000000003380000

CodeCache: size=245760Kb used=5674Kb max_used=5674Kb free=240085Kb
 bounds [0x0000000004e70000, 0x0000000005400000, 0x0000000013e70000]
 total_blobs=1614 nmethods=1351 adapters=176
 compilation: disabled (not enough contiguous free space left)

Compilation events (10 events):
Event: 3.197 Thread 0x00000000208bb000 nmethod 1336 0x00000000053c6b90 code [0x00000000053c6f80, 0x00000000053c9388]
Event: 3.198 Thread 0x00000000208bb000 1338       3       com.android.dx.ssa.SsaMethod::convertRopToSsaBlocks (103 bytes)
Event: 3.199 Thread 0x00000000208bb000 nmethod 1338 0x00000000053caf90 code [0x00000000053cb200, 0x00000000053cc3e8]
Event: 3.204 Thread 0x00000000208bb000 1341       3       com.android.dx.ssa.SsaConverter::edgeSplitPredecessors (44 bytes)
Event: 3.204 Thread 0x00000000208bb000 nmethod 1341 0x00000000053bed50 code [0x00000000053bef60, 0x00000000053bf928]
Event: 3.210 Thread 0x00000000208bb000 1342       3       com.android.dx.ssa.SsaConverter::edgeSplitMoveExceptionsAndResults (157 bytes)
Event: 3.211 Thread 0x00000000208bb000 nmethod 1342 0x00000000053ccdd0 code [0x00000000053cd180, 0x00000000053cf048]
Event: 3.212 Thread 0x00000000208bb000 1343       3       com.android.dx.ssa.SsaConverter::edgeSplitSuccessors (98 bytes)
Event: 3.213 Thread 0x00000000208bb000 nmethod 1343 0x00000000053c5150 code [0x00000000053c53c0, 0x00000000053c6208]
Event: 3.218 Thread 0x00000000208bb000 1345       3       com.android.dx.ssa.LocalVariableExtractor::doit (59 bytes)

GC Heap History (2 events):
Event: 3.049 GC heap before
{Heap before GC invocations=1 (full 0):
 PSYoungGen      total 38400K, used 33280K [0x000000076ab00000, 0x000000076d580000, 0x00000007c0000000)
  eden space 33280K, 100% used [0x000000076ab00000,0x000000076cb80000,0x000000076cb80000)
  from space 5120K, 0% used [0x000000076d080000,0x000000076d080000,0x000000076d580000)
  to   space 5120K, 0% used [0x000000076cb80000,0x000000076cb80000,0x000000076d080000)
 ParOldGen       total 87552K, used 0K [0x00000006c0000000, 0x00000006c5580000, 0x000000076ab00000)
  object space 87552K, 0% used [0x00000006c0000000,0x00000006c0000000,0x00000006c5580000)
 Metaspace       used 5784K, capacity 6832K, committed 7040K, reserved 1056768K
  class space    used 570K, capacity 616K, committed 640K, reserved 1048576K
Event: 3.093 GC heap after
Heap after GC invocations=1 (full 0):
 PSYoungGen      total 38400K, used 5104K [0x000000076ab00000, 0x000000076f600000, 0x00000007c0000000)
  eden space 33280K, 0% used [0x000000076ab00000,0x000000076ab00000,0x000000076cb80000)
  from space 5120K, 99% used [0x000000076cb80000,0x000000076d07c138,0x000000076d080000)
  to   space 5120K, 0% used [0x000000076f100000,0x000000076f100000,0x000000076f600000)
 ParOldGen       total 87552K, used 1430K [0x00000006c0000000, 0x00000006c5580000, 0x000000076ab00000)
  object space 87552K, 1% used [0x00000006c0000000,0x00000006c0165a68,0x00000006c5580000)
 Metaspace       used 5784K, capacity 6832K, committed 7040K, reserved 1056768K
  class space    used 570K, capacity 616K, committed 640K, reserved 1048576K
}

Deoptimization events (10 events):
Event: 2.633 Thread 0x0000000020a4b000 Uncommon trap: reason=class_check action=maybe_recompile pc=0x00000000052e73ac method=com.android.dx.ssa.NormalSsaInsn.accept(Lcom/android/dx/ssa/SsaInsn$Visitor;)V @ 9
Event: 2.633 Thread 0x0000000020a4b000 Uncommon trap: reason=class_check action=maybe_recompile pc=0x00000000052e73ac method=com.android.dx.ssa.NormalSsaInsn.accept(Lcom/android/dx/ssa/SsaInsn$Visitor;)V @ 9
Event: 2.633 Thread 0x0000000020a4b000 Uncommon trap: reason=class_check action=maybe_recompile pc=0x00000000052e73ac method=com.android.dx.ssa.NormalSsaInsn.accept(Lcom/android/dx/ssa/SsaInsn$Visitor;)V @ 9
Event: 2.633 Thread 0x0000000020a4b000 Uncommon trap: reason=class_check action=maybe_recompile pc=0x00000000052e73ac method=com.android.dx.ssa.NormalSsaInsn.accept(Lcom/android/dx/ssa/SsaInsn$Visitor;)V @ 9
Event: 2.634 Thread 0x0000000020a4b000 Uncommon trap: reason=unstable_if action=reinterpret pc=0x00000000052de49c method=com.android.dx.util.LabeledList.set(ILcom/android/dx/util/LabeledItem;)V @ 16
Event: 2.640 Thread 0x0000000020a4b000 Uncommon trap: reason=bimorphic action=maybe_recompile pc=0x000000000529ae18 method=java.util.HashMap.putVal(ILjava/lang/Object;Ljava/lang/Object;ZZ)Ljava/lang/Object; @ 91
Event: 2.646 Thread 0x0000000020a4b000 Uncommon trap: reason=null_check action=make_not_entrant pc=0x00000000052ff130 method=com.android.dx.rop.type.Type.equals(Ljava/lang/Object;)Z @ 8
Event: 2.646 Thread 0x0000000020a4b000 Uncommon trap: reason=unstable_if action=reinterpret pc=0x000000000508e038 method=java.util.BitSet.ensureCapacity(I)V @ 6
Event: 2.656 Thread 0x0000000020a4b000 Uncommon trap: reason=unstable_if action=reinterpret pc=0x00000000051dbe84 method=com.android.dx.ssa.SsaRenamer$BlockRenamer.addMapping(ILcom/android/dx/rop/code/RegisterSpec;)V @ 120
Event: 2.782 Thread 0x0000000020a4b000 Uncommon trap: reason=null_check action=make_not_entrant pc=0x0000000005358174 method=com.android.dx.ssa.SsaRenamer.getLocalForNewReg(I)Lcom/android/dx/rop/code/LocalItem; @ 19

Classes redefined (0 events):
No events

Internal exceptions (4 events):
Event: 0.040 Thread 0x0000000004c2e000 Exception <a 'java/lang/NoSuchMethodError': Method sun.misc.Unsafe.defineClass(Ljava/lang/String;[BII)Ljava/lang/Class; name or signature does not match> (0x000000076ab07ca8) thrown at [D:\src\AOSP-openjdk-cygwin\jdk8u\hotspot\src\share\vm\prims\jni.cpp, 
Event: 0.040 Thread 0x0000000004c2e000 Exception <a 'java/lang/NoSuchMethodError': Method sun.misc.Unsafe.prefetchRead(Ljava/lang/Object;J)V name or signature does not match> (0x000000076ab07f90) thrown at [D:\src\AOSP-openjdk-cygwin\jdk8u\hotspot\src\share\vm\prims\jni.cpp, line 4011]
Event: 2.646 Thread 0x0000000020a4b000 Implicit null exception at 0x00000000052ff022 to 0x00000000052ff122
Event: 2.782 Thread 0x0000000020a4b000 Implicit null exception at 0x0000000005356c3b to 0x0000000005358155

Events (10 events):
Event: 3.021 loading class com/android/dx/cf/direct/DirectClassFile$DcfTypeList
Event: 3.021 loading class com/android/dx/cf/direct/DirectClassFile$DcfTypeList done
Event: 3.030 Thread 0x0000000021b0a800 DEOPT PACKING pc=0x000000000516a6e6 sp=0x000000002234e8a0
Event: 3.030 Thread 0x0000000021b0a800 DEOPT UNPACKING pc=0x0000000004eb75bf sp=0x000000002234e680 mode 0
Event: 3.033 loading class com/android/dx/dex/file/MethodAnnotationStruct
Event: 3.033 loading class com/android/dx/dex/file/MethodAnnotationStruct done
Event: 3.049 Executing VM operation: ParallelGCFailedAllocation
Event: 3.093 Executing VM operation: ParallelGCFailedAllocation done
Event: 3.097 loading class com/android/dx/cf/attrib/AttEnclosingMethod
Event: 3.097 loading class com/android/dx/cf/attrib/AttEnclosingMethod done


Dynamic libraries:
0x00007ff732ce0000 - 0x00007ff732d11000 	F:\Program Files (x86)\Android\Android Studio\jre\bin\java.exe
0x00007ff8ab5d0000 - 0x00007ff8ab7b0000 	C:\WINDOWS\SYSTEM32\ntdll.dll
0x00007ff8aa7d0000 - 0x00007ff8aa87e000 	C:\WINDOWS\System32\KERNEL32.DLL
0x00007ff8a7b10000 - 0x00007ff8a7d76000 	C:\WINDOWS\System32\KERNELBASE.dll
0x00007ff8aa420000 - 0x00007ff8aa4c1000 	C:\WINDOWS\System32\ADVAPI32.dll
0x00007ff8aa6a0000 - 0x00007ff8aa73d000 	C:\WINDOWS\System32\msvcrt.dll
0x00007ff8ab0f0000 - 0x00007ff8ab14b000 	C:\WINDOWS\System32\sechost.dll
0x00007ff8aae30000 - 0x00007ff8aaf4f000 	C:\WINDOWS\System32\RPCRT4.dll
0x00007ff8ab150000 - 0x00007ff8ab2df000 	C:\WINDOWS\System32\USER32.dll
0x00007ff8a8800000 - 0x00007ff8a8820000 	C:\WINDOWS\System32\win32u.dll
0x00007ff8aa9b0000 - 0x00007ff8aa9d8000 	C:\WINDOWS\System32\GDI32.dll
0x00007ff8a88d0000 - 0x00007ff8a8a64000 	C:\WINDOWS\System32\gdi32full.dll
0x00007ff8a79a0000 - 0x00007ff8a7a3b000 	C:\WINDOWS\System32\msvcp_win.dll
0x00007ff8a7f50000 - 0x00007ff8a8046000 	C:\WINDOWS\System32\ucrtbase.dll
0x00007ff89cca0000 - 0x00007ff89cf09000 	C:\WINDOWS\WinSxS\amd64_microsoft.windows.common-controls_6595b64144ccf1df_6.0.16299.64_none_cc9304e22215ca8f\COMCTL32.dll
0x00007ff8aa070000 - 0x00007ff8aa378000 	C:\WINDOWS\System32\combase.dll
0x00007ff8a7a40000 - 0x00007ff8a7ab2000 	C:\WINDOWS\System32\bcryptPrimitives.dll
0x00007ff8aafb0000 - 0x00007ff8aafdd000 	C:\WINDOWS\System32\IMM32.DLL
0x0000000072950000 - 0x0000000072a22000 	F:\Program Files (x86)\Android\Android Studio\jre\jre\bin\msvcr100.dll
0x0000000072b10000 - 0x000000007334e000 	F:\Program Files (x86)\Android\Android Studio\jre\jre\bin\server\jvm.dll
0x00007ff8ab560000 - 0x00007ff8ab568000 	C:\WINDOWS\System32\PSAPI.DLL
0x00007ff8a23d0000 - 0x00007ff8a23da000 	C:\WINDOWS\SYSTEM32\VERSION.dll
0x00007ff8a3260000 - 0x00007ff8a3283000 	C:\WINDOWS\SYSTEM32\WINMM.dll
0x00007ff8a5c50000 - 0x00007ff8a5c59000 	C:\WINDOWS\SYSTEM32\WSOCK32.dll
0x00007ff8aa760000 - 0x00007ff8aa7cc000 	C:\WINDOWS\System32\WS2_32.dll
0x00007ff8a3230000 - 0x00007ff8a325a000 	C:\WINDOWS\SYSTEM32\WINMMBASE.dll
0x00007ff8a7ac0000 - 0x00007ff8a7b0a000 	C:\WINDOWS\System32\cfgmgr32.dll
0x00007ff8a5560000 - 0x00007ff8a556f000 	F:\Program Files (x86)\Android\Android Studio\jre\jre\bin\verify.dll
0x00007ff8a13c0000 - 0x00007ff8a13e9000 	F:\Program Files (x86)\Android\Android Studio\jre\jre\bin\java.dll
0x00007ff8a2a00000 - 0x00007ff8a2a16000 	F:\Program Files (x86)\Android\Android Studio\jre\jre\bin\zip.dll
0x00007ff8a8a80000 - 0x00007ff8a9eb7000 	C:\WINDOWS\System32\SHELL32.dll
0x00007ff8ab360000 - 0x00007ff8ab406000 	C:\WINDOWS\System32\shcore.dll
0x00007ff8a8050000 - 0x00007ff8a8797000 	C:\WINDOWS\System32\windows.storage.dll
0x00007ff8aa880000 - 0x00007ff8aa8d1000 	C:\WINDOWS\System32\shlwapi.dll
0x00007ff8a7960000 - 0x00007ff8a7971000 	C:\WINDOWS\System32\kernel.appcore.dll
0x00007ff8a78f0000 - 0x00007ff8a793c000 	C:\WINDOWS\System32\powrprof.dll
0x00007ff8a7980000 - 0x00007ff8a799b000 	C:\WINDOWS\System32\profapi.dll

VM Arguments:
jvm_args: -Djava.awt.headless=true -Xmx4g -Dfile.encoding=windows-1252 -Duser.country=US -Duser.language=en -Duser.variant 
java_command: com.android.dx.command.Main --dex --force-jumbo --num-threads=4 --multi-dex --output F:\TIF\Semester 7\Mobile Programming\Lab\WhatsCamp\WhatsCamp\app\build\intermediates\transforms\dex\debug\folders\1000\5\slice_9 F:\TIF\Semester 7\Mobile Programming\Lab\WhatsCamp\WhatsCamp\app\build\intermediates\transforms\instantRunSlicer\debug\folders\1\5\slice_9
java_class_path (initial): F:\Android\sdk\build-tools\25.0.0\lib\dx.jar
Launcher Type: SUN_STANDARD

Environment Variables:
PATH=C:\ProgramData\Oracle\Java\javapath;C:\Program Files (x86)\Intel\iCLS Client\;C:\Program Files\Intel\iCLS Client\;C:\Windows\system32;C:\Windows;C:\Windows\System32\Wbem;C:\Windows\System32\WindowsPowerShell\v1.0\;C:\Program Files (x86)\Intel\Intel(R) Management Engine Components\DAL;C:\Program Files\Intel\Intel(R) Management Engine Components\DAL;C:\Program Files (x86)\Intel\Intel(R) Management Engine Components\IPT;C:\Program Files\Intel\Intel(R) Management Engine Components\IPT;C:\Program Files (x86)\NVIDIA Corporation\PhysX\Common;C:\Program Files\Java\jdk1.8.0_144\bin;C:\Program Files\Java\jdk1.8.0_144\lib;C:\TDM-GCC-64\bin;C:\Program Files (x86)\CodeBlocks\MinGW\bin;C:\WINDOWS\system32;C:\WINDOWS;C:\WINDOWS\System32\Wbem;C:\WINDOWS\System32\WindowsPowerShell\v1.0\;C:\HashiCorp\Vagrant\bin;C:\Program Files\Git\cmd;C:\Program Files\PuTTY\;C:\Program Files\IBM\Bluemix\bin;C:\Program Files\Cloud Foundry;C:\Program Files (x86)\QuickTime\QTSystem\;C:\Users\legion Y520\AppData\Local\Programs\Python\Python35\Scripts\;C:\Users\legion Y520\AppData\Local\Programs\Python\Python35\;C:\Users\legion Y520\AppData\Local\Microsoft\WindowsApps;C:\TDM-GCC-64\bin;C:\Program Files (x86)\CodeBlocks\MinGW\bin;C:\Users\legion Y520\AppData\Local\GitHubDesktop\bin;C:\Users\legion Y520\AppData\Local\Microsoft\WindowsApps;C:\Program Files\aircrack-ng-1.2-rc4-win\bin\64bit;
USERNAME=Joseph
OS=Windows_NT
PROCESSOR_IDENTIFIER=Intel64 Family 6 Model 158 Stepping 9, GenuineIntel



---------------  S Y S T E M  ---------------

OS: Windows 10.0 , 64 bit Build 16299 (10.0.16299.15)

CPU:total 8 (initial active 8) (4 cores per cpu, 2 threads per core) family 6 model 158 stepping 9, cmov, cx8, fxsr, mmx, sse, sse2, sse3, ssse3, sse4.1, sse4.2, popcnt, avx, avx2, aes, clmul, erms, 3dnowpref, lzcnt, ht, tsc, tscinvbit, bmi1, bmi2, adx

Memory: 4k page, physical 8260772k(384788k free), swap 12356772k(12k free)

vm_info: OpenJDK 64-Bit Server VM (25.152-b01) for windows-amd64 JRE (1.8.0_152-release-915-b01), built by "builder" with MS VC++ 10.0 (VS2010)

time: Sat Nov 25 12:01:03 2017
elapsed time: 4 seconds (0d 0h 0m 4s)

