#
# There is insufficient memory for the Java Runtime Environment to continue.
# Native memory allocation (malloc) failed to allocate 674416 bytes for Chunk::new
# Possible reasons:
#   The system is out of physical RAM or swap space
#   In 32 bit mode, the process size limit was hit
# Possible solutions:
#   Reduce memory load on the system
#   Increase physical memory or swap space
#   Check if swap backing store is full
#   Use 64 bit Java on a 64 bit OS
#   Decrease Java heap size (-Xmx/-Xms)
#   Decrease number of Java threads
#   Decrease Java thread stack sizes (-Xss)
#   Set larger code cache with -XX:ReservedCodeCacheSize=
# This output file may be truncated or incomplete.
#
#  Out of Memory Error (allocation.cpp:390), pid=23156, tid=0x0000000000005740
#
# JRE version: OpenJDK Runtime Environment (8.0_152-b01) (build 1.8.0_152-release-915-b01)
# Java VM: OpenJDK 64-Bit Server VM (25.152-b01 mixed mode windows-amd64 compressed oops)
# Failed to write core dump. Minidumps are not enabled by default on client versions of Windows
#

---------------  T H R E A D  ---------------

Current thread (0x0000000020729800):  JavaThread "C2 CompilerThread0" daemon [_thread_in_native, id=22336, stack(0x0000000020f00000,0x0000000021000000)]

Stack: [0x0000000020f00000,0x0000000021000000]
[error occurred during error reporting (printing stack bounds), id 0xc0000005]

Native frames: (J=compiled Java code, j=interpreted, Vv=VM code, C=native code)


Current CompileTask:
C2:    737  932   !   4       com.android.dx.cf.code.BytecodeArray::parseInstruction (2764 bytes)


---------------  P R O C E S S  ---------------

Java Threads: ( => current thread )
  0x0000000020a22800 JavaThread "pool-2-thread-4" [_thread_in_Java, id=7288, stack(0x0000000021900000,0x0000000021a00000)]
  0x0000000020a1c800 JavaThread "pool-2-thread-3" [_thread_blocked, id=11172, stack(0x0000000021800000,0x0000000021900000)]
  0x0000000020a18000 JavaThread "pool-2-thread-2" [_thread_in_Java, id=1788, stack(0x0000000021700000,0x0000000021800000)]
  0x00000000208ea800 JavaThread "pool-3-thread-1" [_thread_blocked, id=19012, stack(0x0000000021600000,0x0000000021700000)]
  0x00000000208e9800 JavaThread "pool-2-thread-1" [_thread_blocked, id=8496, stack(0x0000000021500000,0x0000000021600000)]
  0x00000000207ca000 JavaThread "Service Thread" daemon [_thread_blocked, id=20212, stack(0x0000000021300000,0x0000000021400000)]
  0x000000002073b800 JavaThread "C1 CompilerThread3" daemon [_thread_blocked, id=14012, stack(0x0000000021200000,0x0000000021300000)]
  0x0000000020731800 JavaThread "C2 CompilerThread2" daemon [_thread_in_native, id=24176, stack(0x0000000021100000,0x0000000021200000)]
  0x000000002072d800 JavaThread "C2 CompilerThread1" daemon [_thread_in_native, id=23148, stack(0x0000000021000000,0x0000000021100000)]
=>0x0000000020729800 JavaThread "C2 CompilerThread0" daemon [_thread_in_native, id=22336, stack(0x0000000020f00000,0x0000000021000000)]
  0x0000000020728000 JavaThread "Attach Listener" daemon [_thread_blocked, id=16584, stack(0x0000000020e00000,0x0000000020f00000)]
  0x0000000020736800 JavaThread "Signal Dispatcher" daemon [_thread_blocked, id=18516, stack(0x0000000020d00000,0x0000000020e00000)]
  0x0000000020720800 JavaThread "Finalizer" daemon [_thread_blocked, id=21556, stack(0x0000000020b00000,0x0000000020c00000)]
  0x000000001e83b800 JavaThread "Reference Handler" daemon [_thread_blocked, id=11644, stack(0x0000000020600000,0x0000000020700000)]
  0x0000000004a8e000 JavaThread "main" [_thread_in_native, id=23772, stack(0x0000000004ad0000,0x0000000004bd0000)]

Other Threads:
  0x000000001e835000 VMThread [stack: 0x0000000020500000,0x0000000020600000] [id=21240]
  0x00000000207ca800 WatcherThread [stack: 0x0000000021400000,0x0000000021500000] [id=18328]

VM state:not at safepoint (normal execution)

VM Mutex/Monitor currently owned by a thread: None

Heap:
 PSYoungGen      total 38400K, used 15151K [0x000000076ab00000, 0x000000076f600000, 0x00000007c0000000)
  eden space 33280K, 30% used [0x000000076ab00000,0x000000076b4d3d38,0x000000076cb80000)
  from space 5120K, 99% used [0x000000076cb80000,0x000000076d078158,0x000000076d080000)
  to   space 5120K, 0% used [0x000000076f100000,0x000000076f100000,0x000000076f600000)
 ParOldGen       total 87552K, used 5029K [0x00000006c0000000, 0x00000006c5580000, 0x000000076ab00000)
  object space 87552K, 5% used [0x00000006c0000000,0x00000006c04e9580,0x00000006c5580000)
 Metaspace       used 5774K, capacity 6832K, committed 7040K, reserved 1056768K
  class space    used 575K, capacity 616K, committed 640K, reserved 1048576K

Card table byte_map: [0x0000000014090000,0x00000000148a0000] byte_map_base: 0x0000000010a90000

Marking Bits: (ParMarkBitMap*) 0x0000000067df3950
 Begin Bits: [0x0000000015600000, 0x0000000019600000)
 End Bits:   [0x0000000019600000, 0x000000001d600000)

Polling page: 0x0000000004a50000

CodeCache: size=245760Kb used=4310Kb max_used=4326Kb free=241449Kb
 bounds [0x0000000004cd0000, 0x0000000005110000, 0x0000000013cd0000]
 total_blobs=1340 nmethods=1079 adapters=175
 compilation: enabled

Compilation events (10 events):
Event: 0.705 Thread 0x000000002073b800 1090       3       java.util.TreeMap$PrivateEntryIterator::nextEntry (54 bytes)
Event: 0.705 Thread 0x000000002073b800 nmethod 1090 0x00000000051052d0 code [0x0000000005105460, 0x0000000005105808]
Event: 0.705 Thread 0x000000002073b800 1089       3       com.android.dx.ssa.LocalVariableInfo::getStarts (19 bytes)
Event: 0.705 Thread 0x000000002073b800 nmethod 1089 0x0000000005105990 code [0x0000000005105b20, 0x0000000005105e48]
Event: 0.705 Thread 0x000000002073b800 1085       3       java.util.HashMap$HashIterator::hasNext (13 bytes)
Event: 0.705 Thread 0x000000002073b800 nmethod 1085 0x0000000005106050 code [0x00000000051061a0, 0x0000000005106350]
Event: 0.705 Thread 0x000000002073b800 1092       3       com.android.dx.ssa.SsaBasicBlock::addPhiInsnForReg (18 bytes)
Event: 0.706 Thread 0x000000002073b800 nmethod 1092 0x00000000051063d0 code [0x00000000051065a0, 0x0000000005106ce8]
Event: 0.711 Thread 0x000000002072d800 nmethod 1023 0x000000000510b110 code [0x000000000510b320, 0x000000000510c610]
Event: 0.711 Thread 0x000000002072d800 1095       4       com.android.dx.ssa.LocalVariableExtractor::processBlock (383 bytes)

GC Heap History (2 events):
Event: 0.628 GC heap before
{Heap before GC invocations=1 (full 0):
 PSYoungGen      total 38400K, used 33280K [0x000000076ab00000, 0x000000076d580000, 0x00000007c0000000)
  eden space 33280K, 100% used [0x000000076ab00000,0x000000076cb80000,0x000000076cb80000)
  from space 5120K, 0% used [0x000000076d080000,0x000000076d080000,0x000000076d580000)
  to   space 5120K, 0% used [0x000000076cb80000,0x000000076cb80000,0x000000076d080000)
 ParOldGen       total 87552K, used 0K [0x00000006c0000000, 0x00000006c5580000, 0x000000076ab00000)
  object space 87552K, 0% used [0x00000006c0000000,0x00000006c0000000,0x00000006c5580000)
 Metaspace       used 5741K, capacity 6832K, committed 7040K, reserved 1056768K
  class space    used 574K, capacity 616K, committed 640K, reserved 1048576K
Event: 0.669 GC heap after
Heap after GC invocations=1 (full 0):
 PSYoungGen      total 38400K, used 5088K [0x000000076ab00000, 0x000000076f600000, 0x00000007c0000000)
  eden space 33280K, 0% used [0x000000076ab00000,0x000000076ab00000,0x000000076cb80000)
  from space 5120K, 99% used [0x000000076cb80000,0x000000076d078158,0x000000076d080000)
  to   space 5120K, 0% used [0x000000076f100000,0x000000076f100000,0x000000076f600000)
 ParOldGen       total 87552K, used 5029K [0x00000006c0000000, 0x00000006c5580000, 0x000000076ab00000)
  object space 87552K, 5% used [0x00000006c0000000,0x00000006c04e9580,0x00000006c5580000)
 Metaspace       used 5741K, capacity 6832K, committed 7040K, reserved 1056768K
  class space    used 574K, capacity 616K, committed 640K, reserved 1048576K
}

Deoptimization events (3 events):
Event: 0.326 Thread 0x0000000020a22800 Uncommon trap: reason=unstable_if action=reinterpret pc=0x0000000004ea1708 method=java.util.HashMap.getNode(ILjava/lang/Object;)Ljava/util/HashMap$Node; @ 129
Event: 0.358 Thread 0x0000000020a18000 Uncommon trap: reason=unstable_if action=reinterpret pc=0x0000000004ec9af8 method=java.util.BitSet.ensureCapacity(I)V @ 6
Event: 0.406 Thread 0x0000000020a18000 Uncommon trap: reason=null_check action=make_not_entrant pc=0x0000000004f78530 method=com.android.dx.rop.type.Type.equals(Ljava/lang/Object;)Z @ 8

Classes redefined (0 events):
No events

Internal exceptions (3 events):
Event: 0.027 Thread 0x0000000004a8e000 Exception <a 'java/lang/NoSuchMethodError': Method sun.misc.Unsafe.defineClass(Ljava/lang/String;[BII)Ljava/lang/Class; name or signature does not match> (0x000000076ab07ca8) thrown at [D:\src\AOSP-openjdk-cygwin\jdk8u\hotspot\src\share\vm\prims\jni.cpp, 
Event: 0.028 Thread 0x0000000004a8e000 Exception <a 'java/lang/NoSuchMethodError': Method sun.misc.Unsafe.prefetchRead(Ljava/lang/Object;J)V name or signature does not match> (0x000000076ab07f90) thrown at [D:\src\AOSP-openjdk-cygwin\jdk8u\hotspot\src\share\vm\prims\jni.cpp, line 4011]
Event: 0.406 Thread 0x0000000020a18000 Implicit null exception at 0x0000000004f78422 to 0x0000000004f78522

Events (10 events):
Event: 0.628 Executing VM operation: ParallelGCFailedAllocation
Event: 0.669 Executing VM operation: ParallelGCFailedAllocation done
Event: 0.693 Thread 0x0000000020a18000 DEOPT PACKING pc=0x0000000004fc793d sp=0x00000000217fe880
Event: 0.693 Thread 0x0000000020a18000 DEOPT UNPACKING pc=0x0000000004d175bf sp=0x00000000217fe578 mode 0
Event: 0.694 loading class com/android/dx/util/ListIntSet
Event: 0.694 loading class com/android/dx/util/ListIntSet done
Event: 0.694 Executing VM operation: Deoptimize
Event: 0.694 Executing VM operation: Deoptimize done
Event: 0.700 loading class com/android/dx/util/ListIntSet$1
Event: 0.700 loading class com/android/dx/util/ListIntSet$1 done


Dynamic libraries:
0x00007ff62b0a0000 - 0x00007ff62b0d1000 	F:\Program Files (x86)\Android\Android Studio\jre\bin\java.exe
0x00007ff8c0340000 - 0x00007ff8c0520000 	C:\WINDOWS\SYSTEM32\ntdll.dll
0x00007ff8bdd10000 - 0x00007ff8bddbe000 	C:\WINDOWS\System32\KERNEL32.DLL
0x00007ff8bd2e0000 - 0x00007ff8bd546000 	C:\WINDOWS\System32\KERNELBASE.dll
0x00007ff8bdf80000 - 0x00007ff8be021000 	C:\WINDOWS\System32\ADVAPI32.dll
0x00007ff8c0020000 - 0x00007ff8c00bd000 	C:\WINDOWS\System32\msvcrt.dll
0x00007ff8bfd80000 - 0x00007ff8bfddb000 	C:\WINDOWS\System32\sechost.dll
0x00007ff8bde20000 - 0x00007ff8bdf3f000 	C:\WINDOWS\System32\RPCRT4.dll
0x00007ff8bd840000 - 0x00007ff8bd9ce000 	C:\WINDOWS\System32\USER32.dll
0x00007ff8bd2c0000 - 0x00007ff8bd2e0000 	C:\WINDOWS\System32\win32u.dll
0x00007ff8bdce0000 - 0x00007ff8bdd08000 	C:\WINDOWS\System32\GDI32.dll
0x00007ff8bc7b0000 - 0x00007ff8bc944000 	C:\WINDOWS\System32\gdi32full.dll
0x00007ff8bc710000 - 0x00007ff8bc7ab000 	C:\WINDOWS\System32\msvcp_win.dll
0x00007ff8bd600000 - 0x00007ff8bd6f6000 	C:\WINDOWS\System32\ucrtbase.dll
0x00007ff8abdf0000 - 0x00007ff8ac059000 	C:\WINDOWS\WinSxS\amd64_microsoft.windows.common-controls_6595b64144ccf1df_6.0.16299.19_none_cc92fab02215da61\COMCTL32.dll
0x00007ff8bd9d0000 - 0x00007ff8bdcd8000 	C:\WINDOWS\System32\combase.dll
0x00007ff8bd700000 - 0x00007ff8bd772000 	C:\WINDOWS\System32\bcryptPrimitives.dll
0x00007ff8bdf40000 - 0x00007ff8bdf6d000 	C:\WINDOWS\System32\IMM32.DLL
0x0000000067470000 - 0x0000000067542000 	F:\Program Files (x86)\Android\Android Studio\jre\jre\bin\msvcr100.dll
0x0000000067630000 - 0x0000000067e6e000 	F:\Program Files (x86)\Android\Android Studio\jre\jre\bin\server\jvm.dll
0x00007ff8bfd70000 - 0x00007ff8bfd78000 	C:\WINDOWS\System32\PSAPI.DLL
0x00007ff8abd20000 - 0x00007ff8abd43000 	C:\WINDOWS\SYSTEM32\WINMM.dll
0x00007ff8a8940000 - 0x00007ff8a8949000 	C:\WINDOWS\SYSTEM32\WSOCK32.dll
0x00007ff8b72f0000 - 0x00007ff8b72fa000 	C:\WINDOWS\SYSTEM32\VERSION.dll
0x00007ff8bfb60000 - 0x00007ff8bfbcc000 	C:\WINDOWS\System32\WS2_32.dll
0x00007ff8ab200000 - 0x00007ff8ab22a000 	C:\WINDOWS\SYSTEM32\winmmbase.dll
0x00007ff8bd0a0000 - 0x00007ff8bd0ea000 	C:\WINDOWS\System32\cfgmgr32.dll
0x00007ff8a7730000 - 0x00007ff8a773f000 	F:\Program Files (x86)\Android\Android Studio\jre\jre\bin\verify.dll
0x00007ff88b2b0000 - 0x00007ff88b2d9000 	F:\Program Files (x86)\Android\Android Studio\jre\jre\bin\java.dll
0x00007ff89bbf0000 - 0x00007ff89bc06000 	F:\Program Files (x86)\Android\Android Studio\jre\jre\bin\zip.dll
0x00007ff8be720000 - 0x00007ff8bfb57000 	C:\WINDOWS\System32\SHELL32.dll
0x00007ff8c0230000 - 0x00007ff8c02d6000 	C:\WINDOWS\System32\shcore.dll
0x00007ff8bc950000 - 0x00007ff8bd097000 	C:\WINDOWS\System32\windows.storage.dll
0x00007ff8bddc0000 - 0x00007ff8bde11000 	C:\WINDOWS\System32\shlwapi.dll
0x00007ff8bc6f0000 - 0x00007ff8bc701000 	C:\WINDOWS\System32\kernel.appcore.dll
0x00007ff8bc680000 - 0x00007ff8bc6cc000 	C:\WINDOWS\System32\powrprof.dll
0x00007ff8bc660000 - 0x00007ff8bc67b000 	C:\WINDOWS\System32\profapi.dll

VM Arguments:
jvm_args: -Djava.awt.headless=true -Xmx4g -Dfile.encoding=windows-1252 -Duser.country=US -Duser.language=en -Duser.variant 
java_command: com.android.dx.command.Main --dex --force-jumbo --num-threads=4 --multi-dex --output F:\TIF\Semester 7\Mobile Programming\Lab\WhatsCamp\WhatsCamp\app\build\intermediates\transforms\dex\debug\folders\1000\5\slice_1 F:\TIF\Semester 7\Mobile Programming\Lab\WhatsCamp\WhatsCamp\app\build\intermediates\transforms\instantRunSlicer\debug\folders\1\5\slice_1
java_class_path (initial): F:\Android\sdk\build-tools\25.0.0\lib\dx.jar
Launcher Type: SUN_STANDARD

Environment Variables:
PATH=C:\ProgramData\Oracle\Java\javapath;C:\Program Files (x86)\Intel\iCLS Client\;C:\Program Files\Intel\iCLS Client\;C:\Windows\system32;C:\Windows;C:\Windows\System32\Wbem;C:\Windows\System32\WindowsPowerShell\v1.0\;C:\Program Files (x86)\Intel\Intel(R) Management Engine Components\DAL;C:\Program Files\Intel\Intel(R) Management Engine Components\DAL;C:\Program Files (x86)\Intel\Intel(R) Management Engine Components\IPT;C:\Program Files\Intel\Intel(R) Management Engine Components\IPT;C:\Program Files (x86)\NVIDIA Corporation\PhysX\Common;C:\Program Files\Java\jdk1.8.0_144\bin;C:\Program Files\Java\jdk1.8.0_144\lib;C:\TDM-GCC-64\bin;C:\Program Files (x86)\CodeBlocks\MinGW\bin;C:\WINDOWS\system32;C:\WINDOWS;C:\WINDOWS\System32\Wbem;C:\WINDOWS\System32\WindowsPowerShell\v1.0\;C:\HashiCorp\Vagrant\bin;C:\Program Files\Git\cmd;C:\Program Files\PuTTY\;C:\Program Files\IBM\Bluemix\bin;C:\Program Files\Cloud Foundry;C:\Users\legion Y520\AppData\Local\Programs\Python\Python35\Scripts\;C:\Users\legion Y520\AppData\Local\Programs\Python\Python35\;C:\Users\legion Y520\AppData\Local\Microsoft\WindowsApps;C:\TDM-GCC-64\bin;C:\Program Files (x86)\CodeBlocks\MinGW\bin;C:\Users\legion Y520\AppData\Local\GitHubDesktop\bin;C:\Users\legion Y520\AppData\Local\Microsoft\WindowsApps;C:\Program Files\aircrack-ng-1.2-rc4-win\bin\64bit;
USERNAME=Joseph
OS=Windows_NT
PROCESSOR_IDENTIFIER=Intel64 Family 6 Model 158 Stepping 9, GenuineIntel



---------------  S Y S T E M  ---------------

OS: Windows 10.0 , 64 bit Build 16299 (10.0.16299.15)

CPU:total 8 (initial active 8) (4 cores per cpu, 2 threads per core) family 6 model 158 stepping 9, cmov, cx8, fxsr, mmx, sse, sse2, sse3, ssse3, sse4.1, sse4.2, popcnt, avx, avx2, aes, clmul, erms, 3dnowpref, lzcnt, ht, tsc, tscinvbit, bmi1, bmi2, adx

Memory: 4k page, physical 8260772k(879832k free), swap 12356772k(2296k free)

vm_info: OpenJDK 64-Bit Server VM (25.152-b01) for windows-amd64 JRE (1.8.0_152-release-915-b01), built by "builder" with MS VC++ 10.0 (VS2010)

time: Fri Nov 10 22:41:37 2017
elapsed time: 0 seconds (0d 0h 0m 0s)

