#
# There is insufficient memory for the Java Runtime Environment to continue.
# Native memory allocation (malloc) failed to allocate 679296 bytes for Chunk::new
# Possible reasons:
#   The system is out of physical RAM or swap space
#   In 32 bit mode, the process size limit was hit
# Possible solutions:
#   Reduce memory load on the system
#   Increase physical memory or swap space
#   Check if swap backing store is full
#   Use 64 bit Java on a 64 bit OS
#   Decrease Java heap size (-Xmx/-Xms)
#   Decrease number of Java threads
#   Decrease Java thread stack sizes (-Xss)
#   Set larger code cache with -XX:ReservedCodeCacheSize=
# This output file may be truncated or incomplete.
#
#  Out of Memory Error (allocation.cpp:390), pid=8204, tid=0x0000000000004818
#
# JRE version: OpenJDK Runtime Environment (8.0_112-b06) (build 1.8.0_112-release-b06)
# Java VM: OpenJDK 64-Bit Server VM (25.112-b06 mixed mode windows-amd64 compressed oops)
# Failed to write core dump. Minidumps are not enabled by default on client versions of Windows
#

---------------  T H R E A D  ---------------

Current thread (0x000000001ea5e800):  JavaThread "C2 CompilerThread2" daemon [_thread_in_native, id=18456, stack(0x000000001f420000,0x000000001f520000)]

Stack: [0x000000001f420000,0x000000001f520000]
[error occurred during error reporting (printing stack bounds), id 0xc0000005]

Native frames: (J=compiled Java code, j=interpreted, Vv=VM code, C=native code)


Current CompileTask:
C2:   1545 1238       4       com.android.dx.ssa.SCCP::simulatePhi (169 bytes)


---------------  P R O C E S S  ---------------

Java Threads: ( => current thread )
  0x000000001ec49000 JavaThread "pool-2-thread-4" [_thread_blocked, id=18956, stack(0x000000001fc20000,0x000000001fd20000)]
  0x000000001ec39800 JavaThread "pool-2-thread-3" [_thread_blocked, id=5604, stack(0x000000001fb20000,0x000000001fc20000)]
  0x000000001ec22000 JavaThread "pool-2-thread-2" [_thread_blocked, id=9080, stack(0x000000001fa20000,0x000000001fb20000)]
  0x000000001ec17000 JavaThread "pool-3-thread-1" [_thread_blocked, id=9244, stack(0x000000001f920000,0x000000001fa20000)]
  0x000000001ec05800 JavaThread "pool-2-thread-1" [_thread_blocked, id=14204, stack(0x000000001f820000,0x000000001f920000)]
  0x000000001eaf2000 JavaThread "Service Thread" daemon [_thread_blocked, id=10620, stack(0x000000001f620000,0x000000001f720000)]
  0x000000001ea9a000 JavaThread "C1 CompilerThread3" daemon [_thread_blocked, id=19124, stack(0x000000001f520000,0x000000001f620000)]
=>0x000000001ea5e800 JavaThread "C2 CompilerThread2" daemon [_thread_in_native, id=18456, stack(0x000000001f420000,0x000000001f520000)]
  0x000000001ea5a800 JavaThread "C2 CompilerThread1" daemon [_thread_in_native, id=13548, stack(0x000000001f320000,0x000000001f420000)]
  0x000000001ea56800 JavaThread "C2 CompilerThread0" daemon [_thread_in_native, id=3324, stack(0x000000001f220000,0x000000001f320000)]
  0x000000001ea55800 JavaThread "Attach Listener" daemon [_thread_blocked, id=7828, stack(0x000000001f120000,0x000000001f220000)]
  0x000000001ea54000 JavaThread "Signal Dispatcher" daemon [_thread_blocked, id=15836, stack(0x000000001f020000,0x000000001f120000)]
  0x000000000302e000 JavaThread "Finalizer" daemon [_thread_blocked, id=17780, stack(0x000000001ee30000,0x000000001ef30000)]
  0x000000001cb4b800 JavaThread "Reference Handler" daemon [_thread_blocked, id=9872, stack(0x000000001e930000,0x000000001ea30000)]
  0x0000000002e2d800 JavaThread "main" [_thread_blocked, id=8832, stack(0x0000000002e30000,0x0000000002f30000)]

Other Threads:
  0x000000001cb45000 VMThread [stack: 0x000000001e830000,0x000000001e930000] [id=18336]
  0x000000001eaf2800 WatcherThread [stack: 0x000000001f720000,0x000000001f820000] [id=16788]

VM state:not at safepoint (normal execution)

VM Mutex/Monitor currently owned by a thread: None

Heap:
 PSYoungGen      total 38400K, used 15070K [0x000000076ab00000, 0x000000076d580000, 0x00000007c0000000)
  eden space 33280K, 29% used [0x000000076ab00000,0x000000076b4b7ef0,0x000000076cb80000)
  from space 5120K, 99% used [0x000000076cb80000,0x000000076d07f9f0,0x000000076d080000)
  to   space 5120K, 0% used [0x000000076d080000,0x000000076d080000,0x000000076d580000)
 ParOldGen       total 87552K, used 1120K [0x00000006c0000000, 0x00000006c5580000, 0x000000076ab00000)
  object space 87552K, 1% used [0x00000006c0000000,0x00000006c01181b8,0x00000006c5580000)
 Metaspace       used 5733K, capacity 6896K, committed 7040K, reserved 1056768K
  class space    used 557K, capacity 616K, committed 640K, reserved 1048576K

Card table byte_map: [0x00000000123f0000,0x0000000012c00000] byte_map_base: 0x000000000edf0000

Marking Bits: (ParMarkBitMap*) 0x000000006f7818f0
 Begin Bits: [0x0000000013960000, 0x0000000017960000)
 End Bits:   [0x0000000017960000, 0x000000001b960000)

Polling page: 0x0000000002c10000

CodeCache: size=245760Kb used=5184Kb max_used=5193Kb free=240575Kb
 bounds [0x0000000003030000, 0x0000000003550000, 0x0000000012030000]
 total_blobs=1509 nmethods=1248 adapters=175
 compilation: enabled

Compilation events (10 events):
Event: 1.404 Thread 0x000000001ea9a000 1257       3       com.android.dx.cf.code.Ropper::getRopMethod (64 bytes)
Event: 1.405 Thread 0x000000001ea9a000 nmethod 1257 0x0000000003539090 code [0x00000000035392e0, 0x000000000353a098]
Event: 1.407 Thread 0x000000001ea9a000 1258       3       com.android.dx.dex.code.RopTranslator$LocalVariableAwareTranslationVisitor::visitThrowingInsn (11 bytes)
Event: 1.408 Thread 0x000000001ea9a000 nmethod 1258 0x000000000353a990 code [0x000000000353aba0, 0x000000000353b718]
Event: 1.419 Thread 0x000000001ea56800 nmethod 1224 0x000000000353ec10 code [0x000000000353f760, 0x0000000003541758]
Event: 1.419 Thread 0x000000001ea56800 1253       4       com.android.dx.ssa.SsaMethod::computeReachability (131 bytes)
Event: 1.451 Thread 0x000000001ea56800 nmethod 1253 0x0000000003546d10 code [0x0000000003546ec0, 0x0000000003547d58]
Event: 1.451 Thread 0x000000001ea56800 1250       4       com.android.dx.ssa.LocalVariableExtractor::processBlock (383 bytes)
Event: 1.456 Thread 0x000000001ea9a000 1259       3       com.android.dx.rop.type.Prototype::makeParameterArray (131 bytes)
Event: 1.457 Thread 0x000000001ea9a000 nmethod 1259 0x0000000003545990 code [0x0000000003545bc0, 0x00000000035467b8]

GC Heap History (2 events):
Event: 1.218 GC heap before
{Heap before GC invocations=1 (full 0):
 PSYoungGen      total 38400K, used 33280K [0x000000076ab00000, 0x000000076d580000, 0x00000007c0000000)
  eden space 33280K, 100% used [0x000000076ab00000,0x000000076cb80000,0x000000076cb80000)
  from space 5120K, 0% used [0x000000076d080000,0x000000076d080000,0x000000076d580000)
  to   space 5120K, 0% used [0x000000076cb80000,0x000000076cb80000,0x000000076d080000)
 ParOldGen       total 87552K, used 0K [0x00000006c0000000, 0x00000006c5580000, 0x000000076ab00000)
  object space 87552K, 0% used [0x00000006c0000000,0x00000006c0000000,0x00000006c5580000)
 Metaspace       used 5648K, capacity 6832K, committed 7040K, reserved 1056768K
  class space    used 557K, capacity 616K, committed 640K, reserved 1048576K
Event: 1.243 GC heap after
Heap after GC invocations=1 (full 0):
 PSYoungGen      total 38400K, used 5118K [0x000000076ab00000, 0x000000076d580000, 0x00000007c0000000)
  eden space 33280K, 0% used [0x000000076ab00000,0x000000076ab00000,0x000000076cb80000)
  from space 5120K, 99% used [0x000000076cb80000,0x000000076d07f9f0,0x000000076d080000)
  to   space 5120K, 0% used [0x000000076d080000,0x000000076d080000,0x000000076d580000)
 ParOldGen       total 87552K, used 1120K [0x00000006c0000000, 0x00000006c5580000, 0x000000076ab00000)
  object space 87552K, 1% used [0x00000006c0000000,0x00000006c01181b8,0x00000006c5580000)
 Metaspace       used 5648K, capacity 6832K, committed 7040K, reserved 1056768K
  class space    used 557K, capacity 616K, committed 640K, reserved 1048576K
}

Deoptimization events (7 events):
Event: 0.651 Thread 0x0000000002e2d800 Uncommon trap: reason=unstable_if action=reinterpret pc=0x00000000031ff308 method=java.lang.String.<init>([CII)V @ 18
Event: 0.668 Thread 0x000000001ec05800 Uncommon trap: reason=unstable_if action=reinterpret pc=0x0000000003224b10 method=java.util.HashMap.getNode(ILjava/lang/Object;)Ljava/util/HashMap$Node; @ 129
Event: 0.687 Thread 0x0000000002e2d800 Uncommon trap: reason=unstable_if action=reinterpret pc=0x00000000032438b4 method=java.util.BitSet.nextSetBit(I)I @ 87
Event: 0.836 Thread 0x0000000002e2d800 Uncommon trap: reason=null_check action=make_not_entrant pc=0x00000000032c23f0 method=com.android.dx.rop.type.Type.equals(Ljava/lang/Object;)Z @ 8
Event: 0.908 Thread 0x000000001ec05800 Uncommon trap: reason=class_check action=maybe_recompile pc=0x0000000003352c98 method=com.android.dx.ssa.NormalSsaInsn.accept(Lcom/android/dx/ssa/SsaInsn$Visitor;)V @ 9
Event: 1.246 Thread 0x000000001ec49000 Uncommon trap: reason=class_check action=maybe_recompile pc=0x0000000003352c98 method=com.android.dx.ssa.NormalSsaInsn.accept(Lcom/android/dx/ssa/SsaInsn$Visitor;)V @ 9
Event: 1.276 Thread 0x000000001ec22000 Uncommon trap: reason=unstable_if action=reinterpret pc=0x0000000003467b40 method=com.android.dx.ssa.SCCP.simulateStmt(Lcom/android/dx/ssa/SsaInsn;)V @ 469

Internal exceptions (3 events):
Event: 0.036 Thread 0x0000000002e2d800 Exception <a 'java/lang/NoSuchMethodError': Method sun.misc.Unsafe.defineClass(Ljava/lang/String;[BII)Ljava/lang/Class; name or signature does not match> (0x000000076ab07c78) thrown at [C:\src\android\AOSP-openjdk\external\jetbrains\jdk\hotspot\src\share\v?Õ7PƒH¢?
Event: 0.036 Thread 0x0000000002e2d800 Exception <a 'java/lang/NoSuchMethodError': Method sun.misc.Unsafe.prefetchRead(Ljava/lang/Object;J)V name or signature does not match> (0x000000076ab07f60) thrown at [C:\src\android\AOSP-openjdk\external\jetbrains\jdk\hotspot\src\share\vm\prims\jni.cpp, l)Ê#QÚ¿ê?
Event: 0.836 Thread 0x0000000002e2d800 Implicit null exception at 0x00000000032c22e2 to 0x00000000032c23e2

Events (10 events):
Event: 1.276 Thread 0x000000001ec22000 DEOPT PACKING pc=0x0000000003467b40 sp=0x000000001fb1ee60
Event: 1.276 Thread 0x000000001ec22000 DEOPT UNPACKING pc=0x000000000307556a sp=0x000000001fb1ee30 mode 2
Event: 1.280 Thread 0x000000001ec49000 DEOPT PACKING pc=0x00000000033dea85 sp=0x000000001fd1ebc0
Event: 1.280 Thread 0x000000001ec49000 DEOPT UNPACKING pc=0x00000000030775bf sp=0x000000001fd1e9a0 mode 0
Event: 1.301 Thread 0x000000001ec49000 DEOPT PACKING pc=0x00000000033dea85 sp=0x000000001fd1eaa0
Event: 1.301 Thread 0x000000001ec49000 DEOPT UNPACKING pc=0x00000000030775bf sp=0x000000001fd1e880 mode 0
Event: 1.398 Thread 0x000000001ec22000 DEOPT PACKING pc=0x00000000033fc40c sp=0x000000001fb1eca0
Event: 1.398 Thread 0x000000001ec22000 DEOPT UNPACKING pc=0x00000000030775bf sp=0x000000001fb1ea68 mode 0
Event: 1.399 Thread 0x000000001ec22000 DEOPT PACKING pc=0x00000000033dad99 sp=0x000000001fb1ee20
Event: 1.399 Thread 0x000000001ec22000 DEOPT UNPACKING pc=0x00000000030775bf sp=0x000000001fb1eb90 mode 0


Dynamic libraries:
0x00007ff6fa0b0000 - 0x00007ff6fa0e1000 	F:\Program Files (x86)\Android\Android Studio\jre\bin\java.exe
0x00007ffd1ba50000 - 0x00007ffd1bc2b000 	C:\Windows\SYSTEM32\ntdll.dll
0x00007ffd1b970000 - 0x00007ffd1ba1e000 	C:\Windows\System32\KERNEL32.DLL
0x00007ffd18630000 - 0x00007ffd18879000 	C:\Windows\System32\KERNELBASE.dll
0x00007ffd1af30000 - 0x00007ffd1afd1000 	C:\Windows\System32\ADVAPI32.dll
0x00007ffd1ac80000 - 0x00007ffd1ad1d000 	C:\Windows\System32\msvcrt.dll
0x00007ffd1b520000 - 0x00007ffd1b579000 	C:\Windows\System32\sechost.dll
0x00007ffd1ab50000 - 0x00007ffd1ac75000 	C:\Windows\System32\RPCRT4.dll
0x00007ffd18f80000 - 0x00007ffd190ca000 	C:\Windows\System32\USER32.dll
0x00007ffd185c0000 - 0x00007ffd185de000 	C:\Windows\System32\win32u.dll
0x00007ffd190d0000 - 0x00007ffd190f7000 	C:\Windows\System32\GDI32.dll
0x00007ffd18050000 - 0x00007ffd181d7000 	C:\Windows\System32\gdi32full.dll
0x00007ffd17f40000 - 0x00007ffd17fda000 	C:\Windows\System32\msvcp_win.dll
0x00007ffd184c0000 - 0x00007ffd185b6000 	C:\Windows\System32\ucrtbase.dll
0x00007ffd094a0000 - 0x00007ffd09707000 	C:\Windows\WinSxS\amd64_microsoft.windows.common-controls_6595b64144ccf1df_6.0.15063.483_none_26002d27e7c744a2\COMCTL32.dll
0x00007ffd1b0e0000 - 0x00007ffd1b3d9000 	C:\Windows\System32\combase.dll
0x00007ffd17fe0000 - 0x00007ffd1804a000 	C:\Windows\System32\bcryptPrimitives.dll
0x00007ffd196e0000 - 0x00007ffd1970d000 	C:\Windows\System32\IMM32.DLL
0x000000006e970000 - 0x000000006ea42000 	F:\Program Files (x86)\Android\Android Studio\jre\jre\bin\msvcr100.dll
0x000000006efc0000 - 0x000000006f7fc000 	F:\Program Files (x86)\Android\Android Studio\jre\jre\bin\server\jvm.dll
0x00007ffd19100000 - 0x00007ffd19108000 	C:\Windows\System32\PSAPI.DLL
0x00007ffd13110000 - 0x00007ffd1311a000 	C:\Windows\SYSTEM32\VERSION.dll
0x00007ffd103a0000 - 0x00007ffd103c3000 	C:\Windows\SYSTEM32\WINMM.dll
0x00007ffd123b0000 - 0x00007ffd123b9000 	C:\Windows\SYSTEM32\WSOCK32.dll
0x00007ffd10370000 - 0x00007ffd1039b000 	C:\Windows\SYSTEM32\winmmbase.dll
0x00007ffd185e0000 - 0x00007ffd18629000 	C:\Windows\System32\cfgmgr32.dll
0x00007ffd1b580000 - 0x00007ffd1b5ec000 	C:\Windows\System32\WS2_32.dll
0x00007ffd10fe0000 - 0x00007ffd10fef000 	F:\Program Files (x86)\Android\Android Studio\jre\jre\bin\verify.dll
0x00007ffd10fb0000 - 0x00007ffd10fd9000 	F:\Program Files (x86)\Android\Android Studio\jre\jre\bin\java.dll
0x00007ffd0be00000 - 0x00007ffd0be16000 	F:\Program Files (x86)\Android\Android Studio\jre\jre\bin\zip.dll
0x00007ffd19710000 - 0x00007ffd1ab46000 	C:\Windows\System32\SHELL32.dll
0x00007ffd1b3f0000 - 0x00007ffd1b49a000 	C:\Windows\System32\shcore.dll
0x00007ffd18880000 - 0x00007ffd18f71000 	C:\Windows\System32\windows.storage.dll
0x00007ffd19110000 - 0x00007ffd19161000 	C:\Windows\System32\shlwapi.dll
0x00007ffd17eb0000 - 0x00007ffd17ec1000 	C:\Windows\System32\kernel.appcore.dll
0x00007ffd17ed0000 - 0x00007ffd17f1c000 	C:\Windows\System32\powrprof.dll
0x00007ffd17f20000 - 0x00007ffd17f35000 	C:\Windows\System32\profapi.dll

VM Arguments:
jvm_args: -Djava.awt.headless=true -Xmx4g -Dfile.encoding=windows-1252 -Duser.country=US -Duser.language=en -Duser.variant 
java_command: com.android.dx.command.Main --dex --force-jumbo --num-threads=4 --multi-dex --output F:\TIF\Semester 7\Mobile Programming\Lab\Event Finder v1.0\EventFinder\app\build\intermediates\transforms\dex\debug\folders\1000\5\slice_5 F:\TIF\Semester 7\Mobile Programming\Lab\Event Finder v1.0\EventFinder\app\build\intermediates\transforms\instantRunSlicer\debug\folders\1\5\slice_5
java_class_path (initial): F:\Android\sdk\build-tools\25.0.0\lib\dx.jar
Launcher Type: SUN_STANDARD

Environment Variables:
PATH=C:\ProgramData\Oracle\Java\javapath;C:\Program Files (x86)\Intel\iCLS Client\;C:\Program Files\Intel\iCLS Client\;C:\Windows\system32;C:\Windows;C:\Windows\System32\Wbem;C:\Windows\System32\WindowsPowerShell\v1.0\;C:\Program Files (x86)\Intel\Intel(R) Management Engine Components\DAL;C:\Program Files\Intel\Intel(R) Management Engine Components\DAL;C:\Program Files (x86)\Intel\Intel(R) Management Engine Components\IPT;C:\Program Files\Intel\Intel(R) Management Engine Components\IPT;C:\Program Files (x86)\NVIDIA Corporation\PhysX\Common;C:\Program Files\Java\jdk1.8.0_144\bin;C:\Program Files\Java\jdk1.8.0_144\lib;C:\TDM-GCC-64\bin;C:\Program Files (x86)\CodeBlocks\MinGW\bin;C:\Windows\system32;C:\Windows;C:\Windows\System32\Wbem;C:\Windows\System32\WindowsPowerShell\v1.0\;C:\HashiCorp\Vagrant\bin;C:\Program Files\Git\cmd;C:\Program Files\PuTTY\;C:\Users\legion Y520\AppData\Local\Programs\Python\Python35\Scripts\;C:\Users\legion Y520\AppData\Local\Programs\Python\Python35\;C:\Users\legion Y520\AppData\Local\Microsoft\WindowsApps;C:\TDM-GCC-64\bin;C:\Program Files (x86)\CodeBlocks\MinGW\bin;C:\Users\legion Y520\AppData\Local\GitHubDesktop\bin;C:\Users\legion Y520\AppData\Local\Microsoft\WindowsApps;C:\Program Files\aircrack-ng-1.2-rc4-win\bin\64bit;
USERNAME=Joseph
OS=Windows_NT
PROCESSOR_IDENTIFIER=Intel64 Family 6 Model 158 Stepping 9, GenuineIntel



---------------  S Y S T E M  ---------------

OS: Windows 10.0 , 64 bit Build 15063 (10.0.15063.296)

CPU:total 8 (4 cores per cpu, 2 threads per core) family 6 model 158 stepping 9, cmov, cx8, fxsr, mmx, sse, sse2, sse3, ssse3, sse4.1, sse4.2, popcnt, avx, avx2, aes, clmul, erms, 3dnowpref, lzcnt, ht, tsc, tscinvbit, bmi1, bmi2, adx

Memory: 4k page, physical 8260772k(1138712k free), swap 12356772k(4676k free)

vm_info: OpenJDK 64-Bit Server VM (25.112-b06) for windows-amd64 JRE (1.8.0_112-release-b06), built on Dec  8 2016 00:54:26 by "builder" with MS VC++ 10.0 (VS2010)

time: Fri Oct 27 23:06:05 2017
elapsed time: 1 seconds (0d 0h 0m 1s)

