#
# There is insufficient memory for the Java Runtime Environment to continue.
# Native memory allocation (malloc) failed to allocate 396656 bytes for Chunk::new
# Possible reasons:
#   The system is out of physical RAM or swap space
#   In 32 bit mode, the process size limit was hit
# Possible solutions:
#   Reduce memory load on the system
#   Increase physical memory or swap space
#   Check if swap backing store is full
#   Use 64 bit Java on a 64 bit OS
#   Decrease Java heap size (-Xmx/-Xms)
#   Decrease number of Java threads
#   Decrease Java thread stack sizes (-Xss)
#   Set larger code cache with -XX:ReservedCodeCacheSize=
# This output file may be truncated or incomplete.
#
#  Out of Memory Error (allocation.cpp:390), pid=14376, tid=0x00000000000009d8
#
# JRE version: OpenJDK Runtime Environment (8.0_152-b01) (build 1.8.0_152-release-915-b01)
# Java VM: OpenJDK 64-Bit Server VM (25.152-b01 mixed mode windows-amd64 compressed oops)
# Failed to write core dump. Minidumps are not enabled by default on client versions of Windows
#

---------------  T H R E A D  ---------------

Current thread (0x00000000202c1800):  JavaThread "C2 CompilerThread1" daemon [_thread_in_native, id=2520, stack(0x0000000020b80000,0x0000000020c80000)]

Stack: [0x0000000020b80000,0x0000000020c80000]
[error occurred during error reporting (printing stack bounds), id 0xc0000005]

Native frames: (J=compiled Java code, j=interpreted, Vv=VM code, C=native code)


Current CompileTask:
C2:   8404 1564       4       com.android.dx.ssa.back.LivenessAnalyzer::liveOutAtStatement (61 bytes)


---------------  P R O C E S S  ---------------

Java Threads: ( => current thread )
  0x0000000020486000 JavaThread "pool-2-thread-2" [_thread_in_vm, id=14900, stack(0x0000000021280000,0x0000000021380000)]
  0x0000000020478800 JavaThread "pool-3-thread-1" [_thread_blocked, id=4056, stack(0x0000000021180000,0x0000000021280000)]
  0x000000002032b000 JavaThread "Service Thread" daemon [_thread_blocked, id=21200, stack(0x0000000020e80000,0x0000000020f80000)]
  0x0000000020315800 JavaThread "C1 CompilerThread3" daemon [_thread_blocked, id=26096, stack(0x0000000020d80000,0x0000000020e80000)]
  0x00000000202c5800 JavaThread "C2 CompilerThread2" daemon [_thread_in_native, id=25804, stack(0x0000000020c80000,0x0000000020d80000)]
=>0x00000000202c1800 JavaThread "C2 CompilerThread1" daemon [_thread_in_native, id=2520, stack(0x0000000020b80000,0x0000000020c80000)]
  0x00000000202bd800 JavaThread "C2 CompilerThread0" daemon [_thread_in_native, id=17256, stack(0x0000000020a80000,0x0000000020b80000)]
  0x00000000202bc000 JavaThread "Attach Listener" daemon [_thread_blocked, id=11052, stack(0x0000000020980000,0x0000000020a80000)]
  0x00000000202bb000 JavaThread "Signal Dispatcher" daemon [_thread_blocked, id=268, stack(0x0000000020880000,0x0000000020980000)]
  0x0000000004889000 JavaThread "Finalizer" daemon [_thread_blocked, id=14404, stack(0x0000000020690000,0x0000000020790000)]
  0x000000001e3ab800 JavaThread "Reference Handler" daemon [_thread_blocked, id=9856, stack(0x0000000020190000,0x0000000020290000)]
  0x000000000478e000 JavaThread "main" [_thread_blocked, id=5320, stack(0x0000000004630000,0x0000000004730000)]

Other Threads:
  0x000000001e3a5000 VMThread [stack: 0x0000000020090000,0x0000000020190000] [id=9616]
  0x000000002032b800 WatcherThread [stack: 0x0000000020f80000,0x0000000021080000] [id=12716]

VM state:not at safepoint (normal execution)

VM Mutex/Monitor currently owned by a thread: None

Heap:
 PSYoungGen      total 71680K, used 40711K [0x000000076ab00000, 0x000000076f600000, 0x00000007c0000000)
  eden space 66560K, 53% used [0x000000076ab00000,0x000000076cdc9d40,0x000000076ec00000)
  from space 5120K, 99% used [0x000000076ec00000,0x000000076f0f8148,0x000000076f100000)
  to   space 5120K, 0% used [0x000000076f100000,0x000000076f100000,0x000000076f600000)
 ParOldGen       total 87552K, used 48612K [0x00000006c0000000, 0x00000006c5580000, 0x000000076ab00000)
  object space 87552K, 55% used [0x00000006c0000000,0x00000006c2f791c8,0x00000006c5580000)
 Metaspace       used 5928K, capacity 6960K, committed 7040K, reserved 1056768K
  class space    used 575K, capacity 616K, committed 640K, reserved 1048576K

Card table byte_map: [0x0000000013c50000,0x0000000014460000] byte_map_base: 0x0000000010650000

Marking Bits: (ParMarkBitMap*) 0x000000005a063950
 Begin Bits: [0x00000000151c0000, 0x00000000191c0000)
 End Bits:   [0x00000000191c0000, 0x000000001d1c0000)

Polling page: 0x0000000002e30000

CodeCache: size=245760Kb used=7033Kb max_used=7046Kb free=238726Kb
 bounds [0x0000000004890000, 0x0000000004f80000, 0x0000000013890000]
 total_blobs=1759 nmethods=1498 adapters=175
 compilation: enabled

Compilation events (10 events):
Event: 8.182 Thread 0x0000000020315800 nmethod 1562 0x0000000004f68690 code [0x0000000004f68840, 0x0000000004f68da8]
Event: 8.182 Thread 0x0000000020315800 1560       3       com.android.dx.ssa.SsaBasicBlock::addLiveOut (32 bytes)
Event: 8.184 Thread 0x0000000020315800 nmethod 1560 0x0000000004f67750 code [0x0000000004f67920, 0x0000000004f68208]
Event: 8.184 Thread 0x0000000020315800 1563       3       com.android.dx.ssa.back.LivenessAnalyzer::liveOutAtBlock (68 bytes)
Event: 8.187 Thread 0x0000000020315800 nmethod 1563 0x0000000004f66190 code [0x0000000004f663a0, 0x0000000004f67088]
Event: 8.187 Thread 0x0000000020315800 1557       3       com.android.dx.ssa.SsaBasicBlock::addLiveIn (32 bytes)
Event: 8.189 Thread 0x0000000020315800 nmethod 1557 0x0000000004f65250 code [0x0000000004f65420, 0x0000000004f65d08]
Event: 8.192 Thread 0x00000000202c5800 1566       4       com.android.dx.ssa.back.LivenessAnalyzer::liveOutAtBlock (68 bytes)
Event: 8.196 Thread 0x00000000202bd800 nmethod 1558 0x0000000004f74350 code [0x0000000004f744a0, 0x0000000004f747a8]
Event: 8.295 Thread 0x00000000202c5800 nmethod 1566 0x0000000004f77090 code [0x0000000004f77280, 0x0000000004f78208]

GC Heap History (6 events):
Event: 3.297 GC heap before
{Heap before GC invocations=1 (full 0):
 PSYoungGen      total 38400K, used 33280K [0x000000076ab00000, 0x000000076d580000, 0x00000007c0000000)
  eden space 33280K, 100% used [0x000000076ab00000,0x000000076cb80000,0x000000076cb80000)
  from space 5120K, 0% used [0x000000076d080000,0x000000076d080000,0x000000076d580000)
  to   space 5120K, 0% used [0x000000076cb80000,0x000000076cb80000,0x000000076d080000)
 ParOldGen       total 87552K, used 0K [0x00000006c0000000, 0x00000006c5580000, 0x000000076ab00000)
  object space 87552K, 0% used [0x00000006c0000000,0x00000006c0000000,0x00000006c5580000)
 Metaspace       used 5784K, capacity 6896K, committed 7040K, reserved 1056768K
  class space    used 569K, capacity 616K, committed 640K, reserved 1048576K
Event: 3.767 GC heap after
Heap after GC invocations=1 (full 0):
 PSYoungGen      total 38400K, used 5096K [0x000000076ab00000, 0x000000076f600000, 0x00000007c0000000)
  eden space 33280K, 0% used [0x000000076ab00000,0x000000076ab00000,0x000000076cb80000)
  from space 5120K, 99% used [0x000000076cb80000,0x000000076d07a180,0x000000076d080000)
  to   space 5120K, 0% used [0x000000076f100000,0x000000076f100000,0x000000076f600000)
 ParOldGen       total 87552K, used 4546K [0x00000006c0000000, 0x00000006c5580000, 0x000000076ab00000)
  object space 87552K, 5% used [0x00000006c0000000,0x00000006c0470980,0x00000006c5580000)
 Metaspace       used 5784K, capacity 6896K, committed 7040K, reserved 1056768K
  class space    used 569K, capacity 616K, committed 640K, reserved 1048576K
}
Event: 4.293 GC heap before
{Heap before GC invocations=2 (full 0):
 PSYoungGen      total 38400K, used 38376K [0x000000076ab00000, 0x000000076f600000, 0x00000007c0000000)
  eden space 33280K, 100% used [0x000000076ab00000,0x000000076cb80000,0x000000076cb80000)
  from space 5120K, 99% used [0x000000076cb80000,0x000000076d07a180,0x000000076d080000)
  to   space 5120K, 0% used [0x000000076f100000,0x000000076f100000,0x000000076f600000)
 ParOldGen       total 87552K, used 4546K [0x00000006c0000000, 0x00000006c5580000, 0x000000076ab00000)
  object space 87552K, 5% used [0x00000006c0000000,0x00000006c0470980,0x00000006c5580000)
 Metaspace       used 5830K, capacity 6896K, committed 7040K, reserved 1056768K
  class space    used 570K, capacity 616K, committed 640K, reserved 1048576K
Event: 4.437 GC heap after
Heap after GC invocations=2 (full 0):
 PSYoungGen      total 71680K, used 5100K [0x000000076ab00000, 0x000000076f600000, 0x00000007c0000000)
  eden space 66560K, 0% used [0x000000076ab00000,0x000000076ab00000,0x000000076ec00000)
  from space 5120K, 99% used [0x000000076f100000,0x000000076f5fb0d8,0x000000076f600000)
  to   space 5120K, 0% used [0x000000076ec00000,0x000000076ec00000,0x000000076f100000)
 ParOldGen       total 87552K, used 21331K [0x00000006c0000000, 0x00000006c5580000, 0x000000076ab00000)
  object space 87552K, 24% used [0x00000006c0000000,0x00000006c14d4db0,0x00000006c5580000)
 Metaspace       used 5830K, capacity 6896K, committed 7040K, reserved 1056768K
  class space    used 570K, capacity 616K, committed 640K, reserved 1048576K
}
Event: 6.737 GC heap before
{Heap before GC invocations=3 (full 0):
 PSYoungGen      total 71680K, used 71660K [0x000000076ab00000, 0x000000076f600000, 0x00000007c0000000)
  eden space 66560K, 100% used [0x000000076ab00000,0x000000076ec00000,0x000000076ec00000)
  from space 5120K, 99% used [0x000000076f100000,0x000000076f5fb0d8,0x000000076f600000)
  to   space 5120K, 0% used [0x000000076ec00000,0x000000076ec00000,0x000000076f100000)
 ParOldGen       total 87552K, used 21331K [0x00000006c0000000, 0x00000006c5580000, 0x000000076ab00000)
  object space 87552K, 24% used [0x00000006c0000000,0x00000006c14d4db0,0x00000006c5580000)
 Metaspace       used 5897K, capacity 6960K, committed 7040K, reserved 1056768K
  class space    used 575K, capacity 616K, committed 640K, reserved 1048576K
Event: 7.337 GC heap after
Heap after GC invocations=3 (full 0):
 PSYoungGen      total 71680K, used 5088K [0x000000076ab00000, 0x000000076f600000, 0x00000007c0000000)
  eden space 66560K, 0% used [0x000000076ab00000,0x000000076ab00000,0x000000076ec00000)
  from space 5120K, 99% used [0x000000076ec00000,0x000000076f0f8148,0x000000076f100000)
  to   space 5120K, 0% used [0x000000076f100000,0x000000076f100000,0x000000076f600000)
 ParOldGen       total 87552K, used 48612K [0x00000006c0000000, 0x00000006c5580000, 0x000000076ab00000)
  object space 87552K, 55% used [0x00000006c0000000,0x00000006c2f791c8,0x00000006c5580000)
 Metaspace       used 5897K, capacity 6960K, committed 7040K, reserved 1056768K
  class space    used 575K, capacity 616K, committed 640K, reserved 1048576K
}

Deoptimization events (10 events):
Event: 5.523 Thread 0x0000000020472000 Uncommon trap: reason=unstable_if action=reinterpret pc=0x0000000004cd0a60 method=com.android.dx.util.LabeledList.set(ILcom/android/dx/util/LabeledItem;)V @ 16
Event: 8.175 Thread 0x0000000020486000 Uncommon trap: reason=unstable_if action=reinterpret pc=0x0000000004cae1c8 method=com.android.dx.ssa.SetFactory.makeLivenessSet(I)Lcom/android/dx/util/IntSet; @ 4
Event: 8.175 Thread 0x0000000020486000 Uncommon trap: reason=unstable_if action=reinterpret pc=0x0000000004c995ac method=com.android.dx.ssa.SetFactory.makeLivenessSet(I)Lcom/android/dx/util/IntSet; @ 4
Event: 8.177 Thread 0x0000000020486000 Uncommon trap: reason=class_check action=maybe_recompile pc=0x0000000004ca03d8 method=com.android.dx.ssa.back.InterferenceGraph.add(II)V @ 19
Event: 8.177 Thread 0x0000000020486000 Uncommon trap: reason=class_check action=maybe_recompile pc=0x0000000004ca03d8 method=com.android.dx.ssa.back.InterferenceGraph.add(II)V @ 19
Event: 8.178 Thread 0x0000000020486000 Uncommon trap: reason=unstable_if action=reinterpret pc=0x0000000004df05b8 method=com.android.dx.util.IntList.binarysearch(I)I @ 105
Event: 8.178 Thread 0x0000000020486000 Uncommon trap: reason=unstable_if action=reinterpret pc=0x0000000004dc68c0 method=com.android.dx.util.IntList.insert(II)V @ 91
Event: 8.178 Thread 0x0000000020486000 Uncommon trap: reason=class_check action=maybe_recompile pc=0x0000000004ca03d8 method=com.android.dx.ssa.back.InterferenceGraph.add(II)V @ 19
Event: 8.178 Thread 0x0000000020486000 Uncommon trap: reason=unstable_if action=reinterpret pc=0x0000000004dcae0c method=com.android.dx.util.IntList.binarysearch(I)I @ 105
Event: 8.178 Thread 0x0000000020486000 Uncommon trap: reason=class_check action=maybe_recompile pc=0x0000000004ca03d8 method=com.android.dx.ssa.back.InterferenceGraph.add(II)V @ 19

Classes redefined (0 events):
No events

Internal exceptions (3 events):
Event: 0.174 Thread 0x000000000478e000 Exception <a 'java/lang/NoSuchMethodError': Method sun.misc.Unsafe.defineClass(Ljava/lang/String;[BII)Ljava/lang/Class; name or signature does not match> (0x000000076ab07ca8) thrown at [D:\src\AOSP-openjdk-cygwin\jdk8u\hotspot\src\share\vm\prims\jni.cpp, 
Event: 0.174 Thread 0x000000000478e000 Exception <a 'java/lang/NoSuchMethodError': Method sun.misc.Unsafe.prefetchRead(Ljava/lang/Object;J)V name or signature does not match> (0x000000076ab07f90) thrown at [D:\src\AOSP-openjdk-cygwin\jdk8u\hotspot\src\share\vm\prims\jni.cpp, line 4011]
Event: 5.472 Thread 0x0000000020472000 Implicit null exception at 0x0000000004dc615a to 0x0000000004dc625f

Events (10 events):
Event: 8.178 Thread 0x0000000020486000 DEOPT UNPACKING pc=0x00000000048d556a sp=0x000000002137e4a8 mode 2
Event: 8.178 Thread 0x0000000020486000 Uncommon trap: trap_request=0xffffffde fr.pc=0x0000000004ca03d8
Event: 8.178 Thread 0x0000000020486000 DEOPT PACKING pc=0x0000000004ca03d8 sp=0x000000002137e600
Event: 8.178 Thread 0x0000000020486000 DEOPT UNPACKING pc=0x00000000048d556a sp=0x000000002137e5a0 mode 2
Event: 8.178 Thread 0x0000000020486000 Uncommon trap: trap_request=0xffffff65 fr.pc=0x0000000004dcae0c
Event: 8.178 Thread 0x0000000020486000 DEOPT PACKING pc=0x0000000004dcae0c sp=0x000000002137e510
Event: 8.178 Thread 0x0000000020486000 DEOPT UNPACKING pc=0x00000000048d556a sp=0x000000002137e498 mode 2
Event: 8.178 Thread 0x0000000020486000 Uncommon trap: trap_request=0xffffffde fr.pc=0x0000000004ca03d8
Event: 8.178 Thread 0x0000000020486000 DEOPT PACKING pc=0x0000000004ca03d8 sp=0x000000002137e600
Event: 8.178 Thread 0x0000000020486000 DEOPT UNPACKING pc=0x00000000048d556a sp=0x000000002137e5a0 mode 2


Dynamic libraries:
0x00007ff7d2160000 - 0x00007ff7d2191000 	F:\Program Files (x86)\Android\Android Studio\jre\bin\java.exe
0x00007ffd58cd0000 - 0x00007ffd58eb0000 	C:\WINDOWS\SYSTEM32\ntdll.dll
0x00007ffd58bc0000 - 0x00007ffd58c6e000 	C:\WINDOWS\System32\KERNEL32.DLL
0x00007ffd55f00000 - 0x00007ffd56166000 	C:\WINDOWS\System32\KERNELBASE.dll
0x00007ffd57c60000 - 0x00007ffd57d01000 	C:\WINDOWS\System32\ADVAPI32.dll
0x00007ffd577e0000 - 0x00007ffd5787d000 	C:\WINDOWS\System32\msvcrt.dll
0x00007ffd57880000 - 0x00007ffd578db000 	C:\WINDOWS\System32\sechost.dll
0x00007ffd58420000 - 0x00007ffd5853f000 	C:\WINDOWS\System32\RPCRT4.dll
0x00007ffd57a50000 - 0x00007ffd57bdf000 	C:\WINDOWS\System32\USER32.dll
0x00007ffd55e40000 - 0x00007ffd55e60000 	C:\WINDOWS\System32\win32u.dll
0x00007ffd58020000 - 0x00007ffd58048000 	C:\WINDOWS\System32\GDI32.dll
0x00007ffd55220000 - 0x00007ffd553b4000 	C:\WINDOWS\System32\gdi32full.dll
0x00007ffd55e60000 - 0x00007ffd55efb000 	C:\WINDOWS\System32\msvcp_win.dll
0x00007ffd55ce0000 - 0x00007ffd55dd6000 	C:\WINDOWS\System32\ucrtbase.dll
0x00007ffd44090000 - 0x00007ffd442f9000 	C:\WINDOWS\WinSxS\amd64_microsoft.windows.common-controls_6595b64144ccf1df_6.0.16299.64_none_cc9304e22215ca8f\COMCTL32.dll
0x00007ffd57d10000 - 0x00007ffd58018000 	C:\WINDOWS\System32\combase.dll
0x00007ffd550a0000 - 0x00007ffd55112000 	C:\WINDOWS\System32\bcryptPrimitives.dll
0x00007ffd561f0000 - 0x00007ffd5621d000 	C:\WINDOWS\System32\IMM32.DLL
0x00000000596e0000 - 0x00000000597b2000 	F:\Program Files (x86)\Android\Android Studio\jre\jre\bin\msvcr100.dll
0x00000000598a0000 - 0x000000005a0de000 	F:\Program Files (x86)\Android\Android Studio\jre\jre\bin\server\jvm.dll
0x00007ffd58bb0000 - 0x00007ffd58bb8000 	C:\WINDOWS\System32\PSAPI.DLL
0x00007ffd44380000 - 0x00007ffd443a3000 	C:\WINDOWS\SYSTEM32\WINMM.dll
0x00007ffd4ec50000 - 0x00007ffd4ec5a000 	C:\WINDOWS\SYSTEM32\VERSION.dll
0x00007ffd4ffc0000 - 0x00007ffd4ffc9000 	C:\WINDOWS\SYSTEM32\WSOCK32.dll
0x00007ffd57be0000 - 0x00007ffd57c4c000 	C:\WINDOWS\System32\WS2_32.dll
0x00007ffd44060000 - 0x00007ffd4408a000 	C:\WINDOWS\SYSTEM32\WINMMBASE.dll
0x00007ffd551d0000 - 0x00007ffd5521a000 	C:\WINDOWS\System32\cfgmgr32.dll
0x00007ffd4d970000 - 0x00007ffd4d97f000 	F:\Program Files (x86)\Android\Android Studio\jre\jre\bin\verify.dll
0x00007ffd35080000 - 0x00007ffd350a9000 	F:\Program Files (x86)\Android\Android Studio\jre\jre\bin\java.dll
0x00007ffd4a200000 - 0x00007ffd4a216000 	F:\Program Files (x86)\Android\Android Studio\jre\jre\bin\zip.dll
0x00007ffd56390000 - 0x00007ffd577c7000 	C:\WINDOWS\System32\SHELL32.dll
0x00007ffd58540000 - 0x00007ffd585e6000 	C:\WINDOWS\System32\shcore.dll
0x00007ffd553c0000 - 0x00007ffd55b07000 	C:\WINDOWS\System32\windows.storage.dll
0x00007ffd580b0000 - 0x00007ffd58101000 	C:\WINDOWS\System32\shlwapi.dll
0x00007ffd55010000 - 0x00007ffd55021000 	C:\WINDOWS\System32\kernel.appcore.dll
0x00007ffd55030000 - 0x00007ffd5507c000 	C:\WINDOWS\System32\powrprof.dll
0x00007ffd54ff0000 - 0x00007ffd5500b000 	C:\WINDOWS\System32\profapi.dll

VM Arguments:
jvm_args: -Djava.awt.headless=true -Xmx4g -Dfile.encoding=windows-1252 -Duser.country=US -Duser.language=en -Duser.variant 
java_command: com.android.dx.command.Main --dex --force-jumbo --num-threads=4 --multi-dex --output F:\TIF\Semester 7\Mobile Programming\Lab\WhatsCamp\WhatsCamp\app\build\intermediates\transforms\dex\debug\folders\1000\5\slice_3 F:\TIF\Semester 7\Mobile Programming\Lab\WhatsCamp\WhatsCamp\app\build\intermediates\transforms\instantRunSlicer\debug\folders\1\5\slice_3
java_class_path (initial): F:\Android\sdk\build-tools\25.0.0\lib\dx.jar
Launcher Type: SUN_STANDARD

Environment Variables:
PATH=C:\ProgramData\Oracle\Java\javapath;C:\Program Files (x86)\Intel\iCLS Client\;C:\Program Files\Intel\iCLS Client\;C:\Windows\system32;C:\Windows;C:\Windows\System32\Wbem;C:\Windows\System32\WindowsPowerShell\v1.0\;C:\Program Files (x86)\Intel\Intel(R) Management Engine Components\DAL;C:\Program Files\Intel\Intel(R) Management Engine Components\DAL;C:\Program Files (x86)\Intel\Intel(R) Management Engine Components\IPT;C:\Program Files\Intel\Intel(R) Management Engine Components\IPT;C:\Program Files (x86)\NVIDIA Corporation\PhysX\Common;C:\Program Files\Java\jdk1.8.0_144\bin;C:\Program Files\Java\jdk1.8.0_144\lib;C:\TDM-GCC-64\bin;C:\Program Files (x86)\CodeBlocks\MinGW\bin;C:\WINDOWS\system32;C:\WINDOWS;C:\WINDOWS\System32\Wbem;C:\WINDOWS\System32\WindowsPowerShell\v1.0\;C:\HashiCorp\Vagrant\bin;C:\Program Files\Git\cmd;C:\Program Files\PuTTY\;C:\Program Files\IBM\Bluemix\bin;C:\Program Files\Cloud Foundry;C:\Program Files (x86)\QuickTime\QTSystem\;C:\Users\legion Y520\AppData\Local\Programs\Python\Python35\Scripts\;C:\Users\legion Y520\AppData\Local\Programs\Python\Python35\;C:\Users\legion Y520\AppData\Local\Microsoft\WindowsApps;C:\TDM-GCC-64\bin;C:\Program Files (x86)\CodeBlocks\MinGW\bin;C:\Users\legion Y520\AppData\Local\GitHubDesktop\bin;C:\Users\legion Y520\AppData\Local\Microsoft\WindowsApps;C:\Program Files\aircrack-ng-1.2-rc4-win\bin\64bit;
USERNAME=Joseph
OS=Windows_NT
PROCESSOR_IDENTIFIER=Intel64 Family 6 Model 158 Stepping 9, GenuineIntel



---------------  S Y S T E M  ---------------

OS: Windows 10.0 , 64 bit Build 16299 (10.0.16299.15)

CPU:total 8 (initial active 8) (4 cores per cpu, 2 threads per core) family 6 model 158 stepping 9, cmov, cx8, fxsr, mmx, sse, sse2, sse3, ssse3, sse4.1, sse4.2, popcnt, avx, avx2, aes, clmul, erms, 3dnowpref, lzcnt, ht, tsc, tscinvbit, bmi1, bmi2, adx

Memory: 4k page, physical 8260772k(653280k free), swap 12356772k(5188k free)

vm_info: OpenJDK 64-Bit Server VM (25.152-b01) for windows-amd64 JRE (1.8.0_152-release-915-b01), built by "builder" with MS VC++ 10.0 (VS2010)

time: Tue Nov 28 19:35:19 2017
elapsed time: 8 seconds (0d 0h 0m 8s)

