#
# There is insufficient memory for the Java Runtime Environment to continue.
# Native memory allocation (malloc) failed to allocate 987216 bytes for Chunk::new
# Possible reasons:
#   The system is out of physical RAM or swap space
#   In 32 bit mode, the process size limit was hit
# Possible solutions:
#   Reduce memory load on the system
#   Increase physical memory or swap space
#   Check if swap backing store is full
#   Use 64 bit Java on a 64 bit OS
#   Decrease Java heap size (-Xmx/-Xms)
#   Decrease number of Java threads
#   Decrease Java thread stack sizes (-Xss)
#   Set larger code cache with -XX:ReservedCodeCacheSize=
# This output file may be truncated or incomplete.
#
#  Out of Memory Error (allocation.cpp:390), pid=11980, tid=0x0000000000003434
#
# JRE version: OpenJDK Runtime Environment (8.0_152-b01) (build 1.8.0_152-release-915-b01)
# Java VM: OpenJDK 64-Bit Server VM (25.152-b01 mixed mode windows-amd64 compressed oops)
# Failed to write core dump. Minidumps are not enabled by default on client versions of Windows
#

---------------  T H R E A D  ---------------

Current thread (0x000000002046d000):  JavaThread "C2 CompilerThread0" daemon [_thread_in_native, id=13364, stack(0x0000000020c30000,0x0000000020d30000)]

Stack: [0x0000000020c30000,0x0000000020d30000]
[error occurred during error reporting (printing stack bounds), id 0xc0000005]

Native frames: (J=compiled Java code, j=interpreted, Vv=VM code, C=native code)


Current CompileTask:
C2:   4596 1560       4       com.android.dx.ssa.back.IdenticalBlockCombiner::process (323 bytes)


---------------  P R O C E S S  ---------------

Java Threads: ( => current thread )
  0x0000000020803000 JavaThread "pool-2-thread-4" [_thread_blocked, id=1164, stack(0x0000000021630000,0x0000000021730000)]
  0x0000000020728000 JavaThread "pool-2-thread-3" [_thread_blocked, id=24272, stack(0x0000000021530000,0x0000000021630000)]
  0x0000000020665000 JavaThread "pool-2-thread-2" [_thread_blocked, id=26144, stack(0x0000000021430000,0x0000000021530000)]
  0x0000000020639800 JavaThread "pool-3-thread-1" [_thread_blocked, id=13032, stack(0x0000000021330000,0x0000000021430000)]
  0x0000000020639000 JavaThread "pool-2-thread-1" [_thread_blocked, id=17468, stack(0x0000000021230000,0x0000000021330000)]
  0x0000000020518800 JavaThread "Service Thread" daemon [_thread_blocked, id=22008, stack(0x0000000021030000,0x0000000021130000)]
  0x000000002048d800 JavaThread "C1 CompilerThread3" daemon [_thread_blocked, id=11856, stack(0x0000000020f30000,0x0000000021030000)]
  0x000000002047f000 JavaThread "C2 CompilerThread2" daemon [_thread_in_native, id=21348, stack(0x0000000020e30000,0x0000000020f30000)]
  0x0000000020471000 JavaThread "C2 CompilerThread1" daemon [_thread_in_native, id=25288, stack(0x0000000020d30000,0x0000000020e30000)]
=>0x000000002046d000 JavaThread "C2 CompilerThread0" daemon [_thread_in_native, id=13364, stack(0x0000000020c30000,0x0000000020d30000)]
  0x0000000020476800 JavaThread "Attach Listener" daemon [_thread_blocked, id=3420, stack(0x0000000020b30000,0x0000000020c30000)]
  0x0000000020475800 JavaThread "Signal Dispatcher" daemon [_thread_blocked, id=19892, stack(0x0000000020a30000,0x0000000020b30000)]
  0x0000000020460800 JavaThread "Finalizer" daemon [_thread_blocked, id=13144, stack(0x0000000020840000,0x0000000020940000)]
  0x00000000049f6000 JavaThread "Reference Handler" daemon [_thread_blocked, id=22576, stack(0x0000000020340000,0x0000000020440000)]
  0x00000000047be000 JavaThread "main" [_thread_in_native, id=23516, stack(0x0000000004800000,0x0000000004900000)]

Other Threads:
  0x000000001e566000 VMThread [stack: 0x0000000020240000,0x0000000020340000] [id=14592]
  0x0000000020519000 WatcherThread [stack: 0x0000000021130000,0x0000000021230000] [id=12408]

VM state:not at safepoint (normal execution)

VM Mutex/Monitor currently owned by a thread: None

Heap:
 PSYoungGen      total 71680K, used 64553K [0x000000076ab00000, 0x000000076f600000, 0x00000007c0000000)
  eden space 66560K, 89% used [0x000000076ab00000,0x000000076e510b10,0x000000076ec00000)
  from space 5120K, 99% used [0x000000076f100000,0x000000076f5f9b98,0x000000076f600000)
  to   space 5120K, 0% used [0x000000076ec00000,0x000000076ec00000,0x000000076f100000)
 ParOldGen       total 87552K, used 54693K [0x00000006c0000000, 0x00000006c5580000, 0x000000076ab00000)
  object space 87552K, 62% used [0x00000006c0000000,0x00000006c35697c8,0x00000006c5580000)
 Metaspace       used 6051K, capacity 7088K, committed 7296K, reserved 1056768K
  class space    used 575K, capacity 616K, committed 640K, reserved 1048576K

Card table byte_map: [0x0000000013dc0000,0x00000000145d0000] byte_map_base: 0x00000000107c0000

Marking Bits: (ParMarkBitMap*) 0x00000000732d3950
 Begin Bits: [0x0000000015330000, 0x0000000019330000)
 End Bits:   [0x0000000019330000, 0x000000001d330000)

Polling page: 0x0000000002bb0000

CodeCache: size=245760Kb used=7602Kb max_used=7602Kb free=238157Kb
 bounds [0x0000000004a00000, 0x0000000005180000, 0x0000000013a00000]
 total_blobs=1956 nmethods=1694 adapters=175
 compilation: enabled

Compilation events (10 events):
Event: 3.550 Thread 0x000000002048d800 1643       2       com.android.dx.ssa.back.SsaToRop::moveParametersToHighRegisters (88 bytes)
Event: 3.551 Thread 0x000000002048d800 nmethod 1643 0x00000000050e2b10 code [0x00000000050e2ca0, 0x00000000050e3058]
Event: 3.552 Thread 0x000000002047f000 nmethod 1493 0x00000000051175d0 code [0x0000000005117780, 0x00000000051184b8]
Event: 3.552 Thread 0x000000002047f000 1642       4       com.android.dx.ssa.back.IdenticalBlockCombiner::combineBlocks (102 bytes)
Event: 3.558 Thread 0x000000002048d800 1644       2       com.android.dx.ssa.PhiInsn::updateSourcesToDefinitions (68 bytes)
Event: 3.558 Thread 0x000000002048d800 nmethod 1644 0x00000000050e21d0 code [0x00000000050e2380, 0x00000000050e2758]
Event: 3.570 Thread 0x000000002048d800 1645       2       java.util.TreeMap$EntrySet::iterator (19 bytes)
Event: 3.571 Thread 0x000000002048d800 nmethod 1645 0x00000000050e48d0 code [0x00000000050e4a40, 0x00000000050e4cd0]
Event: 3.571 Thread 0x000000002048d800 1646       2       java.util.TreeMap$EntryIterator::<init> (12 bytes)
Event: 3.571 Thread 0x000000002048d800 nmethod 1646 0x00000000050e4510 code [0x00000000050e4660, 0x00000000050e4810]

GC Heap History (10 events):
Event: 1.745 GC heap before
{Heap before GC invocations=2 (full 0):
 PSYoungGen      total 38400K, used 38395K [0x000000076ab00000, 0x000000076f600000, 0x00000007c0000000)
  eden space 33280K, 100% used [0x000000076ab00000,0x000000076cb80000,0x000000076cb80000)
  from space 5120K, 99% used [0x000000076cb80000,0x000000076d07ef00,0x000000076d080000)
  to   space 5120K, 0% used [0x000000076f100000,0x000000076f100000,0x000000076f600000)
 ParOldGen       total 87552K, used 2397K [0x00000006c0000000, 0x00000006c5580000, 0x000000076ab00000)
  object space 87552K, 2% used [0x00000006c0000000,0x00000006c0257710,0x00000006c5580000)
 Metaspace       used 5896K, capacity 6960K, committed 7040K, reserved 1056768K
  class space    used 573K, capacity 616K, committed 640K, reserved 1048576K
Event: 1.912 GC heap after
Heap after GC invocations=2 (full 0):
 PSYoungGen      total 71680K, used 5093K [0x000000076ab00000, 0x000000076f600000, 0x00000007c0000000)
  eden space 66560K, 0% used [0x000000076ab00000,0x000000076ab00000,0x000000076ec00000)
  from space 5120K, 99% used [0x000000076f100000,0x000000076f5f9540,0x000000076f600000)
  to   space 5120K, 0% used [0x000000076ec00000,0x000000076ec00000,0x000000076f100000)
 ParOldGen       total 87552K, used 13793K [0x00000006c0000000, 0x00000006c5580000, 0x000000076ab00000)
  object space 87552K, 15% used [0x00000006c0000000,0x00000006c0d78798,0x00000006c5580000)
 Metaspace       used 5896K, capacity 6960K, committed 7040K, reserved 1056768K
  class space    used 573K, capacity 616K, committed 640K, reserved 1048576K
}
Event: 2.431 GC heap before
{Heap before GC invocations=3 (full 0):
 PSYoungGen      total 71680K, used 71653K [0x000000076ab00000, 0x000000076f600000, 0x00000007c0000000)
  eden space 66560K, 100% used [0x000000076ab00000,0x000000076ec00000,0x000000076ec00000)
  from space 5120K, 99% used [0x000000076f100000,0x000000076f5f9540,0x000000076f600000)
  to   space 5120K, 0% used [0x000000076ec00000,0x000000076ec00000,0x000000076f100000)
 ParOldGen       total 87552K, used 13793K [0x00000006c0000000, 0x00000006c5580000, 0x000000076ab00000)
  object space 87552K, 15% used [0x00000006c0000000,0x00000006c0d78798,0x00000006c5580000)
 Metaspace       used 5945K, capacity 7024K, committed 7296K, reserved 1056768K
  class space    used 574K, capacity 616K, committed 640K, reserved 1048576K
Event: 2.458 GC heap after
Heap after GC invocations=3 (full 0):
 PSYoungGen      total 71680K, used 5119K [0x000000076ab00000, 0x000000076f600000, 0x00000007c0000000)
  eden space 66560K, 0% used [0x000000076ab00000,0x000000076ab00000,0x000000076ec00000)
  from space 5120K, 99% used [0x000000076ec00000,0x000000076f0ffdc8,0x000000076f100000)
  to   space 5120K, 0% used [0x000000076f100000,0x000000076f100000,0x000000076f600000)
 ParOldGen       total 87552K, used 27580K [0x00000006c0000000, 0x00000006c5580000, 0x000000076ab00000)
  object space 87552K, 31% used [0x00000006c0000000,0x00000006c1aef150,0x00000006c5580000)
 Metaspace       used 5945K, capacity 7024K, committed 7296K, reserved 1056768K
  class space    used 574K, capacity 616K, committed 640K, reserved 1048576K
}
Event: 2.814 GC heap before
{Heap before GC invocations=4 (full 0):
 PSYoungGen      total 71680K, used 71679K [0x000000076ab00000, 0x000000076f600000, 0x00000007c0000000)
  eden space 66560K, 100% used [0x000000076ab00000,0x000000076ec00000,0x000000076ec00000)
  from space 5120K, 99% used [0x000000076ec00000,0x000000076f0ffdc8,0x000000076f100000)
  to   space 5120K, 0% used [0x000000076f100000,0x000000076f100000,0x000000076f600000)
 ParOldGen       total 87552K, used 27580K [0x00000006c0000000, 0x00000006c5580000, 0x000000076ab00000)
  object space 87552K, 31% used [0x00000006c0000000,0x00000006c1aef150,0x00000006c5580000)
 Metaspace       used 5970K, capacity 7024K, committed 7296K, reserved 1056768K
  class space    used 574K, capacity 616K, committed 640K, reserved 1048576K
Event: 2.840 GC heap after
Heap after GC invocations=4 (full 0):
 PSYoungGen      total 71680K, used 5099K [0x000000076ab00000, 0x000000076f600000, 0x00000007c0000000)
  eden space 66560K, 0% used [0x000000076ab00000,0x000000076ab00000,0x000000076ec00000)
  from space 5120K, 99% used [0x000000076f100000,0x000000076f5faee0,0x000000076f600000)
  to   space 5120K, 0% used [0x000000076ec00000,0x000000076ec00000,0x000000076f100000)
 ParOldGen       total 87552K, used 55289K [0x00000006c0000000, 0x00000006c5580000, 0x000000076ab00000)
  object space 87552K, 63% used [0x00000006c0000000,0x00000006c35fe740,0x00000006c5580000)
 Metaspace       used 5970K, capacity 7024K, committed 7296K, reserved 1056768K
  class space    used 574K, capacity 616K, committed 640K, reserved 1048576K
}
Event: 3.048 GC heap before
{Heap before GC invocations=5 (full 0):
 PSYoungGen      total 71680K, used 71659K [0x000000076ab00000, 0x000000076f600000, 0x00000007c0000000)
  eden space 66560K, 100% used [0x000000076ab00000,0x000000076ec00000,0x000000076ec00000)
  from space 5120K, 99% used [0x000000076f100000,0x000000076f5faee0,0x000000076f600000)
  to   space 5120K, 0% used [0x000000076ec00000,0x000000076ec00000,0x000000076f100000)
 ParOldGen       total 87552K, used 55289K [0x00000006c0000000, 0x00000006c5580000, 0x000000076ab00000)
  object space 87552K, 63% used [0x00000006c0000000,0x00000006c35fe740,0x00000006c5580000)
 Metaspace       used 5985K, capacity 7024K, committed 7296K, reserved 1056768K
  class space    used 574K, capacity 616K, committed 640K, reserved 1048576K
Event: 3.204 GC heap after
Heap after GC invocations=5 (full 0):
 PSYoungGen      total 71680K, used 5103K [0x000000076ab00000, 0x000000076f600000, 0x00000007c0000000)
  eden space 66560K, 0% used [0x000000076ab00000,0x000000076ab00000,0x000000076ec00000)
  from space 5120K, 99% used [0x000000076ec00000,0x000000076f0fbea0,0x000000076f100000)
  to   space 5120K, 0% used [0x000000076f100000,0x000000076f100000,0x000000076f600000)
 ParOldGen       total 87552K, used 80328K [0x00000006c0000000, 0x00000006c5580000, 0x000000076ab00000)
  object space 87552K, 91% used [0x00000006c0000000,0x00000006c4e72160,0x00000006c5580000)
 Metaspace       used 5985K, capacity 7024K, committed 7296K, reserved 1056768K
  class space    used 574K, capacity 616K, committed 640K, reserved 1048576K
}
Event: 3.204 GC heap before
{Heap before GC invocations=6 (full 1):
 PSYoungGen      total 71680K, used 5103K [0x000000076ab00000, 0x000000076f600000, 0x00000007c0000000)
  eden space 66560K, 0% used [0x000000076ab00000,0x000000076ab00000,0x000000076ec00000)
  from space 5120K, 99% used [0x000000076ec00000,0x000000076f0fbea0,0x000000076f100000)
  to   space 5120K, 0% used [0x000000076f100000,0x000000076f100000,0x000000076f600000)
 ParOldGen       total 87552K, used 80328K [0x00000006c0000000, 0x00000006c5580000, 0x000000076ab00000)
  object space 87552K, 91% used [0x00000006c0000000,0x00000006c4e72160,0x00000006c5580000)
 Metaspace       used 5985K, capacity 7024K, committed 7296K, reserved 1056768K
  class space    used 574K, capacity 616K, committed 640K, reserved 1048576K
Event: 3.528 GC heap after
Heap after GC invocations=6 (full 1):
 PSYoungGen      total 71680K, used 0K [0x000000076ab00000, 0x000000076f600000, 0x00000007c0000000)
  eden space 66560K, 0% used [0x000000076ab00000,0x000000076ab00000,0x000000076ec00000)
  from space 5120K, 0% used [0x000000076ec00000,0x000000076ec00000,0x000000076f100000)
  to   space 5120K, 0% used [0x000000076f100000,0x000000076f100000,0x000000076f600000)
 ParOldGen       total 87552K, used 40562K [0x00000006c0000000, 0x00000006c5580000, 0x000000076ab00000)
  object space 87552K, 46% used [0x00000006c0000000,0x00000006c279cba8,0x00000006c5580000)
 Metaspace       used 5985K, capacity 7024K, committed 7296K, reserved 1056768K
  class space    used 574K, capacity 616K, committed 640K, reserved 1048576K
}

Deoptimization events (10 events):
Event: 1.277 Thread 0x0000000020803000 Uncommon trap: reason=null_check action=make_not_entrant pc=0x0000000004deacb0 method=com.android.dx.rop.type.Type.equals(Ljava/lang/Object;)Z @ 8
Event: 1.278 Thread 0x0000000020803000 Uncommon trap: reason=unstable_if action=reinterpret pc=0x0000000004c025b8 method=java.util.BitSet.ensureCapacity(I)V @ 6
Event: 1.278 Thread 0x0000000020803000 Uncommon trap: reason=unstable_if action=reinterpret pc=0x0000000004e8ee0c method=java.util.BitSet.clone()Ljava/lang/Object; @ 4
Event: 1.424 Thread 0x00000000047be000 Uncommon trap: reason=unstable_if action=reinterpret pc=0x0000000004d8413c method=java.lang.String.<init>([CII)V @ 18
Event: 1.481 Thread 0x0000000020803000 Uncommon trap: reason=unstable_if action=reinterpret pc=0x0000000004f25c2c method=com.android.dx.ssa.SCCP.simulateBranch(Lcom/android/dx/ssa/SsaInsn;)V @ 64
Event: 2.036 Thread 0x0000000020803000 Uncommon trap: reason=uninitialized action=reinterpret pc=0x0000000004e766e4 method=com.android.dx.cf.code.BytecodeArray.parseInstruction(ILcom/android/dx/cf/code/BytecodeArray$Visitor;)I @ 1079
Event: 2.041 Thread 0x0000000020803000 Uncommon trap: reason=unstable_if action=reinterpret pc=0x0000000004d19b84 method=com.android.dx.ssa.SsaRenamer$BlockRenamer.addMapping(ILcom/android/dx/rop/code/RegisterSpec;)V @ 120
Event: 2.046 Thread 0x0000000020803000 Uncommon trap: reason=unstable_if action=reinterpret pc=0x0000000004ef2a38 method=com.android.dx.ssa.SsaRenamer$BlockRenamer.process()V @ 90
Event: 2.901 Thread 0x0000000020728000 Uncommon trap: reason=unstable_if action=reinterpret pc=0x0000000004f9d61c method=com.android.dx.cf.code.RopperMachine.run(Lcom/android/dx/cf/code/Frame;II)V @ 1019
Event: 2.926 Thread 0x0000000020639000 Uncommon trap: reason=null_check action=make_not_entrant pc=0x0000000004e31ae0 method=com.android.dx.ssa.SsaRenamer.getLocalForNewReg(I)Lcom/android/dx/rop/code/LocalItem; @ 19

Classes redefined (0 events):
No events

Internal exceptions (4 events):
Event: 0.031 Thread 0x00000000047be000 Exception <a 'java/lang/NoSuchMethodError': Method sun.misc.Unsafe.defineClass(Ljava/lang/String;[BII)Ljava/lang/Class; name or signature does not match> (0x000000076ab07ca8) thrown at [D:\src\AOSP-openjdk-cygwin\jdk8u\hotspot\src\share\vm\prims\jni.cpp, 
Event: 0.031 Thread 0x00000000047be000 Exception <a 'java/lang/NoSuchMethodError': Method sun.misc.Unsafe.prefetchRead(Ljava/lang/Object;J)V name or signature does not match> (0x000000076ab07f90) thrown at [D:\src\AOSP-openjdk-cygwin\jdk8u\hotspot\src\share\vm\prims\jni.cpp, line 4011]
Event: 1.277 Thread 0x0000000020803000 Implicit null exception at 0x0000000004deaba2 to 0x0000000004deaca2
Event: 2.926 Thread 0x0000000020639000 Implicit null exception at 0x0000000004e2f456 to 0x0000000004e31ac1

Events (10 events):
Event: 2.933 Thread 0x00000000047be000 DEOPT PACKING pc=0x0000000004dcbbf8 sp=0x00000000048fe1d0
Event: 2.933 Thread 0x00000000047be000 DEOPT UNPACKING pc=0x0000000004a475bf sp=0x00000000048fdef8 mode 0
Event: 2.933 Thread 0x00000000047be000 DEOPT PACKING pc=0x0000000004dcbbf8 sp=0x00000000048fe1d0
Event: 2.933 Thread 0x00000000047be000 DEOPT UNPACKING pc=0x0000000004a475bf sp=0x00000000048fdef8 mode 0
Event: 2.933 Thread 0x00000000047be000 DEOPT PACKING pc=0x0000000004dcbbf8 sp=0x00000000048fe1d0
Event: 2.933 Thread 0x00000000047be000 DEOPT UNPACKING pc=0x0000000004a475bf sp=0x00000000048fdef8 mode 0
Event: 2.974 Thread 0x00000000047be000 DEOPT PACKING pc=0x0000000004eefe12 sp=0x00000000048fe4d0
Event: 2.974 Thread 0x00000000047be000 DEOPT UNPACKING pc=0x0000000004a475bf sp=0x00000000048fe238 mode 0
Event: 3.042 Executing VM operation: ParallelGCFailedAllocation
Event: 3.528 Executing VM operation: ParallelGCFailedAllocation done


Dynamic libraries:
0x00007ff732ce0000 - 0x00007ff732d11000 	F:\Program Files (x86)\Android\Android Studio\jre\bin\java.exe
0x00007ff8ab5d0000 - 0x00007ff8ab7b0000 	C:\WINDOWS\SYSTEM32\ntdll.dll
0x00007ff8aa7d0000 - 0x00007ff8aa87e000 	C:\WINDOWS\System32\KERNEL32.DLL
0x00007ff8a7b10000 - 0x00007ff8a7d76000 	C:\WINDOWS\System32\KERNELBASE.dll
0x00007ff8aa420000 - 0x00007ff8aa4c1000 	C:\WINDOWS\System32\ADVAPI32.dll
0x00007ff8aa6a0000 - 0x00007ff8aa73d000 	C:\WINDOWS\System32\msvcrt.dll
0x00007ff8ab0f0000 - 0x00007ff8ab14b000 	C:\WINDOWS\System32\sechost.dll
0x00007ff8aae30000 - 0x00007ff8aaf4f000 	C:\WINDOWS\System32\RPCRT4.dll
0x00007ff8ab150000 - 0x00007ff8ab2df000 	C:\WINDOWS\System32\USER32.dll
0x00007ff8a8800000 - 0x00007ff8a8820000 	C:\WINDOWS\System32\win32u.dll
0x00007ff8aa9b0000 - 0x00007ff8aa9d8000 	C:\WINDOWS\System32\GDI32.dll
0x00007ff8a88d0000 - 0x00007ff8a8a64000 	C:\WINDOWS\System32\gdi32full.dll
0x00007ff8a79a0000 - 0x00007ff8a7a3b000 	C:\WINDOWS\System32\msvcp_win.dll
0x00007ff8a7f50000 - 0x00007ff8a8046000 	C:\WINDOWS\System32\ucrtbase.dll
0x00007ff89cca0000 - 0x00007ff89cf09000 	C:\WINDOWS\WinSxS\amd64_microsoft.windows.common-controls_6595b64144ccf1df_6.0.16299.64_none_cc9304e22215ca8f\COMCTL32.dll
0x00007ff8aa070000 - 0x00007ff8aa378000 	C:\WINDOWS\System32\combase.dll
0x00007ff8a7a40000 - 0x00007ff8a7ab2000 	C:\WINDOWS\System32\bcryptPrimitives.dll
0x00007ff8aafb0000 - 0x00007ff8aafdd000 	C:\WINDOWS\System32\IMM32.DLL
0x0000000072950000 - 0x0000000072a22000 	F:\Program Files (x86)\Android\Android Studio\jre\jre\bin\msvcr100.dll
0x0000000072b10000 - 0x000000007334e000 	F:\Program Files (x86)\Android\Android Studio\jre\jre\bin\server\jvm.dll
0x00007ff8ab560000 - 0x00007ff8ab568000 	C:\WINDOWS\System32\PSAPI.DLL
0x00007ff8a3260000 - 0x00007ff8a3283000 	C:\WINDOWS\SYSTEM32\WINMM.dll
0x00007ff8a23d0000 - 0x00007ff8a23da000 	C:\WINDOWS\SYSTEM32\VERSION.dll
0x00007ff8a5c50000 - 0x00007ff8a5c59000 	C:\WINDOWS\SYSTEM32\WSOCK32.dll
0x00007ff8aa760000 - 0x00007ff8aa7cc000 	C:\WINDOWS\System32\WS2_32.dll
0x00007ff8a3230000 - 0x00007ff8a325a000 	C:\WINDOWS\SYSTEM32\WINMMBASE.dll
0x00007ff8a7ac0000 - 0x00007ff8a7b0a000 	C:\WINDOWS\System32\cfgmgr32.dll
0x00007ff8a5560000 - 0x00007ff8a556f000 	F:\Program Files (x86)\Android\Android Studio\jre\jre\bin\verify.dll
0x00007ff8a13c0000 - 0x00007ff8a13e9000 	F:\Program Files (x86)\Android\Android Studio\jre\jre\bin\java.dll
0x00007ff8a2a00000 - 0x00007ff8a2a16000 	F:\Program Files (x86)\Android\Android Studio\jre\jre\bin\zip.dll
0x00007ff8a8a80000 - 0x00007ff8a9eb7000 	C:\WINDOWS\System32\SHELL32.dll
0x00007ff8ab360000 - 0x00007ff8ab406000 	C:\WINDOWS\System32\shcore.dll
0x00007ff8a8050000 - 0x00007ff8a8797000 	C:\WINDOWS\System32\windows.storage.dll
0x00007ff8aa880000 - 0x00007ff8aa8d1000 	C:\WINDOWS\System32\shlwapi.dll
0x00007ff8a7960000 - 0x00007ff8a7971000 	C:\WINDOWS\System32\kernel.appcore.dll
0x00007ff8a78f0000 - 0x00007ff8a793c000 	C:\WINDOWS\System32\powrprof.dll
0x00007ff8a7980000 - 0x00007ff8a799b000 	C:\WINDOWS\System32\profapi.dll

VM Arguments:
jvm_args: -Djava.awt.headless=true -Xmx4g -Dfile.encoding=windows-1252 -Duser.country=US -Duser.language=en -Duser.variant 
java_command: com.android.dx.command.Main --dex --force-jumbo --num-threads=4 --multi-dex --output F:\TIF\Semester 7\Mobile Programming\Lab\WhatsCamp\WhatsCamp\app\build\intermediates\transforms\dex\debug\folders\1000\5\slice_4 F:\TIF\Semester 7\Mobile Programming\Lab\WhatsCamp\WhatsCamp\app\build\intermediates\transforms\instantRunSlicer\debug\folders\1\5\slice_4
java_class_path (initial): F:\Android\sdk\build-tools\25.0.0\lib\dx.jar
Launcher Type: SUN_STANDARD

Environment Variables:
PATH=C:\ProgramData\Oracle\Java\javapath;C:\Program Files (x86)\Intel\iCLS Client\;C:\Program Files\Intel\iCLS Client\;C:\Windows\system32;C:\Windows;C:\Windows\System32\Wbem;C:\Windows\System32\WindowsPowerShell\v1.0\;C:\Program Files (x86)\Intel\Intel(R) Management Engine Components\DAL;C:\Program Files\Intel\Intel(R) Management Engine Components\DAL;C:\Program Files (x86)\Intel\Intel(R) Management Engine Components\IPT;C:\Program Files\Intel\Intel(R) Management Engine Components\IPT;C:\Program Files (x86)\NVIDIA Corporation\PhysX\Common;C:\Program Files\Java\jdk1.8.0_144\bin;C:\Program Files\Java\jdk1.8.0_144\lib;C:\TDM-GCC-64\bin;C:\Program Files (x86)\CodeBlocks\MinGW\bin;C:\WINDOWS\system32;C:\WINDOWS;C:\WINDOWS\System32\Wbem;C:\WINDOWS\System32\WindowsPowerShell\v1.0\;C:\HashiCorp\Vagrant\bin;C:\Program Files\Git\cmd;C:\Program Files\PuTTY\;C:\Program Files\IBM\Bluemix\bin;C:\Program Files\Cloud Foundry;C:\Program Files (x86)\QuickTime\QTSystem\;C:\Users\legion Y520\AppData\Local\Programs\Python\Python35\Scripts\;C:\Users\legion Y520\AppData\Local\Programs\Python\Python35\;C:\Users\legion Y520\AppData\Local\Microsoft\WindowsApps;C:\TDM-GCC-64\bin;C:\Program Files (x86)\CodeBlocks\MinGW\bin;C:\Users\legion Y520\AppData\Local\GitHubDesktop\bin;C:\Users\legion Y520\AppData\Local\Microsoft\WindowsApps;C:\Program Files\aircrack-ng-1.2-rc4-win\bin\64bit;
USERNAME=Joseph
OS=Windows_NT
PROCESSOR_IDENTIFIER=Intel64 Family 6 Model 158 Stepping 9, GenuineIntel



---------------  S Y S T E M  ---------------

OS: Windows 10.0 , 64 bit Build 16299 (10.0.16299.15)

CPU:total 8 (initial active 8) (4 cores per cpu, 2 threads per core) family 6 model 158 stepping 9, cmov, cx8, fxsr, mmx, sse, sse2, sse3, ssse3, sse4.1, sse4.2, popcnt, avx, avx2, aes, clmul, erms, 3dnowpref, lzcnt, ht, tsc, tscinvbit, bmi1, bmi2, adx

Memory: 4k page, physical 8260772k(384788k free), swap 12356772k(12k free)

vm_info: OpenJDK 64-Bit Server VM (25.152-b01) for windows-amd64 JRE (1.8.0_152-release-915-b01), built by "builder" with MS VC++ 10.0 (VS2010)

time: Sat Nov 25 12:01:03 2017
elapsed time: 4 seconds (0d 0h 0m 4s)

