#
# There is insufficient memory for the Java Runtime Environment to continue.
# Native memory allocation (malloc) failed to allocate 240704 bytes for Chunk::new
# Possible reasons:
#   The system is out of physical RAM or swap space
#   In 32 bit mode, the process size limit was hit
# Possible solutions:
#   Reduce memory load on the system
#   Increase physical memory or swap space
#   Check if swap backing store is full
#   Use 64 bit Java on a 64 bit OS
#   Decrease Java heap size (-Xmx/-Xms)
#   Decrease number of Java threads
#   Decrease Java thread stack sizes (-Xss)
#   Set larger code cache with -XX:ReservedCodeCacheSize=
# This output file may be truncated or incomplete.
#
#  Out of Memory Error (allocation.cpp:390), pid=1772, tid=0x0000000000002adc
#
# JRE version: OpenJDK Runtime Environment (8.0_112-b06) (build 1.8.0_112-release-b06)
# Java VM: OpenJDK 64-Bit Server VM (25.112-b06 mixed mode windows-amd64 compressed oops)
# Failed to write core dump. Minidumps are not enabled by default on client versions of Windows
#

---------------  T H R E A D  ---------------

Current thread (0x000000001e52f000):  JavaThread "C2 CompilerThread2" daemon [_thread_in_native, id=10972, stack(0x000000001ef00000,0x000000001f000000)]

Stack: [0x000000001ef00000,0x000000001f000000]
[error occurred during error reporting (printing stack bounds), id 0xc0000005]

Native frames: (J=compiled Java code, j=interpreted, Vv=VM code, C=native code)


Current CompileTask:
C2:    453  525       4       com.android.dx.ssa.NormalSsaInsn::accept (25 bytes)


---------------  P R O C E S S  ---------------

Java Threads: ( => current thread )
  0x000000001e6cf800 JavaThread "pool-2-thread-2" [_thread_in_Java, id=6072, stack(0x000000001f500000,0x000000001f600000)]
  0x000000001e6fa000 JavaThread "pool-3-thread-1" [_thread_blocked, id=10580, stack(0x000000001f400000,0x000000001f500000)]
  0x000000001e5c1000 JavaThread "Service Thread" daemon [_thread_blocked, id=4916, stack(0x000000001f100000,0x000000001f200000)]
  0x000000001e533000 JavaThread "C1 CompilerThread3" daemon [_thread_in_native, id=20076, stack(0x000000001f000000,0x000000001f100000)]
=>0x000000001e52f000 JavaThread "C2 CompilerThread2" daemon [_thread_in_native, id=10972, stack(0x000000001ef00000,0x000000001f000000)]
  0x000000001e52d000 JavaThread "C2 CompilerThread1" daemon [_thread_in_native, id=8048, stack(0x000000001ee00000,0x000000001ef00000)]
  0x000000001e52a800 JavaThread "C2 CompilerThread0" daemon [_thread_in_native, id=13604, stack(0x000000001ed00000,0x000000001ee00000)]
  0x000000001e525800 JavaThread "Attach Listener" daemon [_thread_blocked, id=19104, stack(0x000000001ec00000,0x000000001ed00000)]
  0x000000001e524000 JavaThread "Signal Dispatcher" daemon [_thread_blocked, id=16524, stack(0x000000001eb00000,0x000000001ec00000)]
  0x0000000002aae800 JavaThread "Finalizer" daemon [_thread_blocked, id=20056, stack(0x000000001e900000,0x000000001ea00000)]
  0x000000001c62b000 JavaThread "Reference Handler" daemon [_thread_blocked, id=10268, stack(0x000000001e400000,0x000000001e500000)]
  0x000000000287d800 JavaThread "main" [_thread_blocked, id=17228, stack(0x00000000028a0000,0x00000000029a0000)]

Other Threads:
  0x000000001c624800 VMThread [stack: 0x000000001e300000,0x000000001e400000] [id=6588]
  0x000000001e544800 WatcherThread [stack: 0x000000001f200000,0x000000001f300000] [id=19120]

VM state:not at safepoint (normal execution)

VM Mutex/Monitor currently owned by a thread: None

Heap:
 PSYoungGen      total 38400K, used 17525K [0x000000076ab00000, 0x000000076d580000, 0x00000007c0000000)
  eden space 33280K, 52% used [0x000000076ab00000,0x000000076bc1d408,0x000000076cb80000)
  from space 5120K, 0% used [0x000000076d080000,0x000000076d080000,0x000000076d580000)
  to   space 5120K, 0% used [0x000000076cb80000,0x000000076cb80000,0x000000076d080000)
 ParOldGen       total 87552K, used 0K [0x00000006c0000000, 0x00000006c5580000, 0x000000076ab00000)
  object space 87552K, 0% used [0x00000006c0000000,0x00000006c0000000,0x00000006c5580000)
 Metaspace       used 5493K, capacity 6704K, committed 6784K, reserved 1056768K
  class space    used 553K, capacity 616K, committed 640K, reserved 1048576K

Card table byte_map: [0x0000000011e80000,0x0000000012690000] byte_map_base: 0x000000000e880000

Marking Bits: (ParMarkBitMap*) 0x000000006f7818f0
 Begin Bits: [0x00000000133f0000, 0x00000000173f0000)
 End Bits:   [0x00000000173f0000, 0x000000001b3f0000)

Polling page: 0x0000000002880000

CodeCache: size=245760Kb used=2491Kb max_used=2491Kb free=243268Kb
 bounds [0x0000000002ac0000, 0x0000000002d40000, 0x0000000011ac0000]
 total_blobs=877 nmethods=616 adapters=175
 compilation: enabled

Compilation events (10 events):
Event: 0.398 Thread 0x000000001e533000 nmethod 640 0x0000000002d23510 code [0x0000000002d23720, 0x0000000002d24128]
Event: 0.398 Thread 0x000000001e533000  614       3       com.android.dx.rop.code.RopMethod::labelToPredecessors (54 bytes)
Event: 0.398 Thread 0x000000001e533000 nmethod 614 0x0000000002d24690 code [0x0000000002d24880, 0x0000000002d25198]
Event: 0.398 Thread 0x000000001e533000  645       3       com.android.dx.cf.code.BaseMachine::getLocalTarget (151 bytes)
Event: 0.399 Thread 0x000000001e533000 nmethod 645 0x0000000002d25610 code [0x0000000002d258c0, 0x0000000002d26ac8]
Event: 0.399 Thread 0x000000001e533000  647       3       com.android.dx.cf.code.BaseMachine::storeResults (90 bytes)
Event: 0.399 Thread 0x000000001e533000 nmethod 647 0x0000000002d27310 code [0x0000000002d27500, 0x0000000002d27fc8]
Event: 0.399 Thread 0x000000001e533000  653       3       com.android.dx.cf.code.RopperMachine::getSources (264 bytes)
Event: 0.402 Thread 0x000000001e533000 nmethod 653 0x0000000002d284d0 code [0x0000000002d28ae0, 0x0000000002d2d498]
Event: 0.402 Thread 0x000000001e533000  652   !   3       com.android.dx.cf.code.RopperMachine::run (1550 bytes)

GC Heap History (0 events):
No events

Deoptimization events (1 events):
Event: 0.323 Thread 0x000000001e6f5800 Uncommon trap: reason=unstable_if action=reinterpret pc=0x0000000002c8fb50 method=java.util.HashMap.getNode(ILjava/lang/Object;)Ljava/util/HashMap$Node; @ 129

Internal exceptions (2 events):
Event: 0.040 Thread 0x000000000287d800 Exception <a 'java/lang/NoSuchMethodError': Method sun.misc.Unsafe.defineClass(Ljava/lang/String;[BII)Ljava/lang/Class; name or signature does not match> (0x000000076ab07c78) thrown at [C:\src\android\AOSP-openjdk\external\jetbrains\jdk\hotspot\src\share\vÃ6 ¬¤?
Event: 0.040 Thread 0x000000000287d800 Exception <a 'java/lang/NoSuchMethodError': Method sun.misc.Unsafe.prefetchRead(Ljava/lang/Object;J)V name or signature does not match> (0x000000076ab07f60) thrown at [C:\src\android\AOSP-openjdk\external\jetbrains\jdk\hotspot\src\share\vm\prims\jni.cpp, l

Events (10 events):
Event: 0.374 loading class com/android/dx/dex/file/StringDataItem done
Event: 0.375 Executing VM operation: ForceSafepoint
Event: 0.375 Executing VM operation: ForceSafepoint done
Event: 0.375 loading class com/android/dx/dex/file/MethodAnnotationStruct
Event: 0.375 loading class com/android/dx/dex/file/MethodAnnotationStruct done
Event: 0.376 Thread 0x000000001e837800 Thread exited: 0x000000001e837800
Event: 0.385 loading class java/util/ArrayList$1
Event: 0.385 loading class java/util/ArrayList$1 done
Event: 0.391 Thread 0x000000001e6d0800 Thread exited: 0x000000001e6d0800
Event: 0.393 Thread 0x000000001e6f5800 Thread exited: 0x000000001e6f5800


Dynamic libraries:
0x00007ff6fa0b0000 - 0x00007ff6fa0e1000 	F:\Program Files (x86)\Android\Android Studio\jre\bin\java.exe
0x00007ffd1ba50000 - 0x00007ffd1bc2b000 	C:\Windows\SYSTEM32\ntdll.dll
0x00007ffd1b970000 - 0x00007ffd1ba1e000 	C:\Windows\System32\KERNEL32.DLL
0x00007ffd18630000 - 0x00007ffd18879000 	C:\Windows\System32\KERNELBASE.dll
0x00007ffd1af30000 - 0x00007ffd1afd1000 	C:\Windows\System32\ADVAPI32.dll
0x00007ffd1ac80000 - 0x00007ffd1ad1d000 	C:\Windows\System32\msvcrt.dll
0x00007ffd1b520000 - 0x00007ffd1b579000 	C:\Windows\System32\sechost.dll
0x00007ffd1ab50000 - 0x00007ffd1ac75000 	C:\Windows\System32\RPCRT4.dll
0x00007ffd18f80000 - 0x00007ffd190ca000 	C:\Windows\System32\USER32.dll
0x00007ffd185c0000 - 0x00007ffd185de000 	C:\Windows\System32\win32u.dll
0x00007ffd190d0000 - 0x00007ffd190f7000 	C:\Windows\System32\GDI32.dll
0x00007ffd18050000 - 0x00007ffd181d7000 	C:\Windows\System32\gdi32full.dll
0x00007ffd17f40000 - 0x00007ffd17fda000 	C:\Windows\System32\msvcp_win.dll
0x00007ffd184c0000 - 0x00007ffd185b6000 	C:\Windows\System32\ucrtbase.dll
0x00007ffd094a0000 - 0x00007ffd09707000 	C:\Windows\WinSxS\amd64_microsoft.windows.common-controls_6595b64144ccf1df_6.0.15063.483_none_26002d27e7c744a2\COMCTL32.dll
0x00007ffd1b0e0000 - 0x00007ffd1b3d9000 	C:\Windows\System32\combase.dll
0x00007ffd17fe0000 - 0x00007ffd1804a000 	C:\Windows\System32\bcryptPrimitives.dll
0x00007ffd196e0000 - 0x00007ffd1970d000 	C:\Windows\System32\IMM32.DLL
0x000000006e970000 - 0x000000006ea42000 	F:\Program Files (x86)\Android\Android Studio\jre\jre\bin\msvcr100.dll
0x000000006efc0000 - 0x000000006f7fc000 	F:\Program Files (x86)\Android\Android Studio\jre\jre\bin\server\jvm.dll
0x00007ffd19100000 - 0x00007ffd19108000 	C:\Windows\System32\PSAPI.DLL
0x00007ffd123b0000 - 0x00007ffd123b9000 	C:\Windows\SYSTEM32\WSOCK32.dll
0x00007ffd103a0000 - 0x00007ffd103c3000 	C:\Windows\SYSTEM32\WINMM.dll
0x00007ffd13110000 - 0x00007ffd1311a000 	C:\Windows\SYSTEM32\VERSION.dll
0x00007ffd1b580000 - 0x00007ffd1b5ec000 	C:\Windows\System32\WS2_32.dll
0x00007ffd10370000 - 0x00007ffd1039b000 	C:\Windows\SYSTEM32\WINMMBASE.dll
0x00007ffd185e0000 - 0x00007ffd18629000 	C:\Windows\System32\cfgmgr32.dll
0x00007ffd10fe0000 - 0x00007ffd10fef000 	F:\Program Files (x86)\Android\Android Studio\jre\jre\bin\verify.dll
0x00007ffd10fb0000 - 0x00007ffd10fd9000 	F:\Program Files (x86)\Android\Android Studio\jre\jre\bin\java.dll
0x00007ffd0be00000 - 0x00007ffd0be16000 	F:\Program Files (x86)\Android\Android Studio\jre\jre\bin\zip.dll
0x00007ffd19710000 - 0x00007ffd1ab46000 	C:\Windows\System32\SHELL32.dll
0x00007ffd1b3f0000 - 0x00007ffd1b49a000 	C:\Windows\System32\shcore.dll
0x00007ffd18880000 - 0x00007ffd18f71000 	C:\Windows\System32\windows.storage.dll
0x00007ffd19110000 - 0x00007ffd19161000 	C:\Windows\System32\shlwapi.dll
0x00007ffd17eb0000 - 0x00007ffd17ec1000 	C:\Windows\System32\kernel.appcore.dll
0x00007ffd17ed0000 - 0x00007ffd17f1c000 	C:\Windows\System32\powrprof.dll
0x00007ffd17f20000 - 0x00007ffd17f35000 	C:\Windows\System32\profapi.dll

VM Arguments:
jvm_args: -Djava.awt.headless=true -Xmx4g -Dfile.encoding=windows-1252 -Duser.country=US -Duser.language=en -Duser.variant 
java_command: com.android.dx.command.Main --dex --force-jumbo --num-threads=4 --multi-dex --output F:\TIF\Semester 7\Mobile Programming\Lab\Event Finder v1.0\EventFinder\app\build\intermediates\transforms\dex\debug\folders\1000\5\slice_3 F:\TIF\Semester 7\Mobile Programming\Lab\Event Finder v1.0\EventFinder\app\build\intermediates\transforms\instantRunSlicer\debug\folders\1\5\slice_3
java_class_path (initial): F:\Android\sdk\build-tools\25.0.0\lib\dx.jar
Launcher Type: SUN_STANDARD

Environment Variables:
PATH=C:\ProgramData\Oracle\Java\javapath;C:\Program Files (x86)\Intel\iCLS Client\;C:\Program Files\Intel\iCLS Client\;C:\Windows\system32;C:\Windows;C:\Windows\System32\Wbem;C:\Windows\System32\WindowsPowerShell\v1.0\;C:\Program Files (x86)\Intel\Intel(R) Management Engine Components\DAL;C:\Program Files\Intel\Intel(R) Management Engine Components\DAL;C:\Program Files (x86)\Intel\Intel(R) Management Engine Components\IPT;C:\Program Files\Intel\Intel(R) Management Engine Components\IPT;C:\Program Files (x86)\NVIDIA Corporation\PhysX\Common;C:\Program Files\Java\jdk1.8.0_144\bin;C:\Program Files\Java\jdk1.8.0_144\lib;C:\TDM-GCC-64\bin;C:\Program Files (x86)\CodeBlocks\MinGW\bin;C:\Windows\system32;C:\Windows;C:\Windows\System32\Wbem;C:\Windows\System32\WindowsPowerShell\v1.0\;C:\HashiCorp\Vagrant\bin;C:\Program Files\Git\cmd;C:\Program Files\PuTTY\;C:\Users\legion Y520\AppData\Local\Programs\Python\Python35\Scripts\;C:\Users\legion Y520\AppData\Local\Programs\Python\Python35\;C:\Users\legion Y520\AppData\Local\Microsoft\WindowsApps;C:\TDM-GCC-64\bin;C:\Program Files (x86)\CodeBlocks\MinGW\bin;C:\Users\legion Y520\AppData\Local\GitHubDesktop\bin;C:\Users\legion Y520\AppData\Local\Microsoft\WindowsApps;C:\Program Files\aircrack-ng-1.2-rc4-win\bin\64bit;
USERNAME=Joseph
OS=Windows_NT
PROCESSOR_IDENTIFIER=Intel64 Family 6 Model 158 Stepping 9, GenuineIntel



---------------  S Y S T E M  ---------------

OS: Windows 10.0 , 64 bit Build 15063 (10.0.15063.296)

CPU:total 8 (4 cores per cpu, 2 threads per core) family 6 model 158 stepping 9, cmov, cx8, fxsr, mmx, sse, sse2, sse3, ssse3, sse4.1, sse4.2, popcnt, avx, avx2, aes, clmul, erms, 3dnowpref, lzcnt, ht, tsc, tscinvbit, bmi1, bmi2, adx

Memory: 4k page, physical 8260772k(732232k free), swap 12356772k(4288k free)

vm_info: OpenJDK 64-Bit Server VM (25.112-b06) for windows-amd64 JRE (1.8.0_112-release-b06), built on Dec  8 2016 00:54:26 by "builder" with MS VC++ 10.0 (VS2010)

time: Fri Oct 27 23:05:37 2017
elapsed time: 0 seconds (0d 0h 0m 0s)

