#
# There is insufficient memory for the Java Runtime Environment to continue.
# Native memory allocation (malloc) failed to allocate 1053296 bytes for Chunk::new
# Possible reasons:
#   The system is out of physical RAM or swap space
#   In 32 bit mode, the process size limit was hit
# Possible solutions:
#   Reduce memory load on the system
#   Increase physical memory or swap space
#   Check if swap backing store is full
#   Use 64 bit Java on a 64 bit OS
#   Decrease Java heap size (-Xmx/-Xms)
#   Decrease number of Java threads
#   Decrease Java thread stack sizes (-Xss)
#   Set larger code cache with -XX:ReservedCodeCacheSize=
# This output file may be truncated or incomplete.
#
#  Out of Memory Error (allocation.cpp:390), pid=20244, tid=0x000000000000452c
#
# JRE version: OpenJDK Runtime Environment (8.0_112-b06) (build 1.8.0_112-release-b06)
# Java VM: OpenJDK 64-Bit Server VM (25.112-b06 mixed mode windows-amd64 compressed oops)
# Failed to write core dump. Minidumps are not enabled by default on client versions of Windows
#

---------------  T H R E A D  ---------------

Current thread (0x000000001e966800):  JavaThread "C2 CompilerThread0" daemon [_thread_in_native, id=17708, stack(0x000000001f130000,0x000000001f230000)]

Stack: [0x000000001f130000,0x000000001f230000]
[error occurred during error reporting (printing stack bounds), id 0xc0000005]

Native frames: (J=compiled Java code, j=interpreted, Vv=VM code, C=native code)


Current CompileTask:
C2:   1915 1523   !   4       com.android.dx.cf.cst.ConstantPoolParser::parse0 (731 bytes)


---------------  P R O C E S S  ---------------

Java Threads: ( => current thread )
  0x000000001ece6800 JavaThread "pool-2-thread-4" [_thread_in_Java, id=14380, stack(0x0000000020330000,0x0000000020430000)]
  0x000000001ecd7000 JavaThread "pool-2-thread-3" [_thread_blocked, id=1580, stack(0x0000000020230000,0x0000000020330000)]
  0x000000001ecd2800 JavaThread "pool-2-thread-2" [_thread_blocked, id=14440, stack(0x0000000020130000,0x0000000020230000)]
  0x000000001ecbe800 JavaThread "pool-3-thread-1" [_thread_blocked, id=18920, stack(0x0000000020030000,0x0000000020130000)]
  0x000000001ecb6000 JavaThread "pool-2-thread-1" [_thread_blocked, id=12520, stack(0x000000001ff30000,0x0000000020030000)]
  0x000000001ea0a000 JavaThread "Service Thread" daemon [_thread_blocked, id=8364, stack(0x000000001f530000,0x000000001f630000)]
  0x000000001e977800 JavaThread "C1 CompilerThread3" daemon [_thread_blocked, id=19716, stack(0x000000001f430000,0x000000001f530000)]
  0x000000001e96e800 JavaThread "C2 CompilerThread2" daemon [_thread_in_native, id=11828, stack(0x000000001f330000,0x000000001f430000)]
  0x000000001e96a800 JavaThread "C2 CompilerThread1" daemon [_thread_in_native, id=1332, stack(0x000000001f230000,0x000000001f330000)]
=>0x000000001e966800 JavaThread "C2 CompilerThread0" daemon [_thread_in_native, id=17708, stack(0x000000001f130000,0x000000001f230000)]
  0x000000001e965000 JavaThread "Attach Listener" daemon [_thread_blocked, id=8284, stack(0x000000001f030000,0x000000001f130000)]
  0x000000001e964000 JavaThread "Signal Dispatcher" daemon [_thread_blocked, id=11164, stack(0x000000001ef30000,0x000000001f030000)]
  0x0000000002efe000 JavaThread "Finalizer" daemon [_thread_blocked, id=19828, stack(0x000000001ed40000,0x000000001ee40000)]
  0x000000001ca6b800 JavaThread "Reference Handler" daemon [_thread_blocked, id=20008, stack(0x000000001e840000,0x000000001e940000)]
  0x0000000002c6d800 JavaThread "main" [_thread_blocked, id=16796, stack(0x0000000002cb0000,0x0000000002db0000)]

Other Threads:
  0x000000001ca65000 VMThread [stack: 0x000000001e740000,0x000000001e840000] [id=7216]
  0x000000001e9bd000 WatcherThread [stack: 0x000000001f630000,0x000000001f730000] [id=10764]

VM state:not at safepoint (normal execution)

VM Mutex/Monitor currently owned by a thread: None

Heap:
 PSYoungGen      total 71680K, used 12071K [0x000000076ab00000, 0x000000076f600000, 0x00000007c0000000)
  eden space 66560K, 10% used [0x000000076ab00000,0x000000076b1cdbe8,0x000000076ec00000)
  from space 5120K, 99% used [0x000000076f100000,0x000000076f5fc038,0x000000076f600000)
  to   space 5120K, 0% used [0x000000076ec00000,0x000000076ec00000,0x000000076f100000)
 ParOldGen       total 87552K, used 4746K [0x00000006c0000000, 0x00000006c5580000, 0x000000076ab00000)
  object space 87552K, 5% used [0x00000006c0000000,0x00000006c04a2a18,0x00000006c5580000)
 Metaspace       used 6178K, capacity 7088K, committed 7296K, reserved 1056768K
  class space    used 575K, capacity 616K, committed 640K, reserved 1048576K

Card table byte_map: [0x00000000122c0000,0x0000000012ad0000] byte_map_base: 0x000000000ecc0000

Marking Bits: (ParMarkBitMap*) 0x000000006f7818f0
 Begin Bits: [0x0000000013830000, 0x0000000017830000)
 End Bits:   [0x0000000017830000, 0x000000001b830000)

Polling page: 0x0000000002c40000

CodeCache: size=245760Kb used=6837Kb max_used=6837Kb free=238922Kb
 bounds [0x0000000002f00000, 0x00000000035c0000, 0x0000000011f00000]
 total_blobs=1904 nmethods=1633 adapters=185
 compilation: enabled

Compilation events (10 events):
Event: 1.903 Thread 0x000000001e977800 1658       3       java.util.concurrent.ThreadPoolExecutor::runStateAtLeast (11 bytes)
Event: 1.903 Thread 0x000000001e977800 nmethod 1658 0x00000000035b0190 code [0x00000000035b02e0, 0x00000000035b0470]
Event: 1.903 Thread 0x000000001e977800 1659       3       java.util.concurrent.ThreadPoolExecutor::afterExecute (1 bytes)
Event: 1.903 Thread 0x000000001e977800 nmethod 1659 0x00000000035b04d0 code [0x00000000035b0620, 0x00000000035b0770]
Event: 1.903 Thread 0x000000001e977800 1660   !   3       java.util.concurrent.ThreadPoolExecutor::getTask (179 bytes)
Event: 1.904 Thread 0x000000001e977800 nmethod 1660 0x00000000035b07d0 code [0x00000000035b0a20, 0x00000000035b1b78]
Event: 1.911 Thread 0x000000001e977800 1661       3       java.util.concurrent.locks.ReentrantLock::lockInterruptibly (9 bytes)
Event: 1.911 Thread 0x000000001e977800 nmethod 1661 0x00000000035b2210 code [0x00000000035b23c0, 0x00000000035b28d8]
Event: 1.911 Thread 0x000000001e977800 1662       3       java.util.concurrent.ThreadPoolExecutor::beforeExecute (1 bytes)
Event: 1.911 Thread 0x000000001e977800 nmethod 1662 0x00000000035b2b10 code [0x00000000035b2c60, 0x00000000035b2db0]

GC Heap History (4 events):
Event: 0.982 GC heap before
{Heap before GC invocations=1 (full 0):
 PSYoungGen      total 38400K, used 33280K [0x000000076ab00000, 0x000000076d580000, 0x00000007c0000000)
  eden space 33280K, 100% used [0x000000076ab00000,0x000000076cb80000,0x000000076cb80000)
  from space 5120K, 0% used [0x000000076d080000,0x000000076d080000,0x000000076d580000)
  to   space 5120K, 0% used [0x000000076cb80000,0x000000076cb80000,0x000000076d080000)
 ParOldGen       total 87552K, used 0K [0x00000006c0000000, 0x00000006c5580000, 0x000000076ab00000)
  object space 87552K, 0% used [0x00000006c0000000,0x00000006c0000000,0x00000006c5580000)
 Metaspace       used 5843K, capacity 6832K, committed 7040K, reserved 1056768K
  class space    used 575K, capacity 616K, committed 640K, reserved 1048576K
Event: 1.071 GC heap after
Heap after GC invocations=1 (full 0):
 PSYoungGen      total 38400K, used 5108K [0x000000076ab00000, 0x000000076f600000, 0x00000007c0000000)
  eden space 33280K, 0% used [0x000000076ab00000,0x000000076ab00000,0x000000076cb80000)
  from space 5120K, 99% used [0x000000076cb80000,0x000000076d07d328,0x000000076d080000)
  to   space 5120K, 0% used [0x000000076f100000,0x000000076f100000,0x000000076f600000)
 ParOldGen       total 87552K, used 803K [0x00000006c0000000, 0x00000006c5580000, 0x000000076ab00000)
  object space 87552K, 0% used [0x00000006c0000000,0x00000006c00c8c08,0x00000006c5580000)
 Metaspace       used 5843K, capacity 6832K, committed 7040K, reserved 1056768K
  class space    used 575K, capacity 616K, committed 640K, reserved 1048576K
}
Event: 1.717 GC heap before
{Heap before GC invocations=2 (full 0):
 PSYoungGen      total 38400K, used 38388K [0x000000076ab00000, 0x000000076f600000, 0x00000007c0000000)
  eden space 33280K, 100% used [0x000000076ab00000,0x000000076cb80000,0x000000076cb80000)
  from space 5120K, 99% used [0x000000076cb80000,0x000000076d07d328,0x000000076d080000)
  to   space 5120K, 0% used [0x000000076f100000,0x000000076f100000,0x000000076f600000)
 ParOldGen       total 87552K, used 803K [0x00000006c0000000, 0x00000006c5580000, 0x000000076ab00000)
  object space 87552K, 0% used [0x00000006c0000000,0x00000006c00c8c08,0x00000006c5580000)
 Metaspace       used 6154K, capacity 7088K, committed 7296K, reserved 1056768K
  class space    used 575K, capacity 616K, committed 640K, reserved 1048576K
Event: 1.811 GC heap after
Heap after GC invocations=2 (full 0):
 PSYoungGen      total 71680K, used 5104K [0x000000076ab00000, 0x000000076f600000, 0x00000007c0000000)
  eden space 66560K, 0% used [0x000000076ab00000,0x000000076ab00000,0x000000076ec00000)
  from space 5120K, 99% used [0x000000076f100000,0x000000076f5fc038,0x000000076f600000)
  to   space 5120K, 0% used [0x000000076ec00000,0x000000076ec00000,0x000000076f100000)
 ParOldGen       total 87552K, used 4746K [0x00000006c0000000, 0x00000006c5580000, 0x000000076ab00000)
  object space 87552K, 5% used [0x00000006c0000000,0x00000006c04a2a18,0x00000006c5580000)
 Metaspace       used 6154K, capacity 7088K, committed 7296K, reserved 1056768K
  class space    used 575K, capacity 616K, committed 640K, reserved 1048576K
}

Deoptimization events (10 events):
Event: 1.463 Thread 0x000000001ecd2800 Uncommon trap: reason=unstable_if action=reinterpret pc=0x0000000003457194 method=com.android.dx.ssa.SsaRenamer$BlockRenamer.addMapping(ILcom/android/dx/rop/code/RegisterSpec;)V @ 120
Event: 1.467 Thread 0x000000001ecd2800 Uncommon trap: reason=unstable_if action=reinterpret pc=0x00000000033e7138 method=com.android.dx.ssa.SsaRenamer$BlockRenamer.addMapping(ILcom/android/dx/rop/code/RegisterSpec;)V @ 120
Event: 1.640 Thread 0x000000001ecd7000 Uncommon trap: reason=unstable_if action=reinterpret pc=0x00000000034f47dc method=com.android.dx.ssa.LocalVariableExtractor.processBlock(I)V @ 251
Event: 1.664 Thread 0x000000001ece6800 Uncommon trap: reason=class_check action=maybe_recompile pc=0x000000000349b910 method=com.android.dx.cf.code.BytecodeArray.parseInstruction(ILcom/android/dx/cf/code/BytecodeArray$Visitor;)I @ 971
Event: 1.665 Thread 0x000000001ece6800 Uncommon trap: reason=class_check action=maybe_recompile pc=0x000000000349b910 method=com.android.dx.cf.code.BytecodeArray.parseInstruction(ILcom/android/dx/cf/code/BytecodeArray$Visitor;)I @ 971
Event: 1.671 Thread 0x000000001ece6800 Uncommon trap: reason=bimorphic action=maybe_recompile pc=0x000000000349b868 method=com.android.dx.cf.code.BytecodeArray.parseInstruction(ILcom/android/dx/cf/code/BytecodeArray$Visitor;)I @ 939
Event: 1.671 Thread 0x000000001ece6800 Uncommon trap: reason=bimorphic action=maybe_recompile pc=0x000000000349b7a4 method=com.android.dx.cf.code.BytecodeArray.parseInstruction(ILcom/android/dx/cf/code/BytecodeArray$Visitor;)I @ 907
Event: 1.671 Thread 0x000000001ece6800 Uncommon trap: reason=bimorphic action=maybe_recompile pc=0x000000000349b868 method=com.android.dx.cf.code.BytecodeArray.parseInstruction(ILcom/android/dx/cf/code/BytecodeArray$Visitor;)I @ 939
Event: 1.671 Thread 0x000000001ece6800 Uncommon trap: reason=bimorphic action=maybe_recompile pc=0x000000000349b7a4 method=com.android.dx.cf.code.BytecodeArray.parseInstruction(ILcom/android/dx/cf/code/BytecodeArray$Visitor;)I @ 907
Event: 1.860 Thread 0x000000001ecd7000 Uncommon trap: reason=null_check action=make_not_entrant pc=0x0000000003205360 method=com.android.dx.ssa.SsaRenamer.getLocalForNewReg(I)Lcom/android/dx/rop/code/LocalItem; @ 19

Internal exceptions (3 events):
Event: 0.030 Thread 0x0000000002c6d800 Exception <a 'java/lang/NoSuchMethodError': Method sun.misc.Unsafe.defineClass(Ljava/lang/String;[BII)Ljava/lang/Class; name or signature does not match> (0x000000076ab07c78) thrown at [C:\src\android\AOSP-openjdk\external\jetbrains\jdk\hotspot\src\share\vR‰O™¼©ž?
Event: 0.030 Thread 0x0000000002c6d800 Exception <a 'java/lang/NoSuchMethodError': Method sun.misc.Unsafe.prefetchRead(Ljava/lang/Object;J)V name or signature does not match> (0x000000076ab07f60) thrown at [C:\src\android\AOSP-openjdk\external\jetbrains\jdk\hotspot\src\share\vm\prims\jni.cpp, lyi!Áý?
Event: 1.860 Thread 0x000000001ecd7000 Implicit null exception at 0x0000000003202dae to 0x0000000003205315

Events (10 events):
Event: 1.671 Thread 0x000000001ece6800 DEOPT PACKING pc=0x000000000349b868 sp=0x000000002042e3f0
Event: 1.671 Thread 0x000000001ece6800 DEOPT UNPACKING pc=0x0000000002f4556a sp=0x000000002042e378 mode 2
Event: 1.671 Thread 0x000000001ece6800 Uncommon trap: trap_request=0xffffffc6 fr.pc=0x000000000349b7a4
Event: 1.671 Thread 0x000000001ece6800 DEOPT PACKING pc=0x000000000349b7a4 sp=0x000000002042e3f0
Event: 1.671 Thread 0x000000001ece6800 DEOPT UNPACKING pc=0x0000000002f4556a sp=0x000000002042e378 mode 2
Event: 1.717 Executing VM operation: ParallelGCFailedAllocation
Event: 1.811 Executing VM operation: ParallelGCFailedAllocation done
Event: 1.860 Thread 0x000000001ecd7000 Uncommon trap: trap_request=0xfffffff4 fr.pc=0x0000000003205360
Event: 1.860 Thread 0x000000001ecd7000 DEOPT PACKING pc=0x0000000003205360 sp=0x000000002032e6d0
Event: 1.860 Thread 0x000000001ecd7000 DEOPT UNPACKING pc=0x0000000002f4556a sp=0x000000002032e548 mode 2


Dynamic libraries:
0x00007ff6fa0b0000 - 0x00007ff6fa0e1000 	F:\Program Files (x86)\Android\Android Studio\jre\bin\java.exe
0x00007ffd1ba50000 - 0x00007ffd1bc2b000 	C:\Windows\SYSTEM32\ntdll.dll
0x00007ffd1b970000 - 0x00007ffd1ba1e000 	C:\Windows\System32\KERNEL32.DLL
0x00007ffd18630000 - 0x00007ffd18879000 	C:\Windows\System32\KERNELBASE.dll
0x00007ffd1af30000 - 0x00007ffd1afd1000 	C:\Windows\System32\ADVAPI32.dll
0x00007ffd1ac80000 - 0x00007ffd1ad1d000 	C:\Windows\System32\msvcrt.dll
0x00007ffd1b520000 - 0x00007ffd1b579000 	C:\Windows\System32\sechost.dll
0x00007ffd1ab50000 - 0x00007ffd1ac75000 	C:\Windows\System32\RPCRT4.dll
0x00007ffd18f80000 - 0x00007ffd190ca000 	C:\Windows\System32\USER32.dll
0x00007ffd185c0000 - 0x00007ffd185de000 	C:\Windows\System32\win32u.dll
0x00007ffd190d0000 - 0x00007ffd190f7000 	C:\Windows\System32\GDI32.dll
0x00007ffd18050000 - 0x00007ffd181d7000 	C:\Windows\System32\gdi32full.dll
0x00007ffd17f40000 - 0x00007ffd17fda000 	C:\Windows\System32\msvcp_win.dll
0x00007ffd184c0000 - 0x00007ffd185b6000 	C:\Windows\System32\ucrtbase.dll
0x00007ffd094a0000 - 0x00007ffd09707000 	C:\Windows\WinSxS\amd64_microsoft.windows.common-controls_6595b64144ccf1df_6.0.15063.483_none_26002d27e7c744a2\COMCTL32.dll
0x00007ffd1b0e0000 - 0x00007ffd1b3d9000 	C:\Windows\System32\combase.dll
0x00007ffd17fe0000 - 0x00007ffd1804a000 	C:\Windows\System32\bcryptPrimitives.dll
0x00007ffd196e0000 - 0x00007ffd1970d000 	C:\Windows\System32\IMM32.DLL
0x000000006e970000 - 0x000000006ea42000 	F:\Program Files (x86)\Android\Android Studio\jre\jre\bin\msvcr100.dll
0x000000006efc0000 - 0x000000006f7fc000 	F:\Program Files (x86)\Android\Android Studio\jre\jre\bin\server\jvm.dll
0x00007ffd19100000 - 0x00007ffd19108000 	C:\Windows\System32\PSAPI.DLL
0x00007ffd103a0000 - 0x00007ffd103c3000 	C:\Windows\SYSTEM32\WINMM.dll
0x00007ffd123b0000 - 0x00007ffd123b9000 	C:\Windows\SYSTEM32\WSOCK32.dll
0x00007ffd13110000 - 0x00007ffd1311a000 	C:\Windows\SYSTEM32\VERSION.dll
0x00007ffd1b580000 - 0x00007ffd1b5ec000 	C:\Windows\System32\WS2_32.dll
0x00007ffd10370000 - 0x00007ffd1039b000 	C:\Windows\SYSTEM32\WINMMBASE.dll
0x00007ffd185e0000 - 0x00007ffd18629000 	C:\Windows\System32\cfgmgr32.dll
0x00007ffd10fe0000 - 0x00007ffd10fef000 	F:\Program Files (x86)\Android\Android Studio\jre\jre\bin\verify.dll
0x00007ffd10fb0000 - 0x00007ffd10fd9000 	F:\Program Files (x86)\Android\Android Studio\jre\jre\bin\java.dll
0x00007ffd0be00000 - 0x00007ffd0be16000 	F:\Program Files (x86)\Android\Android Studio\jre\jre\bin\zip.dll
0x00007ffd19710000 - 0x00007ffd1ab46000 	C:\Windows\System32\SHELL32.dll
0x00007ffd1b3f0000 - 0x00007ffd1b49a000 	C:\Windows\System32\shcore.dll
0x00007ffd18880000 - 0x00007ffd18f71000 	C:\Windows\System32\windows.storage.dll
0x00007ffd19110000 - 0x00007ffd19161000 	C:\Windows\System32\shlwapi.dll
0x00007ffd17eb0000 - 0x00007ffd17ec1000 	C:\Windows\System32\kernel.appcore.dll
0x00007ffd17ed0000 - 0x00007ffd17f1c000 	C:\Windows\System32\powrprof.dll
0x00007ffd17f20000 - 0x00007ffd17f35000 	C:\Windows\System32\profapi.dll

VM Arguments:
jvm_args: -Djava.awt.headless=true -Xmx4g -Dfile.encoding=windows-1252 -Duser.country=US -Duser.language=en -Duser.variant 
java_command: com.android.dx.command.Main --dex --force-jumbo --num-threads=4 --multi-dex --output F:\TIF\Semester 7\Mobile Programming\Lab\Event Finder v1.0\EventFinder\app\build\intermediates\transforms\dex\debug\folders\1000\2\httpclient-4.3.4_02d589fe0b69cc30a5220d1503ca7b297790beec F:\TIF\Semester 7\Mobile Programming\Lab\Event Finder v1.0\EventFinder\app\libs\httpclient-4.3.4.jar
java_class_path (initial): F:\Android\sdk\build-tools\25.0.0\lib\dx.jar
Launcher Type: SUN_STANDARD

Environment Variables:
PATH=C:\ProgramData\Oracle\Java\javapath;C:\Program Files (x86)\Intel\iCLS Client\;C:\Program Files\Intel\iCLS Client\;C:\Windows\system32;C:\Windows;C:\Windows\System32\Wbem;C:\Windows\System32\WindowsPowerShell\v1.0\;C:\Program Files (x86)\Intel\Intel(R) Management Engine Components\DAL;C:\Program Files\Intel\Intel(R) Management Engine Components\DAL;C:\Program Files (x86)\Intel\Intel(R) Management Engine Components\IPT;C:\Program Files\Intel\Intel(R) Management Engine Components\IPT;C:\Program Files (x86)\NVIDIA Corporation\PhysX\Common;C:\Program Files\Java\jdk1.8.0_144\bin;C:\Program Files\Java\jdk1.8.0_144\lib;C:\TDM-GCC-64\bin;C:\Program Files (x86)\CodeBlocks\MinGW\bin;C:\Windows\system32;C:\Windows;C:\Windows\System32\Wbem;C:\Windows\System32\WindowsPowerShell\v1.0\;C:\HashiCorp\Vagrant\bin;C:\Program Files\Git\cmd;C:\Program Files\PuTTY\;C:\Users\legion Y520\AppData\Local\Programs\Python\Python35\Scripts\;C:\Users\legion Y520\AppData\Local\Programs\Python\Python35\;C:\Users\legion Y520\AppData\Local\Microsoft\WindowsApps;C:\TDM-GCC-64\bin;C:\Program Files (x86)\CodeBlocks\MinGW\bin;C:\Users\legion Y520\AppData\Local\GitHubDesktop\bin;C:\Users\legion Y520\AppData\Local\Microsoft\WindowsApps;C:\Program Files\aircrack-ng-1.2-rc4-win\bin\64bit;
USERNAME=Joseph
OS=Windows_NT
PROCESSOR_IDENTIFIER=Intel64 Family 6 Model 158 Stepping 9, GenuineIntel



---------------  S Y S T E M  ---------------

OS: Windows 10.0 , 64 bit Build 15063 (10.0.15063.296)

CPU:total 8 (4 cores per cpu, 2 threads per core) family 6 model 158 stepping 9, cmov, cx8, fxsr, mmx, sse, sse2, sse3, ssse3, sse4.1, sse4.2, popcnt, avx, avx2, aes, clmul, erms, 3dnowpref, lzcnt, ht, tsc, tscinvbit, bmi1, bmi2, adx

Memory: 4k page, physical 8260772k(932940k free), swap 12356772k(9376k free)

vm_info: OpenJDK 64-Bit Server VM (25.112-b06) for windows-amd64 JRE (1.8.0_112-release-b06), built on Dec  8 2016 00:54:26 by "builder" with MS VC++ 10.0 (VS2010)

time: Fri Oct 27 20:43:32 2017
elapsed time: 1 seconds (0d 0h 0m 1s)

