#
# A fatal error has been detected by the Java Runtime Environment:
#
#  EXCEPTION_STACK_OVERFLOW (0xc00000fd) at pc=0x0000000059e2c5f7, pid=19588, tid=0x0000000000006fcc
#
# JRE version: OpenJDK Runtime Environment (8.0_152-b01) (build 1.8.0_152-release-915-b01)
# Java VM: OpenJDK 64-Bit Server VM (25.152-b01 mixed mode windows-amd64 compressed oops)
# Problematic frame:
# V  [jvm.dll+0x1ec5f7]
#
# Failed to write core dump. Minidumps are not enabled by default on client versions of Windows
#
# If you would like to submit a bug report, please visit:
#   http://bugreport.java.com/bugreport/crash.jsp
#

---------------  T H R E A D  ---------------

Current thread (0x000000002084a000):  JavaThread "pool-2-thread-3" [_thread_in_vm, id=28620, stack(0x0000000021740000,0x0000000021840000)]

siginfo: ExceptionCode=0xc00000fd, ExceptionInformation=0x0000000000000001 0x000000002183d240 

Registers:
RAX=0x000000002183d240, RBX=0x0000000000000003, RCX=0x0000000000002000, RDX=0x0000000000000006
RSP=0x000000002183f240, RBP=0x0000000000000000, RSI=0x000000002183f240, RDI=0x0000000000000003
R8 =0x0000000000000006, R9 =0x0000000020834630, R10=0x000000001ddbd9a0, R11=0x000000002174a148
R12=0x0000000020834630, R13=0x000000002084a000, R14=0x000000002183f308, R15=0x000000001ddbd9a0
RIP=0x0000000059e2c5f7, EFLAGS=0x0000000000010202

Top of Stack: (sp=0x000000002183f240)
0x000000002183f240:   0000bbf7599ffe1e 000000005a894e7e
0x000000002183f250:   000000002084a000 0000000020834630
0x000000002183f260:   00000000ffffffff 0000000059e2d527
0x000000002183f270:   000000002183f370 000000001ddbd9a0
0x000000002183f280:   000000002084a000 0000000059cdb2d3
0x000000002183f290:   000000002183f2d0 000000002084a000
0x000000002183f2a0:   000000002183f360 000000002084a000
0x000000002183f2b0:   000000001ddbd9a0 000000002084a000
0x000000002183f2c0:   0000000004c72f40 000000002084a000
0x000000002183f2d0:   000000001ddbd9a0 000000002084a000
0x000000002183f2e0:   000000001ddbd9a0 000000002084a000
0x000000002183f2f0:   0000000000000001 000000001ddbd9a0
0x000000002183f300:   000000002084a000 0000000020684aa0
0x000000002183f310:   000000002084a000 0000000059cdc7bd
0x000000002183f320:   000000002183f628 00000007c00066b0
0x000000002183f330:   00000007c00066b0 0000000000000000 

Instructions: (pc=0x0000000059e2c5f7)
0x0000000059e2c5d7:   48 89 6c 24 30 33 ed 66 90 e8 ab bf 07 00 ff c3
0x0000000059e2c5e7:   48 63 c8 48 8b c6 48 0f af cf 48 ff c7 48 2b c1
0x0000000059e2c5f7:   89 28 48 63 c3 48 3b 05 a5 3f 57 00 7e db 48 8b
0x0000000059e2c607:   6c 24 30 48 8b 5c 24 38 48 8b 74 24 40 48 83 c4 


Register to memory mapping:

RAX=0x000000002183d240 is pointing into the stack for thread: 0x000000002084a000
RBX=0x0000000000000003 is an unknown value
RCX=0x0000000000002000 is an unknown value
RDX=0x0000000000000006 is an unknown value
RSP=0x000000002183f240 is pointing into the stack for thread: 0x000000002084a000
RBP=0x0000000000000000 is an unknown value
RSI=0x000000002183f240 is pointing into the stack for thread: 0x000000002084a000
RDI=0x0000000000000003 is an unknown value
R8 =0x0000000000000006 is an unknown value
R9 =0x0000000020834630 is an unknown value
R10={method} {0x000000001ddbd9a8} 'run' '()V' in 'java/lang/Thread'
R11=0x000000002174a148 is pointing into the stack for thread: 0x000000002084a000
R12=0x0000000020834630 is an unknown value
R13=0x000000002084a000 is a thread
R14=0x000000002183f308 is pointing into the stack for thread: 0x000000002084a000
R15={method} {0x000000001ddbd9a8} 'run' '()V' in 'java/lang/Thread'


Stack: [0x0000000021740000,0x0000000021840000],  sp=0x000000002183f240,  free space=1020k
Native frames: (J=compiled Java code, j=interpreted, Vv=VM code, C=native code)


---------------  P R O C E S S  ---------------

Java Threads: ( => current thread )
  0x000000002092b000 JavaThread "pool-2-thread-4" [_thread_in_vm, id=19936, stack(0x0000000021840000,0x0000000021940000)]
=>0x000000002084a000 JavaThread "pool-2-thread-3" [_thread_in_vm, id=28620, stack(0x0000000021740000,0x0000000021840000)]
  0x0000000020841000 JavaThread "pool-2-thread-2" [_thread_blocked, id=28644, stack(0x0000000021640000,0x0000000021740000)]
  0x000000002082e800 JavaThread "pool-3-thread-1" [_thread_blocked, id=26048, stack(0x0000000021540000,0x0000000021640000)]
  0x000000002082e000 JavaThread "pool-2-thread-1" [_thread_blocked, id=9480, stack(0x0000000021440000,0x0000000021540000)]
  0x0000000020694000 JavaThread "Service Thread" daemon [_thread_blocked, id=10880, stack(0x0000000021240000,0x0000000021340000)]
  0x000000001e78e000 JavaThread "C1 CompilerThread3" daemon [_thread_blocked, id=13992, stack(0x0000000021140000,0x0000000021240000)]
  0x0000000020683800 JavaThread "C2 CompilerThread2" daemon [_thread_blocked, id=5504, stack(0x0000000021040000,0x0000000021140000)]
  0x0000000020681000 JavaThread "C2 CompilerThread1" daemon [_thread_blocked, id=31296, stack(0x0000000020f40000,0x0000000021040000)]
  0x000000002067d800 JavaThread "C2 CompilerThread0" daemon [_thread_blocked, id=10976, stack(0x0000000020e40000,0x0000000020f40000)]
  0x000000002067c000 JavaThread "Attach Listener" daemon [_thread_blocked, id=15736, stack(0x0000000020d40000,0x0000000020e40000)]
  0x000000002067b000 JavaThread "Signal Dispatcher" daemon [_thread_blocked, id=29032, stack(0x0000000020c40000,0x0000000020d40000)]
  0x0000000004c59000 JavaThread "Finalizer" daemon [_thread_blocked, id=8960, stack(0x0000000020a50000,0x0000000020b50000)]
  0x000000001e77b800 JavaThread "Reference Handler" daemon [_thread_blocked, id=4044, stack(0x0000000020550000,0x0000000020650000)]
  0x000000000486e000 JavaThread "main" [_thread_in_native, id=22516, stack(0x0000000004960000,0x0000000004a60000)]

Other Threads:
  0x000000001e775000 VMThread [stack: 0x0000000020450000,0x0000000020550000] [id=16168]
  0x0000000020694800 WatcherThread [stack: 0x0000000021340000,0x0000000021440000] [id=13416]

VM state:not at safepoint (normal execution)

VM Mutex/Monitor currently owned by a thread: None

Heap:
 PSYoungGen      total 38400K, used 7322K [0x000000076ab00000, 0x000000076d580000, 0x00000007c0000000)
  eden space 33280K, 22% used [0x000000076ab00000,0x000000076b226a38,0x000000076cb80000)
  from space 5120K, 0% used [0x000000076d080000,0x000000076d080000,0x000000076d580000)
  to   space 5120K, 0% used [0x000000076cb80000,0x000000076cb80000,0x000000076d080000)
 ParOldGen       total 87552K, used 0K [0x00000006c0000000, 0x00000006c5580000, 0x000000076ab00000)
  object space 87552K, 0% used [0x00000006c0000000,0x00000006c0000000,0x00000006c5580000)
 Metaspace       used 4374K, capacity 5584K, committed 5760K, reserved 1056768K
  class space    used 475K, capacity 520K, committed 640K, reserved 1048576K

Card table byte_map: [0x0000000014020000,0x0000000014830000] byte_map_base: 0x0000000010a20000

Marking Bits: (ParMarkBitMap*) 0x000000005a403950
 Begin Bits: [0x0000000015590000, 0x0000000019590000)
 End Bits:   [0x0000000019590000, 0x000000001d590000)

Polling page: 0x00000000047a0000

CodeCache: size=245760Kb used=1521Kb max_used=1521Kb free=244238Kb
 bounds [0x0000000004c60000, 0x0000000004ed0000, 0x0000000013c60000]
 total_blobs=469 nmethods=212 adapters=171
 compilation: enabled

Compilation events (10 events):
Event: 0.915 Thread 0x000000001e78e000  152       3       com.android.dx.rop.cst.TypedConstant::<init> (5 bytes)
Event: 0.915 Thread 0x000000001e78e000 nmethod 152 0x0000000004dad490 code [0x0000000004dad600, 0x0000000004dad810]
Event: 0.915 Thread 0x000000001e78e000  153       3       com.android.dx.rop.cst.CstString::<init> (35 bytes)
Event: 0.915 Thread 0x000000001e78e000 nmethod 153 0x0000000004dbefd0 code [0x0000000004dbf180, 0x0000000004dbf608]
Event: 0.921 Thread 0x000000001e78e000  158       3       java.lang.String::indexOf (7 bytes)
Event: 0.921 Thread 0x000000001e78e000 nmethod 158 0x0000000004dc0290 code [0x0000000004dc0400, 0x0000000004dc0688]
Event: 0.921 Thread 0x000000001e78e000  159   !   3       java.util.zip.Inflater::ended (32 bytes)
Event: 0.922 Thread 0x000000001e78e000 nmethod 159 0x0000000004dc0810 code [0x0000000004dc0980, 0x0000000004dc0d50]
Event: 0.922 Thread 0x000000001e78e000  161       1       sun.misc.URLClassPath$JarLoader::access$600 (5 bytes)
Event: 0.922 Thread 0x000000001e78e000 nmethod 161 0x0000000004dc1250 code [0x0000000004dc13a0, 0x0000000004dc1490]

GC Heap History (0 events):
No events

Deoptimization events (0 events):
No events

Classes redefined (0 events):
No events

Internal exceptions (5 events):
Event: 0.344 Thread 0x000000000486e000 Exception <a 'java/lang/NoSuchMethodError': Method sun.misc.Unsafe.defineClass(Ljava/lang/String;[BII)Ljava/lang/Class; name or signature does not match> (0x000000076ab07ca8) thrown at [D:\src\AOSP-openjdk-cygwin\jdk8u\hotspot\src\share\vm\prims\jni.cpp, 
Event: 0.344 Thread 0x000000000486e000 Exception <a 'java/lang/NoSuchMethodError': Method sun.misc.Unsafe.prefetchRead(Ljava/lang/Object;J)V name or signature does not match> (0x000000076ab07f90) thrown at [D:\src\AOSP-openjdk-cygwin\jdk8u\hotspot\src\share\vm\prims\jni.cpp, line 4011]
Event: 0.913 Thread 0x000000002082e000 Exception <a 'java/lang/StackOverflowError'> (0x000000076ae4b990) thrown at [D:\src\AOSP-openjdk-cygwin\jdk8u\hotspot\src\share\vm\interpreter\interpreterRuntime.cpp, line 323]
Event: 0.913 Thread 0x000000002082e000 Exception <a 'java/lang/StackOverflowError'> (0x000000076ae4b990) thrown at [D:\src\AOSP-openjdk-cygwin\jdk8u\hotspot\src\share\vm\prims\jni.cpp, line 735]
Event: 0.913 Thread 0x000000002082e000 Exception <a 'java/lang/StackOverflowError'> (0x000000076ae4b990) thrown at [D:\src\AOSP-openjdk-cygwin\jdk8u\hotspot\src\share\vm\prims\jvm.cpp, line 1394]

Events (10 events):
Event: 0.913 loading class java/security/PrivilegedActionException
Event: 0.913 loading class java/security/PrivilegedActionException done
Event: 0.913 loading class java/util/concurrent/locks/LockSupport
Event: 0.913 loading class java/util/concurrent/locks/LockSupport done
Event: 0.913 loading class sun/nio/ch/Interruptible
Event: 0.913 loading class sun/nio/ch/Interruptible done
Event: 0.915 loading class com/android/dx/dex/cf/CfTranslator
Event: 0.915 loading class com/android/dx/dex/cf/CfTranslator done
Event: 0.922 loading class com/android/dx/dex/code/DalvCode$AssignIndicesCallback
Event: 0.922 loading class com/android/dx/dex/code/DalvCode$AssignIndicesCallback done


Dynamic libraries:
0x00007ff62e9d0000 - 0x00007ff62ea01000 	F:\Program Files (x86)\Android\Android Studio\jre\bin\java.exe
0x00007ffda4740000 - 0x00007ffda4920000 	C:\WINDOWS\SYSTEM32\ntdll.dll
0x00007ffda40a0000 - 0x00007ffda414e000 	C:\WINDOWS\System32\KERNEL32.DLL
0x00007ffda1870000 - 0x00007ffda1ad6000 	C:\WINDOWS\System32\KERNELBASE.dll
0x00007ffda4500000 - 0x00007ffda45a1000 	C:\WINDOWS\System32\ADVAPI32.dll
0x00007ffda4150000 - 0x00007ffda41ed000 	C:\WINDOWS\System32\msvcrt.dll
0x00007ffda1e30000 - 0x00007ffda1e8b000 	C:\WINDOWS\System32\sechost.dll
0x00007ffda45b0000 - 0x00007ffda46cf000 	C:\WINDOWS\System32\RPCRT4.dll
0x00007ffda3590000 - 0x00007ffda371e000 	C:\WINDOWS\System32\USER32.dll
0x00007ffda17b0000 - 0x00007ffda17d0000 	C:\WINDOWS\System32\win32u.dll
0x00007ffda3b10000 - 0x00007ffda3b38000 	C:\WINDOWS\System32\GDI32.dll
0x00007ffda0bf0000 - 0x00007ffda0d84000 	C:\WINDOWS\System32\gdi32full.dll
0x00007ffda17d0000 - 0x00007ffda186b000 	C:\WINDOWS\System32\msvcp_win.dll
0x00007ffda1ae0000 - 0x00007ffda1bd6000 	C:\WINDOWS\System32\ucrtbase.dll
0x00007ffd924d0000 - 0x00007ffd92739000 	C:\WINDOWS\WinSxS\amd64_microsoft.windows.common-controls_6595b64144ccf1df_6.0.16299.19_none_cc92fab02215da61\COMCTL32.dll
0x00007ffda41f0000 - 0x00007ffda44f8000 	C:\WINDOWS\System32\combase.dll
0x00007ffda0b10000 - 0x00007ffda0b82000 	C:\WINDOWS\System32\bcryptPrimitives.dll
0x00007ffda1e90000 - 0x00007ffda1ebd000 	C:\WINDOWS\System32\IMM32.DLL
0x000000005a840000 - 0x000000005a912000 	F:\Program Files (x86)\Android\Android Studio\jre\jre\bin\msvcr100.dll
0x0000000059c40000 - 0x000000005a47e000 	F:\Program Files (x86)\Android\Android Studio\jre\jre\bin\server\jvm.dll
0x00007ffda3480000 - 0x00007ffda3488000 	C:\WINDOWS\System32\PSAPI.DLL
0x00007ffd9e6e0000 - 0x00007ffd9e6e9000 	C:\WINDOWS\SYSTEM32\WSOCK32.dll
0x00007ffda3300000 - 0x00007ffda336c000 	C:\WINDOWS\System32\WS2_32.dll
0x00007ffd91180000 - 0x00007ffd911a3000 	C:\WINDOWS\SYSTEM32\WINMM.dll
0x00007ffd9b6e0000 - 0x00007ffd9b6ea000 	C:\WINDOWS\SYSTEM32\VERSION.dll
0x00007ffd91370000 - 0x00007ffd9139a000 	C:\WINDOWS\SYSTEM32\WINMMBASE.dll
0x00007ffda0d90000 - 0x00007ffda0dda000 	C:\WINDOWS\System32\cfgmgr32.dll
0x00007ffd9c840000 - 0x00007ffd9c84f000 	F:\Program Files (x86)\Android\Android Studio\jre\jre\bin\verify.dll
0x00007ffd9c450000 - 0x00007ffd9c479000 	F:\Program Files (x86)\Android\Android Studio\jre\jre\bin\java.dll
0x00007ffd904b0000 - 0x00007ffd904c6000 	F:\Program Files (x86)\Android\Android Studio\jre\jre\bin\zip.dll
0x00007ffda1ec0000 - 0x00007ffda32f7000 	C:\WINDOWS\System32\SHELL32.dll
0x00007ffda3ff0000 - 0x00007ffda4096000 	C:\WINDOWS\System32\shcore.dll
0x00007ffda0e90000 - 0x00007ffda15d7000 	C:\WINDOWS\System32\windows.storage.dll
0x00007ffda3b40000 - 0x00007ffda3b91000 	C:\WINDOWS\System32\shlwapi.dll
0x00007ffda0a80000 - 0x00007ffda0a91000 	C:\WINDOWS\System32\kernel.appcore.dll
0x00007ffda0ac0000 - 0x00007ffda0b0c000 	C:\WINDOWS\System32\powrprof.dll
0x00007ffda0a60000 - 0x00007ffda0a7b000 	C:\WINDOWS\System32\profapi.dll

VM Arguments:
jvm_args: -Djava.awt.headless=true -Xmx4g -Dfile.encoding=windows-1252 -Duser.country=US -Duser.language=en -Duser.variant 
java_command: com.android.dx.command.Main --dex --force-jumbo --num-threads=4 --multi-dex --output F:\TIF\Semester 7\Mobile Programming\Lab\WhatsCamp\WhatsCamp\app\build\intermediates\transforms\dex\debug\folders\1000\5\slice_6 F:\TIF\Semester 7\Mobile Programming\Lab\WhatsCamp\WhatsCamp\app\build\intermediates\transforms\instantRunSlicer\debug\folders\1\5\slice_6
java_class_path (initial): F:\Android\sdk\build-tools\25.0.0\lib\dx.jar
Launcher Type: SUN_STANDARD

Environment Variables:
PATH=C:\ProgramData\Oracle\Java\javapath;C:\Program Files (x86)\Intel\iCLS Client\;C:\Program Files\Intel\iCLS Client\;C:\Windows\system32;C:\Windows;C:\Windows\System32\Wbem;C:\Windows\System32\WindowsPowerShell\v1.0\;C:\Program Files (x86)\Intel\Intel(R) Management Engine Components\DAL;C:\Program Files\Intel\Intel(R) Management Engine Components\DAL;C:\Program Files (x86)\Intel\Intel(R) Management Engine Components\IPT;C:\Program Files\Intel\Intel(R) Management Engine Components\IPT;C:\Program Files (x86)\NVIDIA Corporation\PhysX\Common;C:\Program Files\Java\jdk1.8.0_144\bin;C:\Program Files\Java\jdk1.8.0_144\lib;C:\TDM-GCC-64\bin;C:\Program Files (x86)\CodeBlocks\MinGW\bin;C:\WINDOWS\system32;C:\WINDOWS;C:\WINDOWS\System32\Wbem;C:\WINDOWS\System32\WindowsPowerShell\v1.0\;C:\HashiCorp\Vagrant\bin;C:\Program Files\Git\cmd;C:\Program Files\PuTTY\;C:\Program Files\IBM\Bluemix\bin;C:\Program Files\Cloud Foundry;C:\Users\legion Y520\AppData\Local\Programs\Python\Python35\Scripts\;C:\Users\legion Y520\AppData\Local\Programs\Python\Python35\;C:\Users\legion Y520\AppData\Local\Microsoft\WindowsApps;C:\TDM-GCC-64\bin;C:\Program Files (x86)\CodeBlocks\MinGW\bin;C:\Users\legion Y520\AppData\Local\GitHubDesktop\bin;C:\Users\legion Y520\AppData\Local\Microsoft\WindowsApps;C:\Program Files\aircrack-ng-1.2-rc4-win\bin\64bit;
USERNAME=Joseph
OS=Windows_NT
PROCESSOR_IDENTIFIER=Intel64 Family 6 Model 158 Stepping 9, GenuineIntel



---------------  S Y S T E M  ---------------

OS: Windows 10.0 , 64 bit Build 16299 (10.0.16299.15)

CPU:total 8 (initial active 8) (4 cores per cpu, 2 threads per core) family 6 model 158 stepping 9, cmov, cx8, fxsr, mmx, sse, sse2, sse3, ssse3, sse4.1, sse4.2, popcnt, avx, avx2, aes, clmul, erms, 3dnowpref, lzcnt, ht, tsc, tscinvbit, bmi1, bmi2, adx

Memory: 4k page, physical 8260772k(1024152k free), swap 12356772k(739844k free)

vm_info: OpenJDK 64-Bit Server VM (25.152-b01) for windows-amd64 JRE (1.8.0_152-release-915-b01), built by "builder" with MS VC++ 10.0 (VS2010)

time: Thu Nov 09 08:18:46 2017
elapsed time: 0 seconds (0d 0h 0m 0s)

