#
# A fatal error has been detected by the Java Runtime Environment:
#
#  EXCEPTION_STACK_OVERFLOW (0xc00000fd) at pc=0x000000006f1ab947, pid=18752, tid=0x0000000000003638
#
# JRE version: OpenJDK Runtime Environment (8.0_112-b06) (build 1.8.0_112-release-b06)
# Java VM: OpenJDK 64-Bit Server VM (25.112-b06 mixed mode windows-amd64 compressed oops)
# Problematic frame:
# V  [jvm.dll+0x1eb947]
#
# Failed to write core dump. Minidumps are not enabled by default on client versions of Windows
#
# If you would like to submit a bug report, please visit:
#   http://bugreport.java.com/bugreport/crash.jsp
#

---------------  T H R E A D  ---------------

Current thread (0x000000001ef90000):  JavaThread "pool-2-thread-4" [_thread_in_vm, id=13880, stack(0x0000000020600000,0x0000000020700000)]

siginfo: ExceptionCode=0xc00000fd, ExceptionInformation=0x0000000000000001 0x00000000206fc400 

Registers:
RAX=0x00000000206fc400, RBX=0x0000000000000004, RCX=0x0000000000003000, RDX=0x0000000000000006
RSP=0x00000000206ff400, RBP=0x0000000000000000, RSI=0x00000000206ff400, RDI=0x0000000000000004
R8 =0x0000000000000006, R9 =0x000000001effc1e0, R10=0x000000001c36d8f0, R11=0x000000002060a148
R12=0x000000001effc1e0, R13=0x000000001ef90000, R14=0x00000000206ff4c8, R15=0x000000001c36d8f0
RIP=0x000000006f1ab947, EFLAGS=0x0000000000010206

Top of Stack: (sp=0x00000000206ff400)
0x00000000206ff400:   0000b6bf1fb2e3e6 000000006e9c4e7e
0x00000000206ff410:   000000001ef90000 000000001effc1e0
0x00000000206ff420:   00000000ffffffff 000000006f1ac877
0x00000000206ff430:   00000000206ff530 000000001c36d8f0
0x00000000206ff440:   000000001ef90000 000000006f05ae33
0x00000000206ff450:   00000000206ff490 000000001ef90000
0x00000000206ff460:   00000000206ff520 000000001ef90000
0x00000000206ff470:   000000001c36d8f0 000000001ef90000
0x00000000206ff480:   0000000003222f40 000000001ef90000
0x00000000206ff490:   000000001c36d8f0 000000001ef90000
0x00000000206ff4a0:   000000001c36d8f0 000000001ef90000
0x00000000206ff4b0:   0000000000000001 000000001c36d8f0
0x00000000206ff4c0:   000000001ef90000 000000001ef8e700
0x00000000206ff4d0:   000000001ef90000 000000006f05c31d
0x00000000206ff4e0:   00000000206ff7e8 00000007c00066b0
0x00000000206ff4f0:   00000007c00066b0 0000000000000000 

Instructions: (pc=0x000000006f1ab947)
0x000000006f1ab927:   48 89 6c 24 30 33 ed 66 90 e8 cb b8 07 00 ff c3
0x000000006f1ab937:   48 63 c8 48 8b c6 48 0f af cf 48 ff c7 48 2b c1
0x000000006f1ab947:   89 28 48 63 c3 48 3b 05 45 2c 57 00 7e db 48 8b
0x000000006f1ab957:   6c 24 30 48 8b 5c 24 38 48 8b 74 24 40 48 83 c4 


Register to memory mapping:

RAX=0x00000000206fc400 is pointing into the stack for thread: 0x000000001ef90000
RBX=0x0000000000000004 is an unknown value
RCX=0x0000000000003000 is an unknown value
RDX=0x0000000000000006 is an unknown value
RSP=0x00000000206ff400 is pointing into the stack for thread: 0x000000001ef90000
RBP=0x0000000000000000 is an unknown value
RSI=0x00000000206ff400 is pointing into the stack for thread: 0x000000001ef90000
RDI=0x0000000000000004 is an unknown value
R8 =0x0000000000000006 is an unknown value
R9 =0x000000001effc1e0 is an unknown value
R10={method} {0x000000001c36d8f8} 'run' '()V' in 'java/lang/Thread'
R11=0x000000002060a148 is pointing into the stack for thread: 0x000000001ef90000
R12=0x000000001effc1e0 is an unknown value
R13=0x000000001ef90000 is a thread
R14=0x00000000206ff4c8 is pointing into the stack for thread: 0x000000001ef90000
R15={method} {0x000000001c36d8f8} 'run' '()V' in 'java/lang/Thread'


Stack: [0x0000000020600000,0x0000000020700000],  sp=0x00000000206ff400,  free space=1021k
Native frames: (J=compiled Java code, j=interpreted, Vv=VM code, C=native code)


---------------  P R O C E S S  ---------------

Java Threads: ( => current thread )
=>0x000000001ef90000 JavaThread "pool-2-thread-4" [_thread_in_vm, id=13880, stack(0x0000000020600000,0x0000000020700000)]
  0x000000001ef8d800 JavaThread "pool-2-thread-3" [_thread_blocked, id=3756, stack(0x0000000020500000,0x0000000020600000)]
  0x000000001effd800 JavaThread "pool-2-thread-2" [_thread_blocked, id=20108, stack(0x0000000020400000,0x0000000020500000)]
  0x000000001efe3800 JavaThread "pool-3-thread-1" [_thread_blocked, id=9928, stack(0x0000000020300000,0x0000000020400000)]
  0x000000001eeff800 JavaThread "pool-2-thread-1" [_thread_blocked, id=16368, stack(0x0000000020200000,0x0000000020300000)]
  0x000000001ecd7000 JavaThread "Service Thread" daemon [_thread_blocked, id=11372, stack(0x000000001f800000,0x000000001f900000)]
  0x000000001cd3e000 JavaThread "C1 CompilerThread3" daemon [_thread_blocked, id=12036, stack(0x000000001f700000,0x000000001f800000)]
  0x000000001ec41000 JavaThread "C2 CompilerThread2" daemon [_thread_blocked, id=6780, stack(0x000000001f600000,0x000000001f700000)]
  0x000000001ec3f000 JavaThread "C2 CompilerThread1" daemon [_thread_blocked, id=11304, stack(0x000000001f500000,0x000000001f600000)]
  0x000000001ec3b800 JavaThread "C2 CompilerThread0" daemon [_thread_blocked, id=8508, stack(0x000000001f400000,0x000000001f500000)]
  0x000000001ec3a000 JavaThread "Attach Listener" daemon [_thread_blocked, id=5248, stack(0x000000001f300000,0x000000001f400000)]
  0x000000001ec38800 JavaThread "Signal Dispatcher" daemon [_thread_blocked, id=13580, stack(0x000000001f200000,0x000000001f300000)]
  0x000000001ec30800 JavaThread "Finalizer" daemon [_thread_blocked, id=18552, stack(0x000000001f010000,0x000000001f110000)]
  0x0000000003146000 JavaThread "Reference Handler" daemon [_thread_blocked, id=17028, stack(0x000000001eb10000,0x000000001ec10000)]
  0x000000000320d800 JavaThread "main" [_thread_blocked, id=11684, stack(0x0000000002f20000,0x0000000003020000)]

Other Threads:
  0x000000001cd25800 VMThread [stack: 0x000000001ea10000,0x000000001eb10000] [id=13864]
  0x000000001ecd8000 WatcherThread [stack: 0x000000001f900000,0x000000001fa00000] [id=12284]

VM state:synchronizing (normal execution)

VM Mutex/Monitor currently owned by a thread:  ([mutex/lock_event])
[0x000000000320c920] Threads_lock - owner thread: 0x000000001cd25800
[0x000000000320cd20] Heap_lock - owner thread: 0x000000000320d800
[0x0000000003050350] MethodData_lock - owner thread: 0x000000000320d800

Heap:
 PSYoungGen      total 38400K, used 14011K [0x000000076ab00000, 0x000000076d580000, 0x00000007c0000000)
  eden space 33280K, 42% used [0x000000076ab00000,0x000000076b8aee18,0x000000076cb80000)
  from space 5120K, 0% used [0x000000076d080000,0x000000076d080000,0x000000076d580000)
  to   space 5120K, 0% used [0x000000076cb80000,0x000000076cb80000,0x000000076d080000)
 ParOldGen       total 87552K, used 0K [0x00000006c0000000, 0x00000006c5580000, 0x000000076ab00000)
  object space 87552K, 0% used [0x00000006c0000000,0x00000006c0000000,0x00000006c5580000)
 Metaspace       used 4165K, capacity 5296K, committed 5376K, reserved 1058816K
  class space    used 451K, capacity 488K, committed 512K, reserved 1048576K

Card table byte_map: [0x00000000125d0000,0x0000000012de0000] byte_map_base: 0x000000000efd0000

Marking Bits: (ParMarkBitMap*) 0x000000006f7818f0
 Begin Bits: [0x0000000013b40000, 0x0000000017b40000)
 End Bits:   [0x0000000017b40000, 0x000000001bb40000)

Polling page: 0x0000000003020000

CodeCache: size=245760Kb used=1617Kb max_used=1617Kb free=244142Kb
 bounds [0x0000000003210000, 0x0000000003480000, 0x0000000012210000]
 total_blobs=494 nmethods=236 adapters=172
 compilation: enabled

Compilation events (10 events):
Event: 0.290 Thread 0x000000001cd3e000  233   !   3       com.android.dx.rop.type.Type::intern (319 bytes)
Event: 0.290 Thread 0x000000001ec41000 nmethod 226 0x00000000033a27d0 code [0x00000000033a2900, 0x00000000033a2a58]
Event: 0.292 Thread 0x000000001cd3e000 nmethod 233 0x00000000033a2b50 code [0x00000000033a2fc0, 0x00000000033a5a68]
Event: 0.292 Thread 0x000000001cd3e000  235       3       com.android.dx.util.MutabilityControl::<init> (10 bytes)
Event: 0.292 Thread 0x000000001cd3e000 nmethod 235 0x00000000033a2410 code [0x00000000033a2560, 0x00000000033a2710]
Event: 0.292 Thread 0x000000001cd3e000  234       1       com.android.dx.util.MutabilityControl::isMutable (5 bytes)
Event: 0.292 Thread 0x000000001cd3e000 nmethod 234 0x00000000033a2150 code [0x00000000033a22a0, 0x00000000033a23b0]
Event: 0.292 Thread 0x000000001cd3e000  236       1       com.android.dx.rop.type.Type::getDescriptor (5 bytes)
Event: 0.292 Thread 0x000000001cd3e000 nmethod 236 0x00000000033a1e90 code [0x00000000033a1fe0, 0x00000000033a20f0]
Event: 0.292 Thread 0x000000001cd3e000  237   !   3       com.android.dx.cf.cst.ConstantPoolParser::parse0 (731 bytes)

GC Heap History (0 events):
No events

Deoptimization events (1 events):
Event: 0.280 Thread 0x000000000320d800 Uncommon trap: reason=unstable_if action=reinterpret pc=0x000000000335bca0 method=java.lang.String.indexOf(II)I @ 49

Internal exceptions (2 events):
Event: 0.019 Thread 0x000000000320d800 Exception <a 'java/lang/NoSuchMethodError': Method sun.misc.Unsafe.defineClass(Ljava/lang/String;[BII)Ljava/lang/Class; name or signature does not match> (0x000000076ab07c78) thrown at [C:\src\android\AOSP-openjdk\external\jetbrains\jdk\hotspot\src\share\v•žNÇ²Q“?
Event: 0.019 Thread 0x000000000320d800 Exception <a 'java/lang/NoSuchMethodError': Method sun.misc.Unsafe.prefetchRead(Ljava/lang/Object;J)V name or signature does not match> (0x000000076ab07f60) thrown at [C:\src\android\AOSP-openjdk\external\jetbrains\jdk\hotspot\src\share\vm\prims\jni.cpp, l

Events (10 events):
Event: 0.293 loading class com/android/dx/util/IntList done
Event: 0.294 loading class java/util/TreeMap$ValueIterator
Event: 0.294 loading class java/util/TreeMap$PrivateEntryIterator
Event: 0.294 loading class java/util/TreeMap$PrivateEntryIterator done
Event: 0.294 loading class java/util/TreeMap$ValueIterator done
Event: 0.294 loading class com/android/dx/cf/code/ByteOps
Event: 0.294 loading class com/android/dx/cf/code/ByteOps done
Event: 0.294 Thread 0x000000001ef90000 Thread added: 0x000000001ef90000
Event: 0.294 loading class com/android/dx/dex/file/AnnotationItem
Event: 0.294 loading class com/android/dx/dex/file/AnnotationItem done


Dynamic libraries:
0x00007ff6fa0b0000 - 0x00007ff6fa0e1000 	F:\Program Files (x86)\Android\Android Studio\jre\bin\java.exe
0x00007ffd1ba50000 - 0x00007ffd1bc2b000 	C:\Windows\SYSTEM32\ntdll.dll
0x00007ffd1b970000 - 0x00007ffd1ba1e000 	C:\Windows\System32\KERNEL32.DLL
0x00007ffd18630000 - 0x00007ffd18879000 	C:\Windows\System32\KERNELBASE.dll
0x00007ffd1af30000 - 0x00007ffd1afd1000 	C:\Windows\System32\ADVAPI32.dll
0x00007ffd1ac80000 - 0x00007ffd1ad1d000 	C:\Windows\System32\msvcrt.dll
0x00007ffd1b520000 - 0x00007ffd1b579000 	C:\Windows\System32\sechost.dll
0x00007ffd1ab50000 - 0x00007ffd1ac75000 	C:\Windows\System32\RPCRT4.dll
0x00007ffd18f80000 - 0x00007ffd190ca000 	C:\Windows\System32\USER32.dll
0x00007ffd185c0000 - 0x00007ffd185de000 	C:\Windows\System32\win32u.dll
0x00007ffd190d0000 - 0x00007ffd190f7000 	C:\Windows\System32\GDI32.dll
0x00007ffd18050000 - 0x00007ffd181d7000 	C:\Windows\System32\gdi32full.dll
0x00007ffd17f40000 - 0x00007ffd17fda000 	C:\Windows\System32\msvcp_win.dll
0x00007ffd184c0000 - 0x00007ffd185b6000 	C:\Windows\System32\ucrtbase.dll
0x00007ffd094a0000 - 0x00007ffd09707000 	C:\Windows\WinSxS\amd64_microsoft.windows.common-controls_6595b64144ccf1df_6.0.15063.483_none_26002d27e7c744a2\COMCTL32.dll
0x00007ffd1b0e0000 - 0x00007ffd1b3d9000 	C:\Windows\System32\combase.dll
0x00007ffd17fe0000 - 0x00007ffd1804a000 	C:\Windows\System32\bcryptPrimitives.dll
0x00007ffd196e0000 - 0x00007ffd1970d000 	C:\Windows\System32\IMM32.DLL
0x000000006e970000 - 0x000000006ea42000 	F:\Program Files (x86)\Android\Android Studio\jre\jre\bin\msvcr100.dll
0x000000006efc0000 - 0x000000006f7fc000 	F:\Program Files (x86)\Android\Android Studio\jre\jre\bin\server\jvm.dll
0x00007ffd19100000 - 0x00007ffd19108000 	C:\Windows\System32\PSAPI.DLL
0x00007ffd123b0000 - 0x00007ffd123b9000 	C:\Windows\SYSTEM32\WSOCK32.dll
0x00007ffd103a0000 - 0x00007ffd103c3000 	C:\Windows\SYSTEM32\WINMM.dll
0x00007ffd13110000 - 0x00007ffd1311a000 	C:\Windows\SYSTEM32\VERSION.dll
0x00007ffd1b580000 - 0x00007ffd1b5ec000 	C:\Windows\System32\WS2_32.dll
0x00007ffd10370000 - 0x00007ffd1039b000 	C:\Windows\SYSTEM32\WINMMBASE.dll
0x00007ffd185e0000 - 0x00007ffd18629000 	C:\Windows\System32\cfgmgr32.dll
0x00007ffd10fe0000 - 0x00007ffd10fef000 	F:\Program Files (x86)\Android\Android Studio\jre\jre\bin\verify.dll
0x00007ffd10fb0000 - 0x00007ffd10fd9000 	F:\Program Files (x86)\Android\Android Studio\jre\jre\bin\java.dll
0x00007ffd0be00000 - 0x00007ffd0be16000 	F:\Program Files (x86)\Android\Android Studio\jre\jre\bin\zip.dll
0x00007ffd19710000 - 0x00007ffd1ab46000 	C:\Windows\System32\SHELL32.dll
0x00007ffd1b3f0000 - 0x00007ffd1b49a000 	C:\Windows\System32\shcore.dll
0x00007ffd18880000 - 0x00007ffd18f71000 	C:\Windows\System32\windows.storage.dll
0x00007ffd19110000 - 0x00007ffd19161000 	C:\Windows\System32\shlwapi.dll
0x00007ffd17eb0000 - 0x00007ffd17ec1000 	C:\Windows\System32\kernel.appcore.dll
0x00007ffd17ed0000 - 0x00007ffd17f1c000 	C:\Windows\System32\powrprof.dll
0x00007ffd17f20000 - 0x00007ffd17f35000 	C:\Windows\System32\profapi.dll
0x00007ffd178f0000 - 0x00007ffd17a99000 	C:\Windows\SYSTEM32\dbghelp.dll

VM Arguments:
jvm_args: -Djava.awt.headless=true -Xmx4g -Dfile.encoding=windows-1252 -Duser.country=US -Duser.language=en -Duser.variant 
java_command: com.android.dx.command.Main --dex --force-jumbo --num-threads=4 --multi-dex --output F:\TIF\Semester 7\Mobile Programming\Lab\Event Finder v1.0\EventFinder\app\build\intermediates\transforms\dex\debug\folders\1000\2\jackson-databind-2.2.2_75aa8036a0d86b3853f54091e4453357ffd2df45 F:\TIF\Semester 7\Mobile Programming\Lab\Event Finder v1.0\EventFinder\app\libs\jackson-databind-2.2.2.jar
java_class_path (initial): F:\Android\sdk\build-tools\25.0.0\lib\dx.jar
Launcher Type: SUN_STANDARD

Environment Variables:
PATH=C:\ProgramData\Oracle\Java\javapath;C:\Program Files (x86)\Intel\iCLS Client\;C:\Program Files\Intel\iCLS Client\;C:\Windows\system32;C:\Windows;C:\Windows\System32\Wbem;C:\Windows\System32\WindowsPowerShell\v1.0\;C:\Program Files (x86)\Intel\Intel(R) Management Engine Components\DAL;C:\Program Files\Intel\Intel(R) Management Engine Components\DAL;C:\Program Files (x86)\Intel\Intel(R) Management Engine Components\IPT;C:\Program Files\Intel\Intel(R) Management Engine Components\IPT;C:\Program Files (x86)\NVIDIA Corporation\PhysX\Common;C:\Program Files\Java\jdk1.8.0_144\bin;C:\Program Files\Java\jdk1.8.0_144\lib;C:\TDM-GCC-64\bin;C:\Program Files (x86)\CodeBlocks\MinGW\bin;C:\Windows\system32;C:\Windows;C:\Windows\System32\Wbem;C:\Windows\System32\WindowsPowerShell\v1.0\;C:\HashiCorp\Vagrant\bin;C:\Program Files\Git\cmd;C:\Program Files\PuTTY\;C:\Users\legion Y520\AppData\Local\Programs\Python\Python35\Scripts\;C:\Users\legion Y520\AppData\Local\Programs\Python\Python35\;C:\Users\legion Y520\AppData\Local\Microsoft\WindowsApps;C:\TDM-GCC-64\bin;C:\Program Files (x86)\CodeBlocks\MinGW\bin;C:\Users\legion Y520\AppData\Local\GitHubDesktop\bin;C:\Users\legion Y520\AppData\Local\Microsoft\WindowsApps;C:\Program Files\aircrack-ng-1.2-rc4-win\bin\64bit;
USERNAME=Joseph
OS=Windows_NT
PROCESSOR_IDENTIFIER=Intel64 Family 6 Model 158 Stepping 9, GenuineIntel



---------------  S Y S T E M  ---------------

OS: Windows 10.0 , 64 bit Build 15063 (10.0.15063.296)

CPU:total 8 (4 cores per cpu, 2 threads per core) family 6 model 158 stepping 9, cmov, cx8, fxsr, mmx, sse, sse2, sse3, ssse3, sse4.1, sse4.2, popcnt, avx, avx2, aes, clmul, erms, 3dnowpref, lzcnt, ht, tsc, tscinvbit, bmi1, bmi2, adx

Memory: 4k page, physical 8260772k(575572k free), swap 12356772k(2056k free)

vm_info: OpenJDK 64-Bit Server VM (25.112-b06) for windows-amd64 JRE (1.8.0_112-release-b06), built on Dec  8 2016 00:54:26 by "builder" with MS VC++ 10.0 (VS2010)

time: Fri Oct 27 22:14:04 2017
elapsed time: 0 seconds (0d 0h 0m 0s)

